[resnet-200-train-add-seg-224-lr-0.01]
[07:03:02] src/nnvm/legacy_json_util.cc:190: Loading symbol saved by previous version v0.8.0. Attempting to upgrade...
[07:03:02] src/nnvm/legacy_json_util.cc:198: Symbol successfully upgraded!
[07:03:02] src/io/iter_image_recordio.cc:220: ImageRecordIOParser: /home/yuanshuai/code/mxnet/example/image-classification/data/ccs-train-add-seg-224_train.rec, use 4 threads for decoding..
[07:03:07] src/io/iter_image_recordio.cc:220: ImageRecordIOParser: /home/yuanshuai/code/mxnet/example/image-classification/data/ccs-train-add-seg-224_val.rec, use 4 threads for decoding..
[07:03:35] src/operator/./cudnn_convolution-inl.h:55: Running performance tests to find the best convolution algorithm, this can take a while... (setting env variable MXNET_CUDNN_AUTOTUNE_DEFAULT to 0 to disable)
[07:03:42] src/kvstore/././comm.h:304: only 2 out of 6 GPU pairs are enabled direct access. It may affect the performance. You can set MXNET_ENABLE_GPU_P2P=0 to turn it off
[07:03:42] src/kvstore/././comm.h:313: ...
[07:03:42] src/kvstore/././comm.h:313: ..v
[07:03:42] src/kvstore/././comm.h:313: .v.
2017-05-26 07:04:10,124 Epoch[0] Batch [10]	Speed: 19.70 samples/sec	Train-accuracy=0.473485
2017-05-26 07:04:36,258 Epoch[0] Batch [20]	Speed: 18.37 samples/sec	Train-accuracy=0.518750
2017-05-26 07:05:02,387 Epoch[0] Batch [30]	Speed: 18.37 samples/sec	Train-accuracy=0.508333
2017-05-26 07:05:28,490 Epoch[0] Batch [40]	Speed: 18.39 samples/sec	Train-accuracy=0.450000
2017-05-26 07:05:54,627 Epoch[0] Batch [50]	Speed: 18.37 samples/sec	Train-accuracy=0.522917
2017-05-26 07:06:20,740 Epoch[0] Batch [60]	Speed: 18.38 samples/sec	Train-accuracy=0.525000
2017-05-26 07:06:46,842 Epoch[0] Batch [70]	Speed: 18.39 samples/sec	Train-accuracy=0.541667
2017-05-26 07:07:12,928 Epoch[0] Batch [80]	Speed: 18.40 samples/sec	Train-accuracy=0.547917
2017-05-26 07:07:38,974 Epoch[0] Batch [90]	Speed: 18.43 samples/sec	Train-accuracy=0.539583
2017-05-26 07:08:05,077 Epoch[0] Batch [100]	Speed: 18.39 samples/sec	Train-accuracy=0.510417
2017-05-26 07:08:31,147 Epoch[0] Batch [110]	Speed: 18.41 samples/sec	Train-accuracy=0.518750
2017-05-26 07:08:57,231 Epoch[0] Batch [120]	Speed: 18.40 samples/sec	Train-accuracy=0.560417
2017-05-26 07:09:23,314 Epoch[0] Batch [130]	Speed: 18.40 samples/sec	Train-accuracy=0.597917
2017-05-26 07:09:49,400 Epoch[0] Batch [140]	Speed: 18.40 samples/sec	Train-accuracy=0.616667
2017-05-26 07:10:15,464 Epoch[0] Batch [150]	Speed: 18.42 samples/sec	Train-accuracy=0.568750
2017-05-26 07:10:41,578 Epoch[0] Batch [160]	Speed: 18.38 samples/sec	Train-accuracy=0.583333
2017-05-26 07:10:46,811 Epoch[0] Train-accuracy=0.562500
2017-05-26 07:10:46,811 Epoch[0] Time cost=425.924
2017-05-26 07:10:49,685 Saved checkpoint to "./resnet-200/finetune-resnet-200-train-add-seg-224-0001.params"
2017-05-26 07:10:55,767 Epoch[0] Validation-accuracy=0.550926
2017-05-26 07:11:22,639 Epoch[1] Batch [10]	Speed: 18.37 samples/sec	Train-accuracy=0.537879
2017-05-26 07:11:48,728 Epoch[1] Batch [20]	Speed: 18.40 samples/sec	Train-accuracy=0.520833
2017-05-26 07:12:14,830 Epoch[1] Batch [30]	Speed: 18.39 samples/sec	Train-accuracy=0.562500
2017-05-26 07:12:40,948 Epoch[1] Batch [40]	Speed: 18.38 samples/sec	Train-accuracy=0.583333
2017-05-26 07:13:07,034 Epoch[1] Batch [50]	Speed: 18.40 samples/sec	Train-accuracy=0.589583
2017-05-26 07:13:33,145 Epoch[1] Batch [60]	Speed: 18.38 samples/sec	Train-accuracy=0.589583
2017-05-26 07:13:59,244 Epoch[1] Batch [70]	Speed: 18.39 samples/sec	Train-accuracy=0.622917
2017-05-26 07:14:25,321 Epoch[1] Batch [80]	Speed: 18.41 samples/sec	Train-accuracy=0.570833
2017-05-26 07:14:51,417 Epoch[1] Batch [90]	Speed: 18.39 samples/sec	Train-accuracy=0.614583
2017-05-26 07:15:17,523 Epoch[1] Batch [100]	Speed: 18.39 samples/sec	Train-accuracy=0.616667
2017-05-26 07:15:43,635 Epoch[1] Batch [110]	Speed: 18.38 samples/sec	Train-accuracy=0.629167
2017-05-26 07:16:09,724 Epoch[1] Batch [120]	Speed: 18.40 samples/sec	Train-accuracy=0.616667
2017-05-26 07:16:35,812 Epoch[1] Batch [130]	Speed: 18.40 samples/sec	Train-accuracy=0.587500
2017-05-26 07:17:01,918 Epoch[1] Batch [140]	Speed: 18.39 samples/sec	Train-accuracy=0.660417
2017-05-26 07:17:28,020 Epoch[1] Batch [150]	Speed: 18.39 samples/sec	Train-accuracy=0.652083
2017-05-26 07:17:54,122 Epoch[1] Batch [160]	Speed: 18.39 samples/sec	Train-accuracy=0.629167
2017-05-26 07:17:59,346 Epoch[1] Train-accuracy=0.739583
2017-05-26 07:17:59,347 Epoch[1] Time cost=423.579
2017-05-26 07:18:01,583 Saved checkpoint to "./resnet-200/finetune-resnet-200-train-add-seg-224-0002.params"
2017-05-26 07:18:07,002 Epoch[1] Validation-accuracy=0.630208
2017-05-26 07:18:33,853 Epoch[2] Batch [10]	Speed: 18.38 samples/sec	Train-accuracy=0.607955
2017-05-26 07:18:59,929 Epoch[2] Batch [20]	Speed: 18.41 samples/sec	Train-accuracy=0.645833
2017-05-26 07:19:25,987 Epoch[2] Batch [30]	Speed: 18.42 samples/sec	Train-accuracy=0.656250
2017-05-26 07:19:52,084 Epoch[2] Batch [40]	Speed: 18.39 samples/sec	Train-accuracy=0.662500
2017-05-26 07:20:18,206 Epoch[2] Batch [50]	Speed: 18.38 samples/sec	Train-accuracy=0.650000
2017-05-26 07:20:44,295 Epoch[2] Batch [60]	Speed: 18.40 samples/sec	Train-accuracy=0.685417
2017-05-26 07:21:10,417 Epoch[2] Batch [70]	Speed: 18.38 samples/sec	Train-accuracy=0.685417
2017-05-26 07:21:36,540 Epoch[2] Batch [80]	Speed: 18.38 samples/sec	Train-accuracy=0.668750
2017-05-26 07:22:02,708 Epoch[2] Batch [90]	Speed: 18.34 samples/sec	Train-accuracy=0.668750
2017-05-26 07:22:28,848 Epoch[2] Batch [100]	Speed: 18.36 samples/sec	Train-accuracy=0.708333
2017-05-26 07:22:54,988 Epoch[2] Batch [110]	Speed: 18.36 samples/sec	Train-accuracy=0.668750
2017-05-26 07:23:21,146 Epoch[2] Batch [120]	Speed: 18.35 samples/sec	Train-accuracy=0.718750
2017-05-26 07:23:47,309 Epoch[2] Batch [130]	Speed: 18.35 samples/sec	Train-accuracy=0.708333
2017-05-26 07:24:13,467 Epoch[2] Batch [140]	Speed: 18.35 samples/sec	Train-accuracy=0.712500
2017-05-26 07:24:39,612 Epoch[2] Batch [150]	Speed: 18.36 samples/sec	Train-accuracy=0.733333
2017-05-26 07:25:05,791 Epoch[2] Batch [160]	Speed: 18.34 samples/sec	Train-accuracy=0.745833
2017-05-26 07:25:08,424 Epoch[2] Train-accuracy=0.625000
2017-05-26 07:25:08,425 Epoch[2] Time cost=421.422
2017-05-26 07:25:10,697 Saved checkpoint to "./resnet-200/finetune-resnet-200-train-add-seg-224-0003.params"
2017-05-26 07:25:16,810 Epoch[2] Validation-accuracy=0.615741
2017-05-26 07:25:43,704 Epoch[3] Batch [10]	Speed: 18.37 samples/sec	Train-accuracy=0.725379
2017-05-26 07:26:09,819 Epoch[3] Batch [20]	Speed: 18.38 samples/sec	Train-accuracy=0.741667
2017-05-26 07:26:35,945 Epoch[3] Batch [30]	Speed: 18.37 samples/sec	Train-accuracy=0.727083
2017-05-26 07:27:02,072 Epoch[3] Batch [40]	Speed: 18.37 samples/sec	Train-accuracy=0.714583
2017-05-26 07:27:28,234 Epoch[3] Batch [50]	Speed: 18.35 samples/sec	Train-accuracy=0.754167
2017-05-26 07:27:54,387 Epoch[3] Batch [60]	Speed: 18.35 samples/sec	Train-accuracy=0.745833
2017-05-26 07:28:20,463 Epoch[3] Batch [70]	Speed: 18.41 samples/sec	Train-accuracy=0.762500
2017-05-26 07:28:46,619 Epoch[3] Batch [80]	Speed: 18.35 samples/sec	Train-accuracy=0.743750
2017-05-26 07:29:12,756 Epoch[3] Batch [90]	Speed: 18.37 samples/sec	Train-accuracy=0.760417
2017-05-26 07:29:38,914 Epoch[3] Batch [100]	Speed: 18.35 samples/sec	Train-accuracy=0.758333
2017-05-26 07:30:05,063 Epoch[3] Batch [110]	Speed: 18.36 samples/sec	Train-accuracy=0.708333
2017-05-26 07:30:31,192 Epoch[3] Batch [120]	Speed: 18.37 samples/sec	Train-accuracy=0.766667
2017-05-26 07:30:57,316 Epoch[3] Batch [130]	Speed: 18.37 samples/sec	Train-accuracy=0.747917
2017-05-26 07:31:23,505 Epoch[3] Batch [140]	Speed: 18.33 samples/sec	Train-accuracy=0.783333
2017-05-26 07:31:49,665 Epoch[3] Batch [150]	Speed: 18.35 samples/sec	Train-accuracy=0.783333
2017-05-26 07:32:15,806 Epoch[3] Batch [160]	Speed: 18.36 samples/sec	Train-accuracy=0.783333
2017-05-26 07:32:21,045 Epoch[3] Train-accuracy=0.843750
2017-05-26 07:32:21,046 Epoch[3] Time cost=424.235
2017-05-26 07:32:23,265 Saved checkpoint to "./resnet-200/finetune-resnet-200-train-add-seg-224-0004.params"
2017-05-26 07:32:28,632 Epoch[3] Validation-accuracy=0.666667
2017-05-26 07:32:55,489 Epoch[4] Batch [10]	Speed: 18.38 samples/sec	Train-accuracy=0.791667
2017-05-26 07:33:21,622 Epoch[4] Batch [20]	Speed: 18.37 samples/sec	Train-accuracy=0.806250
2017-05-26 07:33:47,733 Epoch[4] Batch [30]	Speed: 18.38 samples/sec	Train-accuracy=0.770833
2017-05-26 07:34:13,872 Epoch[4] Batch [40]	Speed: 18.36 samples/sec	Train-accuracy=0.843750
2017-05-26 07:34:40,082 Epoch[4] Batch [50]	Speed: 18.31 samples/sec	Train-accuracy=0.791667
2017-05-26 07:35:06,345 Epoch[4] Batch [60]	Speed: 18.28 samples/sec	Train-accuracy=0.816667
2017-05-26 07:35:32,527 Epoch[4] Batch [70]	Speed: 18.33 samples/sec	Train-accuracy=0.793750
2017-05-26 07:35:58,726 Epoch[4] Batch [80]	Speed: 18.32 samples/sec	Train-accuracy=0.831250
2017-05-26 07:36:24,870 Epoch[4] Batch [90]	Speed: 18.36 samples/sec	Train-accuracy=0.856250
2017-05-26 07:36:51,079 Epoch[4] Batch [100]	Speed: 18.31 samples/sec	Train-accuracy=0.797917
2017-05-26 07:37:17,276 Epoch[4] Batch [110]	Speed: 18.32 samples/sec	Train-accuracy=0.822917
2017-05-26 07:37:43,523 Epoch[4] Batch [120]	Speed: 18.29 samples/sec	Train-accuracy=0.831250
2017-05-26 07:38:09,738 Epoch[4] Batch [130]	Speed: 18.31 samples/sec	Train-accuracy=0.808333
2017-05-26 07:38:35,941 Epoch[4] Batch [140]	Speed: 18.32 samples/sec	Train-accuracy=0.852083
2017-05-26 07:39:02,099 Epoch[4] Batch [150]	Speed: 18.35 samples/sec	Train-accuracy=0.837500
2017-05-26 07:39:28,329 Epoch[4] Batch [160]	Speed: 18.30 samples/sec	Train-accuracy=0.845833
2017-05-26 07:39:30,951 Epoch[4] Train-accuracy=0.770833
2017-05-26 07:39:30,951 Epoch[4] Time cost=422.319
2017-05-26 07:39:33,218 Saved checkpoint to "./resnet-200/finetune-resnet-200-train-add-seg-224-0005.params"
2017-05-26 07:39:39,249 Epoch[4] Validation-accuracy=0.655093
2017-05-26 07:40:06,090 Epoch[5] Batch [10]	Speed: 18.39 samples/sec	Train-accuracy=0.856061
2017-05-26 07:40:32,241 Epoch[5] Batch [20]	Speed: 18.36 samples/sec	Train-accuracy=0.835417
2017-05-26 07:40:58,372 Epoch[5] Batch [30]	Speed: 18.37 samples/sec	Train-accuracy=0.831250
2017-05-26 07:41:24,511 Epoch[5] Batch [40]	Speed: 18.36 samples/sec	Train-accuracy=0.872917
2017-05-26 07:41:50,598 Epoch[5] Batch [50]	Speed: 18.40 samples/sec	Train-accuracy=0.875000
2017-05-26 07:42:16,725 Epoch[5] Batch [60]	Speed: 18.37 samples/sec	Train-accuracy=0.843750
2017-05-26 07:42:42,861 Epoch[5] Batch [70]	Speed: 18.37 samples/sec	Train-accuracy=0.885417
2017-05-26 07:43:08,989 Epoch[5] Batch [80]	Speed: 18.37 samples/sec	Train-accuracy=0.891667
2017-05-26 07:43:35,131 Epoch[5] Batch [90]	Speed: 18.36 samples/sec	Train-accuracy=0.877083
2017-05-26 07:44:01,256 Epoch[5] Batch [100]	Speed: 18.37 samples/sec	Train-accuracy=0.854167
2017-05-26 07:44:27,409 Epoch[5] Batch [110]	Speed: 18.35 samples/sec	Train-accuracy=0.883333
2017-05-26 07:44:53,553 Epoch[5] Batch [120]	Speed: 18.36 samples/sec	Train-accuracy=0.887500
2017-05-26 07:45:19,678 Epoch[5] Batch [130]	Speed: 18.37 samples/sec	Train-accuracy=0.883333
2017-05-26 07:45:45,827 Epoch[5] Batch [140]	Speed: 18.36 samples/sec	Train-accuracy=0.902083
2017-05-26 07:46:11,966 Epoch[5] Batch [150]	Speed: 18.36 samples/sec	Train-accuracy=0.866667
2017-05-26 07:46:38,110 Epoch[5] Batch [160]	Speed: 18.36 samples/sec	Train-accuracy=0.881250
2017-05-26 07:46:43,354 Epoch[5] Train-accuracy=0.885417
2017-05-26 07:46:43,355 Epoch[5] Time cost=424.105
2017-05-26 07:46:47,033 Saved checkpoint to "./resnet-200/finetune-resnet-200-train-add-seg-224-0006.params"
2017-05-26 07:46:52,406 Epoch[5] Validation-accuracy=0.703125
2017-05-26 07:47:19,261 Epoch[6] Batch [10]	Speed: 18.38 samples/sec	Train-accuracy=0.880682
2017-05-26 07:47:45,387 Epoch[6] Batch [20]	Speed: 18.37 samples/sec	Train-accuracy=0.906250
2017-05-26 07:48:11,489 Epoch[6] Batch [30]	Speed: 18.39 samples/sec	Train-accuracy=0.912500
2017-05-26 07:48:37,597 Epoch[6] Batch [40]	Speed: 18.39 samples/sec	Train-accuracy=0.860417
2017-05-26 07:49:03,708 Epoch[6] Batch [50]	Speed: 18.38 samples/sec	Train-accuracy=0.906250
2017-05-26 07:49:29,858 Epoch[6] Batch [60]	Speed: 18.36 samples/sec	Train-accuracy=0.920833
2017-05-26 07:49:55,986 Epoch[6] Batch [70]	Speed: 18.37 samples/sec	Train-accuracy=0.914583
2017-05-26 07:50:22,088 Epoch[6] Batch [80]	Speed: 18.39 samples/sec	Train-accuracy=0.908333
2017-05-26 07:50:48,182 Epoch[6] Batch [90]	Speed: 18.40 samples/sec	Train-accuracy=0.906250
2017-05-26 07:51:14,270 Epoch[6] Batch [100]	Speed: 18.40 samples/sec	Train-accuracy=0.893750
2017-05-26 07:51:40,389 Epoch[6] Batch [110]	Speed: 18.38 samples/sec	Train-accuracy=0.912500
2017-05-26 07:52:06,484 Epoch[6] Batch [120]	Speed: 18.39 samples/sec	Train-accuracy=0.870833
2017-05-26 07:52:32,602 Epoch[6] Batch [130]	Speed: 18.38 samples/sec	Train-accuracy=0.889583
2017-05-26 07:52:58,690 Epoch[6] Batch [140]	Speed: 18.40 samples/sec	Train-accuracy=0.897917
2017-05-26 07:53:24,780 Epoch[6] Batch [150]	Speed: 18.40 samples/sec	Train-accuracy=0.914583
2017-05-26 07:53:50,929 Epoch[6] Batch [160]	Speed: 18.36 samples/sec	Train-accuracy=0.927083
2017-05-26 07:53:53,548 Epoch[6] Train-accuracy=0.916667
2017-05-26 07:53:53,548 Epoch[6] Time cost=421.142
2017-05-26 07:53:55,760 Saved checkpoint to "./resnet-200/finetune-resnet-200-train-add-seg-224-0007.params"
2017-05-26 07:54:01,811 Epoch[6] Validation-accuracy=0.696759
2017-05-26 07:54:28,634 Epoch[7] Batch [10]	Speed: 18.40 samples/sec	Train-accuracy=0.935606
2017-05-26 07:54:54,761 Epoch[7] Batch [20]	Speed: 18.37 samples/sec	Train-accuracy=0.914583
2017-05-26 07:55:20,849 Epoch[7] Batch [30]	Speed: 18.40 samples/sec	Train-accuracy=0.906250
2017-05-26 07:55:46,951 Epoch[7] Batch [40]	Speed: 18.39 samples/sec	Train-accuracy=0.922917
2017-05-26 07:56:13,093 Epoch[7] Batch [50]	Speed: 18.36 samples/sec	Train-accuracy=0.914583
2017-05-26 07:56:39,167 Epoch[7] Batch [60]	Speed: 18.41 samples/sec	Train-accuracy=0.925000
2017-05-26 07:57:05,323 Epoch[7] Batch [70]	Speed: 18.35 samples/sec	Train-accuracy=0.916667
2017-05-26 07:57:31,432 Epoch[7] Batch [80]	Speed: 18.38 samples/sec	Train-accuracy=0.925000
2017-05-26 07:57:57,557 Epoch[7] Batch [90]	Speed: 18.37 samples/sec	Train-accuracy=0.897917
2017-05-26 07:58:23,740 Epoch[7] Batch [100]	Speed: 18.33 samples/sec	Train-accuracy=0.931250
2017-05-26 07:58:49,887 Epoch[7] Batch [110]	Speed: 18.36 samples/sec	Train-accuracy=0.933333
2017-05-26 07:59:16,026 Epoch[7] Batch [120]	Speed: 18.36 samples/sec	Train-accuracy=0.922917
2017-05-26 07:59:42,151 Epoch[7] Batch [130]	Speed: 18.37 samples/sec	Train-accuracy=0.918750
2017-05-26 08:00:08,280 Epoch[7] Batch [140]	Speed: 18.37 samples/sec	Train-accuracy=0.902083
2017-05-26 08:00:34,454 Epoch[7] Batch [150]	Speed: 18.34 samples/sec	Train-accuracy=0.937500
2017-05-26 08:01:00,626 Epoch[7] Batch [160]	Speed: 18.34 samples/sec	Train-accuracy=0.916667
2017-05-26 08:01:05,885 Epoch[7] Train-accuracy=0.968750
2017-05-26 08:01:05,885 Epoch[7] Time cost=424.074
2017-05-26 08:01:08,144 Saved checkpoint to "./resnet-200/finetune-resnet-200-train-add-seg-224-0008.params"
2017-05-26 08:01:14,232 Epoch[7] Validation-accuracy=0.666667
2017-05-26 08:01:41,115 Epoch[8] Batch [10]	Speed: 18.37 samples/sec	Train-accuracy=0.939394
2017-05-26 08:02:07,245 Epoch[8] Batch [20]	Speed: 18.37 samples/sec	Train-accuracy=0.947917
2017-05-26 08:02:33,414 Epoch[8] Batch [30]	Speed: 18.34 samples/sec	Train-accuracy=0.950000
2017-05-26 08:02:59,536 Epoch[8] Batch [40]	Speed: 18.38 samples/sec	Train-accuracy=0.941667
2017-05-26 08:03:25,739 Epoch[8] Batch [50]	Speed: 18.32 samples/sec	Train-accuracy=0.933333
2017-05-26 08:03:51,876 Epoch[8] Batch [60]	Speed: 18.36 samples/sec	Train-accuracy=0.947917
2017-05-26 08:04:17,969 Epoch[8] Batch [70]	Speed: 18.40 samples/sec	Train-accuracy=0.935417
2017-05-26 08:04:44,089 Epoch[8] Batch [80]	Speed: 18.38 samples/sec	Train-accuracy=0.935417
2017-05-26 08:05:10,238 Epoch[8] Batch [90]	Speed: 18.36 samples/sec	Train-accuracy=0.933333
2017-05-26 08:05:36,409 Epoch[8] Batch [100]	Speed: 18.34 samples/sec	Train-accuracy=0.933333
2017-05-26 08:06:02,551 Epoch[8] Batch [110]	Speed: 18.36 samples/sec	Train-accuracy=0.950000
2017-05-26 08:06:28,653 Epoch[8] Batch [120]	Speed: 18.39 samples/sec	Train-accuracy=0.929167
2017-05-26 08:06:54,817 Epoch[8] Batch [130]	Speed: 18.35 samples/sec	Train-accuracy=0.952083
2017-05-26 08:07:20,979 Epoch[8] Batch [140]	Speed: 18.35 samples/sec	Train-accuracy=0.962500
2017-05-26 08:07:47,134 Epoch[8] Batch [150]	Speed: 18.35 samples/sec	Train-accuracy=0.962500
2017-05-26 08:08:13,288 Epoch[8] Batch [160]	Speed: 18.35 samples/sec	Train-accuracy=0.960417
2017-05-26 08:08:15,915 Epoch[8] Train-accuracy=0.937500
2017-05-26 08:08:15,915 Epoch[8] Time cost=421.682
2017-05-26 08:08:18,129 Saved checkpoint to "./resnet-200/finetune-resnet-200-train-add-seg-224-0009.params"
2017-05-26 08:08:23,514 Epoch[8] Validation-accuracy=0.700521
2017-05-26 08:08:50,387 Epoch[9] Batch [10]	Speed: 18.36 samples/sec	Train-accuracy=0.950758
2017-05-26 08:09:16,491 Epoch[9] Batch [20]	Speed: 18.39 samples/sec	Train-accuracy=0.927083
2017-05-26 08:09:42,621 Epoch[9] Batch [30]	Speed: 18.37 samples/sec	Train-accuracy=0.943750
2017-05-26 08:10:08,790 Epoch[9] Batch [40]	Speed: 18.34 samples/sec	Train-accuracy=0.952083
2017-05-26 08:10:34,911 Epoch[9] Batch [50]	Speed: 18.38 samples/sec	Train-accuracy=0.952083
2017-05-26 08:11:01,048 Epoch[9] Batch [60]	Speed: 18.36 samples/sec	Train-accuracy=0.933333
2017-05-26 08:11:27,170 Epoch[9] Batch [70]	Speed: 18.38 samples/sec	Train-accuracy=0.950000
2017-05-26 08:11:53,317 Epoch[9] Batch [80]	Speed: 18.36 samples/sec	Train-accuracy=0.960417
2017-05-26 08:12:19,498 Epoch[9] Batch [90]	Speed: 18.33 samples/sec	Train-accuracy=0.960417
2017-05-26 08:12:45,667 Epoch[9] Batch [100]	Speed: 18.34 samples/sec	Train-accuracy=0.941667
2017-05-26 08:13:11,832 Epoch[9] Batch [110]	Speed: 18.35 samples/sec	Train-accuracy=0.956250
2017-05-26 08:13:37,980 Epoch[9] Batch [120]	Speed: 18.36 samples/sec	Train-accuracy=0.956250
2017-05-26 08:14:04,125 Epoch[9] Batch [130]	Speed: 18.36 samples/sec	Train-accuracy=0.939583
2017-05-26 08:14:30,232 Epoch[9] Batch [140]	Speed: 18.39 samples/sec	Train-accuracy=0.958333
2017-05-26 08:14:56,370 Epoch[9] Batch [150]	Speed: 18.36 samples/sec	Train-accuracy=0.958333
2017-05-26 08:15:22,599 Epoch[9] Batch [160]	Speed: 18.30 samples/sec	Train-accuracy=0.952083
2017-05-26 08:15:27,854 Epoch[9] Train-accuracy=0.968750
2017-05-26 08:15:27,854 Epoch[9] Time cost=424.340
2017-05-26 08:15:30,094 Saved checkpoint to "./resnet-200/finetune-resnet-200-train-add-seg-224-0010.params"
2017-05-26 08:15:36,137 Epoch[9] Validation-accuracy=0.743056
2017-05-26 08:16:03,045 Epoch[10] Batch [10]	Speed: 18.35 samples/sec	Train-accuracy=0.981061
2017-05-26 08:16:29,208 Epoch[10] Batch [20]	Speed: 18.35 samples/sec	Train-accuracy=0.950000
2017-05-26 08:16:55,392 Epoch[10] Batch [30]	Speed: 18.33 samples/sec	Train-accuracy=0.950000
2017-05-26 08:17:21,551 Epoch[10] Batch [40]	Speed: 18.35 samples/sec	Train-accuracy=0.964583
2017-05-26 08:17:47,727 Epoch[10] Batch [50]	Speed: 18.34 samples/sec	Train-accuracy=0.956250
2017-05-26 08:18:13,892 Epoch[10] Batch [60]	Speed: 18.35 samples/sec	Train-accuracy=0.927083
2017-05-26 08:18:40,097 Epoch[10] Batch [70]	Speed: 18.32 samples/sec	Train-accuracy=0.947917
2017-05-26 08:19:06,243 Epoch[10] Batch [80]	Speed: 18.36 samples/sec	Train-accuracy=0.975000
2017-05-26 08:19:32,381 Epoch[10] Batch [90]	Speed: 18.36 samples/sec	Train-accuracy=0.964583
2017-05-26 08:19:58,526 Epoch[10] Batch [100]	Speed: 18.36 samples/sec	Train-accuracy=0.964583
2017-05-26 08:20:24,705 Epoch[10] Batch [110]	Speed: 18.34 samples/sec	Train-accuracy=0.954167
2017-05-26 08:20:50,895 Epoch[10] Batch [120]	Speed: 18.33 samples/sec	Train-accuracy=0.950000
2017-05-26 08:21:17,093 Epoch[10] Batch [130]	Speed: 18.32 samples/sec	Train-accuracy=0.964583
2017-05-26 08:21:43,270 Epoch[10] Batch [140]	Speed: 18.34 samples/sec	Train-accuracy=0.968750
2017-05-26 08:22:09,453 Epoch[10] Batch [150]	Speed: 18.33 samples/sec	Train-accuracy=0.954167
2017-05-26 08:22:35,663 Epoch[10] Batch [160]	Speed: 18.31 samples/sec	Train-accuracy=0.960417
2017-05-26 08:22:38,273 Epoch[10] Train-accuracy=0.979167
2017-05-26 08:22:38,274 Epoch[10] Time cost=422.136
2017-05-26 08:22:40,732 Saved checkpoint to "./resnet-200/finetune-resnet-200-train-add-seg-224-0011.params"
2017-05-26 08:22:46,224 Epoch[10] Validation-accuracy=0.716146
2017-05-26 08:23:13,195 Epoch[11] Batch [10]	Speed: 18.32 samples/sec	Train-accuracy=0.962121
2017-05-26 08:23:39,373 Epoch[11] Batch [20]	Speed: 18.34 samples/sec	Train-accuracy=0.968750
2017-05-26 08:24:05,544 Epoch[11] Batch [30]	Speed: 18.34 samples/sec	Train-accuracy=0.960417
2017-05-26 08:24:31,709 Epoch[11] Batch [40]	Speed: 18.35 samples/sec	Train-accuracy=0.956250
2017-05-26 08:24:57,895 Epoch[11] Batch [50]	Speed: 18.33 samples/sec	Train-accuracy=0.939583
2017-05-26 08:25:24,071 Epoch[11] Batch [60]	Speed: 18.34 samples/sec	Train-accuracy=0.958333
2017-05-26 08:25:50,211 Epoch[11] Batch [70]	Speed: 18.36 samples/sec	Train-accuracy=0.956250
2017-05-26 08:26:16,359 Epoch[11] Batch [80]	Speed: 18.36 samples/sec	Train-accuracy=0.941667
2017-05-26 08:26:42,549 Epoch[11] Batch [90]	Speed: 18.33 samples/sec	Train-accuracy=0.954167
2017-05-26 08:27:08,725 Epoch[11] Batch [100]	Speed: 18.34 samples/sec	Train-accuracy=0.964583
2017-05-26 08:27:34,902 Epoch[11] Batch [110]	Speed: 18.34 samples/sec	Train-accuracy=0.966667
2017-05-26 08:28:01,112 Epoch[11] Batch [120]	Speed: 18.31 samples/sec	Train-accuracy=0.970833
2017-05-26 08:28:27,303 Epoch[11] Batch [130]	Speed: 18.33 samples/sec	Train-accuracy=0.972917
2017-05-26 08:28:53,462 Epoch[11] Batch [140]	Speed: 18.35 samples/sec	Train-accuracy=0.968750
2017-05-26 08:29:19,659 Epoch[11] Batch [150]	Speed: 18.32 samples/sec	Train-accuracy=0.975000
2017-05-26 08:29:45,878 Epoch[11] Batch [160]	Speed: 18.31 samples/sec	Train-accuracy=0.970833
2017-05-26 08:29:51,131 Epoch[11] Train-accuracy=0.979167
2017-05-26 08:29:51,131 Epoch[11] Time cost=424.907
2017-05-26 08:29:53,388 Saved checkpoint to "./resnet-200/finetune-resnet-200-train-add-seg-224-0012.params"
2017-05-26 08:29:59,415 Epoch[11] Validation-accuracy=0.694444
2017-05-26 08:30:26,280 Epoch[12] Batch [10]	Speed: 18.38 samples/sec	Train-accuracy=0.956439
2017-05-26 08:30:52,455 Epoch[12] Batch [20]	Speed: 18.34 samples/sec	Train-accuracy=0.972917
2017-05-26 08:31:18,631 Epoch[12] Batch [30]	Speed: 18.34 samples/sec	Train-accuracy=0.972917
2017-05-26 08:31:44,792 Epoch[12] Batch [40]	Speed: 18.35 samples/sec	Train-accuracy=0.958333
2017-05-26 08:32:10,958 Epoch[12] Batch [50]	Speed: 18.35 samples/sec	Train-accuracy=0.968750
2017-05-26 08:32:37,118 Epoch[12] Batch [60]	Speed: 18.35 samples/sec	Train-accuracy=0.960417
2017-05-26 08:33:03,301 Epoch[12] Batch [70]	Speed: 18.33 samples/sec	Train-accuracy=0.964583
2017-05-26 08:33:29,430 Epoch[12] Batch [80]	Speed: 18.37 samples/sec	Train-accuracy=0.945833
2017-05-26 08:33:55,584 Epoch[12] Batch [90]	Speed: 18.35 samples/sec	Train-accuracy=0.972917
2017-05-26 08:34:21,760 Epoch[12] Batch [100]	Speed: 18.34 samples/sec	Train-accuracy=0.970833
2017-05-26 08:34:47,919 Epoch[12] Batch [110]	Speed: 18.35 samples/sec	Train-accuracy=0.964583
2017-05-26 08:35:14,063 Epoch[12] Batch [120]	Speed: 18.36 samples/sec	Train-accuracy=0.966667
2017-05-26 08:35:40,263 Epoch[12] Batch [130]	Speed: 18.32 samples/sec	Train-accuracy=0.968750
2017-05-26 08:36:06,397 Epoch[12] Batch [140]	Speed: 18.37 samples/sec	Train-accuracy=0.979167
2017-05-26 08:36:32,538 Epoch[12] Batch [150]	Speed: 18.36 samples/sec	Train-accuracy=0.966667
2017-05-26 08:36:58,727 Epoch[12] Batch [160]	Speed: 18.33 samples/sec	Train-accuracy=0.952083
2017-05-26 08:37:01,328 Epoch[12] Train-accuracy=0.937500
2017-05-26 08:37:01,328 Epoch[12] Time cost=421.912
2017-05-26 08:37:03,543 Saved checkpoint to "./resnet-200/finetune-resnet-200-train-add-seg-224-0013.params"
2017-05-26 08:37:08,914 Epoch[12] Validation-accuracy=0.723958
2017-05-26 08:37:35,797 Epoch[13] Batch [10]	Speed: 18.36 samples/sec	Train-accuracy=0.956439
2017-05-26 08:38:01,978 Epoch[13] Batch [20]	Speed: 18.33 samples/sec	Train-accuracy=0.970833
2017-05-26 08:38:28,124 Epoch[13] Batch [30]	Speed: 18.36 samples/sec	Train-accuracy=0.966667
2017-05-26 08:38:54,305 Epoch[13] Batch [40]	Speed: 18.33 samples/sec	Train-accuracy=0.970833
./run_finetune_script.sh: line 14:  2151 Terminated              python run_finetune.py './resnet-200/resnet-200' '0' './resnet-200/finetune-resnet-200-train-add-seg-224' '30'
