[22:41:27] src/nnvm/legacy_json_util.cc:190: Loading symbol saved by previous version v0.8.0. Attempting to upgrade...
[22:41:27] src/nnvm/legacy_json_util.cc:198: Symbol successfully upgraded!
[22:41:27] src/io/iter_image_recordio_2.cc:135: ImageRecordIOParser2: /home/yuanshuai/code/mxnet/example/image-classification/data/ccs-train-add-seg-224_train.rec, use 4 threads for decoding..
[22:41:28] src/io/iter_image_recordio_2.cc:135: ImageRecordIOParser2: /home/yuanshuai/code/mxnet/example/image-classification/data/ccs-train-add-seg-224_val.rec, use 4 threads for decoding..
2017-05-29 22:42:31,626 Epoch[0] Batch [10]	Speed: 12.60 samples/sec	Train-accuracy=0.453283
2017-05-29 22:43:28,730 Epoch[0] Batch [20]	Speed: 12.61 samples/sec	Train-accuracy=0.502778
2017-05-29 22:44:25,838 Epoch[0] Batch [30]	Speed: 12.61 samples/sec	Train-accuracy=0.506944
2017-05-29 22:45:22,950 Epoch[0] Batch [40]	Speed: 12.61 samples/sec	Train-accuracy=0.522222
2017-05-29 22:46:20,063 Epoch[0] Batch [50]	Speed: 12.61 samples/sec	Train-accuracy=0.519444
2017-05-29 22:47:17,171 Epoch[0] Batch [60]	Speed: 12.61 samples/sec	Train-accuracy=0.534722
2017-05-29 22:48:14,281 Epoch[0] Batch [70]	Speed: 12.61 samples/sec	Train-accuracy=0.526389
2017-05-29 22:49:11,391 Epoch[0] Batch [80]	Speed: 12.61 samples/sec	Train-accuracy=0.538889
2017-05-29 22:50:08,502 Epoch[0] Batch [90]	Speed: 12.61 samples/sec	Train-accuracy=0.580556
2017-05-29 22:51:05,621 Epoch[0] Batch [100]	Speed: 12.61 samples/sec	Train-accuracy=0.558333
2017-05-29 22:51:51,321 Epoch[0] Train-accuracy=0.571181
2017-05-29 22:51:51,322 Epoch[0] Time cost=619.702
2017-05-29 22:51:55,872 Saved checkpoint to "./resneXt-50-lr-0.001/finetune-resnext-50-train-add-seg-224-lr-0.001-momentum-0.9-0001.params"
2017-05-29 22:52:02,607 Epoch[0] Validation-accuracy=0.537037
2017-05-29 22:53:01,030 Epoch[1] Batch [10]	Speed: 12.61 samples/sec	Train-accuracy=0.582071
2017-05-29 22:53:58,154 Epoch[1] Batch [20]	Speed: 12.60 samples/sec	Train-accuracy=0.587500
2017-05-29 22:54:55,274 Epoch[1] Batch [30]	Speed: 12.61 samples/sec	Train-accuracy=0.619444
2017-05-29 22:55:52,394 Epoch[1] Batch [40]	Speed: 12.61 samples/sec	Train-accuracy=0.647222
2017-05-29 22:56:49,523 Epoch[1] Batch [50]	Speed: 12.60 samples/sec	Train-accuracy=0.630556
2017-05-29 22:57:46,650 Epoch[1] Batch [60]	Speed: 12.60 samples/sec	Train-accuracy=0.638889
2017-05-29 22:58:43,773 Epoch[1] Batch [70]	Speed: 12.60 samples/sec	Train-accuracy=0.636111
2017-05-29 22:59:40,893 Epoch[1] Batch [80]	Speed: 12.61 samples/sec	Train-accuracy=0.609722
2017-05-29 23:00:38,018 Epoch[1] Batch [90]	Speed: 12.60 samples/sec	Train-accuracy=0.627778
2017-05-29 23:01:35,137 Epoch[1] Batch [100]	Speed: 12.61 samples/sec	Train-accuracy=0.637500
2017-05-29 23:02:15,121 Epoch[1] Train-accuracy=0.648810
2017-05-29 23:02:15,121 Epoch[1] Time cost=612.514
2017-05-29 23:02:19,680 Saved checkpoint to "./resneXt-50-lr-0.001/finetune-resnext-50-train-add-seg-224-lr-0.001-momentum-0.9-0002.params"
2017-05-29 23:02:26,420 Epoch[1] Validation-accuracy=0.543981
2017-05-29 23:03:24,851 Epoch[2] Batch [10]	Speed: 12.60 samples/sec	Train-accuracy=0.665404
2017-05-29 23:04:21,968 Epoch[2] Batch [20]	Speed: 12.61 samples/sec	Train-accuracy=0.655556
2017-05-29 23:05:19,085 Epoch[2] Batch [30]	Speed: 12.61 samples/sec	Train-accuracy=0.681944
2017-05-29 23:06:16,208 Epoch[2] Batch [40]	Speed: 12.60 samples/sec	Train-accuracy=0.676389
2017-05-29 23:07:13,336 Epoch[2] Batch [50]	Speed: 12.60 samples/sec	Train-accuracy=0.719444
2017-05-29 23:08:10,460 Epoch[2] Batch [60]	Speed: 12.60 samples/sec	Train-accuracy=0.687500
2017-05-29 23:09:07,585 Epoch[2] Batch [70]	Speed: 12.60 samples/sec	Train-accuracy=0.726389
2017-05-29 23:10:04,710 Epoch[2] Batch [80]	Speed: 12.60 samples/sec	Train-accuracy=0.731944
2017-05-29 23:11:01,834 Epoch[2] Batch [90]	Speed: 12.60 samples/sec	Train-accuracy=0.720833
2017-05-29 23:11:58,956 Epoch[2] Batch [100]	Speed: 12.60 samples/sec	Train-accuracy=0.715278
2017-05-29 23:12:44,660 Epoch[2] Train-accuracy=0.727431
2017-05-29 23:12:44,660 Epoch[2] Time cost=618.240
2017-05-29 23:12:49,217 Saved checkpoint to "./resneXt-50-lr-0.001/finetune-resnext-50-train-add-seg-224-lr-0.001-momentum-0.9-0003.params"
2017-05-29 23:12:54,786 Epoch[2] Validation-accuracy=0.566667
2017-05-29 23:13:53,202 Epoch[3] Batch [10]	Speed: 12.60 samples/sec	Train-accuracy=0.760101
2017-05-29 23:14:50,326 Epoch[3] Batch [20]	Speed: 12.60 samples/sec	Train-accuracy=0.777778
2017-05-29 23:15:47,456 Epoch[3] Batch [30]	Speed: 12.60 samples/sec	Train-accuracy=0.762500
2017-05-29 23:16:44,580 Epoch[3] Batch [40]	Speed: 12.60 samples/sec	Train-accuracy=0.770833
2017-05-29 23:17:41,701 Epoch[3] Batch [50]	Speed: 12.60 samples/sec	Train-accuracy=0.783333
2017-05-29 23:18:38,824 Epoch[3] Batch [60]	Speed: 12.60 samples/sec	Train-accuracy=0.772222
2017-05-29 23:19:35,946 Epoch[3] Batch [70]	Speed: 12.60 samples/sec	Train-accuracy=0.788889
2017-05-29 23:20:33,074 Epoch[3] Batch [80]	Speed: 12.60 samples/sec	Train-accuracy=0.800000
2017-05-29 23:21:30,195 Epoch[3] Batch [90]	Speed: 12.60 samples/sec	Train-accuracy=0.787500
2017-05-29 23:22:27,316 Epoch[3] Batch [100]	Speed: 12.61 samples/sec	Train-accuracy=0.798611
2017-05-29 23:23:07,306 Epoch[3] Train-accuracy=0.809524
2017-05-29 23:23:07,306 Epoch[3] Time cost=612.520
2017-05-29 23:23:11,877 Saved checkpoint to "./resneXt-50-lr-0.001/finetune-resnext-50-train-add-seg-224-lr-0.001-momentum-0.9-0004.params"
2017-05-29 23:23:18,612 Epoch[3] Validation-accuracy=0.585648
2017-05-29 23:24:17,038 Epoch[4] Batch [10]	Speed: 12.60 samples/sec	Train-accuracy=0.837121
2017-05-29 23:25:14,165 Epoch[4] Batch [20]	Speed: 12.60 samples/sec	Train-accuracy=0.802778
2017-05-29 23:26:11,287 Epoch[4] Batch [30]	Speed: 12.60 samples/sec	Train-accuracy=0.847222
2017-05-29 23:27:08,410 Epoch[4] Batch [40]	Speed: 12.60 samples/sec	Train-accuracy=0.859722
2017-05-29 23:28:05,538 Epoch[4] Batch [50]	Speed: 12.60 samples/sec	Train-accuracy=0.866667
2017-05-29 23:29:02,663 Epoch[4] Batch [60]	Speed: 12.60 samples/sec	Train-accuracy=0.891667
2017-05-29 23:29:59,795 Epoch[4] Batch [70]	Speed: 12.60 samples/sec	Train-accuracy=0.880556
2017-05-29 23:30:56,916 Epoch[4] Batch [80]	Speed: 12.60 samples/sec	Train-accuracy=0.868056
2017-05-29 23:31:54,039 Epoch[4] Batch [90]	Speed: 12.60 samples/sec	Train-accuracy=0.875000
2017-05-29 23:32:51,163 Epoch[4] Batch [100]	Speed: 12.60 samples/sec	Train-accuracy=0.870833
2017-05-29 23:33:31,157 Epoch[4] Train-accuracy=0.875000
2017-05-29 23:33:31,157 Epoch[4] Time cost=612.545
2017-05-29 23:33:35,716 Saved checkpoint to "./resneXt-50-lr-0.001/finetune-resnext-50-train-add-seg-224-lr-0.001-momentum-0.9-0005.params"
2017-05-29 23:33:42,456 Epoch[4] Validation-accuracy=0.645833
2017-05-29 23:34:40,883 Epoch[5] Batch [10]	Speed: 12.60 samples/sec	Train-accuracy=0.864899
2017-05-29 23:35:38,008 Epoch[5] Batch [20]	Speed: 12.60 samples/sec	Train-accuracy=0.884722
2017-05-29 23:36:35,132 Epoch[5] Batch [30]	Speed: 12.60 samples/sec	Train-accuracy=0.900000
2017-05-29 23:37:32,261 Epoch[5] Batch [40]	Speed: 12.60 samples/sec	Train-accuracy=0.895833
2017-05-29 23:38:29,379 Epoch[5] Batch [50]	Speed: 12.61 samples/sec	Train-accuracy=0.919444
2017-05-29 23:39:26,493 Epoch[5] Batch [60]	Speed: 12.61 samples/sec	Train-accuracy=0.930556
2017-05-29 23:40:23,618 Epoch[5] Batch [70]	Speed: 12.60 samples/sec	Train-accuracy=0.938889
2017-05-29 23:41:20,744 Epoch[5] Batch [80]	Speed: 12.60 samples/sec	Train-accuracy=0.927778
2017-05-29 23:42:17,866 Epoch[5] Batch [90]	Speed: 12.60 samples/sec	Train-accuracy=0.938889
2017-05-29 23:43:14,991 Epoch[5] Batch [100]	Speed: 12.60 samples/sec	Train-accuracy=0.947222
2017-05-29 23:44:00,689 Epoch[5] Train-accuracy=0.911458
2017-05-29 23:44:00,689 Epoch[5] Time cost=618.233
2017-05-29 23:44:05,254 Saved checkpoint to "./resneXt-50-lr-0.001/finetune-resnext-50-train-add-seg-224-lr-0.001-momentum-0.9-0006.params"
2017-05-29 23:44:10,824 Epoch[5] Validation-accuracy=0.652778
2017-05-29 23:45:09,248 Epoch[6] Batch [10]	Speed: 12.60 samples/sec	Train-accuracy=0.915404
2017-05-29 23:46:06,374 Epoch[6] Batch [20]	Speed: 12.60 samples/sec	Train-accuracy=0.936111
2017-05-29 23:47:03,497 Epoch[6] Batch [30]	Speed: 12.60 samples/sec	Train-accuracy=0.933333
2017-05-29 23:48:00,616 Epoch[6] Batch [40]	Speed: 12.61 samples/sec	Train-accuracy=0.934722
2017-05-29 23:48:57,738 Epoch[6] Batch [50]	Speed: 12.60 samples/sec	Train-accuracy=0.961111
2017-05-29 23:49:54,866 Epoch[6] Batch [60]	Speed: 12.60 samples/sec	Train-accuracy=0.933333
2017-05-29 23:50:51,985 Epoch[6] Batch [70]	Speed: 12.61 samples/sec	Train-accuracy=0.940278
2017-05-29 23:51:49,109 Epoch[6] Batch [80]	Speed: 12.60 samples/sec	Train-accuracy=0.947222
2017-05-29 23:52:46,234 Epoch[6] Batch [90]	Speed: 12.60 samples/sec	Train-accuracy=0.956944
2017-05-29 23:53:43,357 Epoch[6] Batch [100]	Speed: 12.60 samples/sec	Train-accuracy=0.954167
2017-05-29 23:54:23,345 Epoch[6] Train-accuracy=0.948413
2017-05-29 23:54:23,345 Epoch[6] Time cost=612.522
2017-05-29 23:54:27,899 Saved checkpoint to "./resneXt-50-lr-0.001/finetune-resnext-50-train-add-seg-224-lr-0.001-momentum-0.9-0007.params"
2017-05-29 23:54:34,627 Epoch[6] Validation-accuracy=0.708333
2017-05-29 23:55:33,058 Epoch[7] Batch [10]	Speed: 12.60 samples/sec	Train-accuracy=0.953283
2017-05-29 23:56:30,180 Epoch[7] Batch [20]	Speed: 12.60 samples/sec	Train-accuracy=0.966667
2017-05-29 23:57:27,304 Epoch[7] Batch [30]	Speed: 12.60 samples/sec	Train-accuracy=0.952778
2017-05-29 23:58:24,429 Epoch[7] Batch [40]	Speed: 12.60 samples/sec	Train-accuracy=0.969444
2017-05-29 23:59:21,545 Epoch[7] Batch [50]	Speed: 12.61 samples/sec	Train-accuracy=0.969444
2017-05-30 00:00:18,667 Epoch[7] Batch [60]	Speed: 12.60 samples/sec	Train-accuracy=0.976389
2017-05-30 00:01:15,777 Epoch[7] Batch [70]	Speed: 12.61 samples/sec	Train-accuracy=0.966667
2017-05-30 00:02:12,893 Epoch[7] Batch [80]	Speed: 12.61 samples/sec	Train-accuracy=0.977778
2017-05-30 00:03:10,012 Epoch[7] Batch [90]	Speed: 12.61 samples/sec	Train-accuracy=0.968056
2017-05-30 00:04:07,137 Epoch[7] Batch [100]	Speed: 12.60 samples/sec	Train-accuracy=0.977778
2017-05-30 00:04:47,114 Epoch[7] Train-accuracy=0.974206
2017-05-30 00:04:47,114 Epoch[7] Time cost=612.487
2017-05-30 00:04:51,669 Saved checkpoint to "./resneXt-50-lr-0.001/finetune-resnext-50-train-add-seg-224-lr-0.001-momentum-0.9-0008.params"
2017-05-30 00:04:58,408 Epoch[7] Validation-accuracy=0.699074
2017-05-30 00:05:56,832 Epoch[8] Batch [10]	Speed: 12.61 samples/sec	Train-accuracy=0.965909
2017-05-30 00:06:53,952 Epoch[8] Batch [20]	Speed: 12.61 samples/sec	Train-accuracy=0.973611
2017-05-30 00:07:51,069 Epoch[8] Batch [30]	Speed: 12.61 samples/sec	Train-accuracy=0.984722
2017-05-30 00:08:48,188 Epoch[8] Batch [40]	Speed: 12.61 samples/sec	Train-accuracy=0.973611
2017-05-30 00:09:45,305 Epoch[8] Batch [50]	Speed: 12.61 samples/sec	Train-accuracy=0.983333
2017-05-30 00:10:42,420 Epoch[8] Batch [60]	Speed: 12.61 samples/sec	Train-accuracy=0.979167
2017-05-30 00:11:39,539 Epoch[8] Batch [70]	Speed: 12.61 samples/sec	Train-accuracy=0.970833
2017-05-30 00:12:36,666 Epoch[8] Batch [80]	Speed: 12.60 samples/sec	Train-accuracy=0.983333
2017-05-30 00:13:33,791 Epoch[8] Batch [90]	Speed: 12.60 samples/sec	Train-accuracy=0.986111
2017-05-30 00:14:30,914 Epoch[8] Batch [100]	Speed: 12.60 samples/sec	Train-accuracy=0.984722
2017-05-30 00:15:16,609 Epoch[8] Train-accuracy=0.954861
2017-05-30 00:15:16,609 Epoch[8] Time cost=618.201
2017-05-30 00:15:21,172 Saved checkpoint to "./resneXt-50-lr-0.001/finetune-resnext-50-train-add-seg-224-lr-0.001-momentum-0.9-0009.params"
2017-05-30 00:15:27,905 Epoch[8] Validation-accuracy=0.699074
2017-05-30 00:16:26,335 Epoch[9] Batch [10]	Speed: 12.60 samples/sec	Train-accuracy=0.968434
2017-05-30 00:17:23,460 Epoch[9] Batch [20]	Speed: 12.60 samples/sec	Train-accuracy=0.980556
2017-05-30 00:18:20,579 Epoch[9] Batch [30]	Speed: 12.61 samples/sec	Train-accuracy=0.988889
2017-05-30 00:19:17,710 Epoch[9] Batch [40]	Speed: 12.60 samples/sec	Train-accuracy=0.970833
2017-05-30 00:20:14,838 Epoch[9] Batch [50]	Speed: 12.60 samples/sec	Train-accuracy=0.977778
2017-05-30 00:21:11,969 Epoch[9] Batch [60]	Speed: 12.60 samples/sec	Train-accuracy=0.986111
2017-05-30 00:22:09,094 Epoch[9] Batch [70]	Speed: 12.60 samples/sec	Train-accuracy=0.968056
2017-05-30 00:23:06,221 Epoch[9] Batch [80]	Speed: 12.60 samples/sec	Train-accuracy=0.993056
2017-05-30 00:24:03,346 Epoch[9] Batch [90]	Speed: 12.60 samples/sec	Train-accuracy=0.972222
2017-05-30 00:25:00,471 Epoch[9] Batch [100]	Speed: 12.60 samples/sec	Train-accuracy=0.977778
2017-05-30 00:25:40,463 Epoch[9] Train-accuracy=0.982143
2017-05-30 00:25:40,463 Epoch[9] Time cost=612.558
2017-05-30 00:25:45,029 Saved checkpoint to "./resneXt-50-lr-0.001/finetune-resnext-50-train-add-seg-224-lr-0.001-momentum-0.9-0010.params"
2017-05-30 00:25:50,645 Epoch[9] Validation-accuracy=0.708333
2017-05-30 00:26:49,079 Epoch[10] Batch [10]	Speed: 12.60 samples/sec	Train-accuracy=0.958333
2017-05-30 00:27:46,240 Epoch[10] Batch [20]	Speed: 12.60 samples/sec	Train-accuracy=0.981944
2017-05-30 00:28:43,396 Epoch[10] Batch [30]	Speed: 12.60 samples/sec	Train-accuracy=0.987500
2017-05-30 00:29:40,532 Epoch[10] Batch [40]	Speed: 12.60 samples/sec	Train-accuracy=0.972222
2017-05-30 00:30:37,673 Epoch[10] Batch [50]	Speed: 12.60 samples/sec	Train-accuracy=0.980556
2017-05-30 00:31:34,828 Epoch[10] Batch [60]	Speed: 12.60 samples/sec	Train-accuracy=0.980556
2017-05-30 00:32:31,993 Epoch[10] Batch [70]	Speed: 12.60 samples/sec	Train-accuracy=0.988889
2017-05-30 00:33:29,145 Epoch[10] Batch [80]	Speed: 12.60 samples/sec	Train-accuracy=0.991667
2017-05-30 00:34:26,355 Epoch[10] Batch [90]	Speed: 12.59 samples/sec	Train-accuracy=0.987500
2017-05-30 00:35:23,509 Epoch[10] Batch [100]	Speed: 12.60 samples/sec	Train-accuracy=0.984722
2017-05-30 00:36:03,510 Epoch[10] Train-accuracy=0.992063
2017-05-30 00:36:03,511 Epoch[10] Time cost=612.865
2017-05-30 00:36:08,094 Saved checkpoint to "./resneXt-50-lr-0.001/finetune-resnext-50-train-add-seg-224-lr-0.001-momentum-0.9-0011.params"
2017-05-30 00:36:14,788 Epoch[10] Validation-accuracy=0.682870
2017-05-30 00:37:13,237 Epoch[11] Batch [10]	Speed: 12.60 samples/sec	Train-accuracy=0.974747
2017-05-30 00:38:10,382 Epoch[11] Batch [20]	Speed: 12.60 samples/sec	Train-accuracy=0.987500
2017-05-30 00:39:07,516 Epoch[11] Batch [30]	Speed: 12.60 samples/sec	Train-accuracy=0.984722
2017-05-30 00:40:04,654 Epoch[11] Batch [40]	Speed: 12.60 samples/sec	Train-accuracy=0.979167
2017-05-30 00:41:01,789 Epoch[11] Batch [50]	Speed: 12.60 samples/sec	Train-accuracy=0.984722
2017-05-30 00:41:58,941 Epoch[11] Batch [60]	Speed: 12.60 samples/sec	Train-accuracy=0.981944
2017-05-30 00:42:56,084 Epoch[11] Batch [70]	Speed: 12.60 samples/sec	Train-accuracy=0.990278
2017-05-30 00:43:53,232 Epoch[11] Batch [80]	Speed: 12.60 samples/sec	Train-accuracy=0.990278
2017-05-30 00:44:50,370 Epoch[11] Batch [90]	Speed: 12.60 samples/sec	Train-accuracy=0.995833
2017-05-30 00:45:47,519 Epoch[11] Batch [100]	Speed: 12.60 samples/sec	Train-accuracy=0.988889
2017-05-30 00:46:33,225 Epoch[11] Train-accuracy=0.993056
2017-05-30 00:46:33,226 Epoch[11] Time cost=618.438
2017-05-30 00:46:37,800 Saved checkpoint to "./resneXt-50-lr-0.001/finetune-resnext-50-train-add-seg-224-lr-0.001-momentum-0.9-0012.params"
2017-05-30 00:46:44,487 Epoch[11] Validation-accuracy=0.703704
2017-05-30 00:47:42,917 Epoch[12] Batch [10]	Speed: 12.60 samples/sec	Train-accuracy=0.976010
2017-05-30 00:48:40,061 Epoch[12] Batch [20]	Speed: 12.60 samples/sec	Train-accuracy=0.966667
2017-05-30 00:49:37,207 Epoch[12] Batch [30]	Speed: 12.60 samples/sec	Train-accuracy=0.984722
2017-05-30 00:50:34,348 Epoch[12] Batch [40]	Speed: 12.60 samples/sec	Train-accuracy=0.984722
2017-05-30 00:51:31,490 Epoch[12] Batch [50]	Speed: 12.60 samples/sec	Train-accuracy=0.991667
2017-05-30 00:52:28,632 Epoch[12] Batch [60]	Speed: 12.60 samples/sec	Train-accuracy=0.987500
2017-05-30 00:53:25,772 Epoch[12] Batch [70]	Speed: 12.60 samples/sec	Train-accuracy=0.981944
2017-05-30 00:54:22,920 Epoch[12] Batch [80]	Speed: 12.60 samples/sec	Train-accuracy=0.995833
2017-05-30 00:55:20,059 Epoch[12] Batch [90]	Speed: 12.60 samples/sec	Train-accuracy=0.997222
2017-05-30 00:56:17,203 Epoch[12] Batch [100]	Speed: 12.60 samples/sec	Train-accuracy=0.993056
2017-05-30 00:56:57,202 Epoch[12] Train-accuracy=0.982143
2017-05-30 00:56:57,203 Epoch[12] Time cost=612.715
2017-05-30 00:57:01,772 Saved checkpoint to "./resneXt-50-lr-0.001/finetune-resnext-50-train-add-seg-224-lr-0.001-momentum-0.9-0013.params"
2017-05-30 00:57:07,349 Epoch[12] Validation-accuracy=0.702778
2017-05-30 00:58:05,794 Epoch[13] Batch [10]	Speed: 12.60 samples/sec	Train-accuracy=0.987374
2017-05-30 00:59:02,943 Epoch[13] Batch [20]	Speed: 12.60 samples/sec	Train-accuracy=0.987500
2017-05-30 01:00:00,088 Epoch[13] Batch [30]	Speed: 12.60 samples/sec	Train-accuracy=0.994444
2017-05-30 01:00:57,236 Epoch[13] Batch [40]	Speed: 12.60 samples/sec	Train-accuracy=0.991667
2017-05-30 01:01:54,382 Epoch[13] Batch [50]	Speed: 12.60 samples/sec	Train-accuracy=0.986111
2017-05-30 01:02:51,537 Epoch[13] Batch [60]	Speed: 12.60 samples/sec	Train-accuracy=0.987500
2017-05-30 01:03:48,675 Epoch[13] Batch [70]	Speed: 12.60 samples/sec	Train-accuracy=0.997222
2017-05-30 01:04:45,822 Epoch[13] Batch [80]	Speed: 12.60 samples/sec	Train-accuracy=0.986111
2017-05-30 01:05:42,975 Epoch[13] Batch [90]	Speed: 12.60 samples/sec	Train-accuracy=0.988889
2017-05-30 01:06:40,114 Epoch[13] Batch [100]	Speed: 12.60 samples/sec	Train-accuracy=0.997222
2017-05-30 01:07:20,113 Epoch[13] Train-accuracy=0.988095
2017-05-30 01:07:20,113 Epoch[13] Time cost=612.764
2017-05-30 01:07:24,698 Saved checkpoint to "./resneXt-50-lr-0.001/finetune-resnext-50-train-add-seg-224-lr-0.001-momentum-0.9-0014.params"
2017-05-30 01:07:31,462 Epoch[13] Validation-accuracy=0.715278
2017-05-30 01:08:29,915 Epoch[14] Batch [10]	Speed: 12.60 samples/sec	Train-accuracy=0.992424
2017-05-30 01:09:27,060 Epoch[14] Batch [20]	Speed: 12.60 samples/sec	Train-accuracy=0.990278
2017-05-30 01:10:24,213 Epoch[14] Batch [30]	Speed: 12.60 samples/sec	Train-accuracy=0.986111
2017-05-30 01:11:21,349 Epoch[14] Batch [40]	Speed: 12.60 samples/sec	Train-accuracy=0.994444
2017-05-30 01:12:18,495 Epoch[14] Batch [50]	Speed: 12.60 samples/sec	Train-accuracy=0.998611
2017-05-30 01:13:15,644 Epoch[14] Batch [60]	Speed: 12.60 samples/sec	Train-accuracy=0.990278
2017-05-30 01:14:12,798 Epoch[14] Batch [70]	Speed: 12.60 samples/sec	Train-accuracy=0.993056
2017-05-30 01:15:09,946 Epoch[14] Batch [80]	Speed: 12.60 samples/sec	Train-accuracy=0.993056
2017-05-30 01:16:07,126 Epoch[14] Batch [90]	Speed: 12.59 samples/sec	Train-accuracy=0.987500
2017-05-30 01:17:04,281 Epoch[14] Batch [100]	Speed: 12.60 samples/sec	Train-accuracy=0.994444
2017-05-30 01:17:50,010 Epoch[14] Train-accuracy=0.996528
2017-05-30 01:17:50,010 Epoch[14] Time cost=618.548
2017-05-30 01:17:54,596 Saved checkpoint to "./resneXt-50-lr-0.001/finetune-resnext-50-train-add-seg-224-lr-0.001-momentum-0.9-0015.params"
2017-05-30 01:18:01,300 Epoch[14] Validation-accuracy=0.731481
2017-05-30 01:18:59,729 Epoch[15] Batch [10]	Speed: 12.60 samples/sec	Train-accuracy=0.988636
2017-05-30 01:19:56,874 Epoch[15] Batch [20]	Speed: 12.60 samples/sec	Train-accuracy=0.994444
2017-05-30 01:20:54,029 Epoch[15] Batch [30]	Speed: 12.60 samples/sec	Train-accuracy=0.994444
2017-05-30 01:21:51,193 Epoch[15] Batch [40]	Speed: 12.60 samples/sec	Train-accuracy=0.995833
2017-05-30 01:22:48,355 Epoch[15] Batch [50]	Speed: 12.60 samples/sec	Train-accuracy=0.990278
2017-05-30 01:23:45,506 Epoch[15] Batch [60]	Speed: 12.60 samples/sec	Train-accuracy=0.993056
2017-05-30 01:24:42,651 Epoch[15] Batch [70]	Speed: 12.60 samples/sec	Train-accuracy=0.993056
2017-05-30 01:25:39,807 Epoch[15] Batch [80]	Speed: 12.60 samples/sec	Train-accuracy=0.991667
2017-05-30 01:26:36,973 Epoch[15] Batch [90]	Speed: 12.60 samples/sec	Train-accuracy=0.991667
2017-05-30 01:27:34,134 Epoch[15] Batch [100]	Speed: 12.60 samples/sec	Train-accuracy=0.993056
2017-05-30 01:28:14,153 Epoch[15] Train-accuracy=1.000000
2017-05-30 01:28:14,154 Epoch[15] Time cost=612.853
2017-05-30 01:28:18,741 Saved checkpoint to "./resneXt-50-lr-0.001/finetune-resnext-50-train-add-seg-224-lr-0.001-momentum-0.9-0016.params"
2017-05-30 01:28:25,506 Epoch[15] Validation-accuracy=0.689815
2017-05-30 01:29:23,955 Epoch[16] Batch [10]	Speed: 12.60 samples/sec	Train-accuracy=0.988636
2017-05-30 01:30:21,097 Epoch[16] Batch [20]	Speed: 12.60 samples/sec	Train-accuracy=0.991667
2017-05-30 01:31:18,246 Epoch[16] Batch [30]	Speed: 12.60 samples/sec	Train-accuracy=0.990278
2017-05-30 01:32:15,377 Epoch[16] Batch [40]	Speed: 12.60 samples/sec	Train-accuracy=0.998611
2017-05-30 01:33:12,597 Epoch[16] Batch [50]	Speed: 12.58 samples/sec	Train-accuracy=0.993056
2017-05-30 01:34:09,759 Epoch[16] Batch [60]	Speed: 12.60 samples/sec	Train-accuracy=0.991667
2017-05-30 01:35:06,913 Epoch[16] Batch [70]	Speed: 12.60 samples/sec	Train-accuracy=0.995833
2017-05-30 01:36:04,067 Epoch[16] Batch [80]	Speed: 12.60 samples/sec	Train-accuracy=0.986111
2017-05-30 01:37:01,226 Epoch[16] Batch [90]	Speed: 12.60 samples/sec	Train-accuracy=0.995833
2017-05-30 01:37:58,384 Epoch[16] Batch [100]	Speed: 12.60 samples/sec	Train-accuracy=0.994444
2017-05-30 01:38:38,403 Epoch[16] Train-accuracy=1.000000
2017-05-30 01:38:38,404 Epoch[16] Time cost=612.898
2017-05-30 01:38:42,981 Saved checkpoint to "./resneXt-50-lr-0.001/finetune-resnext-50-train-add-seg-224-lr-0.001-momentum-0.9-0017.params"
2017-05-30 01:38:48,626 Epoch[16] Validation-accuracy=0.702778
2017-05-30 01:39:47,096 Epoch[17] Batch [10]	Speed: 12.60 samples/sec	Train-accuracy=0.997475
2017-05-30 01:40:44,284 Epoch[17] Batch [20]	Speed: 12.59 samples/sec	Train-accuracy=0.990278
2017-05-30 01:41:41,442 Epoch[17] Batch [30]	Speed: 12.60 samples/sec	Train-accuracy=0.995833
2017-05-30 01:42:38,595 Epoch[17] Batch [40]	Speed: 12.60 samples/sec	Train-accuracy=0.997222
2017-05-30 01:43:35,781 Epoch[17] Batch [50]	Speed: 12.59 samples/sec	Train-accuracy=0.993056
2017-05-30 01:44:32,928 Epoch[17] Batch [60]	Speed: 12.60 samples/sec	Train-accuracy=0.997222
2017-05-30 01:45:30,080 Epoch[17] Batch [70]	Speed: 12.60 samples/sec	Train-accuracy=0.998611
2017-05-30 01:46:27,243 Epoch[17] Batch [80]	Speed: 12.60 samples/sec	Train-accuracy=0.995833
2017-05-30 01:47:24,458 Epoch[17] Batch [90]	Speed: 12.58 samples/sec	Train-accuracy=0.998611
2017-05-30 01:48:21,614 Epoch[17] Batch [100]	Speed: 12.60 samples/sec	Train-accuracy=0.994444
2017-05-30 01:49:07,331 Epoch[17] Train-accuracy=0.994792
2017-05-30 01:49:07,331 Epoch[17] Time cost=618.705
2017-05-30 01:49:11,903 Saved checkpoint to "./resneXt-50-lr-0.001/finetune-resnext-50-train-add-seg-224-lr-0.001-momentum-0.9-0018.params"
2017-05-30 01:49:18,651 Epoch[17] Validation-accuracy=0.708333
2017-05-30 01:50:17,105 Epoch[18] Batch [10]	Speed: 12.60 samples/sec	Train-accuracy=0.997475
2017-05-30 01:51:14,250 Epoch[18] Batch [20]	Speed: 12.60 samples/sec	Train-accuracy=0.998611
2017-05-30 01:52:11,399 Epoch[18] Batch [30]	Speed: 12.60 samples/sec	Train-accuracy=0.988889
2017-05-30 01:53:08,616 Epoch[18] Batch [40]	Speed: 12.58 samples/sec	Train-accuracy=0.994444
2017-05-30 01:54:05,778 Epoch[18] Batch [50]	Speed: 12.60 samples/sec	Train-accuracy=0.998611
2017-05-30 01:55:02,926 Epoch[18] Batch [60]	Speed: 12.60 samples/sec	Train-accuracy=0.998611
2017-05-30 01:56:00,076 Epoch[18] Batch [70]	Speed: 12.60 samples/sec	Train-accuracy=0.997222
2017-05-30 01:56:57,218 Epoch[18] Batch [80]	Speed: 12.60 samples/sec	Train-accuracy=0.994444
2017-05-30 01:57:54,364 Epoch[18] Batch [90]	Speed: 12.60 samples/sec	Train-accuracy=0.998611
2017-05-30 01:58:51,508 Epoch[18] Batch [100]	Speed: 12.60 samples/sec	Train-accuracy=0.995833
2017-05-30 01:59:31,506 Epoch[18] Train-accuracy=0.988095
2017-05-30 01:59:31,507 Epoch[18] Time cost=612.855
2017-05-30 01:59:36,077 Saved checkpoint to "./resneXt-50-lr-0.001/finetune-resnext-50-train-add-seg-224-lr-0.001-momentum-0.9-0019.params"
2017-05-30 01:59:42,804 Epoch[18] Validation-accuracy=0.729167
2017-05-30 02:00:41,256 Epoch[19] Batch [10]	Speed: 12.60 samples/sec	Train-accuracy=1.000000
2017-05-30 02:01:38,390 Epoch[19] Batch [20]	Speed: 12.60 samples/sec	Train-accuracy=0.998611
2017-05-30 02:02:35,539 Epoch[19] Batch [30]	Speed: 12.60 samples/sec	Train-accuracy=0.995833
2017-05-30 02:03:32,681 Epoch[19] Batch [40]	Speed: 12.60 samples/sec	Train-accuracy=0.995833
2017-05-30 02:04:29,829 Epoch[19] Batch [50]	Speed: 12.60 samples/sec	Train-accuracy=0.998611
2017-05-30 02:05:26,997 Epoch[19] Batch [60]	Speed: 12.59 samples/sec	Train-accuracy=0.997222
2017-05-30 02:06:24,138 Epoch[19] Batch [70]	Speed: 12.60 samples/sec	Train-accuracy=0.994444
2017-05-30 02:07:21,289 Epoch[19] Batch [80]	Speed: 12.60 samples/sec	Train-accuracy=0.998611
2017-05-30 02:08:18,431 Epoch[19] Batch [90]	Speed: 12.60 samples/sec	Train-accuracy=0.987500
2017-05-30 02:09:15,583 Epoch[19] Batch [100]	Speed: 12.60 samples/sec	Train-accuracy=0.995833
2017-05-30 02:09:55,591 Epoch[19] Train-accuracy=0.992063
2017-05-30 02:09:55,591 Epoch[19] Time cost=612.787
2017-05-30 02:10:00,181 Saved checkpoint to "./resneXt-50-lr-0.001/finetune-resnext-50-train-add-seg-224-lr-0.001-momentum-0.9-0020.params"
2017-05-30 02:10:05,812 Epoch[19] Validation-accuracy=0.730556
2017-05-30 02:11:04,266 Epoch[20] Batch [10]	Speed: 12.60 samples/sec	Train-accuracy=0.997475
2017-05-30 02:12:01,404 Epoch[20] Batch [20]	Speed: 12.60 samples/sec	Train-accuracy=0.994444
2017-05-30 02:12:58,547 Epoch[20] Batch [30]	Speed: 12.60 samples/sec	Train-accuracy=0.995833
2017-05-30 02:13:55,681 Epoch[20] Batch [40]	Speed: 12.60 samples/sec	Train-accuracy=0.997222
2017-05-30 02:14:52,835 Epoch[20] Batch [50]	Speed: 12.60 samples/sec	Train-accuracy=0.995833
2017-05-30 02:15:49,981 Epoch[20] Batch [60]	Speed: 12.60 samples/sec	Train-accuracy=0.995833
2017-05-30 02:16:47,119 Epoch[20] Batch [70]	Speed: 12.60 samples/sec	Train-accuracy=0.998611
2017-05-30 02:17:44,299 Epoch[20] Batch [80]	Speed: 12.59 samples/sec	Train-accuracy=0.997222
2017-05-30 02:18:41,443 Epoch[20] Batch [90]	Speed: 12.60 samples/sec	Train-accuracy=0.994444
2017-05-30 02:19:38,590 Epoch[20] Batch [100]	Speed: 12.60 samples/sec	Train-accuracy=1.000000
2017-05-30 02:20:24,308 Epoch[20] Train-accuracy=0.998264
2017-05-30 02:20:24,308 Epoch[20] Time cost=618.496
2017-05-30 02:20:28,894 Saved checkpoint to "./resneXt-50-lr-0.001/finetune-resnext-50-train-add-seg-224-lr-0.001-momentum-0.9-0021.params"
2017-05-30 02:20:36,021 Epoch[20] Validation-accuracy=0.745370
2017-05-30 02:21:34,489 Epoch[21] Batch [10]	Speed: 12.60 samples/sec	Train-accuracy=0.988636
2017-05-30 02:22:31,642 Epoch[21] Batch [20]	Speed: 12.60 samples/sec	Train-accuracy=0.998611
2017-05-30 02:23:28,795 Epoch[21] Batch [30]	Speed: 12.60 samples/sec	Train-accuracy=1.000000
2017-05-30 02:24:25,940 Epoch[21] Batch [40]	Speed: 12.60 samples/sec	Train-accuracy=0.997222
2017-05-30 02:25:23,104 Epoch[21] Batch [50]	Speed: 12.60 samples/sec	Train-accuracy=0.998611
2017-05-30 02:26:20,268 Epoch[21] Batch [60]	Speed: 12.60 samples/sec	Train-accuracy=0.998611
2017-05-30 02:27:17,425 Epoch[21] Batch [70]	Speed: 12.60 samples/sec	Train-accuracy=0.995833
2017-05-30 02:28:14,573 Epoch[21] Batch [80]	Speed: 12.60 samples/sec	Train-accuracy=1.000000
2017-05-30 02:29:11,718 Epoch[21] Batch [90]	Speed: 12.60 samples/sec	Train-accuracy=0.995833
2017-05-30 02:30:08,871 Epoch[21] Batch [100]	Speed: 12.60 samples/sec	Train-accuracy=0.998611
2017-05-30 02:30:48,874 Epoch[21] Train-accuracy=1.000000
2017-05-30 02:30:48,875 Epoch[21] Time cost=612.854
2017-05-30 02:30:53,464 Saved checkpoint to "./resneXt-50-lr-0.001/finetune-resnext-50-train-add-seg-224-lr-0.001-momentum-0.9-0022.params"
2017-05-30 02:31:00,238 Epoch[21] Validation-accuracy=0.733796
2017-05-30 02:31:58,689 Epoch[22] Batch [10]	Speed: 12.60 samples/sec	Train-accuracy=0.997475
2017-05-30 02:32:55,902 Epoch[22] Batch [20]	Speed: 12.58 samples/sec	Train-accuracy=0.994444
2017-05-30 02:33:53,043 Epoch[22] Batch [30]	Speed: 12.60 samples/sec	Train-accuracy=0.994444
2017-05-30 02:34:50,196 Epoch[22] Batch [40]	Speed: 12.60 samples/sec	Train-accuracy=0.998611
2017-05-30 02:35:47,349 Epoch[22] Batch [50]	Speed: 12.60 samples/sec	Train-accuracy=1.000000
2017-05-30 02:36:44,540 Epoch[22] Batch [60]	Speed: 12.59 samples/sec	Train-accuracy=0.995833
2017-05-30 02:37:41,722 Epoch[22] Batch [70]	Speed: 12.59 samples/sec	Train-accuracy=0.998611
2017-05-30 02:38:38,878 Epoch[22] Batch [80]	Speed: 12.60 samples/sec	Train-accuracy=0.997222
2017-05-30 02:39:36,103 Epoch[22] Batch [90]	Speed: 12.58 samples/sec	Train-accuracy=0.998611
2017-05-30 02:40:33,245 Epoch[22] Batch [100]	Speed: 12.60 samples/sec	Train-accuracy=0.997222
2017-05-30 02:41:13,244 Epoch[22] Train-accuracy=1.000000
2017-05-30 02:41:13,245 Epoch[22] Time cost=613.006
2017-05-30 02:41:17,829 Saved checkpoint to "./resneXt-50-lr-0.001/finetune-resnext-50-train-add-seg-224-lr-0.001-momentum-0.9-0023.params"
2017-05-30 02:41:23,536 Epoch[22] Validation-accuracy=0.725000
2017-05-30 02:42:22,050 Epoch[23] Batch [10]	Speed: 12.59 samples/sec	Train-accuracy=1.000000
2017-05-30 02:43:19,207 Epoch[23] Batch [20]	Speed: 12.60 samples/sec	Train-accuracy=1.000000
2017-05-30 02:44:16,359 Epoch[23] Batch [30]	Speed: 12.60 samples/sec	Train-accuracy=1.000000
2017-05-30 02:45:13,547 Epoch[23] Batch [40]	Speed: 12.59 samples/sec	Train-accuracy=0.997222
2017-05-30 02:46:10,710 Epoch[23] Batch [50]	Speed: 12.60 samples/sec	Train-accuracy=0.995833
2017-05-30 02:47:07,863 Epoch[23] Batch [60]	Speed: 12.60 samples/sec	Train-accuracy=0.997222
2017-05-30 02:48:05,018 Epoch[23] Batch [70]	Speed: 12.60 samples/sec	Train-accuracy=0.993056
2017-05-30 02:49:02,162 Epoch[23] Batch [80]	Speed: 12.60 samples/sec	Train-accuracy=0.991667
2017-05-30 02:49:59,315 Epoch[23] Batch [90]	Speed: 12.60 samples/sec	Train-accuracy=0.998611
2017-05-30 02:50:56,474 Epoch[23] Batch [100]	Speed: 12.60 samples/sec	Train-accuracy=0.997222
2017-05-30 02:51:42,186 Epoch[23] Train-accuracy=0.991319
2017-05-30 02:51:42,187 Epoch[23] Time cost=618.650
2017-05-30 02:51:46,773 Saved checkpoint to "./resneXt-50-lr-0.001/finetune-resnext-50-train-add-seg-224-lr-0.001-momentum-0.9-0024.params"
2017-05-30 02:51:53,817 Epoch[23] Validation-accuracy=0.740741
2017-05-30 02:52:52,281 Epoch[24] Batch [10]	Speed: 12.60 samples/sec	Train-accuracy=0.997475
2017-05-30 02:53:49,438 Epoch[24] Batch [20]	Speed: 12.60 samples/sec	Train-accuracy=1.000000
2017-05-30 02:54:46,610 Epoch[24] Batch [30]	Speed: 12.59 samples/sec	Train-accuracy=1.000000
2017-05-30 02:55:43,764 Epoch[24] Batch [40]	Speed: 12.60 samples/sec	Train-accuracy=1.000000
2017-05-30 02:56:40,929 Epoch[24] Batch [50]	Speed: 12.60 samples/sec	Train-accuracy=1.000000
2017-05-30 02:57:38,113 Epoch[24] Batch [60]	Speed: 12.59 samples/sec	Train-accuracy=1.000000
2017-05-30 02:58:35,269 Epoch[24] Batch [70]	Speed: 12.60 samples/sec	Train-accuracy=1.000000
2017-05-30 02:59:32,415 Epoch[24] Batch [80]	Speed: 12.60 samples/sec	Train-accuracy=0.995833
2017-05-30 03:00:29,574 Epoch[24] Batch [90]	Speed: 12.60 samples/sec	Train-accuracy=0.997222
2017-05-30 03:01:26,777 Epoch[24] Batch [100]	Speed: 12.59 samples/sec	Train-accuracy=0.997222
2017-05-30 03:02:06,788 Epoch[24] Train-accuracy=0.994048
2017-05-30 03:02:06,788 Epoch[24] Time cost=612.971
2017-05-30 03:02:11,362 Saved checkpoint to "./resneXt-50-lr-0.001/finetune-resnext-50-train-add-seg-224-lr-0.001-momentum-0.9-0025.params"
2017-05-30 03:02:18,134 Epoch[24] Validation-accuracy=0.724537
2017-05-30 03:03:16,598 Epoch[25] Batch [10]	Speed: 12.60 samples/sec	Train-accuracy=1.000000
2017-05-30 03:04:13,773 Epoch[25] Batch [20]	Speed: 12.59 samples/sec	Train-accuracy=0.998611
2017-05-30 03:05:10,961 Epoch[25] Batch [30]	Speed: 12.59 samples/sec	Train-accuracy=0.997222
2017-05-30 03:06:08,135 Epoch[25] Batch [40]	Speed: 12.59 samples/sec	Train-accuracy=0.995833
2017-05-30 03:07:05,315 Epoch[25] Batch [50]	Speed: 12.59 samples/sec	Train-accuracy=0.997222
2017-05-30 03:08:02,468 Epoch[25] Batch [60]	Speed: 12.60 samples/sec	Train-accuracy=0.998611
2017-05-30 03:08:59,626 Epoch[25] Batch [70]	Speed: 12.60 samples/sec	Train-accuracy=0.995833
2017-05-30 03:09:56,803 Epoch[25] Batch [80]	Speed: 12.59 samples/sec	Train-accuracy=1.000000
2017-05-30 03:10:53,990 Epoch[25] Batch [90]	Speed: 12.59 samples/sec	Train-accuracy=1.000000
2017-05-30 03:11:51,145 Epoch[25] Batch [100]	Speed: 12.60 samples/sec	Train-accuracy=0.998611
2017-05-30 03:12:36,884 Epoch[25] Train-accuracy=0.998264
2017-05-30 03:12:36,884 Epoch[25] Time cost=618.750
2017-05-30 03:12:41,470 Saved checkpoint to "./resneXt-50-lr-0.001/finetune-resnext-50-train-add-seg-224-lr-0.001-momentum-0.9-0026.params"
2017-05-30 03:12:48,241 Epoch[25] Validation-accuracy=0.710648
2017-05-30 03:13:46,710 Epoch[26] Batch [10]	Speed: 12.60 samples/sec	Train-accuracy=0.996212
2017-05-30 03:14:43,855 Epoch[26] Batch [20]	Speed: 12.60 samples/sec	Train-accuracy=1.000000
2017-05-30 03:15:41,038 Epoch[26] Batch [30]	Speed: 12.59 samples/sec	Train-accuracy=0.998611
2017-05-30 03:16:38,203 Epoch[26] Batch [40]	Speed: 12.60 samples/sec	Train-accuracy=0.998611
2017-05-30 03:17:35,377 Epoch[26] Batch [50]	Speed: 12.59 samples/sec	Train-accuracy=0.997222
2017-05-30 03:18:32,543 Epoch[26] Batch [60]	Speed: 12.60 samples/sec	Train-accuracy=0.997222
2017-05-30 03:19:29,699 Epoch[26] Batch [70]	Speed: 12.60 samples/sec	Train-accuracy=0.995833
2017-05-30 03:20:26,861 Epoch[26] Batch [80]	Speed: 12.60 samples/sec	Train-accuracy=0.998611
2017-05-30 03:21:24,024 Epoch[26] Batch [90]	Speed: 12.60 samples/sec	Train-accuracy=1.000000
2017-05-30 03:22:21,187 Epoch[26] Batch [100]	Speed: 12.60 samples/sec	Train-accuracy=1.000000
2017-05-30 03:23:01,193 Epoch[26] Train-accuracy=0.998016
2017-05-30 03:23:01,193 Epoch[26] Time cost=612.952
2017-05-30 03:23:05,791 Saved checkpoint to "./resneXt-50-lr-0.001/finetune-resnext-50-train-add-seg-224-lr-0.001-momentum-0.9-0027.params"
2017-05-30 03:23:11,536 Epoch[26] Validation-accuracy=0.736111
2017-05-30 03:24:10,025 Epoch[27] Batch [10]	Speed: 12.60 samples/sec	Train-accuracy=0.998737
2017-05-30 03:25:07,173 Epoch[27] Batch [20]	Speed: 12.60 samples/sec	Train-accuracy=0.998611
2017-05-30 03:26:04,347 Epoch[27] Batch [30]	Speed: 12.59 samples/sec	Train-accuracy=0.994444
2017-05-30 03:27:01,518 Epoch[27] Batch [40]	Speed: 12.59 samples/sec	Train-accuracy=0.998611
2017-05-30 03:27:58,679 Epoch[27] Batch [50]	Speed: 12.60 samples/sec	Train-accuracy=1.000000
2017-05-30 03:28:55,843 Epoch[27] Batch [60]	Speed: 12.60 samples/sec	Train-accuracy=0.997222
2017-05-30 03:29:53,014 Epoch[27] Batch [70]	Speed: 12.59 samples/sec	Train-accuracy=1.000000
2017-05-30 03:30:50,179 Epoch[27] Batch [80]	Speed: 12.60 samples/sec	Train-accuracy=0.995833
2017-05-30 03:31:47,350 Epoch[27] Batch [90]	Speed: 12.59 samples/sec	Train-accuracy=0.998611
2017-05-30 03:32:44,526 Epoch[27] Batch [100]	Speed: 12.59 samples/sec	Train-accuracy=1.000000
2017-05-30 03:33:24,549 Epoch[27] Train-accuracy=1.000000
2017-05-30 03:33:24,549 Epoch[27] Time cost=613.013
2017-05-30 03:33:29,137 Saved checkpoint to "./resneXt-50-lr-0.001/finetune-resnext-50-train-add-seg-224-lr-0.001-momentum-0.9-0028.params"
2017-05-30 03:33:36,172 Epoch[27] Validation-accuracy=0.726852
2017-05-30 03:34:34,717 Epoch[28] Batch [10]	Speed: 12.59 samples/sec	Train-accuracy=0.997475
2017-05-30 03:35:31,881 Epoch[28] Batch [20]	Speed: 12.60 samples/sec	Train-accuracy=0.998611
2017-05-30 03:36:29,040 Epoch[28] Batch [30]	Speed: 12.60 samples/sec	Train-accuracy=0.997222
2017-05-30 03:37:26,228 Epoch[28] Batch [40]	Speed: 12.59 samples/sec	Train-accuracy=0.995833
2017-05-30 03:38:23,404 Epoch[28] Batch [50]	Speed: 12.59 samples/sec	Train-accuracy=0.997222
2017-05-30 03:39:20,569 Epoch[28] Batch [60]	Speed: 12.60 samples/sec	Train-accuracy=0.997222
2017-05-30 03:40:17,731 Epoch[28] Batch [70]	Speed: 12.60 samples/sec	Train-accuracy=0.998611
2017-05-30 03:41:14,900 Epoch[28] Batch [80]	Speed: 12.59 samples/sec	Train-accuracy=0.997222
2017-05-30 03:42:12,079 Epoch[28] Batch [90]	Speed: 12.59 samples/sec	Train-accuracy=0.998611
2017-05-30 03:43:09,249 Epoch[28] Batch [100]	Speed: 12.59 samples/sec	Train-accuracy=0.998611
2017-05-30 03:43:55,018 Epoch[28] Train-accuracy=1.000000
2017-05-30 03:43:55,018 Epoch[28] Time cost=618.846
2017-05-30 03:43:59,603 Saved checkpoint to "./resneXt-50-lr-0.001/finetune-resnext-50-train-add-seg-224-lr-0.001-momentum-0.9-0029.params"
2017-05-30 03:44:06,381 Epoch[28] Validation-accuracy=0.722222
2017-05-30 03:45:04,918 Epoch[29] Batch [10]	Speed: 12.59 samples/sec	Train-accuracy=0.998737
2017-05-30 03:46:02,121 Epoch[29] Batch [20]	Speed: 12.59 samples/sec	Train-accuracy=0.998611
2017-05-30 03:46:59,315 Epoch[29] Batch [30]	Speed: 12.59 samples/sec	Train-accuracy=0.997222
2017-05-30 03:47:56,524 Epoch[29] Batch [40]	Speed: 12.59 samples/sec	Train-accuracy=0.998611
2017-05-30 03:48:53,706 Epoch[29] Batch [50]	Speed: 12.59 samples/sec	Train-accuracy=0.997222
2017-05-30 03:49:50,895 Epoch[29] Batch [60]	Speed: 12.59 samples/sec	Train-accuracy=0.995833
2017-05-30 03:50:48,092 Epoch[29] Batch [70]	Speed: 12.59 samples/sec	Train-accuracy=0.998611
2017-05-30 03:51:45,270 Epoch[29] Batch [80]	Speed: 12.59 samples/sec	Train-accuracy=0.997222
2017-05-30 03:52:42,513 Epoch[29] Batch [90]	Speed: 12.58 samples/sec	Train-accuracy=0.998611
2017-05-30 03:53:39,750 Epoch[29] Batch [100]	Speed: 12.58 samples/sec	Train-accuracy=1.000000
2017-05-30 03:54:19,800 Epoch[29] Train-accuracy=0.998016
2017-05-30 03:54:19,801 Epoch[29] Time cost=613.419
2017-05-30 03:54:24,406 Saved checkpoint to "./resneXt-50-lr-0.001/finetune-resnext-50-train-add-seg-224-lr-0.001-momentum-0.9-0030.params"
2017-05-30 03:54:30,322 Epoch[29] Validation-accuracy=0.719444
2017-05-30 03:55:28,880 Epoch[30] Batch [10]	Speed: 12.59 samples/sec	Train-accuracy=0.994949
2017-05-30 03:56:26,102 Epoch[30] Batch [20]	Speed: 12.58 samples/sec	Train-accuracy=0.998611
2017-05-30 03:57:23,289 Epoch[30] Batch [30]	Speed: 12.59 samples/sec	Train-accuracy=1.000000
2017-05-30 03:58:20,492 Epoch[30] Batch [40]	Speed: 12.59 samples/sec	Train-accuracy=1.000000
2017-05-30 03:59:17,702 Epoch[30] Batch [50]	Speed: 12.59 samples/sec	Train-accuracy=1.000000
2017-05-30 04:00:14,892 Epoch[30] Batch [60]	Speed: 12.59 samples/sec	Train-accuracy=1.000000
2017-05-30 04:01:12,082 Epoch[30] Batch [70]	Speed: 12.59 samples/sec	Train-accuracy=1.000000
2017-05-30 04:02:09,281 Epoch[30] Batch [80]	Speed: 12.59 samples/sec	Train-accuracy=0.995833
2017-05-30 04:03:06,467 Epoch[30] Batch [90]	Speed: 12.59 samples/sec	Train-accuracy=1.000000
2017-05-30 04:04:03,695 Epoch[30] Batch [100]	Speed: 12.58 samples/sec	Train-accuracy=0.997222
2017-05-30 04:04:43,745 Epoch[30] Train-accuracy=1.000000
2017-05-30 04:04:43,745 Epoch[30] Time cost=613.423
2017-05-30 04:04:48,319 Saved checkpoint to "./resneXt-50-lr-0.001/finetune-resnext-50-train-add-seg-224-lr-0.001-momentum-0.9-0031.params"
2017-05-30 04:04:55,094 Epoch[30] Validation-accuracy=0.708333
2017-05-30 04:05:53,596 Epoch[31] Batch [10]	Speed: 12.59 samples/sec	Train-accuracy=1.000000
2017-05-30 04:06:50,793 Epoch[31] Batch [20]	Speed: 12.59 samples/sec	Train-accuracy=1.000000
2017-05-30 04:07:47,955 Epoch[31] Batch [30]	Speed: 12.60 samples/sec	Train-accuracy=1.000000
2017-05-30 04:08:45,187 Epoch[31] Batch [40]	Speed: 12.58 samples/sec	Train-accuracy=0.998611
2017-05-30 04:09:42,409 Epoch[31] Batch [50]	Speed: 12.58 samples/sec	Train-accuracy=0.998611
2017-05-30 04:10:39,651 Epoch[31] Batch [60]	Speed: 12.58 samples/sec	Train-accuracy=1.000000
2017-05-30 04:11:36,868 Epoch[31] Batch [70]	Speed: 12.58 samples/sec	Train-accuracy=1.000000
2017-05-30 04:12:34,130 Epoch[31] Batch [80]	Speed: 12.57 samples/sec	Train-accuracy=0.998611
2017-05-30 04:13:31,433 Epoch[31] Batch [90]	Speed: 12.57 samples/sec	Train-accuracy=0.998611
2017-05-30 04:14:28,660 Epoch[31] Batch [100]	Speed: 12.58 samples/sec	Train-accuracy=1.000000
2017-05-30 04:15:14,453 Epoch[31] Train-accuracy=1.000000
2017-05-30 04:15:14,453 Epoch[31] Time cost=619.358
2017-05-30 04:15:19,059 Saved checkpoint to "./resneXt-50-lr-0.001/finetune-resnext-50-train-add-seg-224-lr-0.001-momentum-0.9-0032.params"
2017-05-30 04:15:25,827 Epoch[31] Validation-accuracy=0.722222
2017-05-30 04:16:24,326 Epoch[32] Batch [10]	Speed: 12.59 samples/sec	Train-accuracy=0.996212
2017-05-30 04:17:21,567 Epoch[32] Batch [20]	Speed: 12.58 samples/sec	Train-accuracy=1.000000
2017-05-30 04:18:18,781 Epoch[32] Batch [30]	Speed: 12.58 samples/sec	Train-accuracy=0.998611
2017-05-30 04:19:16,005 Epoch[32] Batch [40]	Speed: 12.58 samples/sec	Train-accuracy=0.998611
2017-05-30 04:20:13,267 Epoch[32] Batch [50]	Speed: 12.57 samples/sec	Train-accuracy=0.998611
2017-05-30 04:21:10,504 Epoch[32] Batch [60]	Speed: 12.58 samples/sec	Train-accuracy=1.000000
2017-05-30 04:22:07,705 Epoch[32] Batch [70]	Speed: 12.59 samples/sec	Train-accuracy=1.000000
2017-05-30 04:23:04,934 Epoch[32] Batch [80]	Speed: 12.58 samples/sec	Train-accuracy=1.000000
2017-05-30 04:24:02,143 Epoch[32] Batch [90]	Speed: 12.59 samples/sec	Train-accuracy=1.000000
2017-05-30 04:24:59,365 Epoch[32] Batch [100]	Speed: 12.58 samples/sec	Train-accuracy=1.000000
2017-05-30 04:25:39,432 Epoch[32] Train-accuracy=1.000000
2017-05-30 04:25:39,432 Epoch[32] Time cost=613.604
2017-05-30 04:25:44,022 Saved checkpoint to "./resneXt-50-lr-0.001/finetune-resnext-50-train-add-seg-224-lr-0.001-momentum-0.9-0033.params"
2017-05-30 04:25:50,851 Epoch[32] Validation-accuracy=0.719907
2017-05-30 04:26:49,453 Epoch[33] Batch [10]	Speed: 12.58 samples/sec	Train-accuracy=0.998737
2017-05-30 04:27:46,661 Epoch[33] Batch [20]	Speed: 12.59 samples/sec	Train-accuracy=1.000000
2017-05-30 04:28:43,885 Epoch[33] Batch [30]	Speed: 12.58 samples/sec	Train-accuracy=0.998611
2017-05-30 04:29:41,091 Epoch[33] Batch [40]	Speed: 12.59 samples/sec	Train-accuracy=1.000000
2017-05-30 04:30:38,320 Epoch[33] Batch [50]	Speed: 12.58 samples/sec	Train-accuracy=1.000000
2017-05-30 04:31:35,556 Epoch[33] Batch [60]	Speed: 12.58 samples/sec	Train-accuracy=0.998611
2017-05-30 04:32:32,792 Epoch[33] Batch [70]	Speed: 12.58 samples/sec	Train-accuracy=1.000000
2017-05-30 04:33:30,021 Epoch[33] Batch [80]	Speed: 12.58 samples/sec	Train-accuracy=1.000000
2017-05-30 04:34:27,252 Epoch[33] Batch [90]	Speed: 12.58 samples/sec	Train-accuracy=0.998611
2017-05-30 04:35:24,453 Epoch[33] Batch [100]	Speed: 12.59 samples/sec	Train-accuracy=1.000000
2017-05-30 04:36:04,535 Epoch[33] Train-accuracy=0.998016
2017-05-30 04:36:04,535 Epoch[33] Time cost=613.684
2017-05-30 04:36:09,119 Saved checkpoint to "./resneXt-50-lr-0.001/finetune-resnext-50-train-add-seg-224-lr-0.001-momentum-0.9-0034.params"
2017-05-30 04:36:14,772 Epoch[33] Validation-accuracy=0.733333
2017-05-30 04:37:13,286 Epoch[34] Batch [10]	Speed: 12.59 samples/sec	Train-accuracy=0.997475
2017-05-30 04:38:10,510 Epoch[34] Batch [20]	Speed: 12.58 samples/sec	Train-accuracy=1.000000
2017-05-30 04:39:07,770 Epoch[34] Batch [30]	Speed: 12.57 samples/sec	Train-accuracy=0.998611
2017-05-30 04:40:05,027 Epoch[34] Batch [40]	Speed: 12.57 samples/sec	Train-accuracy=1.000000
2017-05-30 04:41:02,262 Epoch[34] Batch [50]	Speed: 12.58 samples/sec	Train-accuracy=1.000000
2017-05-30 04:41:59,548 Epoch[34] Batch [60]	Speed: 12.57 samples/sec	Train-accuracy=1.000000
2017-05-30 04:42:56,793 Epoch[34] Batch [70]	Speed: 12.58 samples/sec	Train-accuracy=1.000000
2017-05-30 04:43:54,068 Epoch[34] Batch [80]	Speed: 12.57 samples/sec	Train-accuracy=1.000000
2017-05-30 04:44:51,304 Epoch[34] Batch [90]	Speed: 12.58 samples/sec	Train-accuracy=0.998611
2017-05-30 04:45:48,537 Epoch[34] Batch [100]	Speed: 12.58 samples/sec	Train-accuracy=0.998611
2017-05-30 04:46:34,341 Epoch[34] Train-accuracy=1.000000
2017-05-30 04:46:34,341 Epoch[34] Time cost=619.569
2017-05-30 04:46:38,916 Saved checkpoint to "./resneXt-50-lr-0.001/finetune-resnext-50-train-add-seg-224-lr-0.001-momentum-0.9-0035.params"
2017-05-30 04:46:45,723 Epoch[34] Validation-accuracy=0.740741
2017-05-30 04:47:44,306 Epoch[35] Batch [10]	Speed: 12.57 samples/sec	Train-accuracy=0.998737
2017-05-30 04:48:41,521 Epoch[35] Batch [20]	Speed: 12.58 samples/sec	Train-accuracy=1.000000
2017-05-30 04:49:38,762 Epoch[35] Batch [30]	Speed: 12.58 samples/sec	Train-accuracy=0.998611
2017-05-30 04:50:35,996 Epoch[35] Batch [40]	Speed: 12.58 samples/sec	Train-accuracy=1.000000
2017-05-30 04:51:33,240 Epoch[35] Batch [50]	Speed: 12.58 samples/sec	Train-accuracy=1.000000
2017-05-30 04:52:30,485 Epoch[35] Batch [60]	Speed: 12.58 samples/sec	Train-accuracy=1.000000
2017-05-30 04:53:27,695 Epoch[35] Batch [70]	Speed: 12.59 samples/sec	Train-accuracy=1.000000
2017-05-30 04:54:24,934 Epoch[35] Batch [80]	Speed: 12.58 samples/sec	Train-accuracy=0.998611
2017-05-30 04:55:22,159 Epoch[35] Batch [90]	Speed: 12.58 samples/sec	Train-accuracy=1.000000
2017-05-30 04:56:19,434 Epoch[35] Batch [100]	Speed: 12.57 samples/sec	Train-accuracy=0.998611
2017-05-30 04:56:59,489 Epoch[35] Train-accuracy=0.996032
2017-05-30 04:56:59,490 Epoch[35] Time cost=613.766
2017-05-30 04:57:04,069 Saved checkpoint to "./resneXt-50-lr-0.001/finetune-resnext-50-train-add-seg-224-lr-0.001-momentum-0.9-0036.params"
2017-05-30 04:57:10,881 Epoch[35] Validation-accuracy=0.726852
2017-05-30 04:58:09,434 Epoch[36] Batch [10]	Speed: 12.58 samples/sec	Train-accuracy=1.000000
2017-05-30 04:59:06,709 Epoch[36] Batch [20]	Speed: 12.57 samples/sec	Train-accuracy=1.000000
2017-05-30 05:00:03,955 Epoch[36] Batch [30]	Speed: 12.58 samples/sec	Train-accuracy=0.998611
2017-05-30 05:01:01,197 Epoch[36] Batch [40]	Speed: 12.58 samples/sec	Train-accuracy=1.000000
2017-05-30 05:01:58,390 Epoch[36] Batch [50]	Speed: 12.59 samples/sec	Train-accuracy=1.000000
2017-05-30 05:02:55,629 Epoch[36] Batch [60]	Speed: 12.58 samples/sec	Train-accuracy=0.997222
2017-05-30 05:03:52,871 Epoch[36] Batch [70]	Speed: 12.58 samples/sec	Train-accuracy=1.000000
2017-05-30 05:04:50,073 Epoch[36] Batch [80]	Speed: 12.59 samples/sec	Train-accuracy=1.000000
2017-05-30 05:05:47,333 Epoch[36] Batch [90]	Speed: 12.57 samples/sec	Train-accuracy=1.000000
2017-05-30 05:06:44,600 Epoch[36] Batch [100]	Speed: 12.57 samples/sec	Train-accuracy=1.000000
2017-05-30 05:07:24,637 Epoch[36] Train-accuracy=1.000000
2017-05-30 05:07:24,637 Epoch[36] Time cost=613.756
2017-05-30 05:07:29,211 Saved checkpoint to "./resneXt-50-lr-0.001/finetune-resnext-50-train-add-seg-224-lr-0.001-momentum-0.9-0037.params"
2017-05-30 05:07:34,844 Epoch[36] Validation-accuracy=0.736111
2017-05-30 05:08:33,409 Epoch[37] Batch [10]	Speed: 12.58 samples/sec	Train-accuracy=0.997475
2017-05-30 05:09:30,636 Epoch[37] Batch [20]	Speed: 12.58 samples/sec	Train-accuracy=1.000000
2017-05-30 05:10:27,901 Epoch[37] Batch [30]	Speed: 12.57 samples/sec	Train-accuracy=0.997222
2017-05-30 05:11:25,130 Epoch[37] Batch [40]	Speed: 12.58 samples/sec	Train-accuracy=1.000000
2017-05-30 05:12:22,393 Epoch[37] Batch [50]	Speed: 12.57 samples/sec	Train-accuracy=1.000000
2017-05-30 05:13:19,626 Epoch[37] Batch [60]	Speed: 12.58 samples/sec	Train-accuracy=0.995833
2017-05-30 05:14:16,867 Epoch[37] Batch [70]	Speed: 12.58 samples/sec	Train-accuracy=1.000000
2017-05-30 05:15:14,133 Epoch[37] Batch [80]	Speed: 12.57 samples/sec	Train-accuracy=0.997222
2017-05-30 05:16:11,359 Epoch[37] Batch [90]	Speed: 12.58 samples/sec	Train-accuracy=0.995833
2017-05-30 05:17:08,587 Epoch[37] Batch [100]	Speed: 12.58 samples/sec	Train-accuracy=1.000000
2017-05-30 05:17:54,380 Epoch[37] Train-accuracy=1.000000
2017-05-30 05:17:54,380 Epoch[37] Time cost=619.536
2017-05-30 05:17:58,968 Saved checkpoint to "./resneXt-50-lr-0.001/finetune-resnext-50-train-add-seg-224-lr-0.001-momentum-0.9-0038.params"
2017-05-30 05:18:05,789 Epoch[37] Validation-accuracy=0.731481
2017-05-30 05:19:04,360 Epoch[38] Batch [10]	Speed: 12.57 samples/sec	Train-accuracy=0.998737
2017-05-30 05:20:01,634 Epoch[38] Batch [20]	Speed: 12.57 samples/sec	Train-accuracy=1.000000
2017-05-30 05:20:58,886 Epoch[38] Batch [30]	Speed: 12.58 samples/sec	Train-accuracy=0.997222
2017-05-30 05:21:56,211 Epoch[38] Batch [40]	Speed: 12.56 samples/sec	Train-accuracy=0.995833
2017-05-30 05:22:53,416 Epoch[38] Batch [50]	Speed: 12.59 samples/sec	Train-accuracy=1.000000
2017-05-30 05:23:50,636 Epoch[38] Batch [60]	Speed: 12.58 samples/sec	Train-accuracy=0.998611
2017-05-30 05:24:47,876 Epoch[38] Batch [70]	Speed: 12.58 samples/sec	Train-accuracy=1.000000
2017-05-30 05:25:45,099 Epoch[38] Batch [80]	Speed: 12.58 samples/sec	Train-accuracy=0.998611
2017-05-30 05:26:42,340 Epoch[38] Batch [90]	Speed: 12.58 samples/sec	Train-accuracy=1.000000
2017-05-30 05:27:39,583 Epoch[38] Batch [100]	Speed: 12.58 samples/sec	Train-accuracy=0.998611
2017-05-30 05:28:19,661 Epoch[38] Train-accuracy=0.996032
2017-05-30 05:28:19,661 Epoch[38] Time cost=613.871
2017-05-30 05:28:24,239 Saved checkpoint to "./resneXt-50-lr-0.001/finetune-resnext-50-train-add-seg-224-lr-0.001-momentum-0.9-0039.params"
2017-05-30 05:28:31,069 Epoch[38] Validation-accuracy=0.719907
2017-05-30 05:29:29,622 Epoch[39] Batch [10]	Speed: 12.58 samples/sec	Train-accuracy=0.998737
2017-05-30 05:30:26,861 Epoch[39] Batch [20]	Speed: 12.58 samples/sec	Train-accuracy=1.000000
2017-05-30 05:31:24,085 Epoch[39] Batch [30]	Speed: 12.58 samples/sec	Train-accuracy=1.000000
2017-05-30 05:32:21,331 Epoch[39] Batch [40]	Speed: 12.58 samples/sec	Train-accuracy=1.000000
2017-05-30 05:33:18,587 Epoch[39] Batch [50]	Speed: 12.58 samples/sec	Train-accuracy=0.998611
2017-05-30 05:34:15,816 Epoch[39] Batch [60]	Speed: 12.58 samples/sec	Train-accuracy=0.998611
2017-05-30 05:35:13,056 Epoch[39] Batch [70]	Speed: 12.58 samples/sec	Train-accuracy=0.998611
2017-05-30 05:36:10,292 Epoch[39] Batch [80]	Speed: 12.58 samples/sec	Train-accuracy=1.000000
2017-05-30 05:37:07,528 Epoch[39] Batch [90]	Speed: 12.58 samples/sec	Train-accuracy=1.000000
2017-05-30 05:38:04,779 Epoch[39] Batch [100]	Speed: 12.58 samples/sec	Train-accuracy=1.000000
2017-05-30 05:38:44,875 Epoch[39] Train-accuracy=1.000000
2017-05-30 05:38:44,875 Epoch[39] Time cost=613.806
2017-05-30 05:38:49,479 Saved checkpoint to "./resneXt-50-lr-0.001/finetune-resnext-50-train-add-seg-224-lr-0.001-momentum-0.9-0040.params"
2017-05-30 05:38:56,300 Epoch[39] Validation-accuracy=0.729167
2017-05-30 05:39:54,815 Epoch[40] Batch [10]	Speed: 12.58 samples/sec	Train-accuracy=1.000000
2017-05-30 05:40:52,060 Epoch[40] Batch [20]	Speed: 12.58 samples/sec	Train-accuracy=1.000000
2017-05-30 05:41:49,303 Epoch[40] Batch [30]	Speed: 12.58 samples/sec	Train-accuracy=1.000000
2017-05-30 05:42:46,541 Epoch[40] Batch [40]	Speed: 12.58 samples/sec	Train-accuracy=1.000000
2017-05-30 05:43:43,817 Epoch[40] Batch [50]	Speed: 12.57 samples/sec	Train-accuracy=1.000000
2017-05-30 05:44:41,035 Epoch[40] Batch [60]	Speed: 12.58 samples/sec	Train-accuracy=1.000000
2017-05-30 05:45:38,236 Epoch[40] Batch [70]	Speed: 12.59 samples/sec	Train-accuracy=1.000000
2017-05-30 05:46:35,467 Epoch[40] Batch [80]	Speed: 12.58 samples/sec	Train-accuracy=1.000000
2017-05-30 05:47:32,739 Epoch[40] Batch [90]	Speed: 12.57 samples/sec	Train-accuracy=1.000000
2017-05-30 05:48:29,968 Epoch[40] Batch [100]	Speed: 12.58 samples/sec	Train-accuracy=1.000000
2017-05-30 05:49:15,792 Epoch[40] Train-accuracy=0.998264
2017-05-30 05:49:15,793 Epoch[40] Time cost=619.492
2017-05-30 05:49:20,366 Saved checkpoint to "./resneXt-50-lr-0.001/finetune-resnext-50-train-add-seg-224-lr-0.001-momentum-0.9-0041.params"
2017-05-30 05:49:26,067 Epoch[40] Validation-accuracy=0.719444
2017-05-30 05:50:24,597 Epoch[41] Batch [10]	Speed: 12.58 samples/sec	Train-accuracy=1.000000
2017-05-30 05:51:21,821 Epoch[41] Batch [20]	Speed: 12.58 samples/sec	Train-accuracy=1.000000
2017-05-30 05:52:19,072 Epoch[41] Batch [30]	Speed: 12.58 samples/sec	Train-accuracy=0.998611
2017-05-30 05:53:16,308 Epoch[41] Batch [40]	Speed: 12.58 samples/sec	Train-accuracy=1.000000
2017-05-30 05:54:13,602 Epoch[41] Batch [50]	Speed: 12.57 samples/sec	Train-accuracy=1.000000
2017-05-30 05:55:10,875 Epoch[41] Batch [60]	Speed: 12.57 samples/sec	Train-accuracy=1.000000
2017-05-30 05:56:08,137 Epoch[41] Batch [70]	Speed: 12.57 samples/sec	Train-accuracy=0.998611
2017-05-30 05:57:05,368 Epoch[41] Batch [80]	Speed: 12.58 samples/sec	Train-accuracy=1.000000
2017-05-30 05:58:02,633 Epoch[41] Batch [90]	Speed: 12.57 samples/sec	Train-accuracy=1.000000
2017-05-30 05:58:59,952 Epoch[41] Batch [100]	Speed: 12.56 samples/sec	Train-accuracy=0.998611
2017-05-30 05:59:40,008 Epoch[41] Train-accuracy=1.000000
2017-05-30 05:59:40,008 Epoch[41] Time cost=613.941
2017-05-30 05:59:44,588 Saved checkpoint to "./resneXt-50-lr-0.001/finetune-resnext-50-train-add-seg-224-lr-0.001-momentum-0.9-0042.params"
2017-05-30 05:59:51,440 Epoch[41] Validation-accuracy=0.736111
2017-05-30 06:00:49,978 Epoch[42] Batch [10]	Speed: 12.58 samples/sec	Train-accuracy=0.998737
2017-05-30 06:01:47,228 Epoch[42] Batch [20]	Speed: 12.58 samples/sec	Train-accuracy=0.998611
2017-05-30 06:02:44,451 Epoch[42] Batch [30]	Speed: 12.58 samples/sec	Train-accuracy=1.000000
2017-05-30 06:03:41,728 Epoch[42] Batch [40]	Speed: 12.57 samples/sec	Train-accuracy=1.000000
2017-05-30 06:04:38,920 Epoch[42] Batch [50]	Speed: 12.59 samples/sec	Train-accuracy=1.000000
2017-05-30 06:05:36,183 Epoch[42] Batch [60]	Speed: 12.57 samples/sec	Train-accuracy=0.997222
2017-05-30 06:06:33,411 Epoch[42] Batch [70]	Speed: 12.58 samples/sec	Train-accuracy=0.998611
2017-05-30 06:07:30,653 Epoch[42] Batch [80]	Speed: 12.58 samples/sec	Train-accuracy=1.000000
2017-05-30 06:08:27,846 Epoch[42] Batch [90]	Speed: 12.59 samples/sec	Train-accuracy=1.000000
2017-05-30 06:09:25,020 Epoch[42] Batch [100]	Speed: 12.59 samples/sec	Train-accuracy=1.000000
2017-05-30 06:10:05,042 Epoch[42] Train-accuracy=0.998016
2017-05-30 06:10:05,042 Epoch[42] Time cost=613.602
2017-05-30 06:10:09,634 Saved checkpoint to "./resneXt-50-lr-0.001/finetune-resnext-50-train-add-seg-224-lr-0.001-momentum-0.9-0043.params"
2017-05-30 06:10:16,542 Epoch[42] Validation-accuracy=0.738426
2017-05-30 06:11:15,027 Epoch[43] Batch [10]	Speed: 12.60 samples/sec	Train-accuracy=0.998737
2017-05-30 06:12:12,197 Epoch[43] Batch [20]	Speed: 12.59 samples/sec	Train-accuracy=1.000000
2017-05-30 06:13:09,379 Epoch[43] Batch [30]	Speed: 12.59 samples/sec	Train-accuracy=1.000000
2017-05-30 06:14:06,550 Epoch[43] Batch [40]	Speed: 12.59 samples/sec	Train-accuracy=1.000000
2017-05-30 06:15:03,695 Epoch[43] Batch [50]	Speed: 12.60 samples/sec	Train-accuracy=1.000000
2017-05-30 06:16:00,884 Epoch[43] Batch [60]	Speed: 12.59 samples/sec	Train-accuracy=0.997222
2017-05-30 06:16:58,073 Epoch[43] Batch [70]	Speed: 12.59 samples/sec	Train-accuracy=0.998611
2017-05-30 06:17:55,240 Epoch[43] Batch [80]	Speed: 12.59 samples/sec	Train-accuracy=0.998611
2017-05-30 06:18:52,424 Epoch[43] Batch [90]	Speed: 12.59 samples/sec	Train-accuracy=1.000000
2017-05-30 06:19:49,611 Epoch[43] Batch [100]	Speed: 12.59 samples/sec	Train-accuracy=1.000000
2017-05-30 06:20:35,369 Epoch[43] Train-accuracy=1.000000
2017-05-30 06:20:35,369 Epoch[43] Time cost=618.827
2017-05-30 06:20:39,934 Saved checkpoint to "./resneXt-50-lr-0.001/finetune-resnext-50-train-add-seg-224-lr-0.001-momentum-0.9-0044.params"
2017-05-30 06:20:45,704 Epoch[43] Validation-accuracy=0.725000
2017-05-30 06:21:44,235 Epoch[44] Batch [10]	Speed: 12.59 samples/sec	Train-accuracy=1.000000
2017-05-30 06:22:41,413 Epoch[44] Batch [20]	Speed: 12.59 samples/sec	Train-accuracy=1.000000
2017-05-30 06:23:38,591 Epoch[44] Batch [30]	Speed: 12.59 samples/sec	Train-accuracy=1.000000
2017-05-30 06:24:35,771 Epoch[44] Batch [40]	Speed: 12.59 samples/sec	Train-accuracy=1.000000
2017-05-30 06:25:32,921 Epoch[44] Batch [50]	Speed: 12.60 samples/sec	Train-accuracy=1.000000
2017-05-30 06:26:30,097 Epoch[44] Batch [60]	Speed: 12.59 samples/sec	Train-accuracy=1.000000
2017-05-30 06:27:27,272 Epoch[44] Batch [70]	Speed: 12.59 samples/sec	Train-accuracy=1.000000
2017-05-30 06:28:24,434 Epoch[44] Batch [80]	Speed: 12.60 samples/sec	Train-accuracy=0.998611
2017-05-30 06:29:21,607 Epoch[44] Batch [90]	Speed: 12.59 samples/sec	Train-accuracy=1.000000
2017-05-30 06:30:18,776 Epoch[44] Batch [100]	Speed: 12.59 samples/sec	Train-accuracy=0.997222
2017-05-30 06:30:58,792 Epoch[44] Train-accuracy=1.000000
2017-05-30 06:30:58,793 Epoch[44] Time cost=613.088
2017-05-30 06:31:03,365 Saved checkpoint to "./resneXt-50-lr-0.001/finetune-resnext-50-train-add-seg-224-lr-0.001-momentum-0.9-0045.params"
2017-05-30 06:31:10,145 Epoch[44] Validation-accuracy=0.736111
2017-05-30 06:32:08,617 Epoch[45] Batch [10]	Speed: 12.60 samples/sec	Train-accuracy=1.000000
2017-05-30 06:33:05,788 Epoch[45] Batch [20]	Speed: 12.59 samples/sec	Train-accuracy=1.000000
2017-05-30 06:34:02,986 Epoch[45] Batch [30]	Speed: 12.59 samples/sec	Train-accuracy=1.000000
2017-05-30 06:35:00,174 Epoch[45] Batch [40]	Speed: 12.59 samples/sec	Train-accuracy=1.000000
2017-05-30 06:35:57,340 Epoch[45] Batch [50]	Speed: 12.60 samples/sec	Train-accuracy=1.000000
2017-05-30 06:36:54,506 Epoch[45] Batch [60]	Speed: 12.59 samples/sec	Train-accuracy=1.000000
2017-05-30 06:37:51,672 Epoch[45] Batch [70]	Speed: 12.59 samples/sec	Train-accuracy=1.000000
2017-05-30 06:38:48,828 Epoch[45] Batch [80]	Speed: 12.60 samples/sec	Train-accuracy=1.000000
2017-05-30 06:39:46,018 Epoch[45] Batch [90]	Speed: 12.59 samples/sec	Train-accuracy=1.000000
2017-05-30 06:40:43,182 Epoch[45] Batch [100]	Speed: 12.60 samples/sec	Train-accuracy=1.000000
2017-05-30 06:41:23,212 Epoch[45] Train-accuracy=1.000000
2017-05-30 06:41:23,213 Epoch[45] Time cost=613.067
2017-05-30 06:41:27,796 Saved checkpoint to "./resneXt-50-lr-0.001/finetune-resnext-50-train-add-seg-224-lr-0.001-momentum-0.9-0046.params"
2017-05-30 06:41:34,706 Epoch[45] Validation-accuracy=0.743056
2017-05-30 06:42:33,251 Epoch[46] Batch [10]	Speed: 12.58 samples/sec	Train-accuracy=1.000000
2017-05-30 06:43:30,427 Epoch[46] Batch [20]	Speed: 12.59 samples/sec	Train-accuracy=1.000000
2017-05-30 06:44:27,603 Epoch[46] Batch [30]	Speed: 12.59 samples/sec	Train-accuracy=1.000000
2017-05-30 06:45:24,789 Epoch[46] Batch [40]	Speed: 12.59 samples/sec	Train-accuracy=0.998611
2017-05-30 06:46:21,970 Epoch[46] Batch [50]	Speed: 12.59 samples/sec	Train-accuracy=1.000000
2017-05-30 06:47:19,143 Epoch[46] Batch [60]	Speed: 12.59 samples/sec	Train-accuracy=1.000000
2017-05-30 06:48:16,327 Epoch[46] Batch [70]	Speed: 12.59 samples/sec	Train-accuracy=0.998611
2017-05-30 06:49:13,495 Epoch[46] Batch [80]	Speed: 12.59 samples/sec	Train-accuracy=1.000000
2017-05-30 06:50:10,738 Epoch[46] Batch [90]	Speed: 12.58 samples/sec	Train-accuracy=1.000000
2017-05-30 06:51:07,933 Epoch[46] Batch [100]	Speed: 12.59 samples/sec	Train-accuracy=1.000000
2017-05-30 06:51:53,684 Epoch[46] Train-accuracy=1.000000
2017-05-30 06:51:53,685 Epoch[46] Time cost=618.978
2017-05-30 06:51:58,271 Saved checkpoint to "./resneXt-50-lr-0.001/finetune-resnext-50-train-add-seg-224-lr-0.001-momentum-0.9-0047.params"
2017-05-30 06:52:03,933 Epoch[46] Validation-accuracy=0.761111
2017-05-30 06:53:02,433 Epoch[47] Batch [10]	Speed: 12.59 samples/sec	Train-accuracy=0.997475
2017-05-30 06:53:59,631 Epoch[47] Batch [20]	Speed: 12.59 samples/sec	Train-accuracy=1.000000
2017-05-30 06:54:56,848 Epoch[47] Batch [30]	Speed: 12.58 samples/sec	Train-accuracy=0.998611
2017-05-30 06:55:54,044 Epoch[47] Batch [40]	Speed: 12.59 samples/sec	Train-accuracy=1.000000
2017-05-30 06:56:51,239 Epoch[47] Batch [50]	Speed: 12.59 samples/sec	Train-accuracy=1.000000
2017-05-30 06:57:48,429 Epoch[47] Batch [60]	Speed: 12.59 samples/sec	Train-accuracy=1.000000
2017-05-30 06:58:45,608 Epoch[47] Batch [70]	Speed: 12.59 samples/sec	Train-accuracy=1.000000
2017-05-30 06:59:42,789 Epoch[47] Batch [80]	Speed: 12.59 samples/sec	Train-accuracy=0.998611
2017-05-30 07:00:39,960 Epoch[47] Batch [90]	Speed: 12.59 samples/sec	Train-accuracy=1.000000
2017-05-30 07:01:37,145 Epoch[47] Batch [100]	Speed: 12.59 samples/sec	Train-accuracy=1.000000
2017-05-30 07:02:17,196 Epoch[47] Train-accuracy=1.000000
2017-05-30 07:02:17,196 Epoch[47] Time cost=613.263
2017-05-30 07:02:21,779 Saved checkpoint to "./resneXt-50-lr-0.001/finetune-resnext-50-train-add-seg-224-lr-0.001-momentum-0.9-0048.params"
2017-05-30 07:02:29,015 Epoch[47] Validation-accuracy=0.743056
2017-05-30 07:03:27,539 Epoch[48] Batch [10]	Speed: 12.59 samples/sec	Train-accuracy=0.998737
2017-05-30 07:04:24,725 Epoch[48] Batch [20]	Speed: 12.59 samples/sec	Train-accuracy=1.000000
2017-05-30 07:05:21,908 Epoch[48] Batch [30]	Speed: 12.59 samples/sec	Train-accuracy=0.997222
2017-05-30 07:06:19,093 Epoch[48] Batch [40]	Speed: 12.59 samples/sec	Train-accuracy=0.998611
2017-05-30 07:07:16,276 Epoch[48] Batch [50]	Speed: 12.59 samples/sec	Train-accuracy=0.997222
2017-05-30 07:08:13,464 Epoch[48] Batch [60]	Speed: 12.59 samples/sec	Train-accuracy=1.000000
2017-05-30 07:09:10,643 Epoch[48] Batch [70]	Speed: 12.59 samples/sec	Train-accuracy=1.000000
2017-05-30 07:10:07,810 Epoch[48] Batch [80]	Speed: 12.59 samples/sec	Train-accuracy=1.000000
2017-05-30 07:11:04,988 Epoch[48] Batch [90]	Speed: 12.59 samples/sec	Train-accuracy=0.998611
2017-05-30 07:12:02,165 Epoch[48] Batch [100]	Speed: 12.59 samples/sec	Train-accuracy=0.998611
2017-05-30 07:12:47,933 Epoch[48] Train-accuracy=1.000000
2017-05-30 07:12:47,933 Epoch[48] Time cost=618.917
2017-05-30 07:12:52,523 Saved checkpoint to "./resneXt-50-lr-0.001/finetune-resnext-50-train-add-seg-224-lr-0.001-momentum-0.9-0049.params"
2017-05-30 07:12:59,318 Epoch[48] Validation-accuracy=0.733796
2017-05-30 07:13:57,845 Epoch[49] Batch [10]	Speed: 12.59 samples/sec	Train-accuracy=0.998737
2017-05-30 07:14:55,038 Epoch[49] Batch [20]	Speed: 12.59 samples/sec	Train-accuracy=1.000000
2017-05-30 07:15:52,231 Epoch[49] Batch [30]	Speed: 12.59 samples/sec	Train-accuracy=1.000000
2017-05-30 07:16:49,433 Epoch[49] Batch [40]	Speed: 12.59 samples/sec	Train-accuracy=1.000000
2017-05-30 07:17:46,624 Epoch[49] Batch [50]	Speed: 12.59 samples/sec	Train-accuracy=1.000000
2017-05-30 07:18:43,817 Epoch[49] Batch [60]	Speed: 12.59 samples/sec	Train-accuracy=0.998611
2017-05-30 07:19:41,006 Epoch[49] Batch [70]	Speed: 12.59 samples/sec	Train-accuracy=0.998611
2017-05-30 07:20:38,168 Epoch[49] Batch [80]	Speed: 12.60 samples/sec	Train-accuracy=1.000000
2017-05-30 07:21:35,355 Epoch[49] Batch [90]	Speed: 12.59 samples/sec	Train-accuracy=1.000000
2017-05-30 07:22:32,545 Epoch[49] Batch [100]	Speed: 12.59 samples/sec	Train-accuracy=1.000000
2017-05-30 07:23:12,559 Epoch[49] Train-accuracy=1.000000
2017-05-30 07:23:12,560 Epoch[49] Time cost=613.241
2017-05-30 07:23:17,127 Saved checkpoint to "./resneXt-50-lr-0.001/finetune-resnext-50-train-add-seg-224-lr-0.001-momentum-0.9-0050.params"
2017-05-30 07:23:24,257 Epoch[49] Validation-accuracy=0.731481
2017-05-30 07:24:22,810 Epoch[50] Batch [10]	Speed: 12.59 samples/sec	Train-accuracy=1.000000
2017-05-30 07:25:19,974 Epoch[50] Batch [20]	Speed: 12.60 samples/sec	Train-accuracy=1.000000
2017-05-30 07:26:17,182 Epoch[50] Batch [30]	Speed: 12.59 samples/sec	Train-accuracy=1.000000
2017-05-30 07:27:14,371 Epoch[50] Batch [40]	Speed: 12.59 samples/sec	Train-accuracy=0.997222
2017-05-30 07:28:11,545 Epoch[50] Batch [50]	Speed: 12.59 samples/sec	Train-accuracy=1.000000
2017-05-30 07:29:08,744 Epoch[50] Batch [60]	Speed: 12.59 samples/sec	Train-accuracy=1.000000
2017-05-30 07:30:05,923 Epoch[50] Batch [70]	Speed: 12.59 samples/sec	Train-accuracy=1.000000
2017-05-30 07:31:03,113 Epoch[50] Batch [80]	Speed: 12.59 samples/sec	Train-accuracy=1.000000
2017-05-30 07:32:00,329 Epoch[50] Batch [90]	Speed: 12.58 samples/sec	Train-accuracy=1.000000
2017-05-30 07:32:57,512 Epoch[50] Batch [100]	Speed: 12.59 samples/sec	Train-accuracy=1.000000
2017-05-30 07:33:37,541 Epoch[50] Train-accuracy=0.996032
2017-05-30 07:33:37,542 Epoch[50] Time cost=613.284
2017-05-30 07:33:42,120 Saved checkpoint to "./resneXt-50-lr-0.001/finetune-resnext-50-train-add-seg-224-lr-0.001-momentum-0.9-0051.params"
2017-05-30 07:33:48,020 Epoch[50] Validation-accuracy=0.736111
2017-05-30 07:34:46,593 Epoch[51] Batch [10]	Speed: 12.59 samples/sec	Train-accuracy=0.994949
2017-05-30 07:35:43,769 Epoch[51] Batch [20]	Speed: 12.59 samples/sec	Train-accuracy=1.000000
2017-05-30 07:36:40,972 Epoch[51] Batch [30]	Speed: 12.59 samples/sec	Train-accuracy=0.997222
2017-05-30 07:37:38,168 Epoch[51] Batch [40]	Speed: 12.59 samples/sec	Train-accuracy=0.997222
2017-05-30 07:38:35,356 Epoch[51] Batch [50]	Speed: 12.59 samples/sec	Train-accuracy=1.000000
2017-05-30 07:39:32,646 Epoch[51] Batch [60]	Speed: 12.57 samples/sec	Train-accuracy=1.000000
2017-05-30 07:40:29,847 Epoch[51] Batch [70]	Speed: 12.59 samples/sec	Train-accuracy=0.997222
2017-05-30 07:41:27,012 Epoch[51] Batch [80]	Speed: 12.60 samples/sec	Train-accuracy=0.998611
2017-05-30 07:42:24,213 Epoch[51] Batch [90]	Speed: 12.59 samples/sec	Train-accuracy=1.000000
2017-05-30 07:43:21,393 Epoch[51] Batch [100]	Speed: 12.59 samples/sec	Train-accuracy=1.000000
2017-05-30 07:44:07,141 Epoch[51] Train-accuracy=1.000000
2017-05-30 07:44:07,141 Epoch[51] Time cost=619.121
2017-05-30 07:44:11,728 Saved checkpoint to "./resneXt-50-lr-0.001/finetune-resnext-50-train-add-seg-224-lr-0.001-momentum-0.9-0052.params"
2017-05-30 07:44:18,589 Epoch[51] Validation-accuracy=0.743056
2017-05-30 07:45:17,146 Epoch[52] Batch [10]	Speed: 12.58 samples/sec	Train-accuracy=1.000000
2017-05-30 07:46:14,335 Epoch[52] Batch [20]	Speed: 12.59 samples/sec	Train-accuracy=1.000000
2017-05-30 07:47:11,598 Epoch[52] Batch [30]	Speed: 12.57 samples/sec	Train-accuracy=1.000000
2017-05-30 07:48:08,794 Epoch[52] Batch [40]	Speed: 12.59 samples/sec	Train-accuracy=0.997222
2017-05-30 07:49:06,009 Epoch[52] Batch [50]	Speed: 12.58 samples/sec	Train-accuracy=1.000000
2017-05-30 07:50:03,238 Epoch[52] Batch [60]	Speed: 12.58 samples/sec	Train-accuracy=1.000000
2017-05-30 07:51:00,447 Epoch[52] Batch [70]	Speed: 12.59 samples/sec	Train-accuracy=1.000000
2017-05-30 07:51:57,666 Epoch[52] Batch [80]	Speed: 12.58 samples/sec	Train-accuracy=0.998611
2017-05-30 07:52:54,874 Epoch[52] Batch [90]	Speed: 12.59 samples/sec	Train-accuracy=1.000000
2017-05-30 07:53:52,092 Epoch[52] Batch [100]	Speed: 12.58 samples/sec	Train-accuracy=0.998611
2017-05-30 07:54:32,152 Epoch[52] Train-accuracy=1.000000
2017-05-30 07:54:32,153 Epoch[52] Time cost=613.563
2017-05-30 07:54:36,730 Saved checkpoint to "./resneXt-50-lr-0.001/finetune-resnext-50-train-add-seg-224-lr-0.001-momentum-0.9-0053.params"
2017-05-30 07:54:43,602 Epoch[52] Validation-accuracy=0.750000
2017-05-30 07:55:42,145 Epoch[53] Batch [10]	Speed: 12.58 samples/sec	Train-accuracy=0.997475
2017-05-30 07:56:39,366 Epoch[53] Batch [20]	Speed: 12.58 samples/sec	Train-accuracy=1.000000
2017-05-30 07:57:36,578 Epoch[53] Batch [30]	Speed: 12.58 samples/sec	Train-accuracy=0.998611
2017-05-30 07:58:33,800 Epoch[53] Batch [40]	Speed: 12.58 samples/sec	Train-accuracy=1.000000
2017-05-30 07:59:31,008 Epoch[53] Batch [50]	Speed: 12.59 samples/sec	Train-accuracy=1.000000
2017-05-30 08:00:28,229 Epoch[53] Batch [60]	Speed: 12.58 samples/sec	Train-accuracy=1.000000
2017-05-30 08:01:25,422 Epoch[53] Batch [70]	Speed: 12.59 samples/sec	Train-accuracy=1.000000
2017-05-30 08:02:22,613 Epoch[53] Batch [80]	Speed: 12.59 samples/sec	Train-accuracy=0.998611
2017-05-30 08:03:19,832 Epoch[53] Batch [90]	Speed: 12.58 samples/sec	Train-accuracy=1.000000
2017-05-30 08:04:17,040 Epoch[53] Batch [100]	Speed: 12.59 samples/sec	Train-accuracy=1.000000
2017-05-30 08:04:57,108 Epoch[53] Train-accuracy=1.000000
2017-05-30 08:04:57,108 Epoch[53] Time cost=613.506
2017-05-30 08:05:01,685 Saved checkpoint to "./resneXt-50-lr-0.001/finetune-resnext-50-train-add-seg-224-lr-0.001-momentum-0.9-0054.params"
2017-05-30 08:05:07,528 Epoch[53] Validation-accuracy=0.730556
2017-05-30 08:06:06,104 Epoch[54] Batch [10]	Speed: 12.58 samples/sec	Train-accuracy=1.000000
2017-05-30 08:07:03,335 Epoch[54] Batch [20]	Speed: 12.58 samples/sec	Train-accuracy=0.995833
2017-05-30 08:08:00,560 Epoch[54] Batch [30]	Speed: 12.58 samples/sec	Train-accuracy=1.000000
2017-05-30 08:08:57,738 Epoch[54] Batch [40]	Speed: 12.59 samples/sec	Train-accuracy=1.000000
2017-05-30 08:09:54,969 Epoch[54] Batch [50]	Speed: 12.58 samples/sec	Train-accuracy=0.998611
2017-05-30 08:10:52,210 Epoch[54] Batch [60]	Speed: 12.58 samples/sec	Train-accuracy=1.000000
2017-05-30 08:11:49,414 Epoch[54] Batch [70]	Speed: 12.59 samples/sec	Train-accuracy=0.997222
2017-05-30 08:12:46,610 Epoch[54] Batch [80]	Speed: 12.59 samples/sec	Train-accuracy=1.000000
2017-05-30 08:13:43,860 Epoch[54] Batch [90]	Speed: 12.58 samples/sec	Train-accuracy=1.000000
2017-05-30 08:14:41,111 Epoch[54] Batch [100]	Speed: 12.58 samples/sec	Train-accuracy=1.000000
2017-05-30 08:15:26,909 Epoch[54] Train-accuracy=1.000000
2017-05-30 08:15:26,910 Epoch[54] Time cost=619.381
2017-05-30 08:15:31,497 Saved checkpoint to "./resneXt-50-lr-0.001/finetune-resnext-50-train-add-seg-224-lr-0.001-momentum-0.9-0055.params"
2017-05-30 08:15:38,307 Epoch[54] Validation-accuracy=0.756944
2017-05-30 08:16:36,830 Epoch[55] Batch [10]	Speed: 12.58 samples/sec	Train-accuracy=0.998737
2017-05-30 08:17:34,084 Epoch[55] Batch [20]	Speed: 12.58 samples/sec	Train-accuracy=1.000000
2017-05-30 08:18:31,324 Epoch[55] Batch [30]	Speed: 12.58 samples/sec	Train-accuracy=1.000000
2017-05-30 08:19:28,591 Epoch[55] Batch [40]	Speed: 12.57 samples/sec	Train-accuracy=0.998611
2017-05-30 08:20:25,832 Epoch[55] Batch [50]	Speed: 12.58 samples/sec	Train-accuracy=1.000000
2017-05-30 08:21:23,072 Epoch[55] Batch [60]	Speed: 12.58 samples/sec	Train-accuracy=1.000000
2017-05-30 08:22:20,320 Epoch[55] Batch [70]	Speed: 12.58 samples/sec	Train-accuracy=1.000000
2017-05-30 08:23:17,587 Epoch[55] Batch [80]	Speed: 12.57 samples/sec	Train-accuracy=1.000000
2017-05-30 08:24:14,832 Epoch[55] Batch [90]	Speed: 12.58 samples/sec	Train-accuracy=1.000000
2017-05-30 08:25:12,118 Epoch[55] Batch [100]	Speed: 12.57 samples/sec	Train-accuracy=1.000000
2017-05-30 08:25:52,183 Epoch[55] Train-accuracy=1.000000
2017-05-30 08:25:52,183 Epoch[55] Time cost=613.875
2017-05-30 08:25:56,746 Saved checkpoint to "./resneXt-50-lr-0.001/finetune-resnext-50-train-add-seg-224-lr-0.001-momentum-0.9-0056.params"
2017-05-30 08:26:03,563 Epoch[55] Validation-accuracy=0.745370
2017-05-30 08:27:02,102 Epoch[56] Batch [10]	Speed: 12.58 samples/sec	Train-accuracy=0.997475
2017-05-30 08:27:59,330 Epoch[56] Batch [20]	Speed: 12.58 samples/sec	Train-accuracy=1.000000
2017-05-30 08:28:56,535 Epoch[56] Batch [30]	Speed: 12.59 samples/sec	Train-accuracy=1.000000
2017-05-30 08:29:53,820 Epoch[56] Batch [40]	Speed: 12.57 samples/sec	Train-accuracy=1.000000
2017-05-30 08:30:51,067 Epoch[56] Batch [50]	Speed: 12.58 samples/sec	Train-accuracy=0.997222
2017-05-30 08:31:48,352 Epoch[56] Batch [60]	Speed: 12.57 samples/sec	Train-accuracy=0.998611
2017-05-30 08:32:45,596 Epoch[56] Batch [70]	Speed: 12.58 samples/sec	Train-accuracy=0.998611
2017-05-30 08:33:42,841 Epoch[56] Batch [80]	Speed: 12.58 samples/sec	Train-accuracy=1.000000
2017-05-30 08:34:40,117 Epoch[56] Batch [90]	Speed: 12.57 samples/sec	Train-accuracy=1.000000
2017-05-30 08:35:37,345 Epoch[56] Batch [100]	Speed: 12.58 samples/sec	Train-accuracy=1.000000
2017-05-30 08:36:17,400 Epoch[56] Train-accuracy=1.000000
2017-05-30 08:36:17,400 Epoch[56] Time cost=613.837
2017-05-30 08:36:21,992 Saved checkpoint to "./resneXt-50-lr-0.001/finetune-resnext-50-train-add-seg-224-lr-0.001-momentum-0.9-0057.params"
2017-05-30 08:36:28,816 Epoch[56] Validation-accuracy=0.745370
2017-05-30 08:37:27,347 Epoch[57] Batch [10]	Speed: 12.58 samples/sec	Train-accuracy=1.000000
2017-05-30 08:38:24,609 Epoch[57] Batch [20]	Speed: 12.57 samples/sec	Train-accuracy=0.997222
2017-05-30 08:39:21,824 Epoch[57] Batch [30]	Speed: 12.58 samples/sec	Train-accuracy=1.000000
2017-05-30 08:40:19,027 Epoch[57] Batch [40]	Speed: 12.59 samples/sec	Train-accuracy=0.998611
2017-05-30 08:41:16,275 Epoch[57] Batch [50]	Speed: 12.58 samples/sec	Train-accuracy=1.000000
2017-05-30 08:42:13,541 Epoch[57] Batch [60]	Speed: 12.57 samples/sec	Train-accuracy=1.000000
2017-05-30 08:43:10,758 Epoch[57] Batch [70]	Speed: 12.58 samples/sec	Train-accuracy=0.997222
2017-05-30 08:44:08,016 Epoch[57] Batch [80]	Speed: 12.57 samples/sec	Train-accuracy=0.998611
2017-05-30 08:45:05,269 Epoch[57] Batch [90]	Speed: 12.58 samples/sec	Train-accuracy=1.000000
2017-05-30 08:46:02,479 Epoch[57] Batch [100]	Speed: 12.59 samples/sec	Train-accuracy=0.998611
2017-05-30 08:46:48,317 Epoch[57] Train-accuracy=1.000000
2017-05-30 08:46:48,317 Epoch[57] Time cost=619.501
2017-05-30 08:46:52,891 Saved checkpoint to "./resneXt-50-lr-0.001/finetune-resnext-50-train-add-seg-224-lr-0.001-momentum-0.9-0058.params"
2017-05-30 08:46:58,579 Epoch[57] Validation-accuracy=0.727778
2017-05-30 08:47:57,215 Epoch[58] Batch [10]	Speed: 12.56 samples/sec	Train-accuracy=0.998737
2017-05-30 08:48:54,505 Epoch[58] Batch [20]	Speed: 12.57 samples/sec	Train-accuracy=1.000000
2017-05-30 08:49:51,774 Epoch[58] Batch [30]	Speed: 12.57 samples/sec	Train-accuracy=1.000000
2017-05-30 08:50:49,070 Epoch[58] Batch [40]	Speed: 12.57 samples/sec	Train-accuracy=1.000000
2017-05-30 08:51:46,296 Epoch[58] Batch [50]	Speed: 12.58 samples/sec	Train-accuracy=1.000000
2017-05-30 08:52:43,547 Epoch[58] Batch [60]	Speed: 12.58 samples/sec	Train-accuracy=0.997222
2017-05-30 08:53:40,791 Epoch[58] Batch [70]	Speed: 12.58 samples/sec	Train-accuracy=1.000000
2017-05-30 08:54:38,044 Epoch[58] Batch [80]	Speed: 12.58 samples/sec	Train-accuracy=0.998611
2017-05-30 08:55:35,318 Epoch[58] Batch [90]	Speed: 12.57 samples/sec	Train-accuracy=1.000000
2017-05-30 08:56:32,602 Epoch[58] Batch [100]	Speed: 12.57 samples/sec	Train-accuracy=1.000000
2017-05-30 08:57:12,693 Epoch[58] Train-accuracy=1.000000
2017-05-30 08:57:12,693 Epoch[58] Time cost=614.113
2017-05-30 08:57:17,275 Saved checkpoint to "./resneXt-50-lr-0.001/finetune-resnext-50-train-add-seg-224-lr-0.001-momentum-0.9-0059.params"
2017-05-30 08:57:24,215 Epoch[58] Validation-accuracy=0.733796
2017-05-30 08:58:22,797 Epoch[59] Batch [10]	Speed: 12.58 samples/sec	Train-accuracy=1.000000
2017-05-30 08:59:20,052 Epoch[59] Batch [20]	Speed: 12.58 samples/sec	Train-accuracy=0.998611
2017-05-30 09:00:17,317 Epoch[59] Batch [30]	Speed: 12.57 samples/sec	Train-accuracy=0.998611
2017-05-30 09:01:14,544 Epoch[59] Batch [40]	Speed: 12.58 samples/sec	Train-accuracy=0.998611
2017-05-30 09:02:11,839 Epoch[59] Batch [50]	Speed: 12.57 samples/sec	Train-accuracy=1.000000
2017-05-30 09:03:09,097 Epoch[59] Batch [60]	Speed: 12.57 samples/sec	Train-accuracy=1.000000
2017-05-30 09:04:06,332 Epoch[59] Batch [70]	Speed: 12.58 samples/sec	Train-accuracy=1.000000
2017-05-30 09:05:03,625 Epoch[59] Batch [80]	Speed: 12.57 samples/sec	Train-accuracy=1.000000
2017-05-30 09:06:00,811 Epoch[59] Batch [90]	Speed: 12.59 samples/sec	Train-accuracy=1.000000
2017-05-30 09:06:58,017 Epoch[59] Batch [100]	Speed: 12.59 samples/sec	Train-accuracy=1.000000
2017-05-30 09:07:38,091 Epoch[59] Train-accuracy=1.000000
2017-05-30 09:07:38,092 Epoch[59] Time cost=613.876
2017-05-30 09:07:42,661 Saved checkpoint to "./resneXt-50-lr-0.001/finetune-resnext-50-train-add-seg-224-lr-0.001-momentum-0.9-0060.params"
2017-05-30 09:07:49,572 Epoch[59] Validation-accuracy=0.729167
2017-05-30 09:08:48,128 Epoch[60] Batch [10]	Speed: 12.58 samples/sec	Train-accuracy=0.998737
./run_finetune_script.sh:  35: 32285                python run_finetune.py './resneXt-50-lr-0.001/resnext-50' '0' './resneXt-50-lr-0.001/finetune-resnext-50-train-add-seg-224-lr-0.001-momentum-0.9' '200'
