[08:42:36] src/nnvm/legacy_json_util.cc:190: Loading symbol saved by previous version v0.8.0. Attempting to upgrade...
[08:42:36] src/nnvm/legacy_json_util.cc:198: Symbol successfully upgraded!
[08:42:38] src/io/iter_image_recordio.cc:220: ImageRecordIOParser: /home/yuanshuai/code/mxnet/example/image-classification/data/ccs-train-add-seg-224_train.rec, use 4 threads for decoding..
[08:42:38] src/io/iter_image_recordio.cc:220: ImageRecordIOParser: /home/yuanshuai/code/mxnet/example/image-classification/data/ccs-train-add-seg-224_val.rec, use 4 threads for decoding..
[08:42:43] src/operator/./cudnn_convolution-inl.h:55: Running performance tests to find the best convolution algorithm, this can take a while... (setting env variable MXNET_CUDNN_AUTOTUNE_DEFAULT to 0 to disable)
[08:42:50] src/kvstore/././comm.h:304: only 2 out of 6 GPU pairs are enabled direct access. It may affect the performance. You can set MXNET_ENABLE_GPU_P2P=0 to turn it off
[08:42:50] src/kvstore/././comm.h:313: ...
[08:42:50] src/kvstore/././comm.h:313: ..v
[08:42:50] src/kvstore/././comm.h:313: .v.
2017-05-26 08:43:05,041 Epoch[0] Batch [10]	Speed: 37.33 samples/sec	Train-accuracy=0.448864
2017-05-26 08:43:18,620 Epoch[0] Batch [20]	Speed: 35.35 samples/sec	Train-accuracy=0.506250
2017-05-26 08:43:32,177 Epoch[0] Batch [30]	Speed: 35.41 samples/sec	Train-accuracy=0.506250
2017-05-26 08:43:45,740 Epoch[0] Batch [40]	Speed: 35.39 samples/sec	Train-accuracy=0.493750
2017-05-26 08:43:59,297 Epoch[0] Batch [50]	Speed: 35.41 samples/sec	Train-accuracy=0.529167
2017-05-26 08:44:12,884 Epoch[0] Batch [60]	Speed: 35.33 samples/sec	Train-accuracy=0.579167
2017-05-26 08:44:26,456 Epoch[0] Batch [70]	Speed: 35.37 samples/sec	Train-accuracy=0.545833
2017-05-26 08:44:40,014 Epoch[0] Batch [80]	Speed: 35.40 samples/sec	Train-accuracy=0.572917
2017-05-26 08:44:53,545 Epoch[0] Batch [90]	Speed: 35.48 samples/sec	Train-accuracy=0.552083
2017-05-26 08:45:07,121 Epoch[0] Batch [100]	Speed: 35.36 samples/sec	Train-accuracy=0.535417
2017-05-26 08:45:20,681 Epoch[0] Batch [110]	Speed: 35.40 samples/sec	Train-accuracy=0.525000
2017-05-26 08:45:34,262 Epoch[0] Batch [120]	Speed: 35.34 samples/sec	Train-accuracy=0.556250
2017-05-26 08:45:47,833 Epoch[0] Batch [130]	Speed: 35.37 samples/sec	Train-accuracy=0.606250
2017-05-26 08:46:01,395 Epoch[0] Batch [140]	Speed: 35.39 samples/sec	Train-accuracy=0.618750
2017-05-26 08:46:14,926 Epoch[0] Batch [150]	Speed: 35.48 samples/sec	Train-accuracy=0.564583
2017-05-26 08:46:28,500 Epoch[0] Batch [160]	Speed: 35.36 samples/sec	Train-accuracy=0.558333
2017-05-26 08:46:31,214 Epoch[0] Train-accuracy=0.583333
2017-05-26 08:46:31,214 Epoch[0] Time cost=221.350
2017-05-26 08:46:32,482 Saved checkpoint to "./resneXt-101/resnext-101-0001.params"
2017-05-26 08:46:35,699 Epoch[0] Validation-accuracy=0.569444
2017-05-26 08:46:49,690 Epoch[1] Batch [10]	Speed: 35.34 samples/sec	Train-accuracy=0.604167
2017-05-26 08:47:03,249 Epoch[1] Batch [20]	Speed: 35.40 samples/sec	Train-accuracy=0.564583
2017-05-26 08:47:16,788 Epoch[1] Batch [30]	Speed: 35.45 samples/sec	Train-accuracy=0.595833
2017-05-26 08:47:30,367 Epoch[1] Batch [40]	Speed: 35.35 samples/sec	Train-accuracy=0.641667
2017-05-26 08:47:43,972 Epoch[1] Batch [50]	Speed: 35.28 samples/sec	Train-accuracy=0.641667
2017-05-26 08:47:57,880 Epoch[1] Batch [60]	Speed: 34.52 samples/sec	Train-accuracy=0.652083
2017-05-26 08:48:11,619 Epoch[1] Batch [70]	Speed: 34.94 samples/sec	Train-accuracy=0.658333
2017-05-26 08:48:25,464 Epoch[1] Batch [80]	Speed: 34.67 samples/sec	Train-accuracy=0.633333
2017-05-26 08:48:39,289 Epoch[1] Batch [90]	Speed: 34.72 samples/sec	Train-accuracy=0.662500
2017-05-26 08:48:53,112 Epoch[1] Batch [100]	Speed: 34.72 samples/sec	Train-accuracy=0.660417
2017-05-26 08:49:06,853 Epoch[1] Batch [110]	Speed: 34.93 samples/sec	Train-accuracy=0.675000
2017-05-26 08:49:20,578 Epoch[1] Batch [120]	Speed: 34.97 samples/sec	Train-accuracy=0.654167
2017-05-26 08:49:34,402 Epoch[1] Batch [130]	Speed: 34.72 samples/sec	Train-accuracy=0.641667
2017-05-26 08:49:48,153 Epoch[1] Batch [140]	Speed: 34.91 samples/sec	Train-accuracy=0.685417
2017-05-26 08:50:02,092 Epoch[1] Batch [150]	Speed: 34.43 samples/sec	Train-accuracy=0.700000
2017-05-26 08:50:15,850 Epoch[1] Batch [160]	Speed: 34.89 samples/sec	Train-accuracy=0.654167
2017-05-26 08:50:18,739 Epoch[1] Train-accuracy=0.802083
2017-05-26 08:50:18,739 Epoch[1] Time cost=223.040
2017-05-26 08:52:15,424 Saved checkpoint to "./resneXt-101/resnext-101-0002.params"
2017-05-26 08:52:19,274 Epoch[1] Validation-accuracy=0.596354
2017-05-26 08:52:33,251 Epoch[2] Batch [10]	Speed: 35.68 samples/sec	Train-accuracy=0.708333
2017-05-26 08:52:46,682 Epoch[2] Batch [20]	Speed: 35.74 samples/sec	Train-accuracy=0.720833
2017-05-26 08:53:00,122 Epoch[2] Batch [30]	Speed: 35.72 samples/sec	Train-accuracy=0.704167
2017-05-26 08:53:13,578 Epoch[2] Batch [40]	Speed: 35.67 samples/sec	Train-accuracy=0.712500
2017-05-26 08:53:27,035 Epoch[2] Batch [50]	Speed: 35.67 samples/sec	Train-accuracy=0.731250
2017-05-26 08:53:40,452 Epoch[2] Batch [60]	Speed: 35.78 samples/sec	Train-accuracy=0.733333
2017-05-26 08:53:53,878 Epoch[2] Batch [70]	Speed: 35.75 samples/sec	Train-accuracy=0.762500
2017-05-26 08:54:07,353 Epoch[2] Batch [80]	Speed: 35.62 samples/sec	Train-accuracy=0.731250
2017-05-26 08:54:20,801 Epoch[2] Batch [90]	Speed: 35.69 samples/sec	Train-accuracy=0.725000
2017-05-26 08:54:34,241 Epoch[2] Batch [100]	Speed: 35.72 samples/sec	Train-accuracy=0.764583
2017-05-26 08:54:47,679 Epoch[2] Batch [110]	Speed: 35.72 samples/sec	Train-accuracy=0.752083
2017-05-26 08:55:02,247 Epoch[2] Batch [120]	Speed: 32.95 samples/sec	Train-accuracy=0.739583
2017-05-26 08:55:41,390 Epoch[2] Batch [130]	Speed: 12.26 samples/sec	Train-accuracy=0.754167
2017-05-26 08:56:23,276 Epoch[2] Batch [140]	Speed: 11.46 samples/sec	Train-accuracy=0.789583
2017-05-26 08:57:01,082 Epoch[2] Batch [150]	Speed: 12.70 samples/sec	Train-accuracy=0.789583
2017-05-26 08:57:31,108 Epoch[2] Batch [160]	Speed: 15.99 samples/sec	Train-accuracy=0.743750
2017-05-26 08:57:32,452 Epoch[2] Train-accuracy=0.770833
2017-05-26 08:57:32,453 Epoch[2] Time cost=313.179
2017-05-26 08:58:09,452 Saved checkpoint to "./resneXt-101/resnext-101-0003.params"
2017-05-26 08:58:25,990 Epoch[2] Validation-accuracy=0.631944
2017-05-26 08:58:47,692 Epoch[3] Batch [10]	Speed: 23.06 samples/sec	Train-accuracy=0.759470
2017-05-26 08:59:01,130 Epoch[3] Batch [20]	Speed: 35.72 samples/sec	Train-accuracy=0.797917
2017-05-26 08:59:14,579 Epoch[3] Batch [30]	Speed: 35.69 samples/sec	Train-accuracy=0.818750
2017-05-26 08:59:28,049 Epoch[3] Batch [40]	Speed: 35.64 samples/sec	Train-accuracy=0.806250
2017-05-26 08:59:41,497 Epoch[3] Batch [50]	Speed: 35.69 samples/sec	Train-accuracy=0.822917
2017-05-26 08:59:54,952 Epoch[3] Batch [60]	Speed: 35.67 samples/sec	Train-accuracy=0.822917
2017-05-26 09:00:11,235 Epoch[3] Batch [70]	Speed: 29.48 samples/sec	Train-accuracy=0.839583
2017-05-26 09:00:26,912 Epoch[3] Batch [80]	Speed: 30.62 samples/sec	Train-accuracy=0.825000
2017-05-26 09:00:40,334 Epoch[3] Batch [90]	Speed: 35.76 samples/sec	Train-accuracy=0.835417
2017-05-26 09:00:53,795 Epoch[3] Batch [100]	Speed: 35.66 samples/sec	Train-accuracy=0.816667
2017-05-26 09:01:30,956 Epoch[3] Batch [110]	Speed: 12.92 samples/sec	Train-accuracy=0.787500
2017-05-26 09:02:16,424 Epoch[3] Batch [120]	Speed: 10.56 samples/sec	Train-accuracy=0.802083
2017-05-26 09:02:51,169 Epoch[3] Batch [130]	Speed: 13.82 samples/sec	Train-accuracy=0.829167
2017-05-26 09:03:37,384 Epoch[3] Batch [140]	Speed: 10.39 samples/sec	Train-accuracy=0.847917
2017-05-26 09:04:11,898 Epoch[3] Batch [150]	Speed: 13.91 samples/sec	Train-accuracy=0.841667
2017-05-26 09:04:51,788 Epoch[3] Batch [160]	Speed: 12.03 samples/sec	Train-accuracy=0.843750
2017-05-26 09:04:54,478 Epoch[3] Train-accuracy=0.864583
2017-05-26 09:04:54,479 Epoch[3] Time cost=388.488
2017-05-26 09:04:59,798 Saved checkpoint to "./resneXt-101/resnext-101-0004.params"
2017-05-26 09:05:03,659 Epoch[3] Validation-accuracy=0.630208
2017-05-26 09:05:17,593 Epoch[4] Batch [10]	Speed: 35.77 samples/sec	Train-accuracy=0.863636
2017-05-26 09:05:31,027 Epoch[4] Batch [20]	Speed: 35.73 samples/sec	Train-accuracy=0.879167
2017-05-26 09:06:06,026 Epoch[4] Batch [30]	Speed: 13.71 samples/sec	Train-accuracy=0.860417
2017-05-26 09:06:19,450 Epoch[4] Batch [40]	Speed: 35.76 samples/sec	Train-accuracy=0.872917
2017-05-26 09:06:32,871 Epoch[4] Batch [50]	Speed: 35.76 samples/sec	Train-accuracy=0.866667
2017-05-26 09:06:47,723 Epoch[4] Batch [60]	Speed: 32.32 samples/sec	Train-accuracy=0.897917
2017-05-26 09:07:21,469 Epoch[4] Batch [70]	Speed: 14.22 samples/sec	Train-accuracy=0.891667
2017-05-26 09:07:34,875 Epoch[4] Batch [80]	Speed: 35.80 samples/sec	Train-accuracy=0.885417
2017-05-26 09:07:48,334 Epoch[4] Batch [90]	Speed: 35.67 samples/sec	Train-accuracy=0.912500
2017-05-26 09:08:07,103 Epoch[4] Batch [100]	Speed: 25.57 samples/sec	Train-accuracy=0.885417
2017-05-26 09:08:34,948 Epoch[4] Batch [110]	Speed: 17.24 samples/sec	Train-accuracy=0.893750
2017-05-26 09:08:48,375 Epoch[4] Batch [120]	Speed: 35.75 samples/sec	Train-accuracy=0.889583
2017-05-26 09:09:01,788 Epoch[4] Batch [130]	Speed: 35.79 samples/sec	Train-accuracy=0.918750
2017-05-26 09:09:18,886 Epoch[4] Batch [140]	Speed: 28.07 samples/sec	Train-accuracy=0.912500
2017-05-26 09:09:52,437 Epoch[4] Batch [150]	Speed: 14.31 samples/sec	Train-accuracy=0.885417
2017-05-26 09:10:05,868 Epoch[4] Batch [160]	Speed: 35.74 samples/sec	Train-accuracy=0.908333
2017-05-26 09:10:07,221 Epoch[4] Train-accuracy=0.812500
2017-05-26 09:10:07,221 Epoch[4] Time cost=303.561
2017-05-26 09:10:08,252 Saved checkpoint to "./resneXt-101/resnext-101-0005.params"
2017-05-26 09:10:18,290 Epoch[4] Validation-accuracy=0.701389
2017-05-26 09:10:58,551 Epoch[5] Batch [10]	Speed: 12.15 samples/sec	Train-accuracy=0.918561
2017-05-26 09:11:11,973 Epoch[5] Batch [20]	Speed: 35.76 samples/sec	Train-accuracy=0.937500
2017-05-26 09:11:25,396 Epoch[5] Batch [30]	Speed: 35.76 samples/sec	Train-accuracy=0.918750
2017-05-26 09:11:38,841 Epoch[5] Batch [40]	Speed: 35.70 samples/sec	Train-accuracy=0.914583
2017-05-26 09:12:12,578 Epoch[5] Batch [50]	Speed: 14.23 samples/sec	Train-accuracy=0.922917
2017-05-26 09:12:26,030 Epoch[5] Batch [60]	Speed: 35.69 samples/sec	Train-accuracy=0.908333
2017-05-26 09:12:39,460 Epoch[5] Batch [70]	Speed: 35.74 samples/sec	Train-accuracy=0.929167
2017-05-26 09:12:57,688 Epoch[5] Batch [80]	Speed: 26.33 samples/sec	Train-accuracy=0.935417
2017-05-26 09:13:27,069 Epoch[5] Batch [90]	Speed: 16.34 samples/sec	Train-accuracy=0.908333
2017-05-26 09:13:40,504 Epoch[5] Batch [100]	Speed: 35.73 samples/sec	Train-accuracy=0.933333
2017-05-26 09:13:53,933 Epoch[5] Batch [110]	Speed: 35.74 samples/sec	Train-accuracy=0.941667
2017-05-26 09:14:16,847 Epoch[5] Batch [120]	Speed: 20.95 samples/sec	Train-accuracy=0.943750
2017-05-26 09:14:41,220 Epoch[5] Batch [130]	Speed: 19.69 samples/sec	Train-accuracy=0.920833
2017-05-26 09:14:54,651 Epoch[5] Batch [140]	Speed: 35.74 samples/sec	Train-accuracy=0.947917
2017-05-26 09:15:08,090 Epoch[5] Batch [150]	Speed: 35.72 samples/sec	Train-accuracy=0.922917
2017-05-26 09:15:28,574 Epoch[5] Batch [160]	Speed: 23.43 samples/sec	Train-accuracy=0.920833
2017-05-26 09:15:33,341 Epoch[5] Train-accuracy=0.947917
2017-05-26 09:15:33,342 Epoch[5] Time cost=315.052
2017-05-26 09:15:46,114 Saved checkpoint to "./resneXt-101/resnext-101-0006.params"
2017-05-26 09:15:49,943 Epoch[5] Validation-accuracy=0.661458
2017-05-26 09:16:03,915 Epoch[6] Batch [10]	Speed: 35.68 samples/sec	Train-accuracy=0.941288
2017-05-26 09:16:17,361 Epoch[6] Batch [20]	Speed: 35.70 samples/sec	Train-accuracy=0.937500
2017-05-26 09:16:54,207 Epoch[6] Batch [30]	Speed: 13.03 samples/sec	Train-accuracy=0.950000
2017-05-26 09:17:08,856 Epoch[6] Batch [40]	Speed: 32.77 samples/sec	Train-accuracy=0.914583
2017-05-26 09:17:22,290 Epoch[6] Batch [50]	Speed: 35.73 samples/sec	Train-accuracy=0.958333
2017-05-26 09:17:35,747 Epoch[6] Batch [60]	Speed: 35.67 samples/sec	Train-accuracy=0.943750
2017-05-26 09:18:04,940 Epoch[6] Batch [70]	Speed: 16.44 samples/sec	Train-accuracy=0.945833
2017-05-26 09:18:21,791 Epoch[6] Batch [80]	Speed: 28.48 samples/sec	Train-accuracy=0.952083
2017-05-26 09:18:35,272 Epoch[6] Batch [90]	Speed: 35.61 samples/sec	Train-accuracy=0.937500
2017-05-26 09:18:48,718 Epoch[6] Batch [100]	Speed: 35.70 samples/sec	Train-accuracy=0.935417
2017-05-26 09:19:21,488 Epoch[6] Batch [110]	Speed: 14.65 samples/sec	Train-accuracy=0.941667
2017-05-26 09:19:34,946 Epoch[6] Batch [120]	Speed: 35.67 samples/sec	Train-accuracy=0.925000
2017-05-26 09:19:48,385 Epoch[6] Batch [130]	Speed: 35.72 samples/sec	Train-accuracy=0.947917
2017-05-26 09:20:01,814 Epoch[6] Batch [140]	Speed: 35.74 samples/sec	Train-accuracy=0.931250
2017-05-26 09:20:33,535 Epoch[6] Batch [150]	Speed: 15.13 samples/sec	Train-accuracy=0.950000
2017-05-26 09:20:46,986 Epoch[6] Batch [160]	Speed: 35.69 samples/sec	Train-accuracy=0.947917
2017-05-26 09:20:48,326 Epoch[6] Train-accuracy=0.875000
2017-05-26 09:20:48,327 Epoch[6] Time cost=298.383
2017-05-26 09:20:49,329 Saved checkpoint to "./resneXt-101/resnext-101-0007.params"
2017-05-26 09:20:54,425 Epoch[6] Validation-accuracy=0.694444
2017-05-26 09:21:29,132 Epoch[7] Batch [10]	Speed: 14.04 samples/sec	Train-accuracy=0.964015
2017-05-26 09:21:49,127 Epoch[7] Batch [20]	Speed: 24.01 samples/sec	Train-accuracy=0.939583
2017-05-26 09:22:02,552 Epoch[7] Batch [30]	Speed: 35.76 samples/sec	Train-accuracy=0.954167
2017-05-26 09:22:15,967 Epoch[7] Batch [40]	Speed: 35.78 samples/sec	Train-accuracy=0.941667
2017-05-26 09:22:34,950 Epoch[7] Batch [50]	Speed: 25.29 samples/sec	Train-accuracy=0.958333
2017-05-26 09:23:02,285 Epoch[7] Batch [60]	Speed: 17.56 samples/sec	Train-accuracy=0.962500
2017-05-26 09:23:15,728 Epoch[7] Batch [70]	Speed: 35.71 samples/sec	Train-accuracy=0.945833
2017-05-26 09:23:29,160 Epoch[7] Batch [80]	Speed: 35.74 samples/sec	Train-accuracy=0.939583
2017-05-26 09:23:47,827 Epoch[7] Batch [90]	Speed: 25.71 samples/sec	Train-accuracy=0.941667
2017-05-26 09:24:13,374 Epoch[7] Batch [100]	Speed: 18.79 samples/sec	Train-accuracy=0.970833
2017-05-26 09:24:26,816 Epoch[7] Batch [110]	Speed: 35.71 samples/sec	Train-accuracy=0.962500
2017-05-26 09:24:40,264 Epoch[7] Batch [120]	Speed: 35.69 samples/sec	Train-accuracy=0.943750
2017-05-26 09:25:03,116 Epoch[7] Batch [130]	Speed: 21.00 samples/sec	Train-accuracy=0.968750
2017-05-26 09:25:26,411 Epoch[7] Batch [140]	Speed: 20.61 samples/sec	Train-accuracy=0.929167
2017-05-26 09:25:39,859 Epoch[7] Batch [150]	Speed: 35.69 samples/sec	Train-accuracy=0.972917
2017-05-26 09:25:53,292 Epoch[7] Batch [160]	Speed: 35.73 samples/sec	Train-accuracy=0.958333
2017-05-26 09:25:55,963 Epoch[7] Train-accuracy=0.989583
2017-05-26 09:25:55,964 Epoch[7] Time cost=301.538
2017-05-26 09:25:56,996 Saved checkpoint to "./resneXt-101/resnext-101-0008.params"
2017-05-26 09:26:01,312 Epoch[7] Validation-accuracy=0.703704
2017-05-26 09:26:15,279 Epoch[8] Batch [10]	Speed: 35.70 samples/sec	Train-accuracy=0.956439
2017-05-26 09:26:28,716 Epoch[8] Batch [20]	Speed: 35.72 samples/sec	Train-accuracy=0.960417
2017-05-26 09:26:46,324 Epoch[8] Batch [30]	Speed: 27.26 samples/sec	Train-accuracy=0.962500
2017-05-26 09:26:59,748 Epoch[8] Batch [40]	Speed: 35.76 samples/sec	Train-accuracy=0.950000
2017-05-26 09:27:13,176 Epoch[8] Batch [50]	Speed: 35.75 samples/sec	Train-accuracy=0.937500
2017-05-26 09:27:26,645 Epoch[8] Batch [60]	Speed: 35.64 samples/sec	Train-accuracy=0.968750
2017-05-26 09:27:40,073 Epoch[8] Batch [70]	Speed: 35.75 samples/sec	Train-accuracy=0.970833
2017-05-26 09:27:56,832 Epoch[8] Batch [80]	Speed: 28.64 samples/sec	Train-accuracy=0.962500
2017-05-26 09:28:10,285 Epoch[8] Batch [90]	Speed: 35.68 samples/sec	Train-accuracy=0.962500
2017-05-26 09:28:23,714 Epoch[8] Batch [100]	Speed: 35.74 samples/sec	Train-accuracy=0.966667
2017-05-26 09:28:39,181 Epoch[8] Batch [110]	Speed: 31.04 samples/sec	Train-accuracy=0.962500
2017-05-26 09:29:02,612 Epoch[8] Batch [120]	Speed: 20.49 samples/sec	Train-accuracy=0.968750
2017-05-26 09:29:16,028 Epoch[8] Batch [130]	Speed: 35.78 samples/sec	Train-accuracy=0.964583
2017-05-26 09:29:29,486 Epoch[8] Batch [140]	Speed: 35.67 samples/sec	Train-accuracy=0.977083
2017-05-26 09:29:53,300 Epoch[8] Batch [150]	Speed: 20.16 samples/sec	Train-accuracy=0.975000
2017-05-26 09:30:15,788 Epoch[8] Batch [160]	Speed: 21.34 samples/sec	Train-accuracy=0.962500
2017-05-26 09:30:17,125 Epoch[8] Train-accuracy=0.937500
2017-05-26 09:30:17,125 Epoch[8] Time cost=255.812
2017-05-26 09:30:18,144 Saved checkpoint to "./resneXt-101/resnext-101-0009.params"
2017-05-26 09:30:22,026 Epoch[8] Validation-accuracy=0.718750
2017-05-26 09:30:43,332 Epoch[9] Batch [10]	Speed: 23.07 samples/sec	Train-accuracy=0.962121
2017-05-26 09:31:19,887 Epoch[9] Batch [20]	Speed: 13.13 samples/sec	Train-accuracy=0.962500
2017-05-26 09:31:33,330 Epoch[9] Batch [30]	Speed: 35.71 samples/sec	Train-accuracy=0.970833
2017-05-26 09:31:46,761 Epoch[9] Batch [40]	Speed: 35.74 samples/sec	Train-accuracy=0.975000
2017-05-26 09:32:00,200 Epoch[9] Batch [50]	Speed: 35.72 samples/sec	Train-accuracy=0.972917
2017-05-26 09:32:33,055 Epoch[9] Batch [60]	Speed: 14.61 samples/sec	Train-accuracy=0.943750
2017-05-26 09:32:46,526 Epoch[9] Batch [70]	Speed: 35.63 samples/sec	Train-accuracy=0.972917
2017-05-26 09:32:59,966 Epoch[9] Batch [80]	Speed: 35.72 samples/sec	Train-accuracy=0.968750
2017-05-26 09:33:13,400 Epoch[9] Batch [90]	Speed: 35.73 samples/sec	Train-accuracy=0.985417
2017-05-26 09:33:39,408 Epoch[9] Batch [100]	Speed: 18.46 samples/sec	Train-accuracy=0.968750
2017-05-26 09:33:56,615 Epoch[9] Batch [110]	Speed: 27.90 samples/sec	Train-accuracy=0.972917
2017-05-26 09:34:10,041 Epoch[9] Batch [120]	Speed: 35.75 samples/sec	Train-accuracy=0.977083
2017-05-26 09:34:23,455 Epoch[9] Batch [130]	Speed: 35.78 samples/sec	Train-accuracy=0.968750
2017-05-26 09:34:52,833 Epoch[9] Batch [140]	Speed: 16.34 samples/sec	Train-accuracy=0.972917
2017-05-26 09:35:09,949 Epoch[9] Batch [150]	Speed: 28.04 samples/sec	Train-accuracy=0.968750
2017-05-26 09:35:23,428 Epoch[9] Batch [160]	Speed: 35.61 samples/sec	Train-accuracy=0.972917
2017-05-26 09:35:26,111 Epoch[9] Train-accuracy=0.989583
2017-05-26 09:35:26,111 Epoch[9] Time cost=304.085
2017-05-26 09:35:55,131 Saved checkpoint to "./resneXt-101/resnext-101-0010.params"
2017-05-26 09:36:01,007 Epoch[9] Validation-accuracy=0.717593
2017-05-26 09:36:25,080 Epoch[10] Batch [10]	Speed: 20.38 samples/sec	Train-accuracy=0.988636
2017-05-26 09:37:02,498 Epoch[10] Batch [20]	Speed: 12.83 samples/sec	Train-accuracy=0.983333
2017-05-26 09:37:31,156 Epoch[10] Batch [30]	Speed: 16.75 samples/sec	Train-accuracy=0.977083
2017-05-26 09:37:50,634 Epoch[10] Batch [40]	Speed: 24.64 samples/sec	Train-accuracy=0.975000
2017-05-26 09:38:26,326 Epoch[10] Batch [50]	Speed: 13.45 samples/sec	Train-accuracy=0.968750
2017-05-26 09:38:44,662 Epoch[10] Batch [60]	Speed: 26.18 samples/sec	Train-accuracy=0.943750
2017-05-26 09:39:05,909 Epoch[10] Batch [70]	Speed: 22.59 samples/sec	Train-accuracy=0.979167
2017-05-26 09:39:37,501 Epoch[10] Batch [80]	Speed: 15.19 samples/sec	Train-accuracy=0.975000
2017-05-26 09:39:56,192 Epoch[10] Batch [90]	Speed: 25.68 samples/sec	Train-accuracy=0.962500
2017-05-26 09:40:09,624 Epoch[10] Batch [100]	Speed: 35.74 samples/sec	Train-accuracy=0.975000
2017-05-26 09:40:23,057 Epoch[10] Batch [110]	Speed: 35.73 samples/sec	Train-accuracy=0.962500
2017-05-26 09:40:48,724 Epoch[10] Batch [120]	Speed: 18.70 samples/sec	Train-accuracy=0.970833
2017-05-26 09:41:07,233 Epoch[10] Batch [130]	Speed: 25.93 samples/sec	Train-accuracy=0.981250
2017-05-26 09:41:20,670 Epoch[10] Batch [140]	Speed: 35.72 samples/sec	Train-accuracy=0.981250
2017-05-26 09:41:34,097 Epoch[10] Batch [150]	Speed: 35.75 samples/sec	Train-accuracy=0.960417
2017-05-26 09:41:56,181 Epoch[10] Batch [160]	Speed: 21.74 samples/sec	Train-accuracy=0.964583
2017-05-26 09:41:59,852 Epoch[10] Train-accuracy=0.958333
2017-05-26 09:41:59,852 Epoch[10] Time cost=358.844
2017-05-26 09:42:21,564 Saved checkpoint to "./resneXt-101/resnext-101-0011.params"
2017-05-26 09:42:25,428 Epoch[10] Validation-accuracy=0.736979
2017-05-26 09:42:39,370 Epoch[11] Batch [10]	Speed: 35.76 samples/sec	Train-accuracy=0.948864
2017-05-26 09:42:52,805 Epoch[11] Batch [20]	Speed: 35.73 samples/sec	Train-accuracy=0.981250
2017-05-26 09:43:06,222 Epoch[11] Batch [30]	Speed: 35.78 samples/sec	Train-accuracy=0.975000
2017-05-26 09:43:19,698 Epoch[11] Batch [40]	Speed: 35.62 samples/sec	Train-accuracy=0.983333
2017-05-26 09:43:33,136 Epoch[11] Batch [50]	Speed: 35.72 samples/sec	Train-accuracy=0.972917
2017-05-26 09:43:46,564 Epoch[11] Batch [60]	Speed: 35.75 samples/sec	Train-accuracy=0.977083
2017-05-26 09:44:09,802 Epoch[11] Batch [70]	Speed: 20.66 samples/sec	Train-accuracy=0.954167
2017-05-26 09:44:34,182 Epoch[11] Batch [80]	Speed: 19.69 samples/sec	Train-accuracy=0.964583
2017-05-26 09:44:47,607 Epoch[11] Batch [90]	Speed: 35.75 samples/sec	Train-accuracy=0.968750
2017-05-26 09:45:01,043 Epoch[11] Batch [100]	Speed: 35.73 samples/sec	Train-accuracy=0.975000
2017-05-26 09:45:14,497 Epoch[11] Batch [110]	Speed: 35.68 samples/sec	Train-accuracy=0.975000
2017-05-26 09:45:40,919 Epoch[11] Batch [120]	Speed: 18.17 samples/sec	Train-accuracy=0.985417
2017-05-26 09:45:57,329 Epoch[11] Batch [130]	Speed: 29.25 samples/sec	Train-accuracy=0.987500
2017-05-26 09:46:10,759 Epoch[11] Batch [140]	Speed: 35.74 samples/sec	Train-accuracy=0.983333
2017-05-26 09:46:24,199 Epoch[11] Batch [150]	Speed: 35.71 samples/sec	Train-accuracy=0.981250
2017-05-26 09:46:50,891 Epoch[11] Batch [160]	Speed: 17.98 samples/sec	Train-accuracy=0.983333
2017-05-26 09:46:56,664 Epoch[11] Train-accuracy=0.989583
2017-05-26 09:46:56,664 Epoch[11] Time cost=271.236
2017-05-26 09:46:57,658 Saved checkpoint to "./resneXt-101/resnext-101-0012.params"
2017-05-26 09:47:01,993 Epoch[11] Validation-accuracy=0.717593
2017-05-26 09:47:15,963 Epoch[12] Batch [10]	Speed: 35.69 samples/sec	Train-accuracy=0.981061
2017-05-26 09:47:29,392 Epoch[12] Batch [20]	Speed: 35.75 samples/sec	Train-accuracy=0.975000
2017-05-26 09:47:45,510 Epoch[12] Batch [30]	Speed: 29.78 samples/sec	Train-accuracy=0.977083
2017-05-26 09:48:01,770 Epoch[12] Batch [40]	Speed: 29.52 samples/sec	Train-accuracy=0.975000
2017-05-26 09:48:18,294 Epoch[12] Batch [50]	Speed: 29.05 samples/sec	Train-accuracy=0.970833
2017-05-26 09:48:47,124 Epoch[12] Batch [60]	Speed: 16.65 samples/sec	Train-accuracy=0.983333
2017-05-26 09:49:15,128 Epoch[12] Batch [70]	Speed: 17.14 samples/sec	Train-accuracy=0.985417
2017-05-26 09:49:38,498 Epoch[12] Batch [80]	Speed: 20.54 samples/sec	Train-accuracy=0.975000
2017-05-26 09:50:09,860 Epoch[12] Batch [90]	Speed: 15.31 samples/sec	Train-accuracy=0.979167
2017-05-26 09:50:34,392 Epoch[12] Batch [100]	Speed: 19.57 samples/sec	Train-accuracy=0.981250
2017-05-26 09:50:49,436 Epoch[12] Batch [110]	Speed: 31.91 samples/sec	Train-accuracy=0.979167
2017-05-26 09:51:02,903 Epoch[12] Batch [120]	Speed: 35.64 samples/sec	Train-accuracy=0.954167
2017-05-26 09:51:29,808 Epoch[12] Batch [130]	Speed: 17.84 samples/sec	Train-accuracy=0.972917
2017-05-26 09:51:50,288 Epoch[12] Batch [140]	Speed: 23.44 samples/sec	Train-accuracy=0.979167
2017-05-26 09:52:03,729 Epoch[12] Batch [150]	Speed: 35.71 samples/sec	Train-accuracy=0.975000
2017-05-26 09:52:17,165 Epoch[12] Batch [160]	Speed: 35.73 samples/sec	Train-accuracy=0.960417
2017-05-26 09:52:18,519 Epoch[12] Train-accuracy=0.979167
2017-05-26 09:52:18,519 Epoch[12] Time cost=316.525
2017-05-26 09:52:23,112 Saved checkpoint to "./resneXt-101/resnext-101-0013.params"
2017-05-26 09:52:28,746 Epoch[12] Validation-accuracy=0.700521
2017-05-26 09:52:55,888 Epoch[13] Batch [10]	Speed: 18.06 samples/sec	Train-accuracy=0.979167
2017-05-26 09:53:09,310 Epoch[13] Batch [20]	Speed: 35.76 samples/sec	Train-accuracy=0.983333
2017-05-26 09:53:22,740 Epoch[13] Batch [30]	Speed: 35.74 samples/sec	Train-accuracy=0.981250
2017-05-26 09:53:36,902 Epoch[13] Batch [40]	Speed: 33.89 samples/sec	Train-accuracy=0.977083
2017-05-26 09:54:02,628 Epoch[13] Batch [50]	Speed: 18.66 samples/sec	Train-accuracy=0.985417
2017-05-26 09:54:16,775 Epoch[13] Batch [60]	Speed: 33.93 samples/sec	Train-accuracy=0.987500
2017-05-26 09:54:30,215 Epoch[13] Batch [70]	Speed: 35.72 samples/sec	Train-accuracy=0.991667
2017-05-26 09:54:43,647 Epoch[13] Batch [80]	Speed: 35.74 samples/sec	Train-accuracy=0.981250
2017-05-26 09:55:06,566 Epoch[13] Batch [90]	Speed: 20.94 samples/sec	Train-accuracy=0.987500
2017-05-26 09:55:26,371 Epoch[13] Batch [100]	Speed: 24.24 samples/sec	Train-accuracy=0.979167
2017-05-26 09:55:39,786 Epoch[13] Batch [110]	Speed: 35.78 samples/sec	Train-accuracy=0.983333
2017-05-26 09:55:53,235 Epoch[13] Batch [120]	Speed: 35.69 samples/sec	Train-accuracy=0.985417
2017-05-26 09:56:15,390 Epoch[13] Batch [130]	Speed: 21.67 samples/sec	Train-accuracy=0.985417
2017-05-26 09:56:34,431 Epoch[13] Batch [140]	Speed: 25.21 samples/sec	Train-accuracy=0.987500
2017-05-26 09:56:48,607 Epoch[13] Batch [150]	Speed: 33.86 samples/sec	Train-accuracy=0.983333
2017-05-26 09:57:02,059 Epoch[13] Batch [160]	Speed: 35.68 samples/sec	Train-accuracy=0.977083
2017-05-26 09:57:04,736 Epoch[13] Train-accuracy=0.958333
2017-05-26 09:57:04,736 Epoch[13] Time cost=275.990
2017-05-26 09:57:37,658 Saved checkpoint to "./resneXt-101/resnext-101-0014.params"
2017-05-26 09:57:41,959 Epoch[13] Validation-accuracy=0.724537
2017-05-26 09:57:55,935 Epoch[14] Batch [10]	Speed: 35.66 samples/sec	Train-accuracy=0.979167
2017-05-26 09:58:09,374 Epoch[14] Batch [20]	Speed: 35.72 samples/sec	Train-accuracy=0.987500
2017-05-26 09:58:26,558 Epoch[14] Batch [30]	Speed: 27.93 samples/sec	Train-accuracy=0.975000
2017-05-26 09:58:50,675 Epoch[14] Batch [40]	Speed: 19.90 samples/sec	Train-accuracy=0.970833
2017-05-26 09:59:04,106 Epoch[14] Batch [50]	Speed: 35.74 samples/sec	Train-accuracy=0.975000
2017-05-26 09:59:17,559 Epoch[14] Batch [60]	Speed: 35.68 samples/sec	Train-accuracy=0.983333
2017-05-26 09:59:30,980 Epoch[14] Batch [70]	Speed: 35.77 samples/sec	Train-accuracy=0.977083
2017-05-26 09:59:49,799 Epoch[14] Batch [80]	Speed: 25.51 samples/sec	Train-accuracy=0.991667
2017-05-26 10:00:08,705 Epoch[14] Batch [90]	Speed: 25.39 samples/sec	Train-accuracy=0.983333
2017-05-26 10:00:22,122 Epoch[14] Batch [100]	Speed: 35.78 samples/sec	Train-accuracy=0.981250
2017-05-26 10:00:35,548 Epoch[14] Batch [110]	Speed: 35.75 samples/sec	Train-accuracy=0.983333
2017-05-26 10:00:52,240 Epoch[14] Batch [120]	Speed: 28.76 samples/sec	Train-accuracy=0.972917
2017-05-26 10:01:13,289 Epoch[14] Batch [130]	Speed: 22.81 samples/sec	Train-accuracy=0.962500
2017-05-26 10:01:26,726 Epoch[14] Batch [140]	Speed: 35.72 samples/sec	Train-accuracy=0.970833
2017-05-26 10:01:40,171 Epoch[14] Batch [150]	Speed: 35.70 samples/sec	Train-accuracy=0.983333
2017-05-26 10:01:53,621 Epoch[14] Batch [160]	Speed: 35.69 samples/sec	Train-accuracy=0.981250
2017-05-26 10:01:56,509 Epoch[14] Train-accuracy=1.000000
2017-05-26 10:01:56,509 Epoch[14] Time cost=254.550
2017-05-26 10:02:21,390 Saved checkpoint to "./resneXt-101/resnext-101-0015.params"
2017-05-26 10:02:25,254 Epoch[14] Validation-accuracy=0.716146
2017-05-26 10:02:39,237 Epoch[15] Batch [10]	Speed: 35.63 samples/sec	Train-accuracy=0.982955
2017-05-26 10:02:52,662 Epoch[15] Batch [20]	Speed: 35.76 samples/sec	Train-accuracy=0.964583
2017-05-26 10:03:09,417 Epoch[15] Batch [30]	Speed: 28.65 samples/sec	Train-accuracy=0.983333
2017-05-26 10:03:30,331 Epoch[15] Batch [40]	Speed: 22.95 samples/sec	Train-accuracy=0.987500
2017-05-26 10:03:45,656 Epoch[15] Batch [50]	Speed: 31.32 samples/sec	Train-accuracy=0.989583
2017-05-26 10:03:59,089 Epoch[15] Batch [60]	Speed: 35.73 samples/sec	Train-accuracy=0.966667
2017-05-26 10:04:12,537 Epoch[15] Batch [70]	Speed: 35.70 samples/sec	Train-accuracy=0.972917
2017-05-26 10:04:32,617 Epoch[15] Batch [80]	Speed: 23.91 samples/sec	Train-accuracy=0.979167
2017-05-26 10:04:49,790 Epoch[15] Batch [90]	Speed: 27.95 samples/sec	Train-accuracy=0.985417
2017-05-26 10:05:03,213 Epoch[15] Batch [100]	Speed: 35.76 samples/sec	Train-accuracy=0.975000
2017-05-26 10:05:16,632 Epoch[15] Batch [110]	Speed: 35.77 samples/sec	Train-accuracy=0.983333
2017-05-26 10:05:32,194 Epoch[15] Batch [120]	Speed: 30.85 samples/sec	Train-accuracy=0.987500
2017-05-26 10:05:53,700 Epoch[15] Batch [130]	Speed: 22.32 samples/sec	Train-accuracy=0.989583
2017-05-26 10:06:07,257 Epoch[15] Batch [140]	Speed: 35.41 samples/sec	Train-accuracy=0.987500
2017-05-26 10:06:20,693 Epoch[15] Batch [150]	Speed: 35.73 samples/sec	Train-accuracy=0.985417
2017-05-26 10:06:34,140 Epoch[15] Batch [160]	Speed: 35.70 samples/sec	Train-accuracy=0.993750
2017-05-26 10:06:37,247 Epoch[15] Train-accuracy=0.979167
2017-05-26 10:06:37,248 Epoch[15] Time cost=251.994
2017-05-26 10:06:58,282 Saved checkpoint to "./resneXt-101/resnext-101-0016.params"
2017-05-26 10:07:03,642 Epoch[15] Validation-accuracy=0.729167
2017-05-26 10:07:19,407 Epoch[16] Batch [10]	Speed: 32.05 samples/sec	Train-accuracy=1.000000
2017-05-26 10:07:34,910 Epoch[16] Batch [20]	Speed: 30.96 samples/sec	Train-accuracy=0.979167
2017-05-26 10:07:49,684 Epoch[16] Batch [30]	Speed: 32.49 samples/sec	Train-accuracy=0.972917
2017-05-26 10:08:04,060 Epoch[16] Batch [40]	Speed: 33.39 samples/sec	Train-accuracy=0.972917
2017-05-26 10:08:19,571 Epoch[16] Batch [50]	Speed: 30.95 samples/sec	Train-accuracy=0.993750
2017-05-26 10:08:35,187 Epoch[16] Batch [60]	Speed: 30.74 samples/sec	Train-accuracy=0.975000
2017-05-26 10:08:52,232 Epoch[16] Batch [70]	Speed: 28.16 samples/sec	Train-accuracy=0.987500
2017-05-26 10:09:09,087 Epoch[16] Batch [80]	Speed: 28.48 samples/sec	Train-accuracy=0.989583
2017-05-26 10:09:26,032 Epoch[16] Batch [90]	Speed: 28.33 samples/sec	Train-accuracy=0.983333
2017-05-26 10:09:41,297 Epoch[16] Batch [100]	Speed: 31.44 samples/sec	Train-accuracy=0.985417
2017-05-26 10:09:57,831 Epoch[16] Batch [110]	Speed: 29.03 samples/sec	Train-accuracy=0.977083
2017-05-26 10:10:14,464 Epoch[16] Batch [120]	Speed: 28.86 samples/sec	Train-accuracy=0.975000
2017-05-26 10:10:30,735 Epoch[16] Batch [130]	Speed: 29.50 samples/sec	Train-accuracy=0.970833
2017-05-26 10:10:45,172 Epoch[16] Batch [140]	Speed: 33.25 samples/sec	Train-accuracy=0.981250
2017-05-26 10:10:58,889 Epoch[16] Batch [150]	Speed: 34.99 samples/sec	Train-accuracy=0.993750
2017-05-26 10:11:13,369 Epoch[16] Batch [160]	Speed: 33.15 samples/sec	Train-accuracy=0.981250
2017-05-26 10:11:15,010 Epoch[16] Train-accuracy=0.979167
2017-05-26 10:11:15,010 Epoch[16] Time cost=251.368
2017-05-26 10:11:17,761 Saved checkpoint to "./resneXt-101/resnext-101-0017.params"
2017-05-26 10:11:22,106 Epoch[16] Validation-accuracy=0.726852
2017-05-26 10:11:36,072 Epoch[17] Batch [10]	Speed: 35.64 samples/sec	Train-accuracy=0.984848
2017-05-26 10:11:49,574 Epoch[17] Batch [20]	Speed: 35.55 samples/sec	Train-accuracy=0.989583
2017-05-26 10:12:03,017 Epoch[17] Batch [30]	Speed: 35.71 samples/sec	Train-accuracy=0.991667
2017-05-26 10:12:16,459 Epoch[17] Batch [40]	Speed: 35.71 samples/sec	Train-accuracy=0.993750
2017-05-26 10:12:30,946 Epoch[17] Batch [50]	Speed: 33.14 samples/sec	Train-accuracy=0.989583
2017-05-26 10:12:47,676 Epoch[17] Batch [60]	Speed: 28.69 samples/sec	Train-accuracy=0.985417
2017-05-26 10:13:02,660 Epoch[17] Batch [70]	Speed: 32.03 samples/sec	Train-accuracy=0.993750
2017-05-26 10:13:16,130 Epoch[17] Batch [80]	Speed: 35.64 samples/sec	Train-accuracy=0.983333
2017-05-26 10:13:29,561 Epoch[17] Batch [90]	Speed: 35.74 samples/sec	Train-accuracy=0.983333
2017-05-26 10:13:44,895 Epoch[17] Batch [100]	Speed: 31.30 samples/sec	Train-accuracy=0.987500
2017-05-26 10:14:01,093 Epoch[17] Batch [110]	Speed: 29.63 samples/sec	Train-accuracy=0.989583
2017-05-26 10:14:15,559 Epoch[17] Batch [120]	Speed: 33.18 samples/sec	Train-accuracy=0.985417
2017-05-26 10:14:29,000 Epoch[17] Batch [130]	Speed: 35.71 samples/sec	Train-accuracy=0.993750
2017-05-26 10:14:42,451 Epoch[17] Batch [140]	Speed: 35.69 samples/sec	Train-accuracy=0.991667
2017-05-26 10:14:58,154 Epoch[17] Batch [150]	Speed: 30.57 samples/sec	Train-accuracy=0.991667
2017-05-26 10:15:14,119 Epoch[17] Batch [160]	Speed: 30.07 samples/sec	Train-accuracy=0.970833
2017-05-26 10:15:17,870 Epoch[17] Train-accuracy=0.979167
2017-05-26 10:15:17,870 Epoch[17] Time cost=235.764
2017-05-26 10:15:18,877 Saved checkpoint to "./resneXt-101/resnext-101-0018.params"
2017-05-26 10:15:22,744 Epoch[17] Validation-accuracy=0.729167
2017-05-26 10:15:36,667 Epoch[18] Batch [10]	Speed: 35.73 samples/sec	Train-accuracy=0.990530
2017-05-26 10:15:51,287 Epoch[18] Batch [20]	Speed: 32.83 samples/sec	Train-accuracy=0.987500
2017-05-26 10:16:06,237 Epoch[18] Batch [30]	Speed: 32.11 samples/sec	Train-accuracy=0.977083
2017-05-26 10:16:21,709 Epoch[18] Batch [40]	Speed: 31.02 samples/sec	Train-accuracy=0.993750
2017-05-26 10:16:36,094 Epoch[18] Batch [50]	Speed: 33.37 samples/sec	Train-accuracy=0.981250
2017-05-26 10:16:49,552 Epoch[18] Batch [60]	Speed: 35.67 samples/sec	Train-accuracy=0.987500
2017-05-26 10:17:02,992 Epoch[18] Batch [70]	Speed: 35.72 samples/sec	Train-accuracy=0.979167
2017-05-26 10:17:17,175 Epoch[18] Batch [80]	Speed: 33.84 samples/sec	Train-accuracy=0.989583
2017-05-26 10:17:32,679 Epoch[18] Batch [90]	Speed: 30.96 samples/sec	Train-accuracy=0.970833
2017-05-26 10:17:46,596 Epoch[18] Batch [100]	Speed: 34.49 samples/sec	Train-accuracy=0.983333
2017-05-26 10:18:00,069 Epoch[18] Batch [110]	Speed: 35.63 samples/sec	Train-accuracy=0.983333
2017-05-26 10:18:13,512 Epoch[18] Batch [120]	Speed: 35.71 samples/sec	Train-accuracy=0.987500
2017-05-26 10:18:28,014 Epoch[18] Batch [130]	Speed: 33.10 samples/sec	Train-accuracy=0.991667
2017-05-26 10:18:43,445 Epoch[18] Batch [140]	Speed: 31.11 samples/sec	Train-accuracy=0.977083
2017-05-26 10:18:57,424 Epoch[18] Batch [150]	Speed: 34.34 samples/sec	Train-accuracy=0.983333
2017-05-26 10:19:10,874 Epoch[18] Batch [160]	Speed: 35.69 samples/sec	Train-accuracy=0.995833
2017-05-26 10:19:12,209 Epoch[18] Train-accuracy=0.958333
2017-05-26 10:19:12,210 Epoch[18] Time cost=229.466
2017-05-26 10:19:13,232 Saved checkpoint to "./resneXt-101/resnext-101-0019.params"
2017-05-26 10:19:17,647 Epoch[18] Validation-accuracy=0.731481
2017-05-26 10:19:32,360 Epoch[19] Batch [10]	Speed: 33.91 samples/sec	Train-accuracy=0.984848
2017-05-26 10:19:47,612 Epoch[19] Batch [20]	Speed: 31.47 samples/sec	Train-accuracy=0.981250
2017-05-26 10:20:02,095 Epoch[19] Batch [30]	Speed: 33.14 samples/sec	Train-accuracy=0.989583
2017-05-26 10:20:15,542 Epoch[19] Batch [40]	Speed: 35.70 samples/sec	Train-accuracy=0.985417
2017-05-26 10:20:28,984 Epoch[19] Batch [50]	Speed: 35.71 samples/sec	Train-accuracy=0.987500
2017-05-26 10:20:42,808 Epoch[19] Batch [60]	Speed: 34.72 samples/sec	Train-accuracy=0.989583
2017-05-26 10:20:57,557 Epoch[19] Batch [70]	Speed: 32.55 samples/sec	Train-accuracy=0.987500
2017-05-26 10:21:12,404 Epoch[19] Batch [80]	Speed: 32.33 samples/sec	Train-accuracy=0.991667
2017-05-26 10:21:25,836 Epoch[19] Batch [90]	Speed: 35.74 samples/sec	Train-accuracy=0.993750
2017-05-26 10:21:39,258 Epoch[19] Batch [100]	Speed: 35.76 samples/sec	Train-accuracy=0.989583
2017-05-26 10:21:52,837 Epoch[19] Batch [110]	Speed: 35.35 samples/sec	Train-accuracy=0.979167
2017-05-26 10:22:07,765 Epoch[19] Batch [120]	Speed: 32.15 samples/sec	Train-accuracy=0.991667
2017-05-26 10:22:22,440 Epoch[19] Batch [130]	Speed: 32.71 samples/sec	Train-accuracy=0.991667
2017-05-26 10:22:35,891 Epoch[19] Batch [140]	Speed: 35.68 samples/sec	Train-accuracy=0.987500
2017-05-26 10:22:49,296 Epoch[19] Batch [150]	Speed: 35.81 samples/sec	Train-accuracy=0.989583
2017-05-26 10:23:03,053 Epoch[19] Batch [160]	Speed: 34.89 samples/sec	Train-accuracy=0.977083
2017-05-26 10:23:05,968 Epoch[19] Train-accuracy=0.989583
2017-05-26 10:23:05,968 Epoch[19] Time cost=228.321
2017-05-26 10:23:15,326 Saved checkpoint to "./resneXt-101/resnext-101-0020.params"
2017-05-26 10:23:19,208 Epoch[19] Validation-accuracy=0.726562
2017-05-26 10:23:34,295 Epoch[20] Batch [10]	Speed: 33.03 samples/sec	Train-accuracy=0.990530
2017-05-26 10:23:47,730 Epoch[20] Batch [20]	Speed: 35.73 samples/sec	Train-accuracy=0.985417
2017-05-26 10:24:01,181 Epoch[20] Batch [30]	Speed: 35.68 samples/sec	Train-accuracy=0.995833
2017-05-26 10:24:15,422 Epoch[20] Batch [40]	Speed: 33.71 samples/sec	Train-accuracy=0.977083
2017-05-26 10:24:30,383 Epoch[20] Batch [50]	Speed: 32.08 samples/sec	Train-accuracy=0.979167
2017-05-26 10:24:44,758 Epoch[20] Batch [60]	Speed: 33.39 samples/sec	Train-accuracy=0.993750
2017-05-26 10:24:58,223 Epoch[20] Batch [70]	Speed: 35.65 samples/sec	Train-accuracy=0.989583
2017-05-26 10:25:11,652 Epoch[20] Batch [80]	Speed: 35.74 samples/sec	Train-accuracy=0.987500
2017-05-26 10:25:25,652 Epoch[20] Batch [90]	Speed: 34.29 samples/sec	Train-accuracy=0.993750
2017-05-26 10:25:40,397 Epoch[20] Batch [100]	Speed: 32.56 samples/sec	Train-accuracy=0.987500
2017-05-26 10:25:54,876 Epoch[20] Batch [110]	Speed: 33.15 samples/sec	Train-accuracy=0.983333
2017-05-26 10:26:08,333 Epoch[20] Batch [120]	Speed: 35.67 samples/sec	Train-accuracy=0.993750
2017-05-26 10:26:21,766 Epoch[20] Batch [130]	Speed: 35.73 samples/sec	Train-accuracy=0.985417
2017-05-26 10:26:35,759 Epoch[20] Batch [140]	Speed: 34.30 samples/sec	Train-accuracy=0.993750
2017-05-26 10:26:50,881 Epoch[20] Batch [150]	Speed: 31.74 samples/sec	Train-accuracy=0.987500
2017-05-26 10:27:05,301 Epoch[20] Batch [160]	Speed: 33.29 samples/sec	Train-accuracy=0.987500
2017-05-26 10:27:06,646 Epoch[20] Train-accuracy=1.000000
2017-05-26 10:27:06,647 Epoch[20] Time cost=227.438
2017-05-26 10:27:07,668 Saved checkpoint to "./resneXt-101/resnext-101-0021.params"
2017-05-26 10:27:12,021 Epoch[20] Validation-accuracy=0.743056
2017-05-26 10:27:26,393 Epoch[21] Batch [10]	Speed: 34.57 samples/sec	Train-accuracy=0.971591
2017-05-26 10:27:41,336 Epoch[21] Batch [20]	Speed: 32.12 samples/sec	Train-accuracy=0.977083
2017-05-26 10:27:56,011 Epoch[21] Batch [30]	Speed: 32.71 samples/sec	Train-accuracy=0.991667
2017-05-26 10:28:10,585 Epoch[21] Batch [40]	Speed: 32.94 samples/sec	Train-accuracy=0.983333
2017-05-26 10:28:24,040 Epoch[21] Batch [50]	Speed: 35.68 samples/sec	Train-accuracy=0.993750
2017-05-26 10:28:37,469 Epoch[21] Batch [60]	Speed: 35.74 samples/sec	Train-accuracy=0.977083
2017-05-26 10:28:51,078 Epoch[21] Batch [70]	Speed: 35.27 samples/sec	Train-accuracy=0.985417
2017-05-26 10:29:05,685 Epoch[21] Batch [80]	Speed: 32.86 samples/sec	Train-accuracy=0.995833
2017-05-26 10:29:20,692 Epoch[21] Batch [90]	Speed: 31.99 samples/sec	Train-accuracy=0.981250
2017-05-26 10:29:34,101 Epoch[21] Batch [100]	Speed: 35.80 samples/sec	Train-accuracy=0.991667
2017-05-26 10:29:47,573 Epoch[21] Batch [110]	Speed: 35.63 samples/sec	Train-accuracy=0.975000
2017-05-26 10:30:01,208 Epoch[21] Batch [120]	Speed: 35.21 samples/sec	Train-accuracy=0.989583
2017-05-26 10:30:16,240 Epoch[21] Batch [130]	Speed: 31.93 samples/sec	Train-accuracy=0.991667
2017-05-26 10:30:30,790 Epoch[21] Batch [140]	Speed: 32.99 samples/sec	Train-accuracy=0.995833
2017-05-26 10:30:44,238 Epoch[21] Batch [150]	Speed: 35.69 samples/sec	Train-accuracy=0.991667
2017-05-26 10:30:57,670 Epoch[21] Batch [160]	Speed: 35.74 samples/sec	Train-accuracy=0.991667
2017-05-26 10:31:00,370 Epoch[21] Train-accuracy=1.000000
2017-05-26 10:31:00,370 Epoch[21] Time cost=228.349
2017-05-26 10:31:04,622 Saved checkpoint to "./resneXt-101/resnext-101-0022.params"
2017-05-26 10:31:08,499 Epoch[21] Validation-accuracy=0.739583
2017-05-26 10:31:22,559 Epoch[22] Batch [10]	Speed: 35.42 samples/sec	Train-accuracy=0.988636
2017-05-26 10:31:36,103 Epoch[22] Batch [20]	Speed: 35.44 samples/sec	Train-accuracy=0.991667
2017-05-26 10:31:49,624 Epoch[22] Batch [30]	Speed: 35.50 samples/sec	Train-accuracy=0.975000
2017-05-26 10:32:03,125 Epoch[22] Batch [40]	Speed: 35.55 samples/sec	Train-accuracy=0.985417
2017-05-26 10:32:16,596 Epoch[22] Batch [50]	Speed: 35.63 samples/sec	Train-accuracy=0.987500
2017-05-26 10:32:30,085 Epoch[22] Batch [60]	Speed: 35.59 samples/sec	Train-accuracy=0.985417
2017-05-26 10:32:43,514 Epoch[22] Batch [70]	Speed: 35.74 samples/sec	Train-accuracy=0.985417
2017-05-26 10:32:56,983 Epoch[22] Batch [80]	Speed: 35.64 samples/sec	Train-accuracy=0.993750
2017-05-26 10:33:10,449 Epoch[22] Batch [90]	Speed: 35.65 samples/sec	Train-accuracy=0.989583
2017-05-26 10:33:23,958 Epoch[22] Batch [100]	Speed: 35.53 samples/sec	Train-accuracy=0.991667
2017-05-26 10:33:37,430 Epoch[22] Batch [110]	Speed: 35.63 samples/sec	Train-accuracy=0.997917
2017-05-26 10:33:50,940 Epoch[22] Batch [120]	Speed: 35.53 samples/sec	Train-accuracy=0.991667
2017-05-26 10:34:04,418 Epoch[22] Batch [130]	Speed: 35.61 samples/sec	Train-accuracy=0.985417
2017-05-26 10:34:17,834 Epoch[22] Batch [140]	Speed: 35.78 samples/sec	Train-accuracy=0.987500
2017-05-26 10:34:31,305 Epoch[22] Batch [150]	Speed: 35.63 samples/sec	Train-accuracy=0.993750
2017-05-26 10:34:44,782 Epoch[22] Batch [160]	Speed: 35.62 samples/sec	Train-accuracy=0.987500
2017-05-26 10:34:46,129 Epoch[22] Train-accuracy=1.000000
2017-05-26 10:34:46,130 Epoch[22] Time cost=217.630
2017-05-26 10:34:48,188 Saved checkpoint to "./resneXt-101/resnext-101-0023.params"
2017-05-26 10:34:52,546 Epoch[22] Validation-accuracy=0.729167
2017-05-26 10:35:06,540 Epoch[23] Batch [10]	Speed: 35.65 samples/sec	Train-accuracy=0.990530
2017-05-26 10:35:19,993 Epoch[23] Batch [20]	Speed: 35.68 samples/sec	Train-accuracy=0.985417
2017-05-26 10:35:33,431 Epoch[23] Batch [30]	Speed: 35.72 samples/sec	Train-accuracy=0.993750
2017-05-26 10:35:46,885 Epoch[23] Batch [40]	Speed: 35.68 samples/sec	Train-accuracy=0.987500
2017-05-26 10:36:01,584 Epoch[23] Batch [50]	Speed: 32.66 samples/sec	Train-accuracy=0.991667
2017-05-26 10:36:16,660 Epoch[23] Batch [60]	Speed: 31.84 samples/sec	Train-accuracy=0.987500
2017-05-26 10:36:30,400 Epoch[23] Batch [70]	Speed: 34.93 samples/sec	Train-accuracy=0.987500
2017-05-26 10:36:43,852 Epoch[23] Batch [80]	Speed: 35.68 samples/sec	Train-accuracy=0.975000
2017-05-26 10:36:57,288 Epoch[23] Batch [90]	Speed: 35.72 samples/sec	Train-accuracy=0.993750
2017-05-26 10:37:11,990 Epoch[23] Batch [100]	Speed: 32.65 samples/sec	Train-accuracy=0.989583
2017-05-26 10:37:27,295 Epoch[23] Batch [110]	Speed: 31.36 samples/sec	Train-accuracy=0.983333
2017-05-26 10:37:41,008 Epoch[23] Batch [120]	Speed: 35.00 samples/sec	Train-accuracy=0.981250
2017-05-26 10:37:54,433 Epoch[23] Batch [130]	Speed: 35.76 samples/sec	Train-accuracy=0.987500
2017-05-26 10:38:07,883 Epoch[23] Batch [140]	Speed: 35.69 samples/sec	Train-accuracy=0.991667
2017-05-26 10:38:22,803 Epoch[23] Batch [150]	Speed: 32.17 samples/sec	Train-accuracy=0.991667
2017-05-26 10:38:38,072 Epoch[23] Batch [160]	Speed: 31.44 samples/sec	Train-accuracy=0.991667
2017-05-26 10:38:41,037 Epoch[23] Train-accuracy=0.989583
2017-05-26 10:38:41,037 Epoch[23] Time cost=228.491
2017-05-26 10:38:42,076 Saved checkpoint to "./resneXt-101/resnext-101-0024.params"
2017-05-26 10:38:46,440 Epoch[23] Validation-accuracy=0.743056
2017-05-26 10:39:00,402 Epoch[24] Batch [10]	Speed: 35.68 samples/sec	Train-accuracy=0.994318
2017-05-26 10:39:14,474 Epoch[24] Batch [20]	Speed: 34.11 samples/sec	Train-accuracy=0.977083
2017-05-26 10:39:29,349 Epoch[24] Batch [30]	Speed: 32.27 samples/sec	Train-accuracy=0.995833
2017-05-26 10:39:44,226 Epoch[24] Batch [40]	Speed: 32.27 samples/sec	Train-accuracy=0.997917
2017-05-26 10:39:59,374 Epoch[24] Batch [50]	Speed: 31.69 samples/sec	Train-accuracy=0.985417
2017-05-26 10:40:12,774 Epoch[24] Batch [60]	Speed: 35.82 samples/sec	Train-accuracy=0.983333
2017-05-26 10:40:26,259 Epoch[24] Batch [70]	Speed: 35.60 samples/sec	Train-accuracy=0.995833
2017-05-26 10:40:39,702 Epoch[24] Batch [80]	Speed: 35.71 samples/sec	Train-accuracy=0.991667
2017-05-26 10:40:54,496 Epoch[24] Batch [90]	Speed: 32.45 samples/sec	Train-accuracy=1.000000
2017-05-26 10:41:08,895 Epoch[24] Batch [100]	Speed: 33.34 samples/sec	Train-accuracy=0.989583
2017-05-26 10:41:22,332 Epoch[24] Batch [110]	Speed: 35.73 samples/sec	Train-accuracy=0.991667
2017-05-26 10:41:35,765 Epoch[24] Batch [120]	Speed: 35.73 samples/sec	Train-accuracy=0.991667
2017-05-26 10:41:49,188 Epoch[24] Batch [130]	Speed: 35.76 samples/sec	Train-accuracy=0.983333
2017-05-26 10:42:04,025 Epoch[24] Batch [140]	Speed: 32.35 samples/sec	Train-accuracy=0.991667
2017-05-26 10:42:19,146 Epoch[24] Batch [150]	Speed: 31.74 samples/sec	Train-accuracy=0.997917
2017-05-26 10:42:32,582 Epoch[24] Batch [160]	Speed: 35.73 samples/sec	Train-accuracy=0.987500
2017-05-26 10:42:35,270 Epoch[24] Train-accuracy=0.989583
2017-05-26 10:42:35,270 Epoch[24] Time cost=228.830
2017-05-26 10:42:36,303 Saved checkpoint to "./resneXt-101/resnext-101-0025.params"
2017-05-26 10:42:40,206 Epoch[24] Validation-accuracy=0.747396
2017-05-26 10:42:55,816 Epoch[25] Batch [10]	Speed: 31.83 samples/sec	Train-accuracy=0.994318
2017-05-26 10:43:10,197 Epoch[25] Batch [20]	Speed: 33.38 samples/sec	Train-accuracy=0.997917
2017-05-26 10:43:25,386 Epoch[25] Batch [30]	Speed: 31.60 samples/sec	Train-accuracy=0.991667
2017-05-26 10:43:39,567 Epoch[25] Batch [40]	Speed: 33.85 samples/sec	Train-accuracy=0.995833
2017-05-26 10:43:52,991 Epoch[25] Batch [50]	Speed: 35.76 samples/sec	Train-accuracy=0.975000
2017-05-26 10:44:06,460 Epoch[25] Batch [60]	Speed: 35.64 samples/sec	Train-accuracy=0.995833
2017-05-26 10:44:20,688 Epoch[25] Batch [70]	Speed: 33.74 samples/sec	Train-accuracy=0.991667
2017-05-26 10:44:35,881 Epoch[25] Batch [80]	Speed: 31.60 samples/sec	Train-accuracy=0.987500
2017-05-26 10:44:49,953 Epoch[25] Batch [90]	Speed: 34.11 samples/sec	Train-accuracy=0.995833
2017-05-26 10:45:03,411 Epoch[25] Batch [100]	Speed: 35.67 samples/sec	Train-accuracy=0.993750
2017-05-26 10:45:16,866 Epoch[25] Batch [110]	Speed: 35.68 samples/sec	Train-accuracy=0.983333
2017-05-26 10:45:31,307 Epoch[25] Batch [120]	Speed: 33.24 samples/sec	Train-accuracy=0.989583
2017-05-26 10:45:46,427 Epoch[25] Batch [130]	Speed: 31.75 samples/sec	Train-accuracy=0.997917
2017-05-26 10:46:00,302 Epoch[25] Batch [140]	Speed: 34.59 samples/sec	Train-accuracy=0.995833
2017-05-26 10:46:13,793 Epoch[25] Batch [150]	Speed: 35.58 samples/sec	Train-accuracy=0.991667
2017-05-26 10:46:27,221 Epoch[25] Batch [160]	Speed: 35.75 samples/sec	Train-accuracy=0.993750
2017-05-26 10:46:28,563 Epoch[25] Train-accuracy=1.000000
2017-05-26 10:46:28,563 Epoch[25] Time cost=228.357
2017-05-26 10:46:37,932 Saved checkpoint to "./resneXt-101/resnext-101-0026.params"
2017-05-26 10:46:42,283 Epoch[25] Validation-accuracy=0.729167
2017-05-26 10:46:58,192 Epoch[26] Batch [10]	Speed: 31.14 samples/sec	Train-accuracy=0.986742
2017-05-26 10:47:11,871 Epoch[26] Batch [20]	Speed: 35.09 samples/sec	Train-accuracy=0.987500
2017-05-26 10:47:25,305 Epoch[26] Batch [30]	Speed: 35.73 samples/sec	Train-accuracy=0.991667
2017-05-26 10:47:38,770 Epoch[26] Batch [40]	Speed: 35.65 samples/sec	Train-accuracy=0.991667
2017-05-26 10:47:53,749 Epoch[26] Batch [50]	Speed: 32.05 samples/sec	Train-accuracy=0.991667
2017-05-26 10:48:09,023 Epoch[26] Batch [60]	Speed: 31.43 samples/sec	Train-accuracy=1.000000
2017-05-26 10:48:22,805 Epoch[26] Batch [70]	Speed: 34.83 samples/sec	Train-accuracy=0.991667
2017-05-26 10:48:36,239 Epoch[26] Batch [80]	Speed: 35.73 samples/sec	Train-accuracy=0.983333
2017-05-26 10:48:49,679 Epoch[26] Batch [90]	Speed: 35.71 samples/sec	Train-accuracy=0.995833
2017-05-26 10:49:04,522 Epoch[26] Batch [100]	Speed: 32.34 samples/sec	Train-accuracy=1.000000
2017-05-26 10:49:19,920 Epoch[26] Batch [110]	Speed: 31.17 samples/sec	Train-accuracy=0.997917
2017-05-26 10:49:33,407 Epoch[26] Batch [120]	Speed: 35.59 samples/sec	Train-accuracy=0.993750
2017-05-26 10:49:46,847 Epoch[26] Batch [130]	Speed: 35.72 samples/sec	Train-accuracy=0.995833
2017-05-26 10:50:00,309 Epoch[26] Batch [140]	Speed: 35.66 samples/sec	Train-accuracy=0.995833
2017-05-26 10:50:15,102 Epoch[26] Batch [150]	Speed: 32.45 samples/sec	Train-accuracy=0.995833
2017-05-26 10:50:30,391 Epoch[26] Batch [160]	Speed: 31.40 samples/sec	Train-accuracy=0.989583
2017-05-26 10:50:33,078 Epoch[26] Train-accuracy=1.000000
2017-05-26 10:50:33,078 Epoch[26] Time cost=230.795
2017-05-26 10:50:34,089 Saved checkpoint to "./resneXt-101/resnext-101-0027.params"
2017-05-26 10:50:37,927 Epoch[26] Validation-accuracy=0.731771
2017-05-26 10:50:51,865 Epoch[27] Batch [10]	Speed: 35.80 samples/sec	Train-accuracy=0.992424
2017-05-26 10:51:06,312 Epoch[27] Batch [20]	Speed: 33.23 samples/sec	Train-accuracy=0.987500
2017-05-26 10:51:21,337 Epoch[27] Batch [30]	Speed: 31.95 samples/sec	Train-accuracy=0.987500
2017-05-26 10:51:36,167 Epoch[27] Batch [40]	Speed: 32.37 samples/sec	Train-accuracy=0.981250
2017-05-26 10:51:49,971 Epoch[27] Batch [50]	Speed: 34.77 samples/sec	Train-accuracy=0.995833
2017-05-26 10:52:03,405 Epoch[27] Batch [60]	Speed: 35.73 samples/sec	Train-accuracy=1.000000
2017-05-26 10:52:16,860 Epoch[27] Batch [70]	Speed: 35.68 samples/sec	Train-accuracy=1.000000
2017-05-26 10:52:31,399 Epoch[27] Batch [80]	Speed: 33.01 samples/sec	Train-accuracy=0.995833
2017-05-26 10:52:46,364 Epoch[27] Batch [90]	Speed: 32.08 samples/sec	Train-accuracy=0.993750
2017-05-26 10:53:00,434 Epoch[27] Batch [100]	Speed: 34.12 samples/sec	Train-accuracy=0.991667
2017-05-26 10:53:13,882 Epoch[27] Batch [110]	Speed: 35.70 samples/sec	Train-accuracy=0.991667
2017-05-26 10:53:27,317 Epoch[27] Batch [120]	Speed: 35.73 samples/sec	Train-accuracy=0.991667
2017-05-26 10:53:41,667 Epoch[27] Batch [130]	Speed: 33.45 samples/sec	Train-accuracy=0.991667
2017-05-26 10:53:56,517 Epoch[27] Batch [140]	Speed: 32.32 samples/sec	Train-accuracy=0.987500
2017-05-26 10:54:10,339 Epoch[27] Batch [150]	Speed: 34.73 samples/sec	Train-accuracy=0.995833
2017-05-26 10:54:23,795 Epoch[27] Batch [160]	Speed: 35.67 samples/sec	Train-accuracy=0.997917
2017-05-26 10:54:25,134 Epoch[27] Train-accuracy=0.937500
2017-05-26 10:54:25,134 Epoch[27] Time cost=227.207
2017-05-26 10:54:28,822 Saved checkpoint to "./resneXt-101/resnext-101-0028.params"
2017-05-26 10:54:33,182 Epoch[27] Validation-accuracy=0.745370
2017-05-26 10:54:48,962 Epoch[28] Batch [10]	Speed: 31.45 samples/sec	Train-accuracy=0.990530
2017-05-26 10:55:03,820 Epoch[28] Batch [20]	Speed: 32.31 samples/sec	Train-accuracy=0.995833
2017-05-26 10:55:18,169 Epoch[28] Batch [30]	Speed: 33.45 samples/sec	Train-accuracy=0.993750
2017-05-26 10:55:31,629 Epoch[28] Batch [40]	Speed: 35.66 samples/sec	Train-accuracy=0.993750
2017-05-26 10:55:45,071 Epoch[28] Batch [50]	Speed: 35.71 samples/sec	Train-accuracy=0.987500
2017-05-26 10:55:59,080 Epoch[28] Batch [60]	Speed: 34.26 samples/sec	Train-accuracy=0.995833
2017-05-26 10:56:14,096 Epoch[28] Batch [70]	Speed: 31.96 samples/sec	Train-accuracy=0.993750
2017-05-26 10:56:28,482 Epoch[28] Batch [80]	Speed: 33.37 samples/sec	Train-accuracy=0.985417
2017-05-26 10:56:41,960 Epoch[28] Batch [90]	Speed: 35.61 samples/sec	Train-accuracy=0.991667
2017-05-26 10:56:55,403 Epoch[28] Batch [100]	Speed: 35.71 samples/sec	Train-accuracy=0.983333
2017-05-26 10:57:09,666 Epoch[28] Batch [110]	Speed: 33.66 samples/sec	Train-accuracy=0.987500
2017-05-26 10:57:24,610 Epoch[28] Batch [120]	Speed: 32.12 samples/sec	Train-accuracy=0.983333
2017-05-26 10:57:38,782 Epoch[28] Batch [130]	Speed: 33.87 samples/sec	Train-accuracy=0.993750
2017-05-26 10:57:52,169 Epoch[28] Batch [140]	Speed: 35.86 samples/sec	Train-accuracy=0.989583
2017-05-26 10:58:05,631 Epoch[28] Batch [150]	Speed: 35.66 samples/sec	Train-accuracy=0.995833
2017-05-26 10:58:19,790 Epoch[28] Batch [160]	Speed: 33.90 samples/sec	Train-accuracy=0.993750
2017-05-26 10:58:22,780 Epoch[28] Train-accuracy=1.000000
2017-05-26 10:58:22,781 Epoch[28] Time cost=229.599
2017-05-26 10:58:31,096 Saved checkpoint to "./resneXt-101/resnext-101-0029.params"
2017-05-26 10:58:34,996 Epoch[28] Validation-accuracy=0.729167
2017-05-26 10:58:49,898 Epoch[29] Batch [10]	Speed: 33.33 samples/sec	Train-accuracy=0.986742
2017-05-26 10:59:03,339 Epoch[29] Batch [20]	Speed: 35.71 samples/sec	Train-accuracy=0.987500
2017-05-26 10:59:16,788 Epoch[29] Batch [30]	Speed: 35.69 samples/sec	Train-accuracy=0.997917
2017-05-26 10:59:31,031 Epoch[29] Batch [40]	Speed: 33.70 samples/sec	Train-accuracy=0.993750
2017-05-26 10:59:46,394 Epoch[29] Batch [50]	Speed: 31.24 samples/sec	Train-accuracy=0.989583
2017-05-26 11:00:00,401 Epoch[29] Batch [60]	Speed: 34.27 samples/sec	Train-accuracy=0.993750
2017-05-26 11:00:13,828 Epoch[29] Batch [70]	Speed: 35.75 samples/sec	Train-accuracy=0.997917
2017-05-26 11:00:27,271 Epoch[29] Batch [80]	Speed: 35.71 samples/sec	Train-accuracy=0.989583
2017-05-26 11:00:41,773 Epoch[29] Batch [90]	Speed: 33.10 samples/sec	Train-accuracy=0.989583
2017-05-26 11:00:56,878 Epoch[29] Batch [100]	Speed: 31.78 samples/sec	Train-accuracy=0.989583
2017-05-26 11:01:11,153 Epoch[29] Batch [110]	Speed: 33.63 samples/sec	Train-accuracy=0.991667
2017-05-26 11:01:24,569 Epoch[29] Batch [120]	Speed: 35.78 samples/sec	Train-accuracy=1.000000
2017-05-26 11:01:37,997 Epoch[29] Batch [130]	Speed: 35.75 samples/sec	Train-accuracy=0.987500
2017-05-26 11:01:52,646 Epoch[29] Batch [140]	Speed: 32.77 samples/sec	Train-accuracy=1.000000
2017-05-26 11:02:07,211 Epoch[29] Batch [150]	Speed: 32.96 samples/sec	Train-accuracy=0.991667
2017-05-26 11:02:20,943 Epoch[29] Batch [160]	Speed: 34.96 samples/sec	Train-accuracy=0.991667
2017-05-26 11:02:22,262 Epoch[29] Train-accuracy=1.000000
2017-05-26 11:02:22,262 Epoch[29] Time cost=227.266
2017-05-26 11:02:23,308 Saved checkpoint to "./resneXt-101/resnext-101-0030.params"
2017-05-26 11:02:27,611 Epoch[29] Validation-accuracy=0.761574
2017-05-26 11:02:42,285 Epoch[30] Batch [10]	Speed: 33.92 samples/sec	Train-accuracy=0.981061
2017-05-26 11:02:57,031 Epoch[30] Batch [20]	Speed: 32.55 samples/sec	Train-accuracy=0.987500
2017-05-26 11:03:12,353 Epoch[30] Batch [30]	Speed: 31.33 samples/sec	Train-accuracy=0.989583
2017-05-26 11:03:26,692 Epoch[30] Batch [40]	Speed: 33.47 samples/sec	Train-accuracy=0.995833
2017-05-26 11:03:40,122 Epoch[30] Batch [50]	Speed: 35.74 samples/sec	Train-accuracy=0.995833
2017-05-26 11:03:53,569 Epoch[30] Batch [60]	Speed: 35.70 samples/sec	Train-accuracy=0.997917
2017-05-26 11:04:07,396 Epoch[30] Batch [70]	Speed: 34.72 samples/sec	Train-accuracy=0.997917
2017-05-26 11:04:22,663 Epoch[30] Batch [80]	Speed: 31.44 samples/sec	Train-accuracy=0.995833
2017-05-26 11:04:36,987 Epoch[30] Batch [90]	Speed: 33.51 samples/sec	Train-accuracy=0.987500
2017-05-26 11:04:50,427 Epoch[30] Batch [100]	Speed: 35.71 samples/sec	Train-accuracy=0.995833
2017-05-26 11:05:03,885 Epoch[30] Batch [110]	Speed: 35.67 samples/sec	Train-accuracy=0.995833
2017-05-26 11:05:17,893 Epoch[30] Batch [120]	Speed: 34.27 samples/sec	Train-accuracy=0.987500
2017-05-26 11:05:33,045 Epoch[30] Batch [130]	Speed: 31.68 samples/sec	Train-accuracy=0.985417
2017-05-26 11:05:47,228 Epoch[30] Batch [140]	Speed: 33.84 samples/sec	Train-accuracy=0.987500
2017-05-26 11:06:00,668 Epoch[30] Batch [150]	Speed: 35.71 samples/sec	Train-accuracy=0.997917
2017-05-26 11:06:14,123 Epoch[30] Batch [160]	Speed: 35.68 samples/sec	Train-accuracy=0.987500
2017-05-26 11:06:16,821 Epoch[30] Train-accuracy=1.000000
2017-05-26 11:06:16,821 Epoch[30] Time cost=229.210
2017-05-26 11:06:25,033 Saved checkpoint to "./resneXt-101/resnext-101-0031.params"
2017-05-26 11:06:28,953 Epoch[30] Validation-accuracy=0.739583
2017-05-26 11:06:44,857 Epoch[31] Batch [10]	Speed: 31.15 samples/sec	Train-accuracy=0.998106
2017-05-26 11:06:59,179 Epoch[31] Batch [20]	Speed: 33.52 samples/sec	Train-accuracy=0.991667
2017-05-26 11:07:12,637 Epoch[31] Batch [30]	Speed: 35.67 samples/sec	Train-accuracy=0.991667
2017-05-26 11:07:26,074 Epoch[31] Batch [40]	Speed: 35.72 samples/sec	Train-accuracy=0.997917
2017-05-26 11:07:40,126 Epoch[31] Batch [50]	Speed: 34.16 samples/sec	Train-accuracy=0.993750
2017-05-26 11:07:55,213 Epoch[31] Batch [60]	Speed: 31.82 samples/sec	Train-accuracy=0.989583
2017-05-26 11:08:09,634 Epoch[31] Batch [70]	Speed: 33.28 samples/sec	Train-accuracy=0.997917
2017-05-26 11:08:23,076 Epoch[31] Batch [80]	Speed: 35.71 samples/sec	Train-accuracy=0.989583
2017-05-26 11:08:36,526 Epoch[31] Batch [90]	Speed: 35.69 samples/sec	Train-accuracy=0.995833
2017-05-26 11:08:50,635 Epoch[31] Batch [100]	Speed: 34.02 samples/sec	Train-accuracy=0.983333
2017-05-26 11:09:05,467 Epoch[31] Batch [110]	Speed: 32.36 samples/sec	Train-accuracy=0.995833
2017-05-26 11:09:19,833 Epoch[31] Batch [120]	Speed: 33.41 samples/sec	Train-accuracy=0.985417
2017-05-26 11:09:33,281 Epoch[31] Batch [130]	Speed: 35.69 samples/sec	Train-accuracy=0.995833
2017-05-26 11:09:46,695 Epoch[31] Batch [140]	Speed: 35.78 samples/sec	Train-accuracy=0.989583
2017-05-26 11:10:00,965 Epoch[31] Batch [150]	Speed: 33.64 samples/sec	Train-accuracy=0.991667
2017-05-26 11:10:16,048 Epoch[31] Batch [160]	Speed: 31.82 samples/sec	Train-accuracy=0.991667
2017-05-26 11:10:17,601 Epoch[31] Train-accuracy=1.000000
2017-05-26 11:10:17,601 Epoch[31] Time cost=228.648
2017-05-26 11:10:31,866 Saved checkpoint to "./resneXt-101/resnext-101-0032.params"
2017-05-26 11:10:36,417 Epoch[31] Validation-accuracy=0.747685
2017-05-26 11:10:50,394 Epoch[32] Batch [10]	Speed: 35.68 samples/sec	Train-accuracy=0.992424
2017-05-26 11:11:03,813 Epoch[32] Batch [20]	Speed: 35.77 samples/sec	Train-accuracy=0.991667
2017-05-26 11:11:17,720 Epoch[32] Batch [30]	Speed: 34.52 samples/sec	Train-accuracy=0.991667
2017-05-26 11:11:32,449 Epoch[32] Batch [40]	Speed: 32.59 samples/sec	Train-accuracy=0.995833
2017-05-26 11:11:45,883 Epoch[32] Batch [50]	Speed: 35.73 samples/sec	Train-accuracy=0.997917
2017-05-26 11:11:59,302 Epoch[32] Batch [60]	Speed: 35.77 samples/sec	Train-accuracy=0.997917
2017-05-26 11:12:12,771 Epoch[32] Batch [70]	Speed: 35.64 samples/sec	Train-accuracy=0.997917
2017-05-26 11:12:27,396 Epoch[32] Batch [80]	Speed: 32.82 samples/sec	Train-accuracy=1.000000
2017-05-26 11:12:42,397 Epoch[32] Batch [90]	Speed: 32.00 samples/sec	Train-accuracy=0.991667
2017-05-26 11:12:55,887 Epoch[32] Batch [100]	Speed: 35.58 samples/sec	Train-accuracy=0.995833
2017-05-26 11:13:09,341 Epoch[32] Batch [110]	Speed: 35.68 samples/sec	Train-accuracy=0.993750
2017-05-26 11:13:22,731 Epoch[32] Batch [120]	Speed: 35.85 samples/sec	Train-accuracy=0.979167
2017-05-26 11:13:37,686 Epoch[32] Batch [130]	Speed: 32.10 samples/sec	Train-accuracy=0.989583
2017-05-26 11:13:52,957 Epoch[32] Batch [140]	Speed: 31.43 samples/sec	Train-accuracy=0.993750
2017-05-26 11:14:06,408 Epoch[32] Batch [150]	Speed: 35.69 samples/sec	Train-accuracy=0.991667
2017-05-26 11:14:19,871 Epoch[32] Batch [160]	Speed: 35.65 samples/sec	Train-accuracy=0.995833
2017-05-26 11:14:22,563 Epoch[32] Train-accuracy=1.000000
2017-05-26 11:14:22,563 Epoch[32] Time cost=226.146
2017-05-26 11:14:29,539 Saved checkpoint to "./resneXt-101/resnext-101-0033.params"
2017-05-26 11:14:33,903 Epoch[32] Validation-accuracy=0.724537
2017-05-26 11:14:49,617 Epoch[33] Batch [10]	Speed: 31.64 samples/sec	Train-accuracy=0.988636
2017-05-26 11:15:04,398 Epoch[33] Batch [20]	Speed: 32.48 samples/sec	Train-accuracy=0.989583
2017-05-26 11:15:17,847 Epoch[33] Batch [30]	Speed: 35.69 samples/sec	Train-accuracy=0.991667
2017-05-26 11:15:31,304 Epoch[33] Batch [40]	Speed: 35.67 samples/sec	Train-accuracy=0.991667
2017-05-26 11:15:44,741 Epoch[33] Batch [50]	Speed: 35.72 samples/sec	Train-accuracy=0.991667
2017-05-26 11:15:59,763 Epoch[33] Batch [60]	Speed: 31.95 samples/sec	Train-accuracy=1.000000
2017-05-26 11:16:14,517 Epoch[33] Batch [70]	Speed: 32.53 samples/sec	Train-accuracy=1.000000
2017-05-26 11:16:27,957 Epoch[33] Batch [80]	Speed: 35.71 samples/sec	Train-accuracy=0.993750
2017-05-26 11:16:41,386 Epoch[33] Batch [90]	Speed: 35.75 samples/sec	Train-accuracy=0.987500
2017-05-26 11:16:54,817 Epoch[33] Batch [100]	Speed: 35.74 samples/sec	Train-accuracy=0.989583
2017-05-26 11:17:09,556 Epoch[33] Batch [110]	Speed: 32.57 samples/sec	Train-accuracy=0.993750
2017-05-26 11:17:23,995 Epoch[33] Batch [120]	Speed: 33.24 samples/sec	Train-accuracy=0.985417
2017-05-26 11:17:37,434 Epoch[33] Batch [130]	Speed: 35.72 samples/sec	Train-accuracy=0.989583
2017-05-26 11:17:50,876 Epoch[33] Batch [140]	Speed: 35.71 samples/sec	Train-accuracy=0.995833
2017-05-26 11:18:04,316 Epoch[33] Batch [150]	Speed: 35.72 samples/sec	Train-accuracy=0.997917
2017-05-26 11:18:19,146 Epoch[33] Batch [160]	Speed: 32.37 samples/sec	Train-accuracy=0.995833
2017-05-26 11:18:20,519 Epoch[33] Train-accuracy=1.000000
2017-05-26 11:18:20,519 Epoch[33] Time cost=226.615
2017-05-26 11:18:27,655 Saved checkpoint to "./resneXt-101/resnext-101-0034.params"
2017-05-26 11:18:31,535 Epoch[33] Validation-accuracy=0.747396
2017-05-26 11:18:45,987 Epoch[34] Batch [10]	Speed: 34.51 samples/sec	Train-accuracy=0.992424
2017-05-26 11:18:59,431 Epoch[34] Batch [20]	Speed: 35.70 samples/sec	Train-accuracy=0.991667
2017-05-26 11:19:12,856 Epoch[34] Batch [30]	Speed: 35.75 samples/sec	Train-accuracy=0.997917
2017-05-26 11:19:27,089 Epoch[34] Batch [40]	Speed: 33.73 samples/sec	Train-accuracy=0.993750
2017-05-26 11:19:42,138 Epoch[34] Batch [50]	Speed: 31.90 samples/sec	Train-accuracy=0.995833
2017-05-26 11:19:55,893 Epoch[34] Batch [60]	Speed: 34.90 samples/sec	Train-accuracy=0.985417
2017-05-26 11:20:09,328 Epoch[34] Batch [70]	Speed: 35.73 samples/sec	Train-accuracy=1.000000
2017-05-26 11:20:22,757 Epoch[34] Batch [80]	Speed: 35.74 samples/sec	Train-accuracy=0.995833
2017-05-26 11:20:37,807 Epoch[34] Batch [90]	Speed: 31.89 samples/sec	Train-accuracy=0.987500
2017-05-26 11:20:53,169 Epoch[34] Batch [100]	Speed: 31.25 samples/sec	Train-accuracy=0.993750
2017-05-26 11:21:06,631 Epoch[34] Batch [110]	Speed: 35.66 samples/sec	Train-accuracy=1.000000
2017-05-26 11:21:20,046 Epoch[34] Batch [120]	Speed: 35.78 samples/sec	Train-accuracy=1.000000
2017-05-26 11:21:33,479 Epoch[34] Batch [130]	Speed: 35.73 samples/sec	Train-accuracy=0.993750
2017-05-26 11:21:48,246 Epoch[34] Batch [140]	Speed: 32.50 samples/sec	Train-accuracy=0.993750
2017-05-26 11:22:03,505 Epoch[34] Batch [150]	Speed: 31.46 samples/sec	Train-accuracy=0.991667
2017-05-26 11:22:16,942 Epoch[34] Batch [160]	Speed: 35.72 samples/sec	Train-accuracy=0.993750
2017-05-26 11:22:19,632 Epoch[34] Train-accuracy=1.000000
2017-05-26 11:22:19,633 Epoch[34] Time cost=228.097
2017-05-26 11:22:20,646 Saved checkpoint to "./resneXt-101/resnext-101-0035.params"
2017-05-26 11:22:24,993 Epoch[34] Validation-accuracy=0.754630
2017-05-26 11:22:40,554 Epoch[35] Batch [10]	Speed: 31.91 samples/sec	Train-accuracy=0.994318
2017-05-26 11:22:55,831 Epoch[35] Batch [20]	Speed: 31.42 samples/sec	Train-accuracy=0.993750
2017-05-26 11:23:10,860 Epoch[35] Batch [30]	Speed: 31.94 samples/sec	Train-accuracy=0.995833
2017-05-26 11:23:24,788 Epoch[35] Batch [40]	Speed: 34.46 samples/sec	Train-accuracy=0.993750
2017-05-26 11:23:38,191 Epoch[35] Batch [50]	Speed: 35.81 samples/sec	Train-accuracy=0.993750
2017-05-26 11:23:51,656 Epoch[35] Batch [60]	Speed: 35.65 samples/sec	Train-accuracy=0.993750
2017-05-26 11:24:06,128 Epoch[35] Batch [70]	Speed: 33.17 samples/sec	Train-accuracy=0.997917
2017-05-26 11:24:21,317 Epoch[35] Batch [80]	Speed: 31.60 samples/sec	Train-accuracy=0.995833
2017-05-26 11:24:35,095 Epoch[35] Batch [90]	Speed: 34.84 samples/sec	Train-accuracy=0.991667
2017-05-26 11:24:48,547 Epoch[35] Batch [100]	Speed: 35.68 samples/sec	Train-accuracy=0.997917
2017-05-26 11:25:02,003 Epoch[35] Batch [110]	Speed: 35.67 samples/sec	Train-accuracy=0.991667
2017-05-26 11:25:16,736 Epoch[35] Batch [120]	Speed: 32.58 samples/sec	Train-accuracy=0.995833
2017-05-26 11:25:31,681 Epoch[35] Batch [130]	Speed: 32.12 samples/sec	Train-accuracy=0.993750
2017-05-26 11:25:45,601 Epoch[35] Batch [140]	Speed: 34.48 samples/sec	Train-accuracy=0.989583
2017-05-26 11:25:59,042 Epoch[35] Batch [150]	Speed: 35.71 samples/sec	Train-accuracy=1.000000
2017-05-26 11:26:12,508 Epoch[35] Batch [160]	Speed: 35.65 samples/sec	Train-accuracy=0.997917
2017-05-26 11:26:13,858 Epoch[35] Train-accuracy=1.000000
2017-05-26 11:26:13,859 Epoch[35] Time cost=228.866
2017-05-26 11:26:22,443 Saved checkpoint to "./resneXt-101/resnext-101-0036.params"
2017-05-26 11:26:26,368 Epoch[35] Validation-accuracy=0.731771
2017-05-26 11:26:42,494 Epoch[36] Batch [10]	Speed: 30.76 samples/sec	Train-accuracy=0.996212
2017-05-26 11:26:56,271 Epoch[36] Batch [20]	Speed: 34.84 samples/sec	Train-accuracy=0.997917
2017-05-26 11:27:09,702 Epoch[36] Batch [30]	Speed: 35.74 samples/sec	Train-accuracy=0.995833
2017-05-26 11:27:23,160 Epoch[36] Batch [40]	Speed: 35.67 samples/sec	Train-accuracy=1.000000
2017-05-26 11:27:38,082 Epoch[36] Batch [50]	Speed: 32.17 samples/sec	Train-accuracy=0.989583
2017-05-26 11:27:53,358 Epoch[36] Batch [60]	Speed: 31.42 samples/sec	Train-accuracy=0.993750
2017-05-26 11:28:07,015 Epoch[36] Batch [70]	Speed: 35.15 samples/sec	Train-accuracy=0.995833
2017-05-26 11:28:20,437 Epoch[36] Batch [80]	Speed: 35.76 samples/sec	Train-accuracy=0.997917
2017-05-26 11:28:33,852 Epoch[36] Batch [90]	Speed: 35.78 samples/sec	Train-accuracy=0.995833
2017-05-26 11:28:48,365 Epoch[36] Batch [100]	Speed: 33.07 samples/sec	Train-accuracy=0.991667
2017-05-26 11:29:03,471 Epoch[36] Batch [110]	Speed: 31.78 samples/sec	Train-accuracy=0.997917
2017-05-26 11:29:17,135 Epoch[36] Batch [120]	Speed: 35.13 samples/sec	Train-accuracy=0.997917
2017-05-26 11:29:30,564 Epoch[36] Batch [130]	Speed: 35.74 samples/sec	Train-accuracy=0.989583
2017-05-26 11:29:44,017 Epoch[36] Batch [140]	Speed: 35.68 samples/sec	Train-accuracy=0.993750
2017-05-26 11:29:58,844 Epoch[36] Batch [150]	Speed: 32.37 samples/sec	Train-accuracy=0.997917
2017-05-26 11:30:14,050 Epoch[36] Batch [160]	Speed: 31.57 samples/sec	Train-accuracy=0.997917
2017-05-26 11:30:16,756 Epoch[36] Train-accuracy=1.000000
2017-05-26 11:30:16,756 Epoch[36] Time cost=230.388
2017-05-26 11:30:17,772 Saved checkpoint to "./resneXt-101/resnext-101-0037.params"
2017-05-26 11:30:22,143 Epoch[36] Validation-accuracy=0.752315
2017-05-26 11:30:37,025 Epoch[37] Batch [10]	Speed: 33.39 samples/sec	Train-accuracy=0.998106
2017-05-26 11:30:51,639 Epoch[37] Batch [20]	Speed: 32.85 samples/sec	Train-accuracy=1.000000
2017-05-26 11:31:06,772 Epoch[37] Batch [30]	Speed: 31.72 samples/sec	Train-accuracy=0.997917
2017-05-26 11:31:21,713 Epoch[37] Batch [40]	Speed: 32.13 samples/sec	Train-accuracy=1.000000
2017-05-26 11:31:35,616 Epoch[37] Batch [50]	Speed: 34.52 samples/sec	Train-accuracy=0.993750
2017-05-26 11:31:49,044 Epoch[37] Batch [60]	Speed: 35.75 samples/sec	Train-accuracy=0.993750
2017-05-26 11:32:02,481 Epoch[37] Batch [70]	Speed: 35.72 samples/sec	Train-accuracy=0.991667
2017-05-26 11:32:17,160 Epoch[37] Batch [80]	Speed: 32.70 samples/sec	Train-accuracy=0.993750
2017-05-26 11:32:32,141 Epoch[37] Batch [90]	Speed: 32.04 samples/sec	Train-accuracy=0.995833
2017-05-26 11:32:45,971 Epoch[37] Batch [100]	Speed: 34.71 samples/sec	Train-accuracy=0.989583
2017-05-26 11:32:59,400 Epoch[37] Batch [110]	Speed: 35.74 samples/sec	Train-accuracy=0.995833
2017-05-26 11:33:12,833 Epoch[37] Batch [120]	Speed: 35.73 samples/sec	Train-accuracy=0.993750
2017-05-26 11:33:27,451 Epoch[37] Batch [130]	Speed: 32.84 samples/sec	Train-accuracy=0.983333
2017-05-26 11:33:42,621 Epoch[37] Batch [140]	Speed: 31.64 samples/sec	Train-accuracy=0.995833
2017-05-26 11:33:56,463 Epoch[37] Batch [150]	Speed: 34.68 samples/sec	Train-accuracy=0.993750
2017-05-26 11:34:09,895 Epoch[37] Batch [160]	Speed: 35.74 samples/sec	Train-accuracy=0.993750
2017-05-26 11:34:11,242 Epoch[37] Train-accuracy=1.000000
2017-05-26 11:34:11,242 Epoch[37] Time cost=229.098
2017-05-26 11:34:16,725 Saved checkpoint to "./resneXt-101/resnext-101-0038.params"
2017-05-26 11:34:20,633 Epoch[37] Validation-accuracy=0.744792
2017-05-26 11:34:36,284 Epoch[38] Batch [10]	Speed: 31.74 samples/sec	Train-accuracy=0.996212
2017-05-26 11:34:51,219 Epoch[38] Batch [20]	Speed: 32.14 samples/sec	Train-accuracy=0.997917
2017-05-26 11:35:04,905 Epoch[38] Batch [30]	Speed: 35.07 samples/sec	Train-accuracy=0.995833
2017-05-26 11:35:18,336 Epoch[38] Batch [40]	Speed: 35.74 samples/sec	Train-accuracy=0.993750
2017-05-26 11:35:31,776 Epoch[38] Batch [50]	Speed: 35.72 samples/sec	Train-accuracy=0.993750
2017-05-26 11:35:46,282 Epoch[38] Batch [60]	Speed: 33.09 samples/sec	Train-accuracy=0.995833
2017-05-26 11:36:01,318 Epoch[38] Batch [70]	Speed: 31.92 samples/sec	Train-accuracy=0.995833
2017-05-26 11:36:15,029 Epoch[38] Batch [80]	Speed: 35.01 samples/sec	Train-accuracy=0.993750
2017-05-26 11:36:28,463 Epoch[38] Batch [90]	Speed: 35.73 samples/sec	Train-accuracy=0.997917
2017-05-26 11:36:41,862 Epoch[38] Batch [100]	Speed: 35.82 samples/sec	Train-accuracy=0.995833
2017-05-26 11:36:56,410 Epoch[38] Batch [110]	Speed: 33.00 samples/sec	Train-accuracy=0.993750
2017-05-26 11:37:11,499 Epoch[38] Batch [120]	Speed: 31.81 samples/sec	Train-accuracy=1.000000
2017-05-26 11:37:25,472 Epoch[38] Batch [130]	Speed: 34.35 samples/sec	Train-accuracy=0.997917
2017-05-26 11:37:38,897 Epoch[38] Batch [140]	Speed: 35.76 samples/sec	Train-accuracy=1.000000
2017-05-26 11:37:52,337 Epoch[38] Batch [150]	Speed: 35.71 samples/sec	Train-accuracy=0.997917
2017-05-26 11:38:06,947 Epoch[38] Batch [160]	Speed: 32.86 samples/sec	Train-accuracy=0.991667
2017-05-26 11:38:09,949 Epoch[38] Train-accuracy=1.000000
2017-05-26 11:38:09,949 Epoch[38] Time cost=229.315
2017-05-26 11:38:21,346 Saved checkpoint to "./resneXt-101/resnext-101-0039.params"
2017-05-26 11:38:25,693 Epoch[38] Validation-accuracy=0.738426
2017-05-26 11:38:39,633 Epoch[39] Batch [10]	Speed: 35.79 samples/sec	Train-accuracy=0.990530
2017-05-26 11:38:53,073 Epoch[39] Batch [20]	Speed: 35.72 samples/sec	Train-accuracy=0.997917
2017-05-26 11:39:06,653 Epoch[39] Batch [30]	Speed: 35.35 samples/sec	Train-accuracy=0.997917
2017-05-26 11:39:21,478 Epoch[39] Batch [40]	Speed: 32.38 samples/sec	Train-accuracy=0.995833
2017-05-26 11:39:36,797 Epoch[39] Batch [50]	Speed: 31.33 samples/sec	Train-accuracy=1.000000
2017-05-26 11:39:50,254 Epoch[39] Batch [60]	Speed: 35.67 samples/sec	Train-accuracy=0.997917
2017-05-26 11:40:03,679 Epoch[39] Batch [70]	Speed: 35.75 samples/sec	Train-accuracy=0.993750
2017-05-26 11:40:17,135 Epoch[39] Batch [80]	Speed: 35.67 samples/sec	Train-accuracy=0.991667
2017-05-26 11:40:32,221 Epoch[39] Batch [90]	Speed: 31.82 samples/sec	Train-accuracy=0.997917
2017-05-26 11:40:46,933 Epoch[39] Batch [100]	Speed: 32.63 samples/sec	Train-accuracy=1.000000
2017-05-26 11:41:00,373 Epoch[39] Batch [110]	Speed: 35.71 samples/sec	Train-accuracy=0.995833
2017-05-26 11:41:13,813 Epoch[39] Batch [120]	Speed: 35.72 samples/sec	Train-accuracy=0.993750
2017-05-26 11:41:27,269 Epoch[39] Batch [130]	Speed: 35.67 samples/sec	Train-accuracy=1.000000
2017-05-26 11:41:42,217 Epoch[39] Batch [140]	Speed: 32.11 samples/sec	Train-accuracy=0.995833
2017-05-26 11:41:57,355 Epoch[39] Batch [150]	Speed: 31.71 samples/sec	Train-accuracy=0.997917
2017-05-26 11:42:10,801 Epoch[39] Batch [160]	Speed: 35.70 samples/sec	Train-accuracy=0.993750
2017-05-26 11:42:12,129 Epoch[39] Train-accuracy=0.979167
2017-05-26 11:42:12,129 Epoch[39] Time cost=226.436
2017-05-26 11:42:13,181 Saved checkpoint to "./resneXt-101/resnext-101-0040.params"
2017-05-26 11:42:17,538 Epoch[39] Validation-accuracy=0.736111
2017-05-26 11:42:33,270 Epoch[40] Batch [10]	Speed: 31.53 samples/sec	Train-accuracy=0.996212
2017-05-26 11:42:48,548 Epoch[40] Batch [20]	Speed: 31.42 samples/sec	Train-accuracy=0.995833
2017-05-26 11:43:03,177 Epoch[40] Batch [30]	Speed: 32.81 samples/sec	Train-accuracy=0.991667
2017-05-26 11:43:16,968 Epoch[40] Batch [40]	Speed: 34.80 samples/sec	Train-accuracy=0.995833
2017-05-26 11:43:30,420 Epoch[40] Batch [50]	Speed: 35.69 samples/sec	Train-accuracy=0.993750
2017-05-26 11:43:43,862 Epoch[40] Batch [60]	Speed: 35.71 samples/sec	Train-accuracy=1.000000
2017-05-26 11:43:58,305 Epoch[40] Batch [70]	Speed: 33.24 samples/sec	Train-accuracy=0.997917
2017-05-26 11:44:13,186 Epoch[40] Batch [80]	Speed: 32.26 samples/sec	Train-accuracy=0.989583
2017-05-26 11:44:27,075 Epoch[40] Batch [90]	Speed: 34.56 samples/sec	Train-accuracy=1.000000
2017-05-26 11:44:40,523 Epoch[40] Batch [100]	Speed: 35.69 samples/sec	Train-accuracy=1.000000
2017-05-26 11:44:53,975 Epoch[40] Batch [110]	Speed: 35.68 samples/sec	Train-accuracy=0.995833
2017-05-26 11:45:08,326 Epoch[40] Batch [120]	Speed: 33.45 samples/sec	Train-accuracy=0.997917
2017-05-26 11:45:23,018 Epoch[40] Batch [130]	Speed: 32.67 samples/sec	Train-accuracy=1.000000
2017-05-26 11:45:36,890 Epoch[40] Batch [140]	Speed: 34.60 samples/sec	Train-accuracy=1.000000
2017-05-26 11:45:50,327 Epoch[40] Batch [150]	Speed: 35.72 samples/sec	Train-accuracy=0.989583
2017-05-26 11:46:03,749 Epoch[40] Batch [160]	Speed: 35.76 samples/sec	Train-accuracy=0.993750
2017-05-26 11:46:06,443 Epoch[40] Train-accuracy=1.000000
2017-05-26 11:46:06,443 Epoch[40] Time cost=228.904
2017-05-26 11:46:14,970 Saved checkpoint to "./resneXt-101/resnext-101-0041.params"
2017-05-26 11:46:18,840 Epoch[40] Validation-accuracy=0.739583
2017-05-26 11:46:34,835 Epoch[41] Batch [10]	Speed: 31.09 samples/sec	Train-accuracy=1.000000
2017-05-26 11:46:48,473 Epoch[41] Batch [20]	Speed: 35.20 samples/sec	Train-accuracy=0.983333
2017-05-26 11:47:01,904 Epoch[41] Batch [30]	Speed: 35.74 samples/sec	Train-accuracy=0.991667
2017-05-26 11:47:15,344 Epoch[41] Batch [40]	Speed: 35.72 samples/sec	Train-accuracy=0.997917
2017-05-26 11:47:30,211 Epoch[41] Batch [50]	Speed: 32.29 samples/sec	Train-accuracy=0.995833
2017-05-26 11:47:45,075 Epoch[41] Batch [60]	Speed: 32.29 samples/sec	Train-accuracy=1.000000
2017-05-26 11:47:58,834 Epoch[41] Batch [70]	Speed: 34.89 samples/sec	Train-accuracy=0.997917
2017-05-26 11:48:12,247 Epoch[41] Batch [80]	Speed: 35.79 samples/sec	Train-accuracy=1.000000
2017-05-26 11:48:25,690 Epoch[41] Batch [90]	Speed: 35.71 samples/sec	Train-accuracy=0.997917
2017-05-26 11:48:40,089 Epoch[41] Batch [100]	Speed: 33.34 samples/sec	Train-accuracy=0.995833
2017-05-26 11:48:55,051 Epoch[41] Batch [110]	Speed: 32.08 samples/sec	Train-accuracy=0.997917
2017-05-26 11:49:08,764 Epoch[41] Batch [120]	Speed: 35.00 samples/sec	Train-accuracy=1.000000
2017-05-26 11:49:22,208 Epoch[41] Batch [130]	Speed: 35.70 samples/sec	Train-accuracy=0.997917
2017-05-26 11:49:35,637 Epoch[41] Batch [140]	Speed: 35.74 samples/sec	Train-accuracy=0.997917
2017-05-26 11:49:50,350 Epoch[41] Batch [150]	Speed: 32.62 samples/sec	Train-accuracy=0.997917
2017-05-26 11:50:05,682 Epoch[41] Batch [160]	Speed: 31.31 samples/sec	Train-accuracy=0.993750
2017-05-26 11:50:07,316 Epoch[41] Train-accuracy=1.000000
2017-05-26 11:50:07,316 Epoch[41] Time cost=228.475
2017-05-26 11:50:08,311 Saved checkpoint to "./resneXt-101/resnext-101-0042.params"
2017-05-26 11:50:12,652 Epoch[41] Validation-accuracy=0.733796
2017-05-26 11:50:26,788 Epoch[42] Batch [10]	Speed: 35.22 samples/sec	Train-accuracy=0.994318
2017-05-26 11:50:41,373 Epoch[42] Batch [20]	Speed: 32.91 samples/sec	Train-accuracy=0.995833
2017-05-26 11:50:56,715 Epoch[42] Batch [30]	Speed: 31.29 samples/sec	Train-accuracy=1.000000
2017-05-26 11:51:11,990 Epoch[42] Batch [40]	Speed: 31.43 samples/sec	Train-accuracy=0.995833
2017-05-26 11:51:26,111 Epoch[42] Batch [50]	Speed: 33.99 samples/sec	Train-accuracy=1.000000
2017-05-26 11:51:39,532 Epoch[42] Batch [60]	Speed: 35.77 samples/sec	Train-accuracy=0.997917
2017-05-26 11:51:52,949 Epoch[42] Batch [70]	Speed: 35.78 samples/sec	Train-accuracy=0.995833
2017-05-26 11:52:07,110 Epoch[42] Batch [80]	Speed: 33.90 samples/sec	Train-accuracy=1.000000
2017-05-26 11:52:22,116 Epoch[42] Batch [90]	Speed: 31.99 samples/sec	Train-accuracy=0.997917
2017-05-26 11:52:36,063 Epoch[42] Batch [100]	Speed: 34.42 samples/sec	Train-accuracy=1.000000
2017-05-26 11:52:49,512 Epoch[42] Batch [110]	Speed: 35.69 samples/sec	Train-accuracy=0.991667
2017-05-26 11:53:02,967 Epoch[42] Batch [120]	Speed: 35.67 samples/sec	Train-accuracy=0.997917
2017-05-26 11:53:17,384 Epoch[42] Batch [130]	Speed: 33.29 samples/sec	Train-accuracy=0.997917
2017-05-26 11:53:32,077 Epoch[42] Batch [140]	Speed: 32.67 samples/sec	Train-accuracy=1.000000
2017-05-26 11:53:45,895 Epoch[42] Batch [150]	Speed: 34.74 samples/sec	Train-accuracy=0.995833
2017-05-26 11:53:59,352 Epoch[42] Batch [160]	Speed: 35.67 samples/sec	Train-accuracy=0.993750
2017-05-26 11:54:02,033 Epoch[42] Train-accuracy=0.989583
2017-05-26 11:54:02,033 Epoch[42] Time cost=229.381
2017-05-26 11:54:03,022 Saved checkpoint to "./resneXt-101/resnext-101-0043.params"
2017-05-26 11:54:06,898 Epoch[42] Validation-accuracy=0.755208
2017-05-26 11:54:22,502 Epoch[43] Batch [10]	Speed: 31.84 samples/sec	Train-accuracy=1.000000
2017-05-26 11:54:37,912 Epoch[43] Batch [20]	Speed: 31.15 samples/sec	Train-accuracy=0.991667
2017-05-26 11:54:51,950 Epoch[43] Batch [30]	Speed: 34.19 samples/sec	Train-accuracy=1.000000
2017-05-26 11:55:05,391 Epoch[43] Batch [40]	Speed: 35.71 samples/sec	Train-accuracy=0.995833
2017-05-26 11:55:18,819 Epoch[43] Batch [50]	Speed: 35.75 samples/sec	Train-accuracy=0.997917
2017-05-26 11:55:32,581 Epoch[43] Batch [60]	Speed: 34.88 samples/sec	Train-accuracy=1.000000
2017-05-26 11:55:47,421 Epoch[43] Batch [70]	Speed: 32.34 samples/sec	Train-accuracy=0.995833
2017-05-26 11:56:01,954 Epoch[43] Batch [80]	Speed: 33.03 samples/sec	Train-accuracy=1.000000
2017-05-26 11:56:15,380 Epoch[43] Batch [90]	Speed: 35.75 samples/sec	Train-accuracy=0.989583
2017-05-26 11:56:28,814 Epoch[43] Batch [100]	Speed: 35.73 samples/sec	Train-accuracy=0.997917
2017-05-26 11:56:42,684 Epoch[43] Batch [110]	Speed: 34.61 samples/sec	Train-accuracy=0.991667
2017-05-26 11:56:57,909 Epoch[43] Batch [120]	Speed: 31.53 samples/sec	Train-accuracy=0.995833
2017-05-26 11:57:12,252 Epoch[43] Batch [130]	Speed: 33.47 samples/sec	Train-accuracy=1.000000
2017-05-26 11:57:25,703 Epoch[43] Batch [140]	Speed: 35.69 samples/sec	Train-accuracy=0.997917
2017-05-26 11:57:39,135 Epoch[43] Batch [150]	Speed: 35.74 samples/sec	Train-accuracy=0.995833
2017-05-26 11:57:52,673 Epoch[43] Batch [160]	Speed: 35.46 samples/sec	Train-accuracy=0.995833
2017-05-26 11:57:54,026 Epoch[43] Train-accuracy=1.000000
2017-05-26 11:57:54,026 Epoch[43] Time cost=227.128
2017-05-26 11:58:05,032 Saved checkpoint to "./resneXt-101/resnext-101-0044.params"
2017-05-26 11:58:09,363 Epoch[43] Validation-accuracy=0.736111
2017-05-26 11:58:24,402 Epoch[44] Batch [10]	Speed: 33.12 samples/sec	Train-accuracy=1.000000
2017-05-26 11:58:37,881 Epoch[44] Batch [20]	Speed: 35.61 samples/sec	Train-accuracy=1.000000
2017-05-26 11:58:51,346 Epoch[44] Batch [30]	Speed: 35.65 samples/sec	Train-accuracy=0.997917
2017-05-26 11:59:05,423 Epoch[44] Batch [40]	Speed: 34.10 samples/sec	Train-accuracy=0.997917
2017-05-26 11:59:20,520 Epoch[44] Batch [50]	Speed: 31.80 samples/sec	Train-accuracy=1.000000
2017-05-26 11:59:34,842 Epoch[44] Batch [60]	Speed: 33.52 samples/sec	Train-accuracy=0.991667
2017-05-26 11:59:48,278 Epoch[44] Batch [70]	Speed: 35.73 samples/sec	Train-accuracy=0.995833
2017-05-26 12:00:01,713 Epoch[44] Batch [80]	Speed: 35.73 samples/sec	Train-accuracy=0.995833
2017-05-26 12:00:15,753 Epoch[44] Batch [90]	Speed: 34.19 samples/sec	Train-accuracy=0.993750
2017-05-26 12:00:31,024 Epoch[44] Batch [100]	Speed: 31.43 samples/sec	Train-accuracy=0.993750
2017-05-26 12:00:45,253 Epoch[44] Batch [110]	Speed: 33.74 samples/sec	Train-accuracy=0.997917
2017-05-26 12:00:58,685 Epoch[44] Batch [120]	Speed: 35.73 samples/sec	Train-accuracy=0.991667
2017-05-26 12:01:12,128 Epoch[44] Batch [130]	Speed: 35.71 samples/sec	Train-accuracy=1.000000
2017-05-26 12:01:26,381 Epoch[44] Batch [140]	Speed: 33.68 samples/sec	Train-accuracy=1.000000
2017-05-26 12:01:41,315 Epoch[44] Batch [150]	Speed: 32.14 samples/sec	Train-accuracy=1.000000
2017-05-26 12:01:55,514 Epoch[44] Batch [160]	Speed: 33.81 samples/sec	Train-accuracy=0.997917
2017-05-26 12:01:58,188 Epoch[44] Train-accuracy=0.989583
2017-05-26 12:01:58,189 Epoch[44] Time cost=228.825
2017-05-26 12:01:59,229 Saved checkpoint to "./resneXt-101/resnext-101-0045.params"
2017-05-26 12:02:03,096 Epoch[44] Validation-accuracy=0.726562
2017-05-26 12:02:17,756 Epoch[45] Batch [10]	Speed: 33.95 samples/sec	Train-accuracy=0.996212
2017-05-26 12:02:32,941 Epoch[45] Batch [20]	Speed: 31.61 samples/sec	Train-accuracy=0.995833
2017-05-26 12:02:48,205 Epoch[45] Batch [30]	Speed: 31.45 samples/sec	Train-accuracy=0.995833
2017-05-26 12:03:02,829 Epoch[45] Batch [40]	Speed: 32.82 samples/sec	Train-accuracy=0.997917
2017-05-26 12:03:16,277 Epoch[45] Batch [50]	Speed: 35.70 samples/sec	Train-accuracy=0.995833
2017-05-26 12:03:29,696 Epoch[45] Batch [60]	Speed: 35.77 samples/sec	Train-accuracy=1.000000
2017-05-26 12:03:43,719 Epoch[45] Batch [70]	Speed: 34.23 samples/sec	Train-accuracy=0.997917
2017-05-26 12:03:58,891 Epoch[45] Batch [80]	Speed: 31.64 samples/sec	Train-accuracy=0.997917
2017-05-26 12:04:13,533 Epoch[45] Batch [90]	Speed: 32.78 samples/sec	Train-accuracy=0.995833
2017-05-26 12:04:26,978 Epoch[45] Batch [100]	Speed: 35.70 samples/sec	Train-accuracy=0.997917
2017-05-26 12:04:40,423 Epoch[45] Batch [110]	Speed: 35.70 samples/sec	Train-accuracy=0.991667
2017-05-26 12:04:54,385 Epoch[45] Batch [120]	Speed: 34.38 samples/sec	Train-accuracy=1.000000
2017-05-26 12:05:09,423 Epoch[45] Batch [130]	Speed: 31.92 samples/sec	Train-accuracy=0.995833
2017-05-26 12:05:24,113 Epoch[45] Batch [140]	Speed: 32.68 samples/sec	Train-accuracy=1.000000
2017-05-26 12:05:37,562 Epoch[45] Batch [150]	Speed: 35.69 samples/sec	Train-accuracy=1.000000
2017-05-26 12:05:50,994 Epoch[45] Batch [160]	Speed: 35.74 samples/sec	Train-accuracy=0.997917
2017-05-26 12:05:52,337 Epoch[45] Train-accuracy=1.000000
2017-05-26 12:05:52,337 Epoch[45] Time cost=229.241
2017-05-26 12:05:58,667 Saved checkpoint to "./resneXt-101/resnext-101-0046.params"
2017-05-26 12:06:03,021 Epoch[45] Validation-accuracy=0.743056
2017-05-26 12:06:18,682 Epoch[46] Batch [10]	Speed: 31.69 samples/sec	Train-accuracy=0.998106
2017-05-26 12:06:33,209 Epoch[46] Batch [20]	Speed: 33.04 samples/sec	Train-accuracy=1.000000
2017-05-26 12:06:46,664 Epoch[46] Batch [30]	Speed: 35.68 samples/sec	Train-accuracy=0.993750
2017-05-26 12:07:00,118 Epoch[46] Batch [40]	Speed: 35.68 samples/sec	Train-accuracy=1.000000
2017-05-26 12:07:14,106 Epoch[46] Batch [50]	Speed: 34.32 samples/sec	Train-accuracy=0.995833
2017-05-26 12:07:29,029 Epoch[46] Batch [60]	Speed: 32.17 samples/sec	Train-accuracy=0.995833
2017-05-26 12:07:43,445 Epoch[46] Batch [70]	Speed: 33.30 samples/sec	Train-accuracy=0.997917
2017-05-26 12:07:56,881 Epoch[46] Batch [80]	Speed: 35.73 samples/sec	Train-accuracy=0.997917
2017-05-26 12:08:10,334 Epoch[46] Batch [90]	Speed: 35.68 samples/sec	Train-accuracy=0.997917
2017-05-26 12:08:24,191 Epoch[46] Batch [100]	Speed: 34.64 samples/sec	Train-accuracy=0.995833
2017-05-26 12:08:39,277 Epoch[46] Batch [110]	Speed: 31.82 samples/sec	Train-accuracy=0.997917
2017-05-26 12:08:53,517 Epoch[46] Batch [120]	Speed: 33.71 samples/sec	Train-accuracy=1.000000
2017-05-26 12:09:06,965 Epoch[46] Batch [130]	Speed: 35.69 samples/sec	Train-accuracy=0.997917
2017-05-26 12:09:20,420 Epoch[46] Batch [140]	Speed: 35.67 samples/sec	Train-accuracy=0.993750
2017-05-26 12:09:34,333 Epoch[46] Batch [150]	Speed: 34.50 samples/sec	Train-accuracy=1.000000
2017-05-26 12:09:48,838 Epoch[46] Batch [160]	Speed: 33.09 samples/sec	Train-accuracy=0.995833
2017-05-26 12:09:51,859 Epoch[46] Train-accuracy=0.979167
2017-05-26 12:09:51,859 Epoch[46] Time cost=228.838
2017-05-26 12:09:57,827 Saved checkpoint to "./resneXt-101/resnext-101-0047.params"
2017-05-26 12:10:01,764 Epoch[46] Validation-accuracy=0.755208
2017-05-26 12:10:15,718 Epoch[47] Batch [10]	Speed: 35.72 samples/sec	Train-accuracy=1.000000
2017-05-26 12:10:29,165 Epoch[47] Batch [20]	Speed: 35.70 samples/sec	Train-accuracy=0.991667
2017-05-26 12:10:42,822 Epoch[47] Batch [30]	Speed: 35.15 samples/sec	Train-accuracy=0.995833
2017-05-26 12:10:57,854 Epoch[47] Batch [40]	Speed: 31.93 samples/sec	Train-accuracy=0.995833
2017-05-26 12:11:12,170 Epoch[47] Batch [50]	Speed: 33.53 samples/sec	Train-accuracy=0.995833
2017-05-26 12:11:25,563 Epoch[47] Batch [60]	Speed: 35.84 samples/sec	Train-accuracy=0.997917
2017-05-26 12:11:39,024 Epoch[47] Batch [70]	Speed: 35.66 samples/sec	Train-accuracy=1.000000
2017-05-26 12:11:52,702 Epoch[47] Batch [80]	Speed: 35.09 samples/sec	Train-accuracy=1.000000
2017-05-26 12:12:08,154 Epoch[47] Batch [90]	Speed: 31.06 samples/sec	Train-accuracy=0.991667
2017-05-26 12:12:23,093 Epoch[47] Batch [100]	Speed: 32.13 samples/sec	Train-accuracy=0.985417
2017-05-26 12:12:36,519 Epoch[47] Batch [110]	Speed: 35.75 samples/sec	Train-accuracy=0.997917
2017-05-26 12:12:49,952 Epoch[47] Batch [120]	Speed: 35.73 samples/sec	Train-accuracy=0.997917
2017-05-26 12:13:03,771 Epoch[47] Batch [130]	Speed: 34.74 samples/sec	Train-accuracy=1.000000
2017-05-26 12:13:18,727 Epoch[47] Batch [140]	Speed: 32.09 samples/sec	Train-accuracy=0.995833
2017-05-26 12:13:33,253 Epoch[47] Batch [150]	Speed: 33.04 samples/sec	Train-accuracy=0.995833
2017-05-26 12:13:46,695 Epoch[47] Batch [160]	Speed: 35.71 samples/sec	Train-accuracy=0.995833
2017-05-26 12:13:48,032 Epoch[47] Train-accuracy=1.000000
2017-05-26 12:13:48,032 Epoch[47] Time cost=226.268
2017-05-26 12:13:49,070 Saved checkpoint to "./resneXt-101/resnext-101-0048.params"
2017-05-26 12:13:53,576 Epoch[47] Validation-accuracy=0.743056
2017-05-26 12:14:09,575 Epoch[48] Batch [10]	Speed: 31.67 samples/sec	Train-accuracy=0.998106
2017-05-26 12:14:24,747 Epoch[48] Batch [20]	Speed: 31.64 samples/sec	Train-accuracy=0.997917
2017-05-26 12:14:40,158 Epoch[48] Batch [30]	Speed: 31.15 samples/sec	Train-accuracy=1.000000
2017-05-26 12:14:53,568 Epoch[48] Batch [40]	Speed: 35.80 samples/sec	Train-accuracy=0.997917
2017-05-26 12:15:07,005 Epoch[48] Batch [50]	Speed: 35.72 samples/sec	Train-accuracy=0.997917
2017-05-26 12:15:20,418 Epoch[48] Batch [60]	Speed: 35.79 samples/sec	Train-accuracy=0.991667
2017-05-26 12:15:35,372 Epoch[48] Batch [70]	Speed: 32.10 samples/sec	Train-accuracy=0.995833
2017-05-26 12:15:50,162 Epoch[48] Batch [80]	Speed: 32.45 samples/sec	Train-accuracy=1.000000
2017-05-26 12:16:03,628 Epoch[48] Batch [90]	Speed: 35.65 samples/sec	Train-accuracy=0.997917
2017-05-26 12:16:17,034 Epoch[48] Batch [100]	Speed: 35.81 samples/sec	Train-accuracy=1.000000
2017-05-26 12:16:30,497 Epoch[48] Batch [110]	Speed: 35.65 samples/sec	Train-accuracy=0.995833
2017-05-26 12:16:45,793 Epoch[48] Batch [120]	Speed: 31.38 samples/sec	Train-accuracy=0.993750
2017-05-26 12:17:00,938 Epoch[48] Batch [130]	Speed: 31.69 samples/sec	Train-accuracy=0.989583
2017-05-26 12:17:14,347 Epoch[48] Batch [140]	Speed: 35.80 samples/sec	Train-accuracy=0.993750
2017-05-26 12:17:27,785 Epoch[48] Batch [150]	Speed: 35.72 samples/sec	Train-accuracy=0.995833
2017-05-26 12:17:41,235 Epoch[48] Batch [160]	Speed: 35.69 samples/sec	Train-accuracy=1.000000
2017-05-26 12:17:44,364 Epoch[48] Train-accuracy=1.000000
2017-05-26 12:17:44,365 Epoch[48] Time cost=230.788
2017-05-26 12:17:55,004 Saved checkpoint to "./resneXt-101/resnext-101-0049.params"
2017-05-26 12:17:59,427 Epoch[48] Validation-accuracy=0.754630
2017-05-26 12:18:14,566 Epoch[49] Batch [10]	Speed: 32.82 samples/sec	Train-accuracy=0.996212
2017-05-26 12:18:27,973 Epoch[49] Batch [20]	Speed: 35.80 samples/sec	Train-accuracy=0.995833
2017-05-26 12:18:41,421 Epoch[49] Batch [30]	Speed: 35.69 samples/sec	Train-accuracy=1.000000
2017-05-26 12:18:55,448 Epoch[49] Batch [40]	Speed: 34.22 samples/sec	Train-accuracy=0.995833
2017-05-26 12:19:10,462 Epoch[49] Batch [50]	Speed: 31.97 samples/sec	Train-accuracy=0.993750
2017-05-26 12:19:24,651 Epoch[49] Batch [60]	Speed: 33.83 samples/sec	Train-accuracy=0.997917
2017-05-26 12:19:38,099 Epoch[49] Batch [70]	Speed: 35.69 samples/sec	Train-accuracy=1.000000
2017-05-26 12:19:51,573 Epoch[49] Batch [80]	Speed: 35.62 samples/sec	Train-accuracy=0.997917
2017-05-26 12:20:05,597 Epoch[49] Batch [90]	Speed: 34.23 samples/sec	Train-accuracy=0.995833
2017-05-26 12:20:20,714 Epoch[49] Batch [100]	Speed: 31.75 samples/sec	Train-accuracy=0.995833
2017-05-26 12:20:35,246 Epoch[49] Batch [110]	Speed: 33.03 samples/sec	Train-accuracy=0.995833
2017-05-26 12:20:48,708 Epoch[49] Batch [120]	Speed: 35.66 samples/sec	Train-accuracy=0.997917
2017-05-26 12:21:02,181 Epoch[49] Batch [130]	Speed: 35.63 samples/sec	Train-accuracy=0.995833
2017-05-26 12:21:16,241 Epoch[49] Batch [140]	Speed: 34.14 samples/sec	Train-accuracy=1.000000
2017-05-26 12:21:31,610 Epoch[49] Batch [150]	Speed: 31.23 samples/sec	Train-accuracy=0.989583
2017-05-26 12:21:45,814 Epoch[49] Batch [160]	Speed: 33.79 samples/sec	Train-accuracy=0.995833
2017-05-26 12:21:48,499 Epoch[49] Train-accuracy=0.989583
2017-05-26 12:21:48,500 Epoch[49] Time cost=229.073
2017-05-26 12:21:49,528 Saved checkpoint to "./resneXt-101/resnext-101-0050.params"
2017-05-26 12:21:53,411 Epoch[49] Validation-accuracy=0.723958
2017-05-26 12:22:08,232 Epoch[50] Batch [10]	Speed: 33.54 samples/sec	Train-accuracy=0.996212
2017-05-26 12:22:22,932 Epoch[50] Batch [20]	Speed: 32.65 samples/sec	Train-accuracy=1.000000
2017-05-26 12:22:37,821 Epoch[50] Batch [30]	Speed: 32.24 samples/sec	Train-accuracy=0.993750
2017-05-26 12:22:52,437 Epoch[50] Batch [40]	Speed: 32.84 samples/sec	Train-accuracy=0.997917
2017-05-26 12:23:05,849 Epoch[50] Batch [50]	Speed: 35.79 samples/sec	Train-accuracy=1.000000
2017-05-26 12:23:19,266 Epoch[50] Batch [60]	Speed: 35.78 samples/sec	Train-accuracy=1.000000
2017-05-26 12:23:32,951 Epoch[50] Batch [70]	Speed: 35.08 samples/sec	Train-accuracy=1.000000
2017-05-26 12:23:48,242 Epoch[50] Batch [80]	Speed: 31.39 samples/sec	Train-accuracy=0.997917
2017-05-26 12:24:02,986 Epoch[50] Batch [90]	Speed: 32.56 samples/sec	Train-accuracy=1.000000
2017-05-26 12:24:16,422 Epoch[50] Batch [100]	Speed: 35.73 samples/sec	Train-accuracy=0.997917
2017-05-26 12:24:29,851 Epoch[50] Batch [110]	Speed: 35.74 samples/sec	Train-accuracy=0.993750
2017-05-26 12:24:43,513 Epoch[50] Batch [120]	Speed: 35.14 samples/sec	Train-accuracy=1.000000
2017-05-26 12:24:58,277 Epoch[50] Batch [130]	Speed: 32.51 samples/sec	Train-accuracy=1.000000
2017-05-26 12:25:12,913 Epoch[50] Batch [140]	Speed: 32.80 samples/sec	Train-accuracy=0.997917
2017-05-26 12:25:26,346 Epoch[50] Batch [150]	Speed: 35.73 samples/sec	Train-accuracy=0.997917
2017-05-26 12:25:39,783 Epoch[50] Batch [160]	Speed: 35.72 samples/sec	Train-accuracy=0.997917
2017-05-26 12:25:41,110 Epoch[50] Train-accuracy=1.000000
2017-05-26 12:25:41,110 Epoch[50] Time cost=227.699
2017-05-26 12:25:42,344 Saved checkpoint to "./resneXt-101/resnext-101-0051.params"
2017-05-26 12:25:46,713 Epoch[50] Validation-accuracy=0.745370
2017-05-26 12:26:02,144 Epoch[51] Batch [10]	Speed: 32.15 samples/sec	Train-accuracy=0.996212
2017-05-26 12:26:17,291 Epoch[51] Batch [20]	Speed: 31.69 samples/sec	Train-accuracy=1.000000
2017-05-26 12:26:32,253 Epoch[51] Batch [30]	Speed: 32.08 samples/sec	Train-accuracy=0.989583
2017-05-26 12:26:45,692 Epoch[51] Batch [40]	Speed: 35.72 samples/sec	Train-accuracy=1.000000
2017-05-26 12:26:59,111 Epoch[51] Batch [50]	Speed: 35.77 samples/sec	Train-accuracy=0.997917
2017-05-26 12:27:12,583 Epoch[51] Batch [60]	Speed: 35.63 samples/sec	Train-accuracy=0.995833
2017-05-26 12:27:27,798 Epoch[51] Batch [70]	Speed: 31.55 samples/sec	Train-accuracy=0.995833
2017-05-26 12:27:41,664 Epoch[51] Batch [80]	Speed: 34.62 samples/sec	Train-accuracy=1.000000
2017-05-26 12:27:55,099 Epoch[51] Batch [90]	Speed: 35.73 samples/sec	Train-accuracy=1.000000
2017-05-26 12:28:08,532 Epoch[51] Batch [100]	Speed: 35.73 samples/sec	Train-accuracy=0.989583
2017-05-26 12:28:23,227 Epoch[51] Batch [110]	Speed: 32.66 samples/sec	Train-accuracy=1.000000
2017-05-26 12:28:38,386 Epoch[51] Batch [120]	Speed: 31.67 samples/sec	Train-accuracy=0.993750
2017-05-26 12:28:51,962 Epoch[51] Batch [130]	Speed: 35.36 samples/sec	Train-accuracy=0.993750
2017-05-26 12:29:05,406 Epoch[51] Batch [140]	Speed: 35.70 samples/sec	Train-accuracy=0.995833
2017-05-26 12:29:18,843 Epoch[51] Batch [150]	Speed: 35.72 samples/sec	Train-accuracy=0.997917
2017-05-26 12:29:33,409 Epoch[51] Batch [160]	Speed: 32.95 samples/sec	Train-accuracy=0.997917
2017-05-26 12:29:36,337 Epoch[51] Train-accuracy=1.000000
2017-05-26 12:29:36,337 Epoch[51] Time cost=229.624
2017-05-26 12:29:43,009 Saved checkpoint to "./resneXt-101/resnext-101-0052.params"
2017-05-26 12:29:46,964 Epoch[51] Validation-accuracy=0.726562
2017-05-26 12:30:01,528 Epoch[52] Batch [10]	Speed: 34.20 samples/sec	Train-accuracy=0.998106
2017-05-26 12:30:14,967 Epoch[52] Batch [20]	Speed: 35.72 samples/sec	Train-accuracy=0.993750
2017-05-26 12:30:28,415 Epoch[52] Batch [30]	Speed: 35.70 samples/sec	Train-accuracy=0.991667
2017-05-26 12:30:42,367 Epoch[52] Batch [40]	Speed: 34.40 samples/sec	Train-accuracy=1.000000
2017-05-26 12:30:57,862 Epoch[52] Batch [50]	Speed: 30.98 samples/sec	Train-accuracy=0.991667
2017-05-26 12:31:11,753 Epoch[52] Batch [60]	Speed: 34.55 samples/sec	Train-accuracy=0.993750
2017-05-26 12:31:25,210 Epoch[52] Batch [70]	Speed: 35.67 samples/sec	Train-accuracy=1.000000
2017-05-26 12:31:38,664 Epoch[52] Batch [80]	Speed: 35.68 samples/sec	Train-accuracy=1.000000
2017-05-26 12:31:53,226 Epoch[52] Batch [90]	Speed: 32.96 samples/sec	Train-accuracy=0.997917
2017-05-26 12:32:08,486 Epoch[52] Batch [100]	Speed: 31.45 samples/sec	Train-accuracy=0.993750
2017-05-26 12:32:22,308 Epoch[52] Batch [110]	Speed: 34.73 samples/sec	Train-accuracy=0.995833
2017-05-26 12:32:35,754 Epoch[52] Batch [120]	Speed: 35.70 samples/sec	Train-accuracy=0.993750
2017-05-26 12:32:49,198 Epoch[52] Batch [130]	Speed: 35.70 samples/sec	Train-accuracy=0.997917
2017-05-26 12:33:03,488 Epoch[52] Batch [140]	Speed: 33.59 samples/sec	Train-accuracy=0.997917
2017-05-26 12:33:18,473 Epoch[52] Batch [150]	Speed: 32.03 samples/sec	Train-accuracy=0.995833
2017-05-26 12:33:32,446 Epoch[52] Batch [160]	Speed: 34.35 samples/sec	Train-accuracy=0.995833
2017-05-26 12:33:33,789 Epoch[52] Train-accuracy=0.979167
2017-05-26 12:33:33,790 Epoch[52] Time cost=226.825
2017-05-26 12:33:34,805 Saved checkpoint to "./resneXt-101/resnext-101-0053.params"
2017-05-26 12:33:39,200 Epoch[52] Validation-accuracy=0.747685
2017-05-26 12:33:54,475 Epoch[53] Batch [10]	Speed: 32.50 samples/sec	Train-accuracy=0.998106
2017-05-26 12:34:09,698 Epoch[53] Batch [20]	Speed: 31.53 samples/sec	Train-accuracy=1.000000
2017-05-26 12:34:24,857 Epoch[53] Batch [30]	Speed: 31.67 samples/sec	Train-accuracy=0.997917
2017-05-26 12:34:39,039 Epoch[53] Batch [40]	Speed: 33.84 samples/sec	Train-accuracy=1.000000
2017-05-26 12:34:52,490 Epoch[53] Batch [50]	Speed: 35.69 samples/sec	Train-accuracy=0.997917
2017-05-26 12:35:06,010 Epoch[53] Batch [60]	Speed: 35.50 samples/sec	Train-accuracy=0.997917
2017-05-26 12:35:20,306 Epoch[53] Batch [70]	Speed: 33.58 samples/sec	Train-accuracy=1.000000
2017-05-26 12:35:35,488 Epoch[53] Batch [80]	Speed: 31.62 samples/sec	Train-accuracy=0.993750
2017-05-26 12:35:49,859 Epoch[53] Batch [90]	Speed: 33.40 samples/sec	Train-accuracy=0.997917
2017-05-26 12:36:03,297 Epoch[53] Batch [100]	Speed: 35.72 samples/sec	Train-accuracy=0.993750
2017-05-26 12:36:16,740 Epoch[53] Batch [110]	Speed: 35.71 samples/sec	Train-accuracy=0.997917
2017-05-26 12:36:31,240 Epoch[53] Batch [120]	Speed: 33.10 samples/sec	Train-accuracy=0.995833
2017-05-26 12:36:46,066 Epoch[53] Batch [130]	Speed: 32.38 samples/sec	Train-accuracy=0.997917
2017-05-26 12:37:00,312 Epoch[53] Batch [140]	Speed: 33.69 samples/sec	Train-accuracy=0.995833
2017-05-26 12:37:13,767 Epoch[53] Batch [150]	Speed: 35.68 samples/sec	Train-accuracy=1.000000
2017-05-26 12:37:27,211 Epoch[53] Batch [160]	Speed: 35.70 samples/sec	Train-accuracy=0.997917
2017-05-26 12:37:29,892 Epoch[53] Train-accuracy=1.000000
2017-05-26 12:37:29,892 Epoch[53] Time cost=230.692
2017-05-26 12:37:35,206 Saved checkpoint to "./resneXt-101/resnext-101-0054.params"
2017-05-26 12:37:39,095 Epoch[53] Validation-accuracy=0.747396
2017-05-26 12:37:55,310 Epoch[54] Batch [10]	Speed: 30.54 samples/sec	Train-accuracy=0.996212
2017-05-26 12:38:09,673 Epoch[54] Batch [20]	Speed: 33.42 samples/sec	Train-accuracy=1.000000
2017-05-26 12:38:23,135 Epoch[54] Batch [30]	Speed: 35.65 samples/sec	Train-accuracy=0.993750
2017-05-26 12:38:36,573 Epoch[54] Batch [40]	Speed: 35.72 samples/sec	Train-accuracy=0.991667
2017-05-26 12:38:50,802 Epoch[54] Batch [50]	Speed: 33.74 samples/sec	Train-accuracy=0.997917
2017-05-26 12:39:06,288 Epoch[54] Batch [60]	Speed: 31.00 samples/sec	Train-accuracy=1.000000
2017-05-26 12:39:20,446 Epoch[54] Batch [70]	Speed: 33.91 samples/sec	Train-accuracy=1.000000
2017-05-26 12:39:33,857 Epoch[54] Batch [80]	Speed: 35.79 samples/sec	Train-accuracy=1.000000
2017-05-26 12:39:47,280 Epoch[54] Batch [90]	Speed: 35.76 samples/sec	Train-accuracy=0.997917
./run_finetune_script.sh: line 17:  2406 Terminated              python run_finetune.py './resneXt-101/resnext-101' '0' './resneXt-101/resnext-101' '100'
