[resnet-101-train-add-seg-224-lr-0.01]
[09:49:25] src/nnvm/legacy_json_util.cc:190: Loading symbol saved by previous version v0.8.0. Attempting to upgrade...
[09:49:25] src/nnvm/legacy_json_util.cc:198: Symbol successfully upgraded!
[09:49:25] src/io/iter_image_recordio_2.cc:135: ImageRecordIOParser2: /home/yuanshuai/code/mxnet/example/image-classification/data/ccs-train-add-seg-224_train.rec, use 4 threads for decoding..
[09:49:26] src/io/iter_image_recordio_2.cc:135: ImageRecordIOParser2: /home/yuanshuai/code/mxnet/example/image-classification/data/ccs-train-add-seg-224_val.rec, use 4 threads for decoding..
[09:49:35] /home/yuanshuai/code/mxnet/dmlc-core/include/dmlc/logging.h:303: [09:49:35] /home/yuanshuai/code/mxnet/mshadow/mshadow/./tensor_gpu-inl.h:35: Check failed: e == cudaSuccess CUDA: invalid device ordinal

Stack trace returned 6 entries:
[bt] (0) /home/yuanshuai/code/mxnet/python/mxnet/../../lib/libmxnet.so(_ZN4dmlc15LogMessageFatalD1Ev+0x3c) [0x7f0357790c6c]
[bt] (1) /home/yuanshuai/code/mxnet/python/mxnet/../../lib/libmxnet.so(_ZN7mshadow9SetDeviceINS_3gpuEEEvi+0xe0) [0x7f03580efb00]
[bt] (2) /home/yuanshuai/code/mxnet/python/mxnet/../../lib/libmxnet.so(_ZNSt17_Function_handlerIFvvEZZN5mxnet6engine23ThreadedEnginePerDevice13PushToExecuteEPNS2_8OprBlockEbENKUlvE1_clEvEUlvE_E9_M_invokeERKSt9_Any_data+0x30) [0x7f03580f29c0]
[bt] (3) /usr/lib/x86_64-linux-gnu/libstdc++.so.6(+0xb1a60) [0x7f039359da60]
[bt] (4) /lib/x86_64-linux-gnu/libpthread.so.0(+0x8184) [0x7f039fd73184]
[bt] (5) /lib/x86_64-linux-gnu/libc.so.6(clone+0x6d) [0x7f039faa0bed]

[09:49:35] /home/yuanshuai/code/mxnet/dmlc-core/include/dmlc/logging.h:303: [09:49:35] /home/yuanshuai/code/mxnet/mshadow/mshadow/./tensor_gpu-inl.h:35: Check failed: e == cudaSuccess CUDA: invalid device ordinal

Stack trace returned 6 entries:
[bt] (0) /home/yuanshuai/code/mxnet/python/mxnet/../../lib/libmxnet.so(_ZN4dmlc15LogMessageFatalD1Ev+0x3c) [0x7f0357790c6c]
[bt] (1) /home/yuanshuai/code/mxnet/python/mxnet/../../lib/libmxnet.so(_ZN7mshadow9SetDeviceINS_3gpuEEEvi+0xe0) [0x7f03580efb00]
[bt] (2) /home/yuanshuai/code/mxnet/python/mxnet/../../lib/libmxnet.so(_ZNSt17_Function_handlerIFvvEZZN5mxnet6engine23ThreadedEnginePerDevice13PushToExecuteEPNS2_8OprBlockEbENKUlvE1_clEvEUlvE_E9_M_invokeERKSt9_Any_data+0x30) [0x7f03580f29c0]
[bt] (3) /usr/lib/x86_64-linux-gnu/libstdc++.so.6(+0xb1a60) [0x7f039359da60]
[bt] (4) /lib/x86_64-linux-gnu/libpthread.so.0(+0x8184) [0x7f039fd73184]
[bt] (5) /lib/x86_64-linux-gnu/libc.so.6(clone+0x6d) [0x7f039faa0bed]

terminate called recursively
terminate called after throwing an instance of './run_finetune_script.sh: 行 16: 23582 已放弃               (核心已转储) python run_finetune.py './resnet-101/resnet-101' '0' './resnet-101/finetune-resnet-101-train-add-seg-224' '30'
[resnet-101-train-add-seg-224-lr-0.01]
[09:51:32] src/nnvm/legacy_json_util.cc:190: Loading symbol saved by previous version v0.8.0. Attempting to upgrade...
[09:51:32] src/nnvm/legacy_json_util.cc:198: Symbol successfully upgraded!
[09:51:32] src/io/iter_image_recordio_2.cc:135: ImageRecordIOParser2: /home/yuanshuai/code/mxnet/example/image-classification/data/ccs-train-add-seg-224_train.rec, use 4 threads for decoding..
[09:51:33] src/io/iter_image_recordio_2.cc:135: ImageRecordIOParser2: /home/yuanshuai/code/mxnet/example/image-classification/data/ccs-train-add-seg-224_val.rec, use 4 threads for decoding..
[09:51:38] src/kvstore/././comm.h:304: only 0 out of 2 GPU pairs are enabled direct access. It may affect the performance. You can set MXNET_ENABLE_GPU_P2P=0 to turn it off
[09:51:38] src/kvstore/././comm.h:313: ..
[09:51:38] src/kvstore/././comm.h:313: ..
2017-05-17 09:51:58,670 Epoch[0] Batch [10]	Speed: 17.06 samples/sec	Train-accuracy=0.491477
2017-05-17 09:52:17,413 Epoch[0] Batch [20]	Speed: 17.07 samples/sec	Train-accuracy=0.493750
2017-05-17 09:52:36,162 Epoch[0] Batch [30]	Speed: 17.07 samples/sec	Train-accuracy=0.550000
2017-05-17 09:52:54,889 Epoch[0] Batch [40]	Speed: 17.09 samples/sec	Train-accuracy=0.478125
2017-05-17 09:53:13,596 Epoch[0] Batch [50]	Speed: 17.11 samples/sec	Train-accuracy=0.500000
2017-05-17 09:53:32,307 Epoch[0] Batch [60]	Speed: 17.10 samples/sec	Train-accuracy=0.521875
2017-05-17 09:53:51,031 Epoch[0] Batch [70]	Speed: 17.09 samples/sec	Train-accuracy=0.525000
2017-05-17 09:54:09,758 Epoch[0] Batch [80]	Speed: 17.09 samples/sec	Train-accuracy=0.537500
2017-05-17 09:54:28,460 Epoch[0] Batch [90]	Speed: 17.11 samples/sec	Train-accuracy=0.515625
2017-05-17 09:54:47,158 Epoch[0] Batch [100]	Speed: 17.11 samples/sec	Train-accuracy=0.503125
2017-05-17 09:55:05,905 Epoch[0] Batch [110]	Speed: 17.07 samples/sec	Train-accuracy=0.518750
2017-05-17 09:55:24,653 Epoch[0] Batch [120]	Speed: 17.07 samples/sec	Train-accuracy=0.587500
2017-05-17 09:55:43,387 Epoch[0] Batch [130]	Speed: 17.08 samples/sec	Train-accuracy=0.565625
2017-05-17 09:56:02,113 Epoch[0] Batch [140]	Speed: 17.09 samples/sec	Train-accuracy=0.478125
2017-05-17 09:56:20,864 Epoch[0] Batch [150]	Speed: 17.07 samples/sec	Train-accuracy=0.550000
2017-05-17 09:56:39,599 Epoch[0] Batch [160]	Speed: 17.08 samples/sec	Train-accuracy=0.559375
2017-05-17 09:56:58,325 Epoch[0] Batch [170]	Speed: 17.09 samples/sec	Train-accuracy=0.487500
2017-05-17 09:57:17,040 Epoch[0] Batch [180]	Speed: 17.10 samples/sec	Train-accuracy=0.596875
2017-05-17 09:57:35,760 Epoch[0] Batch [190]	Speed: 17.09 samples/sec	Train-accuracy=0.584375
2017-05-17 09:57:54,477 Epoch[0] Batch [200]	Speed: 17.10 samples/sec	Train-accuracy=0.590625
2017-05-17 09:58:13,224 Epoch[0] Batch [210]	Speed: 17.07 samples/sec	Train-accuracy=0.600000
2017-05-17 09:58:31,965 Epoch[0] Batch [220]	Speed: 17.07 samples/sec	Train-accuracy=0.515625
2017-05-17 09:58:50,696 Epoch[0] Batch [230]	Speed: 17.08 samples/sec	Train-accuracy=0.509375
2017-05-17 09:59:09,459 Epoch[0] Batch [240]	Speed: 17.05 samples/sec	Train-accuracy=0.493750
2017-05-17 09:59:15,078 Epoch[0] Train-accuracy=0.520833
2017-05-17 09:59:15,079 Epoch[0] Time cost=456.468
2017-05-17 09:59:16,573 Saved checkpoint to "./resnet-101/finetune-resnet-101-train-add-seg-224-0001.params"
2017-05-17 09:59:23,253 Epoch[0] Validation-accuracy=0.531250
2017-05-17 09:59:42,612 Epoch[1] Batch [10]	Speed: 17.06 samples/sec	Train-accuracy=0.531250
2017-05-17 10:00:01,365 Epoch[1] Batch [20]	Speed: 17.06 samples/sec	Train-accuracy=0.521875
2017-05-17 10:00:20,070 Epoch[1] Batch [30]	Speed: 17.11 samples/sec	Train-accuracy=0.609375
2017-05-17 10:00:38,789 Epoch[1] Batch [40]	Speed: 17.10 samples/sec	Train-accuracy=0.556250
2017-05-17 10:00:57,529 Epoch[1] Batch [50]	Speed: 17.08 samples/sec	Train-accuracy=0.571875
2017-05-17 10:01:16,253 Epoch[1] Batch [60]	Speed: 17.09 samples/sec	Train-accuracy=0.581250
2017-05-17 10:01:34,985 Epoch[1] Batch [70]	Speed: 17.08 samples/sec	Train-accuracy=0.562500
2017-05-17 10:01:54,090 Epoch[1] Batch [80]	Speed: 16.75 samples/sec	Train-accuracy=0.593750
2017-05-17 10:02:14,427 Epoch[1] Batch [90]	Speed: 15.74 samples/sec	Train-accuracy=0.621875
2017-05-17 10:02:33,606 Epoch[1] Batch [100]	Speed: 16.68 samples/sec	Train-accuracy=0.584375
2017-05-17 10:02:52,346 Epoch[1] Batch [110]	Speed: 17.08 samples/sec	Train-accuracy=0.587500
2017-05-17 10:03:11,058 Epoch[1] Batch [120]	Speed: 17.10 samples/sec	Train-accuracy=0.528125
2017-05-17 10:03:29,790 Epoch[1] Batch [130]	Speed: 17.08 samples/sec	Train-accuracy=0.625000
2017-05-17 10:03:48,535 Epoch[1] Batch [140]	Speed: 17.07 samples/sec	Train-accuracy=0.600000
2017-05-17 10:04:07,249 Epoch[1] Batch [150]	Speed: 17.10 samples/sec	Train-accuracy=0.600000
2017-05-17 10:04:26,005 Epoch[1] Batch [160]	Speed: 17.06 samples/sec	Train-accuracy=0.615625
2017-05-17 10:04:44,741 Epoch[1] Batch [170]	Speed: 17.08 samples/sec	Train-accuracy=0.615625
2017-05-17 10:05:03,497 Epoch[1] Batch [180]	Speed: 17.06 samples/sec	Train-accuracy=0.631250
2017-05-17 10:05:22,246 Epoch[1] Batch [190]	Speed: 17.07 samples/sec	Train-accuracy=0.584375
2017-05-17 10:05:40,972 Epoch[1] Batch [200]	Speed: 17.09 samples/sec	Train-accuracy=0.612500
2017-05-17 10:05:59,689 Epoch[1] Batch [210]	Speed: 17.10 samples/sec	Train-accuracy=0.665625
2017-05-17 10:06:18,429 Epoch[1] Batch [220]	Speed: 17.08 samples/sec	Train-accuracy=0.678125
2017-05-17 10:06:37,154 Epoch[1] Batch [230]	Speed: 17.09 samples/sec	Train-accuracy=0.596875
2017-05-17 10:06:55,886 Epoch[1] Batch [240]	Speed: 17.08 samples/sec	Train-accuracy=0.625000
2017-05-17 10:07:01,506 Epoch[1] Train-accuracy=0.656250
2017-05-17 10:07:01,506 Epoch[1] Time cost=458.252
2017-05-17 10:07:03,019 Saved checkpoint to "./resnet-101/finetune-resnet-101-train-add-seg-224-0002.params"
2017-05-17 10:07:09,719 Epoch[1] Validation-accuracy=0.622596
2017-05-17 10:07:29,100 Epoch[2] Batch [10]	Speed: 17.04 samples/sec	Train-accuracy=0.602273
2017-05-17 10:07:47,850 Epoch[2] Batch [20]	Speed: 17.07 samples/sec	Train-accuracy=0.634375
2017-05-17 10:08:06,585 Epoch[2] Batch [30]	Speed: 17.08 samples/sec	Train-accuracy=0.637500
2017-05-17 10:08:25,367 Epoch[2] Batch [40]	Speed: 17.04 samples/sec	Train-accuracy=0.643750
2017-05-17 10:08:44,102 Epoch[2] Batch [50]	Speed: 17.08 samples/sec	Train-accuracy=0.640625
2017-05-17 10:09:02,871 Epoch[2] Batch [60]	Speed: 17.05 samples/sec	Train-accuracy=0.640625
2017-05-17 10:09:21,648 Epoch[2] Batch [70]	Speed: 17.04 samples/sec	Train-accuracy=0.625000
2017-05-17 10:09:40,416 Epoch[2] Batch [80]	Speed: 17.05 samples/sec	Train-accuracy=0.615625
2017-05-17 10:09:59,145 Epoch[2] Batch [90]	Speed: 17.09 samples/sec	Train-accuracy=0.693750
2017-05-17 10:10:17,856 Epoch[2] Batch [100]	Speed: 17.10 samples/sec	Train-accuracy=0.665625
2017-05-17 10:10:36,602 Epoch[2] Batch [110]	Speed: 17.07 samples/sec	Train-accuracy=0.681250
2017-05-17 10:10:55,368 Epoch[2] Batch [120]	Speed: 17.05 samples/sec	Train-accuracy=0.643750
2017-05-17 10:11:14,150 Epoch[2] Batch [130]	Speed: 17.04 samples/sec	Train-accuracy=0.653125
2017-05-17 10:11:32,903 Epoch[2] Batch [140]	Speed: 17.06 samples/sec	Train-accuracy=0.671875
2017-05-17 10:11:51,622 Epoch[2] Batch [150]	Speed: 17.10 samples/sec	Train-accuracy=0.703125
2017-05-17 10:12:10,355 Epoch[2] Batch [160]	Speed: 17.08 samples/sec	Train-accuracy=0.681250
2017-05-17 10:12:29,082 Epoch[2] Batch [170]	Speed: 17.09 samples/sec	Train-accuracy=0.637500
2017-05-17 10:12:47,828 Epoch[2] Batch [180]	Speed: 17.07 samples/sec	Train-accuracy=0.675000
2017-05-17 10:13:06,571 Epoch[2] Batch [190]	Speed: 17.07 samples/sec	Train-accuracy=0.665625
2017-05-17 10:13:25,311 Epoch[2] Batch [200]	Speed: 17.08 samples/sec	Train-accuracy=0.687500
2017-05-17 10:13:44,057 Epoch[2] Batch [210]	Speed: 17.07 samples/sec	Train-accuracy=0.659375
2017-05-17 10:14:02,782 Epoch[2] Batch [220]	Speed: 17.09 samples/sec	Train-accuracy=0.656250
2017-05-17 10:14:21,535 Epoch[2] Batch [230]	Speed: 17.06 samples/sec	Train-accuracy=0.715625
2017-05-17 10:14:40,314 Epoch[2] Batch [240]	Speed: 17.04 samples/sec	Train-accuracy=0.715625
2017-05-17 10:14:45,948 Epoch[2] Train-accuracy=0.645833
2017-05-17 10:14:45,949 Epoch[2] Time cost=456.230
2017-05-17 10:14:47,475 Saved checkpoint to "./resnet-101/finetune-resnet-101-train-add-seg-224-0003.params"
2017-05-17 10:14:54,179 Epoch[2] Validation-accuracy=0.605769
2017-05-17 10:15:13,535 Epoch[3] Batch [10]	Speed: 17.06 samples/sec	Train-accuracy=0.707386
2017-05-17 10:15:32,236 Epoch[3] Batch [20]	Speed: 17.11 samples/sec	Train-accuracy=0.693750
2017-05-17 10:15:51,011 Epoch[3] Batch [30]	Speed: 17.04 samples/sec	Train-accuracy=0.681250
2017-05-17 10:16:09,759 Epoch[3] Batch [40]	Speed: 17.07 samples/sec	Train-accuracy=0.671875
2017-05-17 10:16:28,515 Epoch[3] Batch [50]	Speed: 17.06 samples/sec	Train-accuracy=0.734375
2017-05-17 10:16:47,292 Epoch[3] Batch [60]	Speed: 17.04 samples/sec	Train-accuracy=0.696875
2017-05-17 10:17:06,047 Epoch[3] Batch [70]	Speed: 17.06 samples/sec	Train-accuracy=0.684375
2017-05-17 10:17:24,772 Epoch[3] Batch [80]	Speed: 17.09 samples/sec	Train-accuracy=0.703125
2017-05-17 10:17:43,529 Epoch[3] Batch [90]	Speed: 17.06 samples/sec	Train-accuracy=0.743750
2017-05-17 10:18:02,261 Epoch[3] Batch [100]	Speed: 17.08 samples/sec	Train-accuracy=0.706250
2017-05-17 10:18:21,019 Epoch[3] Batch [110]	Speed: 17.06 samples/sec	Train-accuracy=0.718750
2017-05-17 10:18:39,778 Epoch[3] Batch [120]	Speed: 17.06 samples/sec	Train-accuracy=0.687500
2017-05-17 10:18:58,508 Epoch[3] Batch [130]	Speed: 17.09 samples/sec	Train-accuracy=0.750000
2017-05-17 10:19:17,279 Epoch[3] Batch [140]	Speed: 17.05 samples/sec	Train-accuracy=0.759375
2017-05-17 10:19:36,007 Epoch[3] Batch [150]	Speed: 17.09 samples/sec	Train-accuracy=0.762500
2017-05-17 10:19:54,753 Epoch[3] Batch [160]	Speed: 17.07 samples/sec	Train-accuracy=0.725000
2017-05-17 10:20:13,483 Epoch[3] Batch [170]	Speed: 17.09 samples/sec	Train-accuracy=0.737500
2017-05-17 10:20:32,223 Epoch[3] Batch [180]	Speed: 17.08 samples/sec	Train-accuracy=0.715625
2017-05-17 10:20:50,961 Epoch[3] Batch [190]	Speed: 17.08 samples/sec	Train-accuracy=0.703125
2017-05-17 10:21:09,676 Epoch[3] Batch [200]	Speed: 17.10 samples/sec	Train-accuracy=0.771875
2017-05-17 10:21:28,435 Epoch[3] Batch [210]	Speed: 17.06 samples/sec	Train-accuracy=0.734375
2017-05-17 10:21:47,219 Epoch[3] Batch [220]	Speed: 17.04 samples/sec	Train-accuracy=0.800000
2017-05-17 10:22:05,954 Epoch[3] Batch [230]	Speed: 17.08 samples/sec	Train-accuracy=0.740625
2017-05-17 10:22:24,701 Epoch[3] Batch [240]	Speed: 17.07 samples/sec	Train-accuracy=0.737500
2017-05-17 10:22:30,324 Epoch[3] Train-accuracy=0.833333
2017-05-17 10:22:30,324 Epoch[3] Time cost=456.145
2017-05-17 10:22:31,836 Saved checkpoint to "./resnet-101/finetune-resnet-101-train-add-seg-224-0004.params"
2017-05-17 10:22:38,520 Epoch[3] Validation-accuracy=0.668269
2017-05-17 10:22:57,879 Epoch[4] Batch [10]	Speed: 17.06 samples/sec	Train-accuracy=0.752841
2017-05-17 10:23:16,604 Epoch[4] Batch [20]	Speed: 17.09 samples/sec	Train-accuracy=0.753125
2017-05-17 10:23:35,344 Epoch[4] Batch [30]	Speed: 17.08 samples/sec	Train-accuracy=0.790625
2017-05-17 10:23:54,080 Epoch[4] Batch [40]	Speed: 17.08 samples/sec	Train-accuracy=0.743750
2017-05-17 10:24:12,811 Epoch[4] Batch [50]	Speed: 17.08 samples/sec	Train-accuracy=0.718750
2017-05-17 10:24:31,547 Epoch[4] Batch [60]	Speed: 17.08 samples/sec	Train-accuracy=0.781250
2017-05-17 10:24:50,312 Epoch[4] Batch [70]	Speed: 17.05 samples/sec	Train-accuracy=0.768750
2017-05-17 10:25:09,064 Epoch[4] Batch [80]	Speed: 17.07 samples/sec	Train-accuracy=0.765625
2017-05-17 10:25:27,791 Epoch[4] Batch [90]	Speed: 17.09 samples/sec	Train-accuracy=0.790625
2017-05-17 10:25:46,571 Epoch[4] Batch [100]	Speed: 17.04 samples/sec	Train-accuracy=0.740625
2017-05-17 10:26:05,295 Epoch[4] Batch [110]	Speed: 17.09 samples/sec	Train-accuracy=0.806250
2017-05-17 10:26:24,034 Epoch[4] Batch [120]	Speed: 17.08 samples/sec	Train-accuracy=0.806250
2017-05-17 10:26:42,744 Epoch[4] Batch [130]	Speed: 17.10 samples/sec	Train-accuracy=0.750000
2017-05-17 10:27:01,465 Epoch[4] Batch [140]	Speed: 17.09 samples/sec	Train-accuracy=0.787500
2017-05-17 10:27:20,201 Epoch[4] Batch [150]	Speed: 17.08 samples/sec	Train-accuracy=0.771875
2017-05-17 10:27:38,936 Epoch[4] Batch [160]	Speed: 17.08 samples/sec	Train-accuracy=0.737500
2017-05-17 10:27:57,694 Epoch[4] Batch [170]	Speed: 17.06 samples/sec	Train-accuracy=0.790625
2017-05-17 10:28:16,437 Epoch[4] Batch [180]	Speed: 17.07 samples/sec	Train-accuracy=0.771875
2017-05-17 10:28:35,171 Epoch[4] Batch [190]	Speed: 17.08 samples/sec	Train-accuracy=0.775000
2017-05-17 10:28:53,951 Epoch[4] Batch [200]	Speed: 17.04 samples/sec	Train-accuracy=0.825000
2017-05-17 10:29:12,664 Epoch[4] Batch [210]	Speed: 17.10 samples/sec	Train-accuracy=0.806250
2017-05-17 10:29:31,420 Epoch[4] Batch [220]	Speed: 17.06 samples/sec	Train-accuracy=0.812500
2017-05-17 10:29:50,179 Epoch[4] Batch [230]	Speed: 17.06 samples/sec	Train-accuracy=0.793750
2017-05-17 10:30:08,948 Epoch[4] Batch [240]	Speed: 17.05 samples/sec	Train-accuracy=0.850000
2017-05-17 10:30:12,688 Epoch[4] Train-accuracy=0.765625
2017-05-17 10:30:12,688 Epoch[4] Time cost=454.167
2017-05-17 10:30:14,190 Saved checkpoint to "./resnet-101/finetune-resnet-101-train-add-seg-224-0005.params"
2017-05-17 10:30:20,882 Epoch[4] Validation-accuracy=0.701923
2017-05-17 10:30:40,240 Epoch[5] Batch [10]	Speed: 17.06 samples/sec	Train-accuracy=0.815341
2017-05-17 10:30:59,003 Epoch[5] Batch [20]	Speed: 17.05 samples/sec	Train-accuracy=0.796875
2017-05-17 10:31:17,766 Epoch[5] Batch [30]	Speed: 17.06 samples/sec	Train-accuracy=0.834375
2017-05-17 10:31:36,529 Epoch[5] Batch [40]	Speed: 17.06 samples/sec	Train-accuracy=0.796875
2017-05-17 10:31:55,257 Epoch[5] Batch [50]	Speed: 17.09 samples/sec	Train-accuracy=0.803125
2017-05-17 10:32:13,999 Epoch[5] Batch [60]	Speed: 17.07 samples/sec	Train-accuracy=0.850000
2017-05-17 10:32:32,791 Epoch[5] Batch [70]	Speed: 17.03 samples/sec	Train-accuracy=0.825000
2017-05-17 10:32:51,542 Epoch[5] Batch [80]	Speed: 17.07 samples/sec	Train-accuracy=0.809375
2017-05-17 10:33:10,316 Epoch[5] Batch [90]	Speed: 17.05 samples/sec	Train-accuracy=0.793750
2017-05-17 10:33:29,037 Epoch[5] Batch [100]	Speed: 17.09 samples/sec	Train-accuracy=0.828125
2017-05-17 10:33:47,834 Epoch[5] Batch [110]	Speed: 17.02 samples/sec	Train-accuracy=0.825000
2017-05-17 10:34:06,597 Epoch[5] Batch [120]	Speed: 17.06 samples/sec	Train-accuracy=0.825000
2017-05-17 10:34:25,397 Epoch[5] Batch [130]	Speed: 17.02 samples/sec	Train-accuracy=0.828125
2017-05-17 10:34:44,145 Epoch[5] Batch [140]	Speed: 17.07 samples/sec	Train-accuracy=0.793750
2017-05-17 10:35:02,869 Epoch[5] Batch [150]	Speed: 17.09 samples/sec	Train-accuracy=0.828125
2017-05-17 10:35:21,586 Epoch[5] Batch [160]	Speed: 17.10 samples/sec	Train-accuracy=0.868750
2017-05-17 10:35:40,280 Epoch[5] Batch [170]	Speed: 17.12 samples/sec	Train-accuracy=0.859375
2017-05-17 10:35:59,026 Epoch[5] Batch [180]	Speed: 17.07 samples/sec	Train-accuracy=0.843750
2017-05-17 10:36:17,770 Epoch[5] Batch [190]	Speed: 17.07 samples/sec	Train-accuracy=0.821875
2017-05-17 10:36:36,523 Epoch[5] Batch [200]	Speed: 17.06 samples/sec	Train-accuracy=0.856250
2017-05-17 10:36:55,295 Epoch[5] Batch [210]	Speed: 17.05 samples/sec	Train-accuracy=0.893750
2017-05-17 10:37:14,067 Epoch[5] Batch [220]	Speed: 17.05 samples/sec	Train-accuracy=0.821875
2017-05-17 10:37:32,783 Epoch[5] Batch [230]	Speed: 17.10 samples/sec	Train-accuracy=0.846875
2017-05-17 10:37:51,543 Epoch[5] Batch [240]	Speed: 17.06 samples/sec	Train-accuracy=0.846875
2017-05-17 10:37:57,168 Epoch[5] Train-accuracy=0.760417
2017-05-17 10:37:57,169 Epoch[5] Time cost=456.286
2017-05-17 10:37:58,686 Saved checkpoint to "./resnet-101/finetune-resnet-101-train-add-seg-224-0006.params"
2017-05-17 10:38:04,861 Epoch[5] Validation-accuracy=0.666667
2017-05-17 10:38:24,218 Epoch[6] Batch [10]	Speed: 17.07 samples/sec	Train-accuracy=0.857955
2017-05-17 10:38:42,966 Epoch[6] Batch [20]	Speed: 17.07 samples/sec	Train-accuracy=0.887500
2017-05-17 10:39:01,746 Epoch[6] Batch [30]	Speed: 17.04 samples/sec	Train-accuracy=0.831250
2017-05-17 10:39:20,502 Epoch[6] Batch [40]	Speed: 17.06 samples/sec	Train-accuracy=0.918750
2017-05-17 10:39:39,391 Epoch[6] Batch [50]	Speed: 16.94 samples/sec	Train-accuracy=0.853125
2017-05-17 10:39:58,985 Epoch[6] Batch [60]	Speed: 16.33 samples/sec	Train-accuracy=0.809375
2017-05-17 10:40:18,213 Epoch[6] Batch [70]	Speed: 16.64 samples/sec	Train-accuracy=0.840625
2017-05-17 10:40:36,966 Epoch[6] Batch [80]	Speed: 17.06 samples/sec	Train-accuracy=0.853125
2017-05-17 10:40:55,703 Epoch[6] Batch [90]	Speed: 17.08 samples/sec	Train-accuracy=0.843750
2017-05-17 10:41:14,443 Epoch[6] Batch [100]	Speed: 17.08 samples/sec	Train-accuracy=0.850000
2017-05-17 10:41:33,181 Epoch[6] Batch [110]	Speed: 17.08 samples/sec	Train-accuracy=0.859375
2017-05-17 10:41:51,921 Epoch[6] Batch [120]	Speed: 17.08 samples/sec	Train-accuracy=0.875000
2017-05-17 10:42:10,679 Epoch[6] Batch [130]	Speed: 17.06 samples/sec	Train-accuracy=0.893750
2017-05-17 10:42:29,412 Epoch[6] Batch [140]	Speed: 17.08 samples/sec	Train-accuracy=0.862500
2017-05-17 10:42:48,169 Epoch[6] Batch [150]	Speed: 17.06 samples/sec	Train-accuracy=0.859375
2017-05-17 10:43:06,915 Epoch[6] Batch [160]	Speed: 17.07 samples/sec	Train-accuracy=0.859375
2017-05-17 10:43:25,658 Epoch[6] Batch [170]	Speed: 17.07 samples/sec	Train-accuracy=0.859375
2017-05-17 10:43:44,383 Epoch[6] Batch [180]	Speed: 17.09 samples/sec	Train-accuracy=0.850000
2017-05-17 10:44:03,144 Epoch[6] Batch [190]	Speed: 17.06 samples/sec	Train-accuracy=0.862500
2017-05-17 10:44:21,911 Epoch[6] Batch [200]	Speed: 17.05 samples/sec	Train-accuracy=0.896875
2017-05-17 10:44:40,670 Epoch[6] Batch [210]	Speed: 17.06 samples/sec	Train-accuracy=0.878125
2017-05-17 10:44:59,414 Epoch[6] Batch [220]	Speed: 17.07 samples/sec	Train-accuracy=0.900000
2017-05-17 10:45:18,165 Epoch[6] Batch [230]	Speed: 17.07 samples/sec	Train-accuracy=0.893750
2017-05-17 10:45:36,922 Epoch[6] Batch [240]	Speed: 17.06 samples/sec	Train-accuracy=0.881250
2017-05-17 10:45:42,552 Epoch[6] Train-accuracy=0.895833
2017-05-17 10:45:42,553 Epoch[6] Time cost=457.691
2017-05-17 10:45:44,052 Saved checkpoint to "./resnet-101/finetune-resnet-101-train-add-seg-224-0007.params"
2017-05-17 10:45:50,748 Epoch[6] Validation-accuracy=0.692308
2017-05-17 10:46:10,077 Epoch[7] Batch [10]	Speed: 17.09 samples/sec	Train-accuracy=0.880682
2017-05-17 10:46:28,801 Epoch[7] Batch [20]	Speed: 17.09 samples/sec	Train-accuracy=0.915625
2017-05-17 10:46:47,517 Epoch[7] Batch [30]	Speed: 17.10 samples/sec	Train-accuracy=0.853125
2017-05-17 10:47:06,255 Epoch[7] Batch [40]	Speed: 17.08 samples/sec	Train-accuracy=0.853125
2017-05-17 10:47:24,995 Epoch[7] Batch [50]	Speed: 17.08 samples/sec	Train-accuracy=0.881250
2017-05-17 10:47:43,728 Epoch[7] Batch [60]	Speed: 17.08 samples/sec	Train-accuracy=0.884375
2017-05-17 10:48:02,470 Epoch[7] Batch [70]	Speed: 17.07 samples/sec	Train-accuracy=0.915625
2017-05-17 10:48:21,193 Epoch[7] Batch [80]	Speed: 17.09 samples/sec	Train-accuracy=0.878125
2017-05-17 10:48:39,933 Epoch[7] Batch [90]	Speed: 17.08 samples/sec	Train-accuracy=0.903125
2017-05-17 10:48:58,680 Epoch[7] Batch [100]	Speed: 17.07 samples/sec	Train-accuracy=0.878125
2017-05-17 10:49:17,432 Epoch[7] Batch [110]	Speed: 17.07 samples/sec	Train-accuracy=0.856250
2017-05-17 10:49:36,109 Epoch[7] Batch [120]	Speed: 17.13 samples/sec	Train-accuracy=0.875000
2017-05-17 10:49:54,867 Epoch[7] Batch [130]	Speed: 17.06 samples/sec	Train-accuracy=0.878125
2017-05-17 10:50:13,592 Epoch[7] Batch [140]	Speed: 17.09 samples/sec	Train-accuracy=0.878125
2017-05-17 10:50:32,337 Epoch[7] Batch [150]	Speed: 17.07 samples/sec	Train-accuracy=0.875000
2017-05-17 10:50:51,080 Epoch[7] Batch [160]	Speed: 17.07 samples/sec	Train-accuracy=0.884375
2017-05-17 10:51:09,805 Epoch[7] Batch [170]	Speed: 17.09 samples/sec	Train-accuracy=0.903125
2017-05-17 10:51:28,528 Epoch[7] Batch [180]	Speed: 17.09 samples/sec	Train-accuracy=0.871875
2017-05-17 10:51:47,244 Epoch[7] Batch [190]	Speed: 17.10 samples/sec	Train-accuracy=0.912500
2017-05-17 10:52:05,991 Epoch[7] Batch [200]	Speed: 17.07 samples/sec	Train-accuracy=0.868750
2017-05-17 10:52:24,737 Epoch[7] Batch [210]	Speed: 17.07 samples/sec	Train-accuracy=0.890625
2017-05-17 10:52:43,470 Epoch[7] Batch [220]	Speed: 17.08 samples/sec	Train-accuracy=0.921875
2017-05-17 10:53:02,246 Epoch[7] Batch [230]	Speed: 17.04 samples/sec	Train-accuracy=0.928125
2017-05-17 10:53:20,989 Epoch[7] Batch [240]	Speed: 17.07 samples/sec	Train-accuracy=0.843750
2017-05-17 10:53:26,638 Epoch[7] Train-accuracy=0.927083
2017-05-17 10:53:26,638 Epoch[7] Time cost=455.889
2017-05-17 10:53:28,150 Saved checkpoint to "./resnet-101/finetune-resnet-101-train-add-seg-224-0008.params"
2017-05-17 10:53:34,844 Epoch[7] Validation-accuracy=0.701923
2017-05-17 10:53:54,218 Epoch[8] Batch [10]	Speed: 17.05 samples/sec	Train-accuracy=0.917614
2017-05-17 10:54:12,950 Epoch[8] Batch [20]	Speed: 17.08 samples/sec	Train-accuracy=0.890625
2017-05-17 10:54:31,698 Epoch[8] Batch [30]	Speed: 17.07 samples/sec	Train-accuracy=0.915625
2017-05-17 10:54:50,455 Epoch[8] Batch [40]	Speed: 17.06 samples/sec	Train-accuracy=0.909375
2017-05-17 10:55:09,200 Epoch[8] Batch [50]	Speed: 17.07 samples/sec	Train-accuracy=0.903125
2017-05-17 10:55:27,939 Epoch[8] Batch [60]	Speed: 17.08 samples/sec	Train-accuracy=0.915625
2017-05-17 10:55:46,682 Epoch[8] Batch [70]	Speed: 17.07 samples/sec	Train-accuracy=0.868750
2017-05-17 10:56:05,435 Epoch[8] Batch [80]	Speed: 17.06 samples/sec	Train-accuracy=0.925000
2017-05-17 10:56:24,207 Epoch[8] Batch [90]	Speed: 17.05 samples/sec	Train-accuracy=0.928125
2017-05-17 10:56:42,933 Epoch[8] Batch [100]	Speed: 17.09 samples/sec	Train-accuracy=0.921875
2017-05-17 10:57:01,663 Epoch[8] Batch [110]	Speed: 17.09 samples/sec	Train-accuracy=0.909375
2017-05-17 10:57:20,389 Epoch[8] Batch [120]	Speed: 17.09 samples/sec	Train-accuracy=0.915625
2017-05-17 10:57:39,146 Epoch[8] Batch [130]	Speed: 17.06 samples/sec	Train-accuracy=0.893750
2017-05-17 10:57:57,878 Epoch[8] Batch [140]	Speed: 17.08 samples/sec	Train-accuracy=0.931250
2017-05-17 10:58:16,640 Epoch[8] Batch [150]	Speed: 17.06 samples/sec	Train-accuracy=0.934375
2017-05-17 10:58:35,370 Epoch[8] Batch [160]	Speed: 17.08 samples/sec	Train-accuracy=0.915625
2017-05-17 10:58:54,091 Epoch[8] Batch [170]	Speed: 17.09 samples/sec	Train-accuracy=0.918750
2017-05-17 10:59:12,818 Epoch[8] Batch [180]	Speed: 17.09 samples/sec	Train-accuracy=0.903125
2017-05-17 10:59:31,560 Epoch[8] Batch [190]	Speed: 17.07 samples/sec	Train-accuracy=0.906250
2017-05-17 10:59:50,296 Epoch[8] Batch [200]	Speed: 17.08 samples/sec	Train-accuracy=0.906250
2017-05-17 11:00:09,052 Epoch[8] Batch [210]	Speed: 17.06 samples/sec	Train-accuracy=0.946875
2017-05-17 11:00:27,791 Epoch[8] Batch [220]	Speed: 17.08 samples/sec	Train-accuracy=0.937500
2017-05-17 11:00:46,530 Epoch[8] Batch [230]	Speed: 17.08 samples/sec	Train-accuracy=0.928125
2017-05-17 11:01:05,260 Epoch[8] Batch [240]	Speed: 17.09 samples/sec	Train-accuracy=0.921875
2017-05-17 11:01:10,888 Epoch[8] Train-accuracy=0.937500
2017-05-17 11:01:10,888 Epoch[8] Time cost=456.044
2017-05-17 11:01:12,427 Saved checkpoint to "./resnet-101/finetune-resnet-101-train-add-seg-224-0009.params"
2017-05-17 11:01:19,128 Epoch[8] Validation-accuracy=0.704327
2017-05-17 11:01:38,485 Epoch[9] Batch [10]	Speed: 17.06 samples/sec	Train-accuracy=0.923295
2017-05-17 11:01:57,218 Epoch[9] Batch [20]	Speed: 17.08 samples/sec	Train-accuracy=0.896875
2017-05-17 11:02:15,957 Epoch[9] Batch [30]	Speed: 17.08 samples/sec	Train-accuracy=0.915625
2017-05-17 11:02:34,693 Epoch[9] Batch [40]	Speed: 17.08 samples/sec	Train-accuracy=0.918750
2017-05-17 11:02:53,443 Epoch[9] Batch [50]	Speed: 17.07 samples/sec	Train-accuracy=0.950000
2017-05-17 11:03:12,189 Epoch[9] Batch [60]	Speed: 17.07 samples/sec	Train-accuracy=0.940625
2017-05-17 11:03:30,936 Epoch[9] Batch [70]	Speed: 17.07 samples/sec	Train-accuracy=0.921875
2017-05-17 11:03:49,699 Epoch[9] Batch [80]	Speed: 17.06 samples/sec	Train-accuracy=0.931250
2017-05-17 11:04:08,442 Epoch[9] Batch [90]	Speed: 17.07 samples/sec	Train-accuracy=0.903125
2017-05-17 11:04:27,172 Epoch[9] Batch [100]	Speed: 17.08 samples/sec	Train-accuracy=0.912500
2017-05-17 11:04:45,929 Epoch[9] Batch [110]	Speed: 17.06 samples/sec	Train-accuracy=0.900000
2017-05-17 11:05:04,642 Epoch[9] Batch [120]	Speed: 17.10 samples/sec	Train-accuracy=0.931250
2017-05-17 11:05:23,378 Epoch[9] Batch [130]	Speed: 17.08 samples/sec	Train-accuracy=0.925000
2017-05-17 11:05:42,109 Epoch[9] Batch [140]	Speed: 17.08 samples/sec	Train-accuracy=0.928125
2017-05-17 11:06:00,852 Epoch[9] Batch [150]	Speed: 17.07 samples/sec	Train-accuracy=0.878125
2017-05-17 11:06:19,590 Epoch[9] Batch [160]	Speed: 17.08 samples/sec	Train-accuracy=0.890625
2017-05-17 11:06:38,334 Epoch[9] Batch [170]	Speed: 17.07 samples/sec	Train-accuracy=0.928125
2017-05-17 11:06:57,079 Epoch[9] Batch [180]	Speed: 17.07 samples/sec	Train-accuracy=0.915625
2017-05-17 11:07:15,820 Epoch[9] Batch [190]	Speed: 17.08 samples/sec	Train-accuracy=0.893750
2017-05-17 11:07:34,590 Epoch[9] Batch [200]	Speed: 17.05 samples/sec	Train-accuracy=0.937500
2017-05-17 11:07:53,348 Epoch[9] Batch [210]	Speed: 17.06 samples/sec	Train-accuracy=0.915625
2017-05-17 11:08:12,063 Epoch[9] Batch [220]	Speed: 17.10 samples/sec	Train-accuracy=0.937500
2017-05-17 11:08:30,818 Epoch[9] Batch [230]	Speed: 17.06 samples/sec	Train-accuracy=0.928125
2017-05-17 11:08:49,578 Epoch[9] Batch [240]	Speed: 17.06 samples/sec	Train-accuracy=0.925000
2017-05-17 11:08:53,323 Epoch[9] Train-accuracy=0.968750
2017-05-17 11:08:53,324 Epoch[9] Time cost=454.195
2017-05-17 11:08:54,837 Saved checkpoint to "./resnet-101/finetune-resnet-101-train-add-seg-224-0010.params"
2017-05-17 11:09:01,537 Epoch[9] Validation-accuracy=0.711538
2017-05-17 11:09:20,890 Epoch[10] Batch [10]	Speed: 17.07 samples/sec	Train-accuracy=0.923295
2017-05-17 11:09:39,634 Epoch[10] Batch [20]	Speed: 17.07 samples/sec	Train-accuracy=0.937500
2017-05-17 11:09:58,401 Epoch[10] Batch [30]	Speed: 17.05 samples/sec	Train-accuracy=0.925000
2017-05-17 11:10:17,135 Epoch[10] Batch [40]	Speed: 17.08 samples/sec	Train-accuracy=0.940625
2017-05-17 11:10:35,856 Epoch[10] Batch [50]	Speed: 17.09 samples/sec	Train-accuracy=0.946875
2017-05-17 11:10:54,576 Epoch[10] Batch [60]	Speed: 17.09 samples/sec	Train-accuracy=0.906250
2017-05-17 11:11:13,321 Epoch[10] Batch [70]	Speed: 17.07 samples/sec	Train-accuracy=0.946875
2017-05-17 11:11:32,049 Epoch[10] Batch [80]	Speed: 17.09 samples/sec	Train-accuracy=0.925000
2017-05-17 11:11:50,813 Epoch[10] Batch [90]	Speed: 17.05 samples/sec	Train-accuracy=0.943750
2017-05-17 11:12:09,584 Epoch[10] Batch [100]	Speed: 17.05 samples/sec	Train-accuracy=0.934375
2017-05-17 11:12:28,312 Epoch[10] Batch [110]	Speed: 17.09 samples/sec	Train-accuracy=0.946875
2017-05-17 11:12:47,060 Epoch[10] Batch [120]	Speed: 17.07 samples/sec	Train-accuracy=0.909375
2017-05-17 11:13:05,836 Epoch[10] Batch [130]	Speed: 17.04 samples/sec	Train-accuracy=0.950000
2017-05-17 11:13:24,560 Epoch[10] Batch [140]	Speed: 17.09 samples/sec	Train-accuracy=0.900000
2017-05-17 11:13:43,309 Epoch[10] Batch [150]	Speed: 17.07 samples/sec	Train-accuracy=0.928125
2017-05-17 11:14:02,068 Epoch[10] Batch [160]	Speed: 17.06 samples/sec	Train-accuracy=0.946875
2017-05-17 11:14:20,814 Epoch[10] Batch [170]	Speed: 17.07 samples/sec	Train-accuracy=0.915625
2017-05-17 11:14:39,553 Epoch[10] Batch [180]	Speed: 17.08 samples/sec	Train-accuracy=0.934375
2017-05-17 11:14:58,306 Epoch[10] Batch [190]	Speed: 17.06 samples/sec	Train-accuracy=0.943750
2017-05-17 11:15:17,040 Epoch[10] Batch [200]	Speed: 17.08 samples/sec	Train-accuracy=0.934375
2017-05-17 11:15:35,799 Epoch[10] Batch [210]	Speed: 17.06 samples/sec	Train-accuracy=0.953125
2017-05-17 11:15:54,563 Epoch[10] Batch [220]	Speed: 17.05 samples/sec	Train-accuracy=0.953125
2017-05-17 11:16:13,320 Epoch[10] Batch [230]	Speed: 17.06 samples/sec	Train-accuracy=0.925000
2017-05-17 11:16:32,066 Epoch[10] Batch [240]	Speed: 17.07 samples/sec	Train-accuracy=0.953125
2017-05-17 11:16:37,684 Epoch[10] Train-accuracy=0.927083
2017-05-17 11:16:37,685 Epoch[10] Time cost=456.147
2017-05-17 11:16:39,206 Saved checkpoint to "./resnet-101/finetune-resnet-101-train-add-seg-224-0011.params"
2017-05-17 11:16:45,898 Epoch[10] Validation-accuracy=0.713942
2017-05-17 11:17:05,235 Epoch[11] Batch [10]	Speed: 17.08 samples/sec	Train-accuracy=0.957386
2017-05-17 11:17:23,962 Epoch[11] Batch [20]	Speed: 17.09 samples/sec	Train-accuracy=0.937500
2017-05-17 11:17:42,700 Epoch[11] Batch [30]	Speed: 17.08 samples/sec	Train-accuracy=0.956250
2017-05-17 11:18:01,439 Epoch[11] Batch [40]	Speed: 17.08 samples/sec	Train-accuracy=0.931250
2017-05-17 11:18:20,165 Epoch[11] Batch [50]	Speed: 17.09 samples/sec	Train-accuracy=0.931250
2017-05-17 11:18:38,883 Epoch[11] Batch [60]	Speed: 17.10 samples/sec	Train-accuracy=0.943750
2017-05-17 11:18:57,640 Epoch[11] Batch [70]	Speed: 17.06 samples/sec	Train-accuracy=0.940625
2017-05-17 11:19:16,356 Epoch[11] Batch [80]	Speed: 17.10 samples/sec	Train-accuracy=0.937500
2017-05-17 11:19:35,104 Epoch[11] Batch [90]	Speed: 17.07 samples/sec	Train-accuracy=0.968750
2017-05-17 11:19:53,835 Epoch[11] Batch [100]	Speed: 17.09 samples/sec	Train-accuracy=0.959375
2017-05-17 11:20:12,570 Epoch[11] Batch [110]	Speed: 17.08 samples/sec	Train-accuracy=0.956250
2017-05-17 11:20:31,303 Epoch[11] Batch [120]	Speed: 17.08 samples/sec	Train-accuracy=0.912500
2017-05-17 11:20:50,045 Epoch[11] Batch [130]	Speed: 17.07 samples/sec	Train-accuracy=0.959375
2017-05-17 11:21:08,792 Epoch[11] Batch [140]	Speed: 17.07 samples/sec	Train-accuracy=0.943750
2017-05-17 11:21:27,539 Epoch[11] Batch [150]	Speed: 17.07 samples/sec	Train-accuracy=0.956250
2017-05-17 11:21:46,268 Epoch[11] Batch [160]	Speed: 17.09 samples/sec	Train-accuracy=0.956250
2017-05-17 11:22:04,988 Epoch[11] Batch [170]	Speed: 17.09 samples/sec	Train-accuracy=0.956250
2017-05-17 11:22:23,741 Epoch[11] Batch [180]	Speed: 17.06 samples/sec	Train-accuracy=0.950000
2017-05-17 11:22:42,501 Epoch[11] Batch [190]	Speed: 17.06 samples/sec	Train-accuracy=0.946875
2017-05-17 11:23:01,256 Epoch[11] Batch [200]	Speed: 17.06 samples/sec	Train-accuracy=0.956250
2017-05-17 11:23:19,982 Epoch[11] Batch [210]	Speed: 17.09 samples/sec	Train-accuracy=0.959375
2017-05-17 11:23:38,719 Epoch[11] Batch [220]	Speed: 17.08 samples/sec	Train-accuracy=0.950000
2017-05-17 11:23:57,446 Epoch[11] Batch [230]	Speed: 17.09 samples/sec	Train-accuracy=0.934375
2017-05-17 11:24:16,192 Epoch[11] Batch [240]	Speed: 17.07 samples/sec	Train-accuracy=0.946875
2017-05-17 11:24:21,804 Epoch[11] Train-accuracy=0.979167
2017-05-17 11:24:21,804 Epoch[11] Time cost=455.906
2017-05-17 11:24:23,318 Saved checkpoint to "./resnet-101/finetune-resnet-101-train-add-seg-224-0012.params"
2017-05-17 11:24:29,481 Epoch[11] Validation-accuracy=0.734375
2017-05-17 11:24:48,825 Epoch[12] Batch [10]	Speed: 17.07 samples/sec	Train-accuracy=0.954545
2017-05-17 11:25:07,565 Epoch[12] Batch [20]	Speed: 17.08 samples/sec	Train-accuracy=0.975000
2017-05-17 11:25:26,254 Epoch[12] Batch [30]	Speed: 17.12 samples/sec	Train-accuracy=0.962500
2017-05-17 11:25:44,929 Epoch[12] Batch [40]	Speed: 17.14 samples/sec	Train-accuracy=0.950000
2017-05-17 11:26:03,705 Epoch[12] Batch [50]	Speed: 17.04 samples/sec	Train-accuracy=0.978125
2017-05-17 11:26:22,417 Epoch[12] Batch [60]	Speed: 17.10 samples/sec	Train-accuracy=0.950000
2017-05-17 11:26:41,163 Epoch[12] Batch [70]	Speed: 17.07 samples/sec	Train-accuracy=0.950000
2017-05-17 11:26:59,912 Epoch[12] Batch [80]	Speed: 17.07 samples/sec	Train-accuracy=0.959375
2017-05-17 11:27:18,669 Epoch[12] Batch [90]	Speed: 17.06 samples/sec	Train-accuracy=0.962500
2017-05-17 11:27:37,418 Epoch[12] Batch [100]	Speed: 17.07 samples/sec	Train-accuracy=0.971875
2017-05-17 11:27:56,146 Epoch[12] Batch [110]	Speed: 17.09 samples/sec	Train-accuracy=0.962500
2017-05-17 11:28:14,877 Epoch[12] Batch [120]	Speed: 17.08 samples/sec	Train-accuracy=0.940625
2017-05-17 11:28:33,595 Epoch[12] Batch [130]	Speed: 17.10 samples/sec	Train-accuracy=0.959375
2017-05-17 11:28:52,330 Epoch[12] Batch [140]	Speed: 17.08 samples/sec	Train-accuracy=0.953125
2017-05-17 11:29:11,077 Epoch[12] Batch [150]	Speed: 17.07 samples/sec	Train-accuracy=0.956250
2017-05-17 11:29:29,821 Epoch[12] Batch [160]	Speed: 17.07 samples/sec	Train-accuracy=0.921875
2017-05-17 11:29:48,569 Epoch[12] Batch [170]	Speed: 17.07 samples/sec	Train-accuracy=0.943750
2017-05-17 11:30:07,313 Epoch[12] Batch [180]	Speed: 17.07 samples/sec	Train-accuracy=0.953125
2017-05-17 11:30:26,057 Epoch[12] Batch [190]	Speed: 17.07 samples/sec	Train-accuracy=0.953125
2017-05-17 11:30:44,778 Epoch[12] Batch [200]	Speed: 17.09 samples/sec	Train-accuracy=0.943750
2017-05-17 11:31:03,491 Epoch[12] Batch [210]	Speed: 17.10 samples/sec	Train-accuracy=0.971875
2017-05-17 11:31:22,248 Epoch[12] Batch [220]	Speed: 17.06 samples/sec	Train-accuracy=0.953125
2017-05-17 11:31:40,983 Epoch[12] Batch [230]	Speed: 17.08 samples/sec	Train-accuracy=0.934375
2017-05-17 11:31:59,705 Epoch[12] Batch [240]	Speed: 17.09 samples/sec	Train-accuracy=0.931250
2017-05-17 11:32:05,311 Epoch[12] Train-accuracy=0.968750
2017-05-17 11:32:05,311 Epoch[12] Time cost=455.830
2017-05-17 11:32:06,797 Saved checkpoint to "./resnet-101/finetune-resnet-101-train-add-seg-224-0013.params"
2017-05-17 11:32:13,463 Epoch[12] Validation-accuracy=0.737981
2017-05-17 11:32:32,801 Epoch[13] Batch [10]	Speed: 17.08 samples/sec	Train-accuracy=0.954545
2017-05-17 11:32:51,506 Epoch[13] Batch [20]	Speed: 17.11 samples/sec	Train-accuracy=0.953125
2017-05-17 11:33:10,245 Epoch[13] Batch [30]	Speed: 17.08 samples/sec	Train-accuracy=0.959375
2017-05-17 11:33:28,966 Epoch[13] Batch [40]	Speed: 17.09 samples/sec	Train-accuracy=0.956250
2017-05-17 11:33:47,715 Epoch[13] Batch [50]	Speed: 17.07 samples/sec	Train-accuracy=0.931250
2017-05-17 11:34:06,442 Epoch[13] Batch [60]	Speed: 17.09 samples/sec	Train-accuracy=0.953125
2017-05-17 11:34:25,181 Epoch[13] Batch [70]	Speed: 17.08 samples/sec	Train-accuracy=0.943750
2017-05-17 11:34:43,902 Epoch[13] Batch [80]	Speed: 17.09 samples/sec	Train-accuracy=0.968750
2017-05-17 11:35:02,634 Epoch[13] Batch [90]	Speed: 17.08 samples/sec	Train-accuracy=0.959375
2017-05-17 11:35:21,367 Epoch[13] Batch [100]	Speed: 17.08 samples/sec	Train-accuracy=0.968750
2017-05-17 11:35:40,112 Epoch[13] Batch [110]	Speed: 17.07 samples/sec	Train-accuracy=0.959375
2017-05-17 11:35:58,848 Epoch[13] Batch [120]	Speed: 17.08 samples/sec	Train-accuracy=0.962500
2017-05-17 11:36:17,617 Epoch[13] Batch [130]	Speed: 17.05 samples/sec	Train-accuracy=0.959375
2017-05-17 11:36:36,358 Epoch[13] Batch [140]	Speed: 17.07 samples/sec	Train-accuracy=0.950000
2017-05-17 11:36:55,116 Epoch[13] Batch [150]	Speed: 17.06 samples/sec	Train-accuracy=0.956250
2017-05-17 11:37:13,859 Epoch[13] Batch [160]	Speed: 17.07 samples/sec	Train-accuracy=0.965625
2017-05-17 11:37:32,586 Epoch[13] Batch [170]	Speed: 17.09 samples/sec	Train-accuracy=0.959375
2017-05-17 11:37:51,331 Epoch[13] Batch [180]	Speed: 17.07 samples/sec	Train-accuracy=0.965625
2017-05-17 11:38:10,089 Epoch[13] Batch [190]	Speed: 17.06 samples/sec	Train-accuracy=0.937500
2017-05-17 11:38:28,798 Epoch[13] Batch [200]	Speed: 17.10 samples/sec	Train-accuracy=0.946875
2017-05-17 11:38:47,503 Epoch[13] Batch [210]	Speed: 17.11 samples/sec	Train-accuracy=0.953125
2017-05-17 11:39:06,221 Epoch[13] Batch [220]	Speed: 17.10 samples/sec	Train-accuracy=0.950000
2017-05-17 11:39:24,944 Epoch[13] Batch [230]	Speed: 17.09 samples/sec	Train-accuracy=0.950000
2017-05-17 11:39:43,653 Epoch[13] Batch [240]	Speed: 17.10 samples/sec	Train-accuracy=0.931250
2017-05-17 11:39:47,392 Epoch[13] Train-accuracy=0.968750
2017-05-17 11:39:47,392 Epoch[13] Time cost=453.929
2017-05-17 11:39:48,904 Saved checkpoint to "./resnet-101/finetune-resnet-101-train-add-seg-224-0014.params"
2017-05-17 11:39:55,575 Epoch[13] Validation-accuracy=0.737981
2017-05-17 11:40:14,923 Epoch[14] Batch [10]	Speed: 17.07 samples/sec	Train-accuracy=0.954545
2017-05-17 11:40:33,648 Epoch[14] Batch [20]	Speed: 17.09 samples/sec	Train-accuracy=0.965625
2017-05-17 11:40:52,377 Epoch[14] Batch [30]	Speed: 17.09 samples/sec	Train-accuracy=0.956250
2017-05-17 11:41:11,108 Epoch[14] Batch [40]	Speed: 17.08 samples/sec	Train-accuracy=0.965625
2017-05-17 11:41:29,817 Epoch[14] Batch [50]	Speed: 17.10 samples/sec	Train-accuracy=0.946875
2017-05-17 11:41:48,541 Epoch[14] Batch [60]	Speed: 17.09 samples/sec	Train-accuracy=0.965625
2017-05-17 11:42:07,271 Epoch[14] Batch [70]	Speed: 17.09 samples/sec	Train-accuracy=0.978125
2017-05-17 11:42:26,002 Epoch[14] Batch [80]	Speed: 17.08 samples/sec	Train-accuracy=0.953125
2017-05-17 11:42:44,756 Epoch[14] Batch [90]	Speed: 17.06 samples/sec	Train-accuracy=0.968750
2017-05-17 11:43:03,479 Epoch[14] Batch [100]	Speed: 17.09 samples/sec	Train-accuracy=0.934375
2017-05-17 11:43:22,201 Epoch[14] Batch [110]	Speed: 17.09 samples/sec	Train-accuracy=0.959375
2017-05-17 11:43:40,943 Epoch[14] Batch [120]	Speed: 17.07 samples/sec	Train-accuracy=0.962500
2017-05-17 11:43:59,670 Epoch[14] Batch [130]	Speed: 17.09 samples/sec	Train-accuracy=0.956250
2017-05-17 11:44:18,400 Epoch[14] Batch [140]	Speed: 17.09 samples/sec	Train-accuracy=0.965625
2017-05-17 11:44:37,140 Epoch[14] Batch [150]	Speed: 17.08 samples/sec	Train-accuracy=0.962500
2017-05-17 11:44:55,884 Epoch[14] Batch [160]	Speed: 17.07 samples/sec	Train-accuracy=0.943750
2017-05-17 11:45:14,610 Epoch[14] Batch [170]	Speed: 17.09 samples/sec	Train-accuracy=0.943750
2017-05-17 11:45:33,338 Epoch[14] Batch [180]	Speed: 17.09 samples/sec	Train-accuracy=0.962500
2017-05-17 11:45:52,070 Epoch[14] Batch [190]	Speed: 17.08 samples/sec	Train-accuracy=0.946875
2017-05-17 11:46:10,795 Epoch[14] Batch [200]	Speed: 17.09 samples/sec	Train-accuracy=0.968750
2017-05-17 11:46:29,527 Epoch[14] Batch [210]	Speed: 17.08 samples/sec	Train-accuracy=0.962500
2017-05-17 11:46:48,261 Epoch[14] Batch [220]	Speed: 17.08 samples/sec	Train-accuracy=0.962500
2017-05-17 11:47:06,968 Epoch[14] Batch [230]	Speed: 17.11 samples/sec	Train-accuracy=0.968750
2017-05-17 11:47:25,704 Epoch[14] Batch [240]	Speed: 17.08 samples/sec	Train-accuracy=0.956250
2017-05-17 11:47:31,336 Epoch[14] Train-accuracy=1.000000
2017-05-17 11:47:31,337 Epoch[14] Time cost=455.762
2017-05-17 11:47:32,866 Saved checkpoint to "./resnet-101/finetune-resnet-101-train-add-seg-224-0015.params"
2017-05-17 11:47:39,559 Epoch[14] Validation-accuracy=0.764423
2017-05-17 11:47:58,883 Epoch[15] Batch [10]	Speed: 17.09 samples/sec	Train-accuracy=0.974432
2017-05-17 11:48:17,613 Epoch[15] Batch [20]	Speed: 17.09 samples/sec	Train-accuracy=0.984375
2017-05-17 11:48:36,353 Epoch[15] Batch [30]	Speed: 17.08 samples/sec	Train-accuracy=0.978125
2017-05-17 11:48:55,076 Epoch[15] Batch [40]	Speed: 17.09 samples/sec	Train-accuracy=0.959375
2017-05-17 11:49:13,822 Epoch[15] Batch [50]	Speed: 17.07 samples/sec	Train-accuracy=0.968750
2017-05-17 11:49:32,550 Epoch[15] Batch [60]	Speed: 17.09 samples/sec	Train-accuracy=0.971875
2017-05-17 11:49:51,271 Epoch[15] Batch [70]	Speed: 17.09 samples/sec	Train-accuracy=0.975000
2017-05-17 11:50:10,021 Epoch[15] Batch [80]	Speed: 17.07 samples/sec	Train-accuracy=0.965625
2017-05-17 11:50:28,762 Epoch[15] Batch [90]	Speed: 17.08 samples/sec	Train-accuracy=0.956250
2017-05-17 11:50:47,485 Epoch[15] Batch [100]	Speed: 17.09 samples/sec	Train-accuracy=0.953125
2017-05-17 11:51:06,219 Epoch[15] Batch [110]	Speed: 17.08 samples/sec	Train-accuracy=0.956250
2017-05-17 11:51:24,939 Epoch[15] Batch [120]	Speed: 17.10 samples/sec	Train-accuracy=0.956250
2017-05-17 11:51:43,687 Epoch[15] Batch [130]	Speed: 17.07 samples/sec	Train-accuracy=0.975000
2017-05-17 11:52:02,420 Epoch[15] Batch [140]	Speed: 17.08 samples/sec	Train-accuracy=0.981250
2017-05-17 11:52:21,162 Epoch[15] Batch [150]	Speed: 17.07 samples/sec	Train-accuracy=0.940625
2017-05-17 11:52:39,908 Epoch[15] Batch [160]	Speed: 17.07 samples/sec	Train-accuracy=0.975000
2017-05-17 11:52:58,641 Epoch[15] Batch [170]	Speed: 17.08 samples/sec	Train-accuracy=0.981250
2017-05-17 11:53:17,384 Epoch[15] Batch [180]	Speed: 17.07 samples/sec	Train-accuracy=0.962500
2017-05-17 11:53:36,115 Epoch[15] Batch [190]	Speed: 17.08 samples/sec	Train-accuracy=0.978125
2017-05-17 11:53:54,864 Epoch[15] Batch [200]	Speed: 17.07 samples/sec	Train-accuracy=0.981250
2017-05-17 11:54:13,623 Epoch[15] Batch [210]	Speed: 17.06 samples/sec	Train-accuracy=0.975000
2017-05-17 11:54:32,345 Epoch[15] Batch [220]	Speed: 17.09 samples/sec	Train-accuracy=0.962500
2017-05-17 11:54:51,062 Epoch[15] Batch [230]	Speed: 17.10 samples/sec	Train-accuracy=0.981250
2017-05-17 11:55:09,791 Epoch[15] Batch [240]	Speed: 17.09 samples/sec	Train-accuracy=0.953125
2017-05-17 11:55:15,442 Epoch[15] Train-accuracy=0.937500
2017-05-17 11:55:15,443 Epoch[15] Time cost=455.883
2017-05-17 11:55:16,938 Saved checkpoint to "./resnet-101/finetune-resnet-101-train-add-seg-224-0016.params"
2017-05-17 11:55:23,617 Epoch[15] Validation-accuracy=0.752404
2017-05-17 11:55:42,970 Epoch[16] Batch [10]	Speed: 17.06 samples/sec	Train-accuracy=0.963068
2017-05-17 11:56:01,707 Epoch[16] Batch [20]	Speed: 17.08 samples/sec	Train-accuracy=0.975000
2017-05-17 11:56:20,461 Epoch[16] Batch [30]	Speed: 17.06 samples/sec	Train-accuracy=0.925000
2017-05-17 11:56:39,211 Epoch[16] Batch [40]	Speed: 17.07 samples/sec	Train-accuracy=0.937500
2017-05-17 11:56:57,961 Epoch[16] Batch [50]	Speed: 17.07 samples/sec	Train-accuracy=0.965625
2017-05-17 11:57:16,706 Epoch[16] Batch [60]	Speed: 17.07 samples/sec	Train-accuracy=0.959375
2017-05-17 11:57:35,435 Epoch[16] Batch [70]	Speed: 17.09 samples/sec	Train-accuracy=0.975000
2017-05-17 11:57:54,187 Epoch[16] Batch [80]	Speed: 17.07 samples/sec	Train-accuracy=0.962500
2017-05-17 11:58:12,931 Epoch[16] Batch [90]	Speed: 17.07 samples/sec	Train-accuracy=0.959375
2017-05-17 11:58:31,674 Epoch[16] Batch [100]	Speed: 17.07 samples/sec	Train-accuracy=0.946875
2017-05-17 11:58:50,432 Epoch[16] Batch [110]	Speed: 17.06 samples/sec	Train-accuracy=0.965625
2017-05-17 11:59:09,186 Epoch[16] Batch [120]	Speed: 17.06 samples/sec	Train-accuracy=0.984375
2017-05-17 11:59:27,936 Epoch[16] Batch [130]	Speed: 17.07 samples/sec	Train-accuracy=0.981250
2017-05-17 11:59:46,660 Epoch[16] Batch [140]	Speed: 17.09 samples/sec	Train-accuracy=0.965625
2017-05-17 12:00:05,375 Epoch[16] Batch [150]	Speed: 17.10 samples/sec	Train-accuracy=0.975000
2017-05-17 12:00:24,116 Epoch[16] Batch [160]	Speed: 17.08 samples/sec	Train-accuracy=0.962500
2017-05-17 12:00:42,852 Epoch[16] Batch [170]	Speed: 17.08 samples/sec	Train-accuracy=0.956250
2017-05-17 12:01:01,586 Epoch[16] Batch [180]	Speed: 17.08 samples/sec	Train-accuracy=0.959375
2017-05-17 12:01:20,304 Epoch[16] Batch [190]	Speed: 17.10 samples/sec	Train-accuracy=0.965625
2017-05-17 12:01:39,035 Epoch[16] Batch [200]	Speed: 17.09 samples/sec	Train-accuracy=0.971875
2017-05-17 12:01:57,751 Epoch[16] Batch [210]	Speed: 17.10 samples/sec	Train-accuracy=0.984375
2017-05-17 12:02:16,494 Epoch[16] Batch [220]	Speed: 17.07 samples/sec	Train-accuracy=0.987500
2017-05-17 12:02:35,227 Epoch[16] Batch [230]	Speed: 17.08 samples/sec	Train-accuracy=0.984375
2017-05-17 12:02:54,003 Epoch[16] Batch [240]	Speed: 17.04 samples/sec	Train-accuracy=0.943750
2017-05-17 12:02:59,631 Epoch[16] Train-accuracy=0.958333
2017-05-17 12:02:59,631 Epoch[16] Time cost=456.014
2017-05-17 12:03:01,157 Saved checkpoint to "./resnet-101/finetune-resnet-101-train-add-seg-224-0017.params"
2017-05-17 12:03:07,858 Epoch[16] Validation-accuracy=0.740385
2017-05-17 12:03:27,196 Epoch[17] Batch [10]	Speed: 17.08 samples/sec	Train-accuracy=0.963068
2017-05-17 12:03:45,932 Epoch[17] Batch [20]	Speed: 17.08 samples/sec	Train-accuracy=0.978125
2017-05-17 12:04:04,681 Epoch[17] Batch [30]	Speed: 17.07 samples/sec	Train-accuracy=0.978125
2017-05-17 12:04:23,430 Epoch[17] Batch [40]	Speed: 17.07 samples/sec	Train-accuracy=0.956250
2017-05-17 12:04:42,162 Epoch[17] Batch [50]	Speed: 17.08 samples/sec	Train-accuracy=0.934375
2017-05-17 12:05:00,909 Epoch[17] Batch [60]	Speed: 17.07 samples/sec	Train-accuracy=0.965625
2017-05-17 12:05:19,642 Epoch[17] Batch [70]	Speed: 17.08 samples/sec	Train-accuracy=0.956250
2017-05-17 12:05:38,389 Epoch[17] Batch [80]	Speed: 17.07 samples/sec	Train-accuracy=0.975000
2017-05-17 12:05:57,127 Epoch[17] Batch [90]	Speed: 17.08 samples/sec	Train-accuracy=0.953125
2017-05-17 12:06:15,866 Epoch[17] Batch [100]	Speed: 17.08 samples/sec	Train-accuracy=0.978125
2017-05-17 12:06:34,600 Epoch[17] Batch [110]	Speed: 17.08 samples/sec	Train-accuracy=0.959375
2017-05-17 12:06:53,346 Epoch[17] Batch [120]	Speed: 17.07 samples/sec	Train-accuracy=0.959375
2017-05-17 12:07:12,102 Epoch[17] Batch [130]	Speed: 17.06 samples/sec	Train-accuracy=0.987500
2017-05-17 12:07:30,854 Epoch[17] Batch [140]	Speed: 17.07 samples/sec	Train-accuracy=0.946875
2017-05-17 12:07:49,599 Epoch[17] Batch [150]	Speed: 17.07 samples/sec	Train-accuracy=0.962500
2017-05-17 12:08:08,331 Epoch[17] Batch [160]	Speed: 17.08 samples/sec	Train-accuracy=0.984375
2017-05-17 12:08:27,090 Epoch[17] Batch [170]	Speed: 17.06 samples/sec	Train-accuracy=0.984375
2017-05-17 12:08:45,826 Epoch[17] Batch [180]	Speed: 17.08 samples/sec	Train-accuracy=0.975000
2017-05-17 12:09:04,557 Epoch[17] Batch [190]	Speed: 17.08 samples/sec	Train-accuracy=0.978125
2017-05-17 12:09:23,303 Epoch[17] Batch [200]	Speed: 17.07 samples/sec	Train-accuracy=0.971875
2017-05-17 12:09:42,057 Epoch[17] Batch [210]	Speed: 17.06 samples/sec	Train-accuracy=0.984375
2017-05-17 12:10:00,799 Epoch[17] Batch [220]	Speed: 17.07 samples/sec	Train-accuracy=0.984375
2017-05-17 12:10:19,549 Epoch[17] Batch [230]	Speed: 17.07 samples/sec	Train-accuracy=0.959375
2017-05-17 12:10:38,325 Epoch[17] Batch [240]	Speed: 17.04 samples/sec	Train-accuracy=0.962500
2017-05-17 12:10:43,948 Epoch[17] Train-accuracy=0.968750
2017-05-17 12:10:43,949 Epoch[17] Time cost=456.090
2017-05-17 12:10:45,475 Saved checkpoint to "./resnet-101/finetune-resnet-101-train-add-seg-224-0018.params"
2017-05-17 12:10:52,149 Epoch[17] Validation-accuracy=0.752404
2017-05-17 12:11:11,495 Epoch[18] Batch [10]	Speed: 17.07 samples/sec	Train-accuracy=0.974432
2017-05-17 12:11:30,230 Epoch[18] Batch [20]	Speed: 17.08 samples/sec	Train-accuracy=0.978125
2017-05-17 12:11:48,987 Epoch[18] Batch [30]	Speed: 17.06 samples/sec	Train-accuracy=0.959375
2017-05-17 12:12:07,734 Epoch[18] Batch [40]	Speed: 17.07 samples/sec	Train-accuracy=0.946875
2017-05-17 12:12:26,460 Epoch[18] Batch [50]	Speed: 17.09 samples/sec	Train-accuracy=0.981250
2017-05-17 12:12:45,192 Epoch[18] Batch [60]	Speed: 17.08 samples/sec	Train-accuracy=0.971875
2017-05-17 12:13:03,931 Epoch[18] Batch [70]	Speed: 17.08 samples/sec	Train-accuracy=0.981250
2017-05-17 12:13:22,655 Epoch[18] Batch [80]	Speed: 17.09 samples/sec	Train-accuracy=0.987500
2017-05-17 12:13:41,414 Epoch[18] Batch [90]	Speed: 17.06 samples/sec	Train-accuracy=0.968750
2017-05-17 12:14:00,160 Epoch[18] Batch [100]	Speed: 17.07 samples/sec	Train-accuracy=0.975000
2017-05-17 12:14:18,914 Epoch[18] Batch [110]	Speed: 17.06 samples/sec	Train-accuracy=0.981250
2017-05-17 12:14:37,659 Epoch[18] Batch [120]	Speed: 17.07 samples/sec	Train-accuracy=0.987500
2017-05-17 12:14:56,393 Epoch[18] Batch [130]	Speed: 17.08 samples/sec	Train-accuracy=0.965625
2017-05-17 12:15:15,127 Epoch[18] Batch [140]	Speed: 17.08 samples/sec	Train-accuracy=0.950000
2017-05-17 12:15:33,863 Epoch[18] Batch [150]	Speed: 17.08 samples/sec	Train-accuracy=0.978125
2017-05-17 12:15:52,583 Epoch[18] Batch [160]	Speed: 17.09 samples/sec	Train-accuracy=0.971875
2017-05-17 12:16:11,314 Epoch[18] Batch [170]	Speed: 17.08 samples/sec	Train-accuracy=0.978125
2017-05-17 12:16:30,038 Epoch[18] Batch [180]	Speed: 17.09 samples/sec	Train-accuracy=0.962500
2017-05-17 12:16:48,775 Epoch[18] Batch [190]	Speed: 17.08 samples/sec	Train-accuracy=0.978125
2017-05-17 12:17:07,510 Epoch[18] Batch [200]	Speed: 17.08 samples/sec	Train-accuracy=0.984375
2017-05-17 12:17:26,240 Epoch[18] Batch [210]	Speed: 17.09 samples/sec	Train-accuracy=0.965625
2017-05-17 12:17:44,990 Epoch[18] Batch [220]	Speed: 17.07 samples/sec	Train-accuracy=0.984375
2017-05-17 12:18:03,763 Epoch[18] Batch [230]	Speed: 17.05 samples/sec	Train-accuracy=0.981250
2017-05-17 12:18:22,489 Epoch[18] Batch [240]	Speed: 17.09 samples/sec	Train-accuracy=0.981250
2017-05-17 12:18:26,233 Epoch[18] Train-accuracy=1.000000
2017-05-17 12:18:26,234 Epoch[18] Time cost=454.084
2017-05-17 12:18:27,755 Saved checkpoint to "./resnet-101/finetune-resnet-101-train-add-seg-224-0019.params"
2017-05-17 12:18:33,923 Epoch[18] Validation-accuracy=0.763021
2017-05-17 12:18:53,261 Epoch[19] Batch [10]	Speed: 17.08 samples/sec	Train-accuracy=0.971591
2017-05-17 12:19:11,994 Epoch[19] Batch [20]	Speed: 17.08 samples/sec	Train-accuracy=0.971875
2017-05-17 12:19:30,726 Epoch[19] Batch [30]	Speed: 17.08 samples/sec	Train-accuracy=0.987500
2017-05-17 12:19:49,458 Epoch[19] Batch [40]	Speed: 17.08 samples/sec	Train-accuracy=0.978125
2017-05-17 12:20:08,208 Epoch[19] Batch [50]	Speed: 17.07 samples/sec	Train-accuracy=0.962500
2017-05-17 12:20:26,910 Epoch[19] Batch [60]	Speed: 17.11 samples/sec	Train-accuracy=0.971875
2017-05-17 12:20:45,675 Epoch[19] Batch [70]	Speed: 17.05 samples/sec	Train-accuracy=0.984375
2017-05-17 12:21:04,414 Epoch[19] Batch [80]	Speed: 17.08 samples/sec	Train-accuracy=0.975000
2017-05-17 12:21:23,123 Epoch[19] Batch [90]	Speed: 17.10 samples/sec	Train-accuracy=0.975000
2017-05-17 12:21:41,856 Epoch[19] Batch [100]	Speed: 17.08 samples/sec	Train-accuracy=0.984375
2017-05-17 12:22:00,616 Epoch[19] Batch [110]	Speed: 17.06 samples/sec	Train-accuracy=0.984375
2017-05-17 12:22:19,341 Epoch[19] Batch [120]	Speed: 17.09 samples/sec	Train-accuracy=0.984375
2017-05-17 12:22:38,082 Epoch[19] Batch [130]	Speed: 17.08 samples/sec	Train-accuracy=0.978125
2017-05-17 12:22:56,819 Epoch[19] Batch [140]	Speed: 17.08 samples/sec	Train-accuracy=0.971875
2017-05-17 12:23:15,538 Epoch[19] Batch [150]	Speed: 17.10 samples/sec	Train-accuracy=0.981250
2017-05-17 12:23:34,291 Epoch[19] Batch [160]	Speed: 17.06 samples/sec	Train-accuracy=0.959375
2017-05-17 12:23:53,034 Epoch[19] Batch [170]	Speed: 17.07 samples/sec	Train-accuracy=0.968750
2017-05-17 12:24:11,755 Epoch[19] Batch [180]	Speed: 17.09 samples/sec	Train-accuracy=0.984375
2017-05-17 12:24:30,521 Epoch[19] Batch [190]	Speed: 17.05 samples/sec	Train-accuracy=0.965625
2017-05-17 12:24:49,299 Epoch[19] Batch [200]	Speed: 17.04 samples/sec	Train-accuracy=0.971875
2017-05-17 12:25:08,016 Epoch[19] Batch [210]	Speed: 17.10 samples/sec	Train-accuracy=0.971875
2017-05-17 12:25:26,763 Epoch[19] Batch [220]	Speed: 17.07 samples/sec	Train-accuracy=0.984375
2017-05-17 12:25:45,475 Epoch[19] Batch [230]	Speed: 17.10 samples/sec	Train-accuracy=0.984375
2017-05-17 12:26:04,219 Epoch[19] Batch [240]	Speed: 17.07 samples/sec	Train-accuracy=0.978125
2017-05-17 12:26:09,843 Epoch[19] Train-accuracy=0.989583
2017-05-17 12:26:09,844 Epoch[19] Time cost=455.920
2017-05-17 12:26:11,361 Saved checkpoint to "./resnet-101/finetune-resnet-101-train-add-seg-224-0020.params"
2017-05-17 12:26:18,068 Epoch[19] Validation-accuracy=0.737981
2017-05-17 12:26:37,426 Epoch[20] Batch [10]	Speed: 17.07 samples/sec	Train-accuracy=0.985795
2017-05-17 12:26:56,163 Epoch[20] Batch [20]	Speed: 17.08 samples/sec	Train-accuracy=0.987500
2017-05-17 12:27:14,877 Epoch[20] Batch [30]	Speed: 17.10 samples/sec	Train-accuracy=0.987500
2017-05-17 12:27:33,615 Epoch[20] Batch [40]	Speed: 17.08 samples/sec	Train-accuracy=0.978125
2017-05-17 12:27:52,341 Epoch[20] Batch [50]	Speed: 17.09 samples/sec	Train-accuracy=0.984375
2017-05-17 12:28:11,045 Epoch[20] Batch [60]	Speed: 17.11 samples/sec	Train-accuracy=0.975000
2017-05-17 12:28:29,759 Epoch[20] Batch [70]	Speed: 17.10 samples/sec	Train-accuracy=0.975000
2017-05-17 12:28:48,476 Epoch[20] Batch [80]	Speed: 17.10 samples/sec	Train-accuracy=0.987500
2017-05-17 12:29:07,217 Epoch[20] Batch [90]	Speed: 17.08 samples/sec	Train-accuracy=0.978125
2017-05-17 12:29:25,934 Epoch[20] Batch [100]	Speed: 17.10 samples/sec	Train-accuracy=0.990625
2017-05-17 12:29:44,659 Epoch[20] Batch [110]	Speed: 17.09 samples/sec	Train-accuracy=0.978125
2017-05-17 12:30:03,379 Epoch[20] Batch [120]	Speed: 17.09 samples/sec	Train-accuracy=0.990625
2017-05-17 12:30:22,114 Epoch[20] Batch [130]	Speed: 17.08 samples/sec	Train-accuracy=0.987500
2017-05-17 12:30:40,855 Epoch[20] Batch [140]	Speed: 17.08 samples/sec	Train-accuracy=0.987500
2017-05-17 12:30:59,580 Epoch[20] Batch [150]	Speed: 17.09 samples/sec	Train-accuracy=0.975000
2017-05-17 12:31:18,286 Epoch[20] Batch [160]	Speed: 17.11 samples/sec	Train-accuracy=0.971875
2017-05-17 12:31:37,008 Epoch[20] Batch [170]	Speed: 17.09 samples/sec	Train-accuracy=0.990625
2017-05-17 12:31:55,736 Epoch[20] Batch [180]	Speed: 17.09 samples/sec	Train-accuracy=0.978125
2017-05-17 12:32:14,462 Epoch[20] Batch [190]	Speed: 17.09 samples/sec	Train-accuracy=0.996875
2017-05-17 12:32:33,184 Epoch[20] Batch [200]	Speed: 17.09 samples/sec	Train-accuracy=0.993750
2017-05-17 12:32:51,893 Epoch[20] Batch [210]	Speed: 17.11 samples/sec	Train-accuracy=0.990625
2017-05-17 12:33:10,611 Epoch[20] Batch [220]	Speed: 17.10 samples/sec	Train-accuracy=0.984375
2017-05-17 12:33:29,336 Epoch[20] Batch [230]	Speed: 17.09 samples/sec	Train-accuracy=0.993750
2017-05-17 12:33:48,060 Epoch[20] Batch [240]	Speed: 17.09 samples/sec	Train-accuracy=0.993750
2017-05-17 12:33:53,667 Epoch[20] Train-accuracy=0.989583
2017-05-17 12:33:53,668 Epoch[20] Time cost=455.599
2017-05-17 12:33:55,190 Saved checkpoint to "./resnet-101/finetune-resnet-101-train-add-seg-224-0021.params"
2017-05-17 12:34:01,865 Epoch[20] Validation-accuracy=0.730769
2017-05-17 12:34:21,192 Epoch[21] Batch [10]	Speed: 17.09 samples/sec	Train-accuracy=0.982955
2017-05-17 12:34:39,935 Epoch[21] Batch [20]	Speed: 17.07 samples/sec	Train-accuracy=0.984375
2017-05-17 12:34:58,660 Epoch[21] Batch [30]	Speed: 17.09 samples/sec	Train-accuracy=0.987500
2017-05-17 12:35:17,353 Epoch[21] Batch [40]	Speed: 17.12 samples/sec	Train-accuracy=0.987500
2017-05-17 12:35:36,081 Epoch[21] Batch [50]	Speed: 17.09 samples/sec	Train-accuracy=0.984375
2017-05-17 12:35:54,804 Epoch[21] Batch [60]	Speed: 17.09 samples/sec	Train-accuracy=0.978125
2017-05-17 12:36:13,557 Epoch[21] Batch [70]	Speed: 17.06 samples/sec	Train-accuracy=0.981250
2017-05-17 12:36:32,272 Epoch[21] Batch [80]	Speed: 17.10 samples/sec	Train-accuracy=0.975000
2017-05-17 12:36:51,019 Epoch[21] Batch [90]	Speed: 17.07 samples/sec	Train-accuracy=0.978125
2017-05-17 12:37:09,763 Epoch[21] Batch [100]	Speed: 17.07 samples/sec	Train-accuracy=0.981250
2017-05-17 12:37:28,497 Epoch[21] Batch [110]	Speed: 17.08 samples/sec	Train-accuracy=0.975000
2017-05-17 12:37:47,225 Epoch[21] Batch [120]	Speed: 17.09 samples/sec	Train-accuracy=0.987500
2017-05-17 12:38:06,001 Epoch[21] Batch [130]	Speed: 17.04 samples/sec	Train-accuracy=0.984375
2017-05-17 12:38:24,742 Epoch[21] Batch [140]	Speed: 17.08 samples/sec	Train-accuracy=0.978125
2017-05-17 12:38:43,466 Epoch[21] Batch [150]	Speed: 17.09 samples/sec	Train-accuracy=0.990625
2017-05-17 12:39:02,210 Epoch[21] Batch [160]	Speed: 17.07 samples/sec	Train-accuracy=0.956250
2017-05-17 12:39:20,931 Epoch[21] Batch [170]	Speed: 17.09 samples/sec	Train-accuracy=0.975000
2017-05-17 12:39:39,664 Epoch[21] Batch [180]	Speed: 17.08 samples/sec	Train-accuracy=0.990625
2017-05-17 12:39:58,398 Epoch[21] Batch [190]	Speed: 17.08 samples/sec	Train-accuracy=0.990625
2017-05-17 12:40:17,156 Epoch[21] Batch [200]	Speed: 17.06 samples/sec	Train-accuracy=0.981250
2017-05-17 12:40:35,857 Epoch[21] Batch [210]	Speed: 17.11 samples/sec	Train-accuracy=0.984375
2017-05-17 12:40:54,590 Epoch[21] Batch [220]	Speed: 17.08 samples/sec	Train-accuracy=0.990625
2017-05-17 12:41:13,332 Epoch[21] Batch [230]	Speed: 17.07 samples/sec	Train-accuracy=0.993750
2017-05-17 12:41:32,072 Epoch[21] Batch [240]	Speed: 17.08 samples/sec	Train-accuracy=0.978125
2017-05-17 12:41:37,702 Epoch[21] Train-accuracy=0.968750
2017-05-17 12:41:37,703 Epoch[21] Time cost=455.837
2017-05-17 12:41:39,227 Saved checkpoint to "./resnet-101/finetune-resnet-101-train-add-seg-224-0022.params"
2017-05-17 12:41:45,920 Epoch[21] Validation-accuracy=0.762019
2017-05-17 12:42:05,259 Epoch[22] Batch [10]	Speed: 17.08 samples/sec	Train-accuracy=0.980114
2017-05-17 12:42:23,982 Epoch[22] Batch [20]	Speed: 17.09 samples/sec	Train-accuracy=0.987500
2017-05-17 12:42:42,723 Epoch[22] Batch [30]	Speed: 17.08 samples/sec	Train-accuracy=0.959375
2017-05-17 12:43:01,456 Epoch[22] Batch [40]	Speed: 17.08 samples/sec	Train-accuracy=0.975000
2017-05-17 12:43:20,169 Epoch[22] Batch [50]	Speed: 17.10 samples/sec	Train-accuracy=0.971875
2017-05-17 12:43:38,913 Epoch[22] Batch [60]	Speed: 17.07 samples/sec	Train-accuracy=0.993750
2017-05-17 12:43:57,657 Epoch[22] Batch [70]	Speed: 17.07 samples/sec	Train-accuracy=0.965625
2017-05-17 12:44:16,393 Epoch[22] Batch [80]	Speed: 17.08 samples/sec	Train-accuracy=0.990625
2017-05-17 12:44:35,139 Epoch[22] Batch [90]	Speed: 17.07 samples/sec	Train-accuracy=0.978125
2017-05-17 12:44:53,885 Epoch[22] Batch [100]	Speed: 17.07 samples/sec	Train-accuracy=0.987500
2017-05-17 12:45:12,611 Epoch[22] Batch [110]	Speed: 17.09 samples/sec	Train-accuracy=0.993750
2017-05-17 12:45:31,347 Epoch[22] Batch [120]	Speed: 17.08 samples/sec	Train-accuracy=0.984375
2017-05-17 12:45:50,084 Epoch[22] Batch [130]	Speed: 17.08 samples/sec	Train-accuracy=0.968750
2017-05-17 12:46:08,824 Epoch[22] Batch [140]	Speed: 17.08 samples/sec	Train-accuracy=0.965625
2017-05-17 12:46:27,530 Epoch[22] Batch [150]	Speed: 17.11 samples/sec	Train-accuracy=0.987500
2017-05-17 12:46:46,249 Epoch[22] Batch [160]	Speed: 17.10 samples/sec	Train-accuracy=0.981250
2017-05-17 12:47:04,978 Epoch[22] Batch [170]	Speed: 17.09 samples/sec	Train-accuracy=1.000000
2017-05-17 12:47:23,745 Epoch[22] Batch [180]	Speed: 17.05 samples/sec	Train-accuracy=0.993750
2017-05-17 12:47:42,492 Epoch[22] Batch [190]	Speed: 17.07 samples/sec	Train-accuracy=0.993750
2017-05-17 12:48:01,215 Epoch[22] Batch [200]	Speed: 17.09 samples/sec	Train-accuracy=0.990625
2017-05-17 12:48:19,952 Epoch[22] Batch [210]	Speed: 17.08 samples/sec	Train-accuracy=0.981250
2017-05-17 12:48:38,712 Epoch[22] Batch [220]	Speed: 17.06 samples/sec	Train-accuracy=0.981250
2017-05-17 12:48:57,439 Epoch[22] Batch [230]	Speed: 17.09 samples/sec	Train-accuracy=0.984375
2017-05-17 12:49:16,160 Epoch[22] Batch [240]	Speed: 17.09 samples/sec	Train-accuracy=0.987500
2017-05-17 12:49:19,909 Epoch[22] Train-accuracy=1.000000
2017-05-17 12:49:19,909 Epoch[22] Time cost=453.989
2017-05-17 12:49:21,433 Saved checkpoint to "./resnet-101/finetune-resnet-101-train-add-seg-224-0023.params"
2017-05-17 12:49:28,133 Epoch[22] Validation-accuracy=0.776442
2017-05-17 12:49:47,502 Epoch[23] Batch [10]	Speed: 17.05 samples/sec	Train-accuracy=0.982955
2017-05-17 12:50:06,238 Epoch[23] Batch [20]	Speed: 17.08 samples/sec	Train-accuracy=0.981250
2017-05-17 12:50:24,970 Epoch[23] Batch [30]	Speed: 17.08 samples/sec	Train-accuracy=0.990625
2017-05-17 12:50:43,702 Epoch[23] Batch [40]	Speed: 17.08 samples/sec	Train-accuracy=0.981250
2017-05-17 12:51:02,430 Epoch[23] Batch [50]	Speed: 17.09 samples/sec	Train-accuracy=0.984375
2017-05-17 12:51:21,165 Epoch[23] Batch [60]	Speed: 17.08 samples/sec	Train-accuracy=0.990625
2017-05-17 12:51:39,909 Epoch[23] Batch [70]	Speed: 17.07 samples/sec	Train-accuracy=0.993750
2017-05-17 12:51:58,644 Epoch[23] Batch [80]	Speed: 17.08 samples/sec	Train-accuracy=0.984375
2017-05-17 12:52:17,387 Epoch[23] Batch [90]	Speed: 17.07 samples/sec	Train-accuracy=0.978125
2017-05-17 12:52:36,121 Epoch[23] Batch [100]	Speed: 17.08 samples/sec	Train-accuracy=0.990625
2017-05-17 12:52:54,863 Epoch[23] Batch [110]	Speed: 17.07 samples/sec	Train-accuracy=0.978125
2017-05-17 12:53:13,603 Epoch[23] Batch [120]	Speed: 17.08 samples/sec	Train-accuracy=0.971875
2017-05-17 12:53:32,326 Epoch[23] Batch [130]	Speed: 17.09 samples/sec	Train-accuracy=0.981250
2017-05-17 12:53:51,064 Epoch[23] Batch [140]	Speed: 17.08 samples/sec	Train-accuracy=0.978125
2017-05-17 12:54:09,811 Epoch[23] Batch [150]	Speed: 17.07 samples/sec	Train-accuracy=0.971875
2017-05-17 12:54:28,541 Epoch[23] Batch [160]	Speed: 17.09 samples/sec	Train-accuracy=0.968750
2017-05-17 12:54:47,281 Epoch[23] Batch [170]	Speed: 17.08 samples/sec	Train-accuracy=0.975000
2017-05-17 12:55:06,006 Epoch[23] Batch [180]	Speed: 17.09 samples/sec	Train-accuracy=0.990625
2017-05-17 12:55:24,736 Epoch[23] Batch [190]	Speed: 17.09 samples/sec	Train-accuracy=0.981250
2017-05-17 12:55:43,455 Epoch[23] Batch [200]	Speed: 17.10 samples/sec	Train-accuracy=0.987500
2017-05-17 12:56:02,193 Epoch[23] Batch [210]	Speed: 17.08 samples/sec	Train-accuracy=0.990625
2017-05-17 12:56:20,928 Epoch[23] Batch [220]	Speed: 17.08 samples/sec	Train-accuracy=0.996875
2017-05-17 12:56:39,666 Epoch[23] Batch [230]	Speed: 17.08 samples/sec	Train-accuracy=0.990625
2017-05-17 12:56:58,400 Epoch[23] Batch [240]	Speed: 17.08 samples/sec	Train-accuracy=0.987500
2017-05-17 12:57:04,035 Epoch[23] Train-accuracy=1.000000
2017-05-17 12:57:04,035 Epoch[23] Time cost=455.902
2017-05-17 12:57:05,575 Saved checkpoint to "./resnet-101/finetune-resnet-101-train-add-seg-224-0024.params"
2017-05-17 12:57:12,265 Epoch[23] Validation-accuracy=0.757212
2017-05-17 12:57:31,594 Epoch[24] Batch [10]	Speed: 17.09 samples/sec	Train-accuracy=0.977273
2017-05-17 12:57:50,340 Epoch[24] Batch [20]	Speed: 17.07 samples/sec	Train-accuracy=0.984375
2017-05-17 12:58:09,069 Epoch[24] Batch [30]	Speed: 17.09 samples/sec	Train-accuracy=0.987500
2017-05-17 12:58:27,826 Epoch[24] Batch [40]	Speed: 17.06 samples/sec	Train-accuracy=0.978125
2017-05-17 12:58:46,591 Epoch[24] Batch [50]	Speed: 17.05 samples/sec	Train-accuracy=0.987500
2017-05-17 12:59:05,320 Epoch[24] Batch [60]	Speed: 17.09 samples/sec	Train-accuracy=0.993750
2017-05-17 12:59:24,068 Epoch[24] Batch [70]	Speed: 17.07 samples/sec	Train-accuracy=0.981250
2017-05-17 12:59:42,809 Epoch[24] Batch [80]	Speed: 17.08 samples/sec	Train-accuracy=0.984375
2017-05-17 13:00:01,573 Epoch[24] Batch [90]	Speed: 17.05 samples/sec	Train-accuracy=0.971875
2017-05-17 13:00:20,330 Epoch[24] Batch [100]	Speed: 17.06 samples/sec	Train-accuracy=0.978125
2017-05-17 13:00:39,071 Epoch[24] Batch [110]	Speed: 17.08 samples/sec	Train-accuracy=0.987500
2017-05-17 13:00:57,838 Epoch[24] Batch [120]	Speed: 17.05 samples/sec	Train-accuracy=0.984375
2017-05-17 13:01:16,577 Epoch[24] Batch [130]	Speed: 17.08 samples/sec	Train-accuracy=0.993750
2017-05-17 13:01:35,315 Epoch[24] Batch [140]	Speed: 17.08 samples/sec	Train-accuracy=0.984375
2017-05-17 13:01:54,063 Epoch[24] Batch [150]	Speed: 17.07 samples/sec	Train-accuracy=0.993750
2017-05-17 13:02:12,814 Epoch[24] Batch [160]	Speed: 17.07 samples/sec	Train-accuracy=0.981250
2017-05-17 13:02:31,560 Epoch[24] Batch [170]	Speed: 17.07 samples/sec	Train-accuracy=0.981250
2017-05-17 13:02:50,283 Epoch[24] Batch [180]	Speed: 17.09 samples/sec	Train-accuracy=0.984375
2017-05-17 13:03:09,036 Epoch[24] Batch [190]	Speed: 17.06 samples/sec	Train-accuracy=0.987500
2017-05-17 13:03:27,790 Epoch[24] Batch [200]	Speed: 17.06 samples/sec	Train-accuracy=0.987500
2017-05-17 13:03:46,525 Epoch[24] Batch [210]	Speed: 17.08 samples/sec	Train-accuracy=0.996875
2017-05-17 13:04:05,276 Epoch[24] Batch [220]	Speed: 17.07 samples/sec	Train-accuracy=0.993750
2017-05-17 13:04:23,995 Epoch[24] Batch [230]	Speed: 17.10 samples/sec	Train-accuracy=0.987500
2017-05-17 13:04:42,768 Epoch[24] Batch [240]	Speed: 17.05 samples/sec	Train-accuracy=0.984375
2017-05-17 13:04:48,397 Epoch[24] Train-accuracy=0.989583
2017-05-17 13:04:48,397 Epoch[24] Time cost=456.132
2017-05-17 13:04:49,921 Saved checkpoint to "./resnet-101/finetune-resnet-101-train-add-seg-224-0025.params"
2017-05-17 13:04:56,104 Epoch[24] Validation-accuracy=0.773438
2017-05-17 13:05:15,447 Epoch[25] Batch [10]	Speed: 17.07 samples/sec	Train-accuracy=0.991477
2017-05-17 13:05:34,172 Epoch[25] Batch [20]	Speed: 17.09 samples/sec	Train-accuracy=0.987500
2017-05-17 13:05:52,921 Epoch[25] Batch [30]	Speed: 17.07 samples/sec	Train-accuracy=0.993750
2017-05-17 13:06:11,648 Epoch[25] Batch [40]	Speed: 17.09 samples/sec	Train-accuracy=0.993750
2017-05-17 13:06:30,365 Epoch[25] Batch [50]	Speed: 17.10 samples/sec	Train-accuracy=0.990625
2017-05-17 13:06:49,087 Epoch[25] Batch [60]	Speed: 17.09 samples/sec	Train-accuracy=0.990625
2017-05-17 13:07:07,825 Epoch[25] Batch [70]	Speed: 17.08 samples/sec	Train-accuracy=0.990625
2017-05-17 13:07:26,556 Epoch[25] Batch [80]	Speed: 17.08 samples/sec	Train-accuracy=0.984375
2017-05-17 13:07:45,298 Epoch[25] Batch [90]	Speed: 17.07 samples/sec	Train-accuracy=0.990625
2017-05-17 13:08:04,009 Epoch[25] Batch [100]	Speed: 17.10 samples/sec	Train-accuracy=0.990625
2017-05-17 13:08:22,748 Epoch[25] Batch [110]	Speed: 17.08 samples/sec	Train-accuracy=0.984375
2017-05-17 13:08:41,502 Epoch[25] Batch [120]	Speed: 17.06 samples/sec	Train-accuracy=0.987500
2017-05-17 13:09:00,229 Epoch[25] Batch [130]	Speed: 17.09 samples/sec	Train-accuracy=0.984375
2017-05-17 13:09:18,968 Epoch[25] Batch [140]	Speed: 17.08 samples/sec	Train-accuracy=0.993750
2017-05-17 13:09:37,726 Epoch[25] Batch [150]	Speed: 17.06 samples/sec	Train-accuracy=0.987500
2017-05-17 13:09:56,475 Epoch[25] Batch [160]	Speed: 17.07 samples/sec	Train-accuracy=0.981250
2017-05-17 13:10:15,203 Epoch[25] Batch [170]	Speed: 17.09 samples/sec	Train-accuracy=0.984375
2017-05-17 13:10:33,937 Epoch[25] Batch [180]	Speed: 17.08 samples/sec	Train-accuracy=0.990625
2017-05-17 13:10:52,677 Epoch[25] Batch [190]	Speed: 17.08 samples/sec	Train-accuracy=0.990625
2017-05-17 13:11:11,429 Epoch[25] Batch [200]	Speed: 17.07 samples/sec	Train-accuracy=0.981250
2017-05-17 13:11:30,167 Epoch[25] Batch [210]	Speed: 17.08 samples/sec	Train-accuracy=0.990625
2017-05-17 13:11:48,916 Epoch[25] Batch [220]	Speed: 17.07 samples/sec	Train-accuracy=0.993750
2017-05-17 13:12:07,652 Epoch[25] Batch [230]	Speed: 17.08 samples/sec	Train-accuracy=0.981250
2017-05-17 13:12:26,430 Epoch[25] Batch [240]	Speed: 17.04 samples/sec	Train-accuracy=0.975000
2017-05-17 13:12:32,046 Epoch[25] Train-accuracy=0.968750
2017-05-17 13:12:32,046 Epoch[25] Time cost=455.941
2017-05-17 13:12:33,578 Saved checkpoint to "./resnet-101/finetune-resnet-101-train-add-seg-224-0026.params"
2017-05-17 13:12:40,263 Epoch[25] Validation-accuracy=0.745192
2017-05-17 13:12:59,605 Epoch[26] Batch [10]	Speed: 17.08 samples/sec	Train-accuracy=0.982955
2017-05-17 13:13:18,335 Epoch[26] Batch [20]	Speed: 17.09 samples/sec	Train-accuracy=0.987500
2017-05-17 13:13:37,069 Epoch[26] Batch [30]	Speed: 17.08 samples/sec	Train-accuracy=0.987500
2017-05-17 13:13:55,792 Epoch[26] Batch [40]	Speed: 17.09 samples/sec	Train-accuracy=0.993750
2017-05-17 13:14:14,515 Epoch[26] Batch [50]	Speed: 17.09 samples/sec	Train-accuracy=0.993750
2017-05-17 13:14:33,245 Epoch[26] Batch [60]	Speed: 17.08 samples/sec	Train-accuracy=0.993750
2017-05-17 13:14:51,990 Epoch[26] Batch [70]	Speed: 17.07 samples/sec	Train-accuracy=0.990625
2017-05-17 13:15:10,742 Epoch[26] Batch [80]	Speed: 17.07 samples/sec	Train-accuracy=0.990625
2017-05-17 13:15:29,508 Epoch[26] Batch [90]	Speed: 17.05 samples/sec	Train-accuracy=0.987500
2017-05-17 13:15:48,254 Epoch[26] Batch [100]	Speed: 17.07 samples/sec	Train-accuracy=0.990625
2017-05-17 13:16:06,978 Epoch[26] Batch [110]	Speed: 17.09 samples/sec	Train-accuracy=0.981250
2017-05-17 13:16:25,751 Epoch[26] Batch [120]	Speed: 17.05 samples/sec	Train-accuracy=0.959375
2017-05-17 13:16:44,478 Epoch[26] Batch [130]	Speed: 17.09 samples/sec	Train-accuracy=0.990625
2017-05-17 13:17:03,212 Epoch[26] Batch [140]	Speed: 17.08 samples/sec	Train-accuracy=0.981250
2017-05-17 13:17:21,949 Epoch[26] Batch [150]	Speed: 17.08 samples/sec	Train-accuracy=0.987500
2017-05-17 13:17:40,682 Epoch[26] Batch [160]	Speed: 17.08 samples/sec	Train-accuracy=0.990625
2017-05-17 13:17:59,423 Epoch[26] Batch [170]	Speed: 17.08 samples/sec	Train-accuracy=0.981250
2017-05-17 13:18:18,156 Epoch[26] Batch [180]	Speed: 17.08 samples/sec	Train-accuracy=0.978125
2017-05-17 13:18:36,915 Epoch[26] Batch [190]	Speed: 17.06 samples/sec	Train-accuracy=0.993750
2017-05-17 13:18:55,664 Epoch[26] Batch [200]	Speed: 17.07 samples/sec	Train-accuracy=1.000000
2017-05-17 13:19:14,382 Epoch[26] Batch [210]	Speed: 17.10 samples/sec	Train-accuracy=0.993750
2017-05-17 13:19:33,128 Epoch[26] Batch [220]	Speed: 17.07 samples/sec	Train-accuracy=0.984375
2017-05-17 13:19:51,851 Epoch[26] Batch [230]	Speed: 17.09 samples/sec	Train-accuracy=0.987500
2017-05-17 13:20:10,608 Epoch[26] Batch [240]	Speed: 17.06 samples/sec	Train-accuracy=0.990625
2017-05-17 13:20:16,232 Epoch[26] Train-accuracy=0.989583
2017-05-17 13:20:16,232 Epoch[26] Time cost=455.969
2017-05-17 13:20:17,745 Saved checkpoint to "./resnet-101/finetune-resnet-101-train-add-seg-224-0027.params"
2017-05-17 13:20:24,445 Epoch[26] Validation-accuracy=0.774038
2017-05-17 13:20:43,786 Epoch[27] Batch [10]	Speed: 17.08 samples/sec	Train-accuracy=0.991477
2017-05-17 13:21:02,528 Epoch[27] Batch [20]	Speed: 17.07 samples/sec	Train-accuracy=0.971875
2017-05-17 13:21:21,281 Epoch[27] Batch [30]	Speed: 17.07 samples/sec	Train-accuracy=0.965625
2017-05-17 13:21:39,980 Epoch[27] Batch [40]	Speed: 17.11 samples/sec	Train-accuracy=0.987500
2017-05-17 13:21:58,706 Epoch[27] Batch [50]	Speed: 17.09 samples/sec	Train-accuracy=1.000000
2017-05-17 13:22:17,407 Epoch[27] Batch [60]	Speed: 17.11 samples/sec	Train-accuracy=0.984375
2017-05-17 13:22:36,158 Epoch[27] Batch [70]	Speed: 17.07 samples/sec	Train-accuracy=0.981250
2017-05-17 13:22:54,893 Epoch[27] Batch [80]	Speed: 17.08 samples/sec	Train-accuracy=0.978125
2017-05-17 13:23:13,641 Epoch[27] Batch [90]	Speed: 17.07 samples/sec	Train-accuracy=0.993750
2017-05-17 13:23:32,389 Epoch[27] Batch [100]	Speed: 17.07 samples/sec	Train-accuracy=0.993750
2017-05-17 13:23:51,150 Epoch[27] Batch [110]	Speed: 17.06 samples/sec	Train-accuracy=0.993750
2017-05-17 13:24:09,879 Epoch[27] Batch [120]	Speed: 17.09 samples/sec	Train-accuracy=0.990625
2017-05-17 13:24:28,609 Epoch[27] Batch [130]	Speed: 17.08 samples/sec	Train-accuracy=0.990625
2017-05-17 13:24:47,354 Epoch[27] Batch [140]	Speed: 17.07 samples/sec	Train-accuracy=0.981250
2017-05-17 13:25:06,082 Epoch[27] Batch [150]	Speed: 17.09 samples/sec	Train-accuracy=0.971875
2017-05-17 13:25:24,808 Epoch[27] Batch [160]	Speed: 17.09 samples/sec	Train-accuracy=0.984375
2017-05-17 13:25:43,539 Epoch[27] Batch [170]	Speed: 17.08 samples/sec	Train-accuracy=0.990625
2017-05-17 13:26:02,274 Epoch[27] Batch [180]	Speed: 17.08 samples/sec	Train-accuracy=0.975000
2017-05-17 13:26:21,024 Epoch[27] Batch [190]	Speed: 17.07 samples/sec	Train-accuracy=0.981250
2017-05-17 13:26:39,728 Epoch[27] Batch [200]	Speed: 17.11 samples/sec	Train-accuracy=0.975000
2017-05-17 13:26:58,440 Epoch[27] Batch [210]	Speed: 17.10 samples/sec	Train-accuracy=0.984375
2017-05-17 13:27:17,152 Epoch[27] Batch [220]	Speed: 17.10 samples/sec	Train-accuracy=1.000000
2017-05-17 13:27:35,884 Epoch[27] Batch [230]	Speed: 17.08 samples/sec	Train-accuracy=0.984375
2017-05-17 13:27:54,645 Epoch[27] Batch [240]	Speed: 17.06 samples/sec	Train-accuracy=0.990625
2017-05-17 13:27:58,397 Epoch[27] Train-accuracy=0.984375
2017-05-17 13:27:58,398 Epoch[27] Time cost=453.952
2017-05-17 13:27:59,924 Saved checkpoint to "./resnet-101/finetune-resnet-101-train-add-seg-224-0028.params"
2017-05-17 13:28:06,611 Epoch[27] Validation-accuracy=0.769231
2017-05-17 13:28:25,944 Epoch[28] Batch [10]	Speed: 17.08 samples/sec	Train-accuracy=0.977273
2017-05-17 13:28:44,664 Epoch[28] Batch [20]	Speed: 17.09 samples/sec	Train-accuracy=0.978125
2017-05-17 13:29:03,423 Epoch[28] Batch [30]	Speed: 17.06 samples/sec	Train-accuracy=0.981250
2017-05-17 13:29:22,179 Epoch[28] Batch [40]	Speed: 17.06 samples/sec	Train-accuracy=0.993750
2017-05-17 13:29:40,924 Epoch[28] Batch [50]	Speed: 17.07 samples/sec	Train-accuracy=0.981250
2017-05-17 13:29:59,634 Epoch[28] Batch [60]	Speed: 17.10 samples/sec	Train-accuracy=0.987500
2017-05-17 13:30:18,380 Epoch[28] Batch [70]	Speed: 17.07 samples/sec	Train-accuracy=0.996875
2017-05-17 13:30:37,116 Epoch[28] Batch [80]	Speed: 17.08 samples/sec	Train-accuracy=0.987500
2017-05-17 13:30:55,863 Epoch[28] Batch [90]	Speed: 17.07 samples/sec	Train-accuracy=1.000000
2017-05-17 13:31:14,622 Epoch[28] Batch [100]	Speed: 17.06 samples/sec	Train-accuracy=0.990625
2017-05-17 13:31:33,367 Epoch[28] Batch [110]	Speed: 17.07 samples/sec	Train-accuracy=0.993750
2017-05-17 13:31:52,115 Epoch[28] Batch [120]	Speed: 17.07 samples/sec	Train-accuracy=0.996875
2017-05-17 13:32:10,849 Epoch[28] Batch [130]	Speed: 17.08 samples/sec	Train-accuracy=0.987500
2017-05-17 13:32:29,578 Epoch[28] Batch [140]	Speed: 17.09 samples/sec	Train-accuracy=0.993750
2017-05-17 13:32:48,318 Epoch[28] Batch [150]	Speed: 17.08 samples/sec	Train-accuracy=0.996875
2017-05-17 13:33:07,059 Epoch[28] Batch [160]	Speed: 17.08 samples/sec	Train-accuracy=0.981250
2017-05-17 13:33:25,798 Epoch[28] Batch [170]	Speed: 17.08 samples/sec	Train-accuracy=0.987500
2017-05-17 13:33:44,544 Epoch[28] Batch [180]	Speed: 17.07 samples/sec	Train-accuracy=0.975000
2017-05-17 13:34:03,257 Epoch[28] Batch [190]	Speed: 17.10 samples/sec	Train-accuracy=0.996875
2017-05-17 13:34:21,981 Epoch[28] Batch [200]	Speed: 17.09 samples/sec	Train-accuracy=0.984375
2017-05-17 13:34:40,712 Epoch[28] Batch [210]	Speed: 17.08 samples/sec	Train-accuracy=0.987500
2017-05-17 13:34:59,431 Epoch[28] Batch [220]	Speed: 17.10 samples/sec	Train-accuracy=0.996875
2017-05-17 13:35:18,152 Epoch[28] Batch [230]	Speed: 17.09 samples/sec	Train-accuracy=0.990625
2017-05-17 13:35:36,893 Epoch[28] Batch [240]	Speed: 17.08 samples/sec	Train-accuracy=0.993750
2017-05-17 13:35:42,520 Epoch[28] Train-accuracy=1.000000
2017-05-17 13:35:42,520 Epoch[28] Time cost=455.909
2017-05-17 13:35:44,031 Saved checkpoint to "./resnet-101/finetune-resnet-101-train-add-seg-224-0029.params"
2017-05-17 13:35:50,717 Epoch[28] Validation-accuracy=0.747596
2017-05-17 13:36:10,056 Epoch[29] Batch [10]	Speed: 17.08 samples/sec	Train-accuracy=0.991477
2017-05-17 13:36:28,796 Epoch[29] Batch [20]	Speed: 17.08 samples/sec	Train-accuracy=0.996875
2017-05-17 13:36:47,522 Epoch[29] Batch [30]	Speed: 17.09 samples/sec	Train-accuracy=0.987500
2017-05-17 13:37:06,260 Epoch[29] Batch [40]	Speed: 17.08 samples/sec	Train-accuracy=0.990625
2017-05-17 13:37:25,031 Epoch[29] Batch [50]	Speed: 17.05 samples/sec	Train-accuracy=0.996875
2017-05-17 13:37:43,767 Epoch[29] Batch [60]	Speed: 17.08 samples/sec	Train-accuracy=0.996875
2017-05-17 13:38:02,513 Epoch[29] Batch [70]	Speed: 17.07 samples/sec	Train-accuracy=0.978125
2017-05-17 13:38:21,247 Epoch[29] Batch [80]	Speed: 17.08 samples/sec	Train-accuracy=0.978125
2017-05-17 13:38:40,001 Epoch[29] Batch [90]	Speed: 17.06 samples/sec	Train-accuracy=0.987500
2017-05-17 13:38:58,733 Epoch[29] Batch [100]	Speed: 17.08 samples/sec	Train-accuracy=0.984375
2017-05-17 13:39:17,458 Epoch[29] Batch [110]	Speed: 17.09 samples/sec	Train-accuracy=0.990625
2017-05-17 13:39:36,176 Epoch[29] Batch [120]	Speed: 17.10 samples/sec	Train-accuracy=0.987500
2017-05-17 13:39:54,909 Epoch[29] Batch [130]	Speed: 17.08 samples/sec	Train-accuracy=0.975000
2017-05-17 13:40:13,629 Epoch[29] Batch [140]	Speed: 17.09 samples/sec	Train-accuracy=0.993750
2017-05-17 13:40:32,349 Epoch[29] Batch [150]	Speed: 17.09 samples/sec	Train-accuracy=0.981250
2017-05-17 13:40:51,113 Epoch[29] Batch [160]	Speed: 17.05 samples/sec	Train-accuracy=0.993750
2017-05-17 13:41:09,856 Epoch[29] Batch [170]	Speed: 17.07 samples/sec	Train-accuracy=0.987500
2017-05-17 13:41:28,588 Epoch[29] Batch [180]	Speed: 17.08 samples/sec	Train-accuracy=0.987500
2017-05-17 13:41:47,335 Epoch[29] Batch [190]	Speed: 17.07 samples/sec	Train-accuracy=0.978125
2017-05-17 13:42:06,076 Epoch[29] Batch [200]	Speed: 17.08 samples/sec	Train-accuracy=0.981250
2017-05-17 13:42:24,814 Epoch[29] Batch [210]	Speed: 17.08 samples/sec	Train-accuracy=0.993750
2017-05-17 13:42:43,566 Epoch[29] Batch [220]	Speed: 17.06 samples/sec	Train-accuracy=0.981250
2017-05-17 13:43:02,305 Epoch[29] Batch [230]	Speed: 17.08 samples/sec	Train-accuracy=1.000000
2017-05-17 13:43:21,070 Epoch[29] Batch [240]	Speed: 17.05 samples/sec	Train-accuracy=0.993750
2017-05-17 13:43:26,694 Epoch[29] Train-accuracy=0.989583
2017-05-17 13:43:26,694 Epoch[29] Time cost=455.977
2017-05-17 13:43:28,230 Saved checkpoint to "./resnet-101/finetune-resnet-101-train-add-seg-224-0030.params"
2017-05-17 13:43:34,914 Epoch[29] Validation-accuracy=0.766827
