[12:42:24] src/nnvm/legacy_json_util.cc:190: Loading symbol saved by previous version v0.8.0. Attempting to upgrade...
[12:42:24] src/nnvm/legacy_json_util.cc:198: Symbol successfully upgraded!
[12:42:25] src/io/iter_image_recordio.cc:220: ImageRecordIOParser: /home/yuanshuai/code/mxnet/example/image-classification/data/ccs-train-add-seg-224_train.rec, use 4 threads for decoding..
[12:42:26] src/io/iter_image_recordio.cc:220: ImageRecordIOParser: /home/yuanshuai/code/mxnet/example/image-classification/data/ccs-train-add-seg-224_val.rec, use 4 threads for decoding..
[12:42:33] src/operator/./cudnn_convolution-inl.h:55: Running performance tests to find the best convolution algorithm, this can take a while... (setting env variable MXNET_CUDNN_AUTOTUNE_DEFAULT to 0 to disable)
[12:42:40] src/kvstore/././comm.h:304: only 2 out of 6 GPU pairs are enabled direct access. It may affect the performance. You can set MXNET_ENABLE_GPU_P2P=0 to turn it off
[12:42:40] src/kvstore/././comm.h:313: ...
[12:42:40] src/kvstore/././comm.h:313: ..v
[12:42:40] src/kvstore/././comm.h:313: .v.
2017-05-26 12:43:19,474 Epoch[0] Batch [10]	Speed: 12.56 samples/sec	Train-accuracy=0.488636
2017-05-26 12:43:27,168 Epoch[0] Batch [20]	Speed: 62.40 samples/sec	Train-accuracy=0.483333
2017-05-26 12:43:34,770 Epoch[0] Batch [30]	Speed: 63.15 samples/sec	Train-accuracy=0.504167
2017-05-26 12:43:42,389 Epoch[0] Batch [40]	Speed: 63.01 samples/sec	Train-accuracy=0.450000
2017-05-26 12:43:50,030 Epoch[0] Batch [50]	Speed: 62.82 samples/sec	Train-accuracy=0.525000
2017-05-26 12:43:57,658 Epoch[0] Batch [60]	Speed: 62.92 samples/sec	Train-accuracy=0.529167
2017-05-26 12:44:05,242 Epoch[0] Batch [70]	Speed: 63.30 samples/sec	Train-accuracy=0.560417
2017-05-26 12:44:12,875 Epoch[0] Batch [80]	Speed: 62.89 samples/sec	Train-accuracy=0.550000
2017-05-26 12:44:20,496 Epoch[0] Batch [90]	Speed: 62.99 samples/sec	Train-accuracy=0.550000
2017-05-26 12:44:28,175 Epoch[0] Batch [100]	Speed: 62.51 samples/sec	Train-accuracy=0.522917
2017-05-26 12:44:35,747 Epoch[0] Batch [110]	Speed: 63.39 samples/sec	Train-accuracy=0.514583
2017-05-26 12:44:43,377 Epoch[0] Batch [120]	Speed: 62.91 samples/sec	Train-accuracy=0.566667
2017-05-26 12:44:51,063 Epoch[0] Batch [130]	Speed: 62.45 samples/sec	Train-accuracy=0.572917
2017-05-26 12:44:58,649 Epoch[0] Batch [140]	Speed: 63.28 samples/sec	Train-accuracy=0.606250
2017-05-26 12:45:09,608 Epoch[0] Batch [150]	Speed: 43.80 samples/sec	Train-accuracy=0.556250
2017-05-26 12:45:17,232 Epoch[0] Batch [160]	Speed: 62.96 samples/sec	Train-accuracy=0.554167
2017-05-26 12:45:18,695 Epoch[0] Train-accuracy=0.593750
2017-05-26 12:45:18,695 Epoch[0] Time cost=158.496
2017-05-26 12:46:09,407 Saved checkpoint to "./resneXt-50/finetune-resnext-50-train-add-seg-224-lr-0.01-0001.params"
2017-05-26 12:46:33,436 Epoch[0] Validation-accuracy=0.548611
2017-05-26 12:46:41,361 Epoch[1] Batch [10]	Speed: 62.75 samples/sec	Train-accuracy=0.566288
2017-05-26 12:46:48,963 Epoch[1] Batch [20]	Speed: 63.14 samples/sec	Train-accuracy=0.589583
2017-05-26 12:46:56,598 Epoch[1] Batch [30]	Speed: 62.87 samples/sec	Train-accuracy=0.575000
2017-05-26 12:47:04,228 Epoch[1] Batch [40]	Speed: 62.92 samples/sec	Train-accuracy=0.597917
2017-05-26 12:47:11,893 Epoch[1] Batch [50]	Speed: 62.62 samples/sec	Train-accuracy=0.610417
2017-05-26 12:47:19,468 Epoch[1] Batch [60]	Speed: 63.37 samples/sec	Train-accuracy=0.616667
2017-05-26 12:47:27,098 Epoch[1] Batch [70]	Speed: 62.91 samples/sec	Train-accuracy=0.625000
2017-05-26 12:47:34,764 Epoch[1] Batch [80]	Speed: 62.62 samples/sec	Train-accuracy=0.606250
2017-05-26 12:47:42,394 Epoch[1] Batch [90]	Speed: 62.91 samples/sec	Train-accuracy=0.616667
2017-05-26 12:47:49,969 Epoch[1] Batch [100]	Speed: 63.37 samples/sec	Train-accuracy=0.668750
2017-05-26 12:47:57,643 Epoch[1] Batch [110]	Speed: 62.55 samples/sec	Train-accuracy=0.645833
2017-05-26 12:48:05,265 Epoch[1] Batch [120]	Speed: 62.97 samples/sec	Train-accuracy=0.600000
2017-05-26 12:48:12,852 Epoch[1] Batch [130]	Speed: 63.27 samples/sec	Train-accuracy=0.629167
2017-05-26 12:48:20,478 Epoch[1] Batch [140]	Speed: 62.94 samples/sec	Train-accuracy=0.664583
2017-05-26 12:48:38,146 Epoch[1] Batch [150]	Speed: 27.17 samples/sec	Train-accuracy=0.677083
2017-05-26 12:48:45,827 Epoch[1] Batch [160]	Speed: 62.50 samples/sec	Train-accuracy=0.618750
2017-05-26 12:48:47,304 Epoch[1] Train-accuracy=0.739583
2017-05-26 12:48:47,304 Epoch[1] Time cost=133.868
2017-05-26 12:49:41,616 Saved checkpoint to "./resneXt-50/finetune-resnext-50-train-add-seg-224-lr-0.01-0002.params"
2017-05-26 12:49:43,989 Epoch[1] Validation-accuracy=0.606771
2017-05-26 12:49:51,892 Epoch[2] Batch [10]	Speed: 63.27 samples/sec	Train-accuracy=0.681818
2017-05-26 12:49:59,511 Epoch[2] Batch [20]	Speed: 63.00 samples/sec	Train-accuracy=0.658333
2017-05-26 12:50:07,146 Epoch[2] Batch [30]	Speed: 62.87 samples/sec	Train-accuracy=0.643750
2017-05-26 12:50:14,755 Epoch[2] Batch [40]	Speed: 63.09 samples/sec	Train-accuracy=0.647917
2017-05-26 12:50:22,442 Epoch[2] Batch [50]	Speed: 62.45 samples/sec	Train-accuracy=0.704167
2017-05-26 12:50:30,028 Epoch[2] Batch [60]	Speed: 63.28 samples/sec	Train-accuracy=0.670833
2017-05-26 12:50:37,643 Epoch[2] Batch [70]	Speed: 63.03 samples/sec	Train-accuracy=0.693750
2017-05-26 12:50:45,322 Epoch[2] Batch [80]	Speed: 62.51 samples/sec	Train-accuracy=0.700000
2017-05-26 12:50:52,894 Epoch[2] Batch [90]	Speed: 63.40 samples/sec	Train-accuracy=0.708333
2017-05-26 12:51:00,519 Epoch[2] Batch [100]	Speed: 62.95 samples/sec	Train-accuracy=0.716667
2017-05-26 12:51:08,199 Epoch[2] Batch [110]	Speed: 62.51 samples/sec	Train-accuracy=0.687500
2017-05-26 12:51:15,784 Epoch[2] Batch [120]	Speed: 63.28 samples/sec	Train-accuracy=0.697917
2017-05-26 12:51:23,399 Epoch[2] Batch [130]	Speed: 63.03 samples/sec	Train-accuracy=0.702083
2017-05-26 12:51:31,078 Epoch[2] Batch [140]	Speed: 62.52 samples/sec	Train-accuracy=0.731250
2017-05-26 12:51:46,093 Epoch[2] Batch [150]	Speed: 31.97 samples/sec	Train-accuracy=0.764583
2017-05-26 12:51:53,762 Epoch[2] Batch [160]	Speed: 62.59 samples/sec	Train-accuracy=0.741667
2017-05-26 12:51:54,485 Epoch[2] Train-accuracy=0.708333
2017-05-26 12:51:54,486 Epoch[2] Time cost=130.496
2017-05-26 12:52:15,663 Saved checkpoint to "./resneXt-50/finetune-resnext-50-train-add-seg-224-lr-0.01-0003.params"
2017-05-26 12:52:35,908 Epoch[2] Validation-accuracy=0.648148
2017-05-26 12:52:43,803 Epoch[3] Batch [10]	Speed: 63.35 samples/sec	Train-accuracy=0.729167
2017-05-26 12:52:51,476 Epoch[3] Batch [20]	Speed: 62.56 samples/sec	Train-accuracy=0.779167
2017-05-26 12:52:59,053 Epoch[3] Batch [30]	Speed: 63.35 samples/sec	Train-accuracy=0.739583
2017-05-26 12:53:06,699 Epoch[3] Batch [40]	Speed: 62.78 samples/sec	Train-accuracy=0.764583
2017-05-26 12:53:14,368 Epoch[3] Batch [50]	Speed: 62.59 samples/sec	Train-accuracy=0.756250
2017-05-26 12:53:21,946 Epoch[3] Batch [60]	Speed: 63.35 samples/sec	Train-accuracy=0.737500
2017-05-26 12:53:29,562 Epoch[3] Batch [70]	Speed: 63.03 samples/sec	Train-accuracy=0.764583
2017-05-26 12:53:37,238 Epoch[3] Batch [80]	Speed: 62.53 samples/sec	Train-accuracy=0.741667
2017-05-26 12:53:44,843 Epoch[3] Batch [90]	Speed: 63.12 samples/sec	Train-accuracy=0.818750
2017-05-26 12:53:52,431 Epoch[3] Batch [100]	Speed: 63.26 samples/sec	Train-accuracy=0.783333
2017-05-26 12:54:00,076 Epoch[3] Batch [110]	Speed: 62.79 samples/sec	Train-accuracy=0.760417
2017-05-26 12:54:07,694 Epoch[3] Batch [120]	Speed: 63.01 samples/sec	Train-accuracy=0.764583
2017-05-26 12:54:15,327 Epoch[3] Batch [130]	Speed: 62.89 samples/sec	Train-accuracy=0.781250
2017-05-26 12:54:22,971 Epoch[3] Batch [140]	Speed: 62.79 samples/sec	Train-accuracy=0.795833
2017-05-26 12:54:31,588 Epoch[3] Batch [150]	Speed: 55.71 samples/sec	Train-accuracy=0.816667
2017-05-26 12:54:39,277 Epoch[3] Batch [160]	Speed: 62.43 samples/sec	Train-accuracy=0.779167
2017-05-26 12:54:40,749 Epoch[3] Train-accuracy=0.875000
2017-05-26 12:54:40,750 Epoch[3] Time cost=124.841
2017-05-26 12:54:43,500 Saved checkpoint to "./resneXt-50/finetune-resnext-50-train-add-seg-224-lr-0.01-0004.params"
2017-05-26 12:54:45,560 Epoch[3] Validation-accuracy=0.695312
2017-05-26 12:54:53,449 Epoch[4] Batch [10]	Speed: 63.05 samples/sec	Train-accuracy=0.808712
2017-05-26 12:55:01,140 Epoch[4] Batch [20]	Speed: 62.41 samples/sec	Train-accuracy=0.812500
2017-05-26 12:55:08,716 Epoch[4] Batch [30]	Speed: 63.36 samples/sec	Train-accuracy=0.820833
2017-05-26 12:55:16,391 Epoch[4] Batch [40]	Speed: 62.55 samples/sec	Train-accuracy=0.837500
2017-05-26 12:55:24,007 Epoch[4] Batch [50]	Speed: 63.02 samples/sec	Train-accuracy=0.816667
2017-05-26 12:55:31,597 Epoch[4] Batch [60]	Speed: 63.25 samples/sec	Train-accuracy=0.827083
2017-05-26 12:55:39,287 Epoch[4] Batch [70]	Speed: 62.43 samples/sec	Train-accuracy=0.837500
2017-05-26 12:55:46,861 Epoch[4] Batch [80]	Speed: 63.38 samples/sec	Train-accuracy=0.837500
2017-05-26 12:55:54,541 Epoch[4] Batch [90]	Speed: 62.50 samples/sec	Train-accuracy=0.868750
2017-05-26 12:56:02,145 Epoch[4] Batch [100]	Speed: 63.13 samples/sec	Train-accuracy=0.837500
2017-05-26 12:56:09,734 Epoch[4] Batch [110]	Speed: 63.25 samples/sec	Train-accuracy=0.843750
2017-05-26 12:56:17,417 Epoch[4] Batch [120]	Speed: 62.48 samples/sec	Train-accuracy=0.835417
2017-05-26 12:56:25,001 Epoch[4] Batch [130]	Speed: 63.29 samples/sec	Train-accuracy=0.854167
2017-05-26 12:56:32,673 Epoch[4] Batch [140]	Speed: 62.57 samples/sec	Train-accuracy=0.868750
2017-05-26 12:56:40,267 Epoch[4] Batch [150]	Speed: 63.20 samples/sec	Train-accuracy=0.872917
2017-05-26 12:56:47,886 Epoch[4] Batch [160]	Speed: 63.01 samples/sec	Train-accuracy=0.881250
2017-05-26 12:56:48,649 Epoch[4] Train-accuracy=0.833333
2017-05-26 12:56:48,650 Epoch[4] Time cost=123.089
2017-05-26 12:56:50,267 Saved checkpoint to "./resneXt-50/finetune-resnext-50-train-add-seg-224-lr-0.01-0005.params"
2017-05-26 12:56:52,527 Epoch[4] Validation-accuracy=0.675926
2017-05-26 12:57:00,421 Epoch[5] Batch [10]	Speed: 63.26 samples/sec	Train-accuracy=0.882576
2017-05-26 12:57:08,069 Epoch[5] Batch [20]	Speed: 62.77 samples/sec	Train-accuracy=0.862500
2017-05-26 12:57:15,668 Epoch[5] Batch [30]	Speed: 63.17 samples/sec	Train-accuracy=0.895833
2017-05-26 12:57:23,286 Epoch[5] Batch [40]	Speed: 63.01 samples/sec	Train-accuracy=0.868750
2017-05-26 12:57:30,966 Epoch[5] Batch [50]	Speed: 62.51 samples/sec	Train-accuracy=0.868750
2017-05-26 12:57:38,544 Epoch[5] Batch [60]	Speed: 63.34 samples/sec	Train-accuracy=0.881250
2017-05-26 12:57:46,224 Epoch[5] Batch [70]	Speed: 62.50 samples/sec	Train-accuracy=0.908333
2017-05-26 12:57:53,806 Epoch[5] Batch [80]	Speed: 63.32 samples/sec	Train-accuracy=0.891667
2017-05-26 12:58:01,490 Epoch[5] Batch [90]	Speed: 62.47 samples/sec	Train-accuracy=0.891667
2017-05-26 12:58:09,060 Epoch[5] Batch [100]	Speed: 63.41 samples/sec	Train-accuracy=0.900000
2017-05-26 12:58:16,695 Epoch[5] Batch [110]	Speed: 62.87 samples/sec	Train-accuracy=0.906250
2017-05-26 12:58:24,347 Epoch[5] Batch [120]	Speed: 62.73 samples/sec	Train-accuracy=0.891667
2017-05-26 12:58:31,940 Epoch[5] Batch [130]	Speed: 63.22 samples/sec	Train-accuracy=0.891667
2017-05-26 12:58:39,605 Epoch[5] Batch [140]	Speed: 62.63 samples/sec	Train-accuracy=0.922917
2017-05-26 12:58:47,176 Epoch[5] Batch [150]	Speed: 63.40 samples/sec	Train-accuracy=0.889583
2017-05-26 12:58:54,862 Epoch[5] Batch [160]	Speed: 62.45 samples/sec	Train-accuracy=0.910417
2017-05-26 12:58:56,329 Epoch[5] Train-accuracy=0.833333
2017-05-26 12:58:56,329 Epoch[5] Time cost=123.801
2017-05-26 12:58:58,691 Saved checkpoint to "./resneXt-50/finetune-resnext-50-train-add-seg-224-lr-0.01-0006.params"
2017-05-26 12:59:00,737 Epoch[5] Validation-accuracy=0.690104
2017-05-26 12:59:08,617 Epoch[6] Batch [10]	Speed: 63.45 samples/sec	Train-accuracy=0.899621
2017-05-26 12:59:16,301 Epoch[6] Batch [20]	Speed: 62.47 samples/sec	Train-accuracy=0.914583
2017-05-26 12:59:23,924 Epoch[6] Batch [30]	Speed: 62.97 samples/sec	Train-accuracy=0.916667
2017-05-26 12:59:31,494 Epoch[6] Batch [40]	Speed: 63.41 samples/sec	Train-accuracy=0.881250
2017-05-26 12:59:39,124 Epoch[6] Batch [50]	Speed: 62.91 samples/sec	Train-accuracy=0.877083
2017-05-26 12:59:46,754 Epoch[6] Batch [60]	Speed: 62.92 samples/sec	Train-accuracy=0.918750
2017-05-26 12:59:54,392 Epoch[6] Batch [70]	Speed: 62.85 samples/sec	Train-accuracy=0.916667
2017-05-26 13:00:02,022 Epoch[6] Batch [80]	Speed: 62.91 samples/sec	Train-accuracy=0.920833
2017-05-26 13:00:09,685 Epoch[6] Batch [90]	Speed: 62.64 samples/sec	Train-accuracy=0.933333
2017-05-26 13:00:17,304 Epoch[6] Batch [100]	Speed: 63.00 samples/sec	Train-accuracy=0.908333
2017-05-26 13:00:24,887 Epoch[6] Batch [110]	Speed: 63.31 samples/sec	Train-accuracy=0.912500
2017-05-26 13:00:32,517 Epoch[6] Batch [120]	Speed: 62.91 samples/sec	Train-accuracy=0.904167
2017-05-26 13:00:40,158 Epoch[6] Batch [130]	Speed: 62.82 samples/sec	Train-accuracy=0.941667
2017-05-26 13:00:47,773 Epoch[6] Batch [140]	Speed: 63.03 samples/sec	Train-accuracy=0.933333
2017-05-26 13:00:55,446 Epoch[6] Batch [150]	Speed: 62.57 samples/sec	Train-accuracy=0.933333
2017-05-26 13:01:03,039 Epoch[6] Batch [160]	Speed: 63.22 samples/sec	Train-accuracy=0.935417
2017-05-26 13:01:03,806 Epoch[6] Train-accuracy=0.937500
2017-05-26 13:01:03,806 Epoch[6] Time cost=123.068
2017-05-26 13:01:10,507 Saved checkpoint to "./resneXt-50/finetune-resnext-50-train-add-seg-224-lr-0.01-0007.params"
2017-05-26 13:01:12,783 Epoch[6] Validation-accuracy=0.682870
2017-05-26 13:01:20,684 Epoch[7] Batch [10]	Speed: 63.26 samples/sec	Train-accuracy=0.952652
2017-05-26 13:01:28,327 Epoch[7] Batch [20]	Speed: 62.81 samples/sec	Train-accuracy=0.941667
2017-05-26 13:01:35,980 Epoch[7] Batch [30]	Speed: 62.72 samples/sec	Train-accuracy=0.935417
2017-05-26 13:01:43,568 Epoch[7] Batch [40]	Speed: 63.26 samples/sec	Train-accuracy=0.916667
2017-05-26 13:01:51,198 Epoch[7] Batch [50]	Speed: 62.92 samples/sec	Train-accuracy=0.920833
2017-05-26 13:01:58,850 Epoch[7] Batch [60]	Speed: 62.73 samples/sec	Train-accuracy=0.939583
2017-05-26 13:02:06,442 Epoch[7] Batch [70]	Speed: 63.22 samples/sec	Train-accuracy=0.937500
2017-05-26 13:02:14,114 Epoch[7] Batch [80]	Speed: 62.57 samples/sec	Train-accuracy=0.939583
2017-05-26 13:02:21,711 Epoch[7] Batch [90]	Speed: 63.19 samples/sec	Train-accuracy=0.945833
2017-05-26 13:02:29,395 Epoch[7] Batch [100]	Speed: 62.47 samples/sec	Train-accuracy=0.954167
2017-05-26 13:02:36,967 Epoch[7] Batch [110]	Speed: 63.40 samples/sec	Train-accuracy=0.943750
2017-05-26 13:02:44,601 Epoch[7] Batch [120]	Speed: 62.88 samples/sec	Train-accuracy=0.956250
2017-05-26 13:02:52,274 Epoch[7] Batch [130]	Speed: 62.56 samples/sec	Train-accuracy=0.939583
2017-05-26 13:02:59,857 Epoch[7] Batch [140]	Speed: 63.30 samples/sec	Train-accuracy=0.925000
2017-05-26 13:03:07,544 Epoch[7] Batch [150]	Speed: 62.44 samples/sec	Train-accuracy=0.952083
2017-05-26 13:03:15,140 Epoch[7] Batch [160]	Speed: 63.19 samples/sec	Train-accuracy=0.939583
2017-05-26 13:03:16,669 Epoch[7] Train-accuracy=0.979167
2017-05-26 13:03:16,669 Epoch[7] Time cost=123.885
2017-05-26 13:03:21,989 Saved checkpoint to "./resneXt-50/finetune-resnext-50-train-add-seg-224-lr-0.01-0008.params"
2017-05-26 13:03:24,252 Epoch[7] Validation-accuracy=0.719907
2017-05-26 13:03:32,153 Epoch[8] Batch [10]	Speed: 63.22 samples/sec	Train-accuracy=0.943182
2017-05-26 13:03:39,827 Epoch[8] Batch [20]	Speed: 62.55 samples/sec	Train-accuracy=0.935417
2017-05-26 13:03:47,423 Epoch[8] Batch [30]	Speed: 63.20 samples/sec	Train-accuracy=0.968750
2017-05-26 13:03:55,052 Epoch[8] Batch [40]	Speed: 62.92 samples/sec	Train-accuracy=0.945833
2017-05-26 13:04:02,723 Epoch[8] Batch [50]	Speed: 62.58 samples/sec	Train-accuracy=0.927083
2017-05-26 13:04:10,312 Epoch[8] Batch [60]	Speed: 63.25 samples/sec	Train-accuracy=0.960417
2017-05-26 13:04:17,991 Epoch[8] Batch [70]	Speed: 62.51 samples/sec	Train-accuracy=0.956250
2017-05-26 13:04:25,572 Epoch[8] Batch [80]	Speed: 63.32 samples/sec	Train-accuracy=0.939583
2017-05-26 13:04:33,249 Epoch[8] Batch [90]	Speed: 62.52 samples/sec	Train-accuracy=0.945833
2017-05-26 13:04:40,839 Epoch[8] Batch [100]	Speed: 63.24 samples/sec	Train-accuracy=0.950000
2017-05-26 13:04:48,442 Epoch[8] Batch [110]	Speed: 63.14 samples/sec	Train-accuracy=0.958333
2017-05-26 13:04:56,072 Epoch[8] Batch [120]	Speed: 62.91 samples/sec	Train-accuracy=0.954167
2017-05-26 13:05:03,694 Epoch[8] Batch [130]	Speed: 62.98 samples/sec	Train-accuracy=0.937500
2017-05-26 13:05:11,364 Epoch[8] Batch [140]	Speed: 62.58 samples/sec	Train-accuracy=0.966667
2017-05-26 13:05:18,955 Epoch[8] Batch [150]	Speed: 63.24 samples/sec	Train-accuracy=0.956250
2017-05-26 13:05:26,636 Epoch[8] Batch [160]	Speed: 62.49 samples/sec	Train-accuracy=0.958333
2017-05-26 13:05:27,363 Epoch[8] Train-accuracy=0.916667
2017-05-26 13:05:27,363 Epoch[8] Time cost=123.110
2017-05-26 13:05:27,991 Saved checkpoint to "./resneXt-50/finetune-resnext-50-train-add-seg-224-lr-0.01-0009.params"
2017-05-26 13:05:30,026 Epoch[8] Validation-accuracy=0.695312
2017-05-26 13:05:37,919 Epoch[9] Batch [10]	Speed: 63.38 samples/sec	Train-accuracy=0.929924
2017-05-26 13:05:45,609 Epoch[9] Batch [20]	Speed: 62.43 samples/sec	Train-accuracy=0.958333
2017-05-26 13:05:53,216 Epoch[9] Batch [30]	Speed: 63.10 samples/sec	Train-accuracy=0.964583
2017-05-26 13:06:00,809 Epoch[9] Batch [40]	Speed: 63.22 samples/sec	Train-accuracy=0.968750
2017-05-26 13:06:08,443 Epoch[9] Batch [50]	Speed: 62.88 samples/sec	Train-accuracy=0.960417
2017-05-26 13:06:16,054 Epoch[9] Batch [60]	Speed: 63.07 samples/sec	Train-accuracy=0.962500
2017-05-26 13:06:23,724 Epoch[9] Batch [70]	Speed: 62.58 samples/sec	Train-accuracy=0.952083
2017-05-26 13:06:31,299 Epoch[9] Batch [80]	Speed: 63.37 samples/sec	Train-accuracy=0.937500
2017-05-26 13:06:38,983 Epoch[9] Batch [90]	Speed: 62.47 samples/sec	Train-accuracy=0.952083
2017-05-26 13:06:46,556 Epoch[9] Batch [100]	Speed: 63.39 samples/sec	Train-accuracy=0.960417
2017-05-26 13:06:54,187 Epoch[9] Batch [110]	Speed: 62.91 samples/sec	Train-accuracy=0.964583
2017-05-26 13:07:01,845 Epoch[9] Batch [120]	Speed: 62.68 samples/sec	Train-accuracy=0.954167
2017-05-26 13:07:09,444 Epoch[9] Batch [130]	Speed: 63.17 samples/sec	Train-accuracy=0.954167
2017-05-26 13:07:17,116 Epoch[9] Batch [140]	Speed: 62.57 samples/sec	Train-accuracy=0.950000
2017-05-26 13:07:24,697 Epoch[9] Batch [150]	Speed: 63.32 samples/sec	Train-accuracy=0.956250
2017-05-26 13:07:32,376 Epoch[9] Batch [160]	Speed: 62.51 samples/sec	Train-accuracy=0.947917
2017-05-26 13:07:33,847 Epoch[9] Train-accuracy=0.958333
2017-05-26 13:07:33,847 Epoch[9] Time cost=123.821
2017-05-26 13:07:34,486 Saved checkpoint to "./resneXt-50/finetune-resnext-50-train-add-seg-224-lr-0.01-0010.params"
2017-05-26 13:07:36,724 Epoch[9] Validation-accuracy=0.750000
2017-05-26 13:07:44,614 Epoch[10] Batch [10]	Speed: 63.19 samples/sec	Train-accuracy=0.965909
2017-05-26 13:07:52,281 Epoch[10] Batch [20]	Speed: 62.61 samples/sec	Train-accuracy=0.968750
2017-05-26 13:07:59,874 Epoch[10] Batch [30]	Speed: 63.22 samples/sec	Train-accuracy=0.970833
2017-05-26 13:08:07,536 Epoch[10] Batch [40]	Speed: 62.64 samples/sec	Train-accuracy=0.945833
2017-05-26 13:08:15,131 Epoch[10] Batch [50]	Speed: 63.20 samples/sec	Train-accuracy=0.972917
2017-05-26 13:08:22,745 Epoch[10] Batch [60]	Speed: 63.04 samples/sec	Train-accuracy=0.952083
2017-05-26 13:08:30,421 Epoch[10] Batch [70]	Speed: 62.54 samples/sec	Train-accuracy=0.977083
2017-05-26 13:08:38,005 Epoch[10] Batch [80]	Speed: 63.29 samples/sec	Train-accuracy=0.981250
2017-05-26 13:08:45,692 Epoch[10] Batch [90]	Speed: 62.45 samples/sec	Train-accuracy=0.977083
2017-05-26 13:08:53,269 Epoch[10] Batch [100]	Speed: 63.35 samples/sec	Train-accuracy=0.968750
2017-05-26 13:09:00,942 Epoch[10] Batch [110]	Speed: 62.56 samples/sec	Train-accuracy=0.972917
2017-05-26 13:09:08,526 Epoch[10] Batch [120]	Speed: 63.30 samples/sec	Train-accuracy=0.975000
2017-05-26 13:09:16,212 Epoch[10] Batch [130]	Speed: 62.45 samples/sec	Train-accuracy=0.970833
2017-05-26 13:09:23,798 Epoch[10] Batch [140]	Speed: 63.28 samples/sec	Train-accuracy=0.981250
2017-05-26 13:09:31,489 Epoch[10] Batch [150]	Speed: 62.41 samples/sec	Train-accuracy=0.981250
2017-05-26 13:09:39,068 Epoch[10] Batch [160]	Speed: 63.34 samples/sec	Train-accuracy=0.970833
2017-05-26 13:09:39,877 Epoch[10] Train-accuracy=0.916667
2017-05-26 13:09:39,877 Epoch[10] Time cost=123.153
2017-05-26 13:09:50,934 Saved checkpoint to "./resneXt-50/finetune-resnext-50-train-add-seg-224-lr-0.01-0011.params"
2017-05-26 13:09:52,972 Epoch[10] Validation-accuracy=0.713542
2017-05-26 13:10:00,862 Epoch[11] Batch [10]	Speed: 63.45 samples/sec	Train-accuracy=0.967803
2017-05-26 13:10:08,547 Epoch[11] Batch [20]	Speed: 62.46 samples/sec	Train-accuracy=0.987500
2017-05-26 13:10:16,155 Epoch[11] Batch [30]	Speed: 63.10 samples/sec	Train-accuracy=0.985417
2017-05-26 13:10:23,765 Epoch[11] Batch [40]	Speed: 63.07 samples/sec	Train-accuracy=0.972917
2017-05-26 13:10:31,406 Epoch[11] Batch [50]	Speed: 62.82 samples/sec	Train-accuracy=0.960417
2017-05-26 13:10:40,304 Epoch[11] Batch [60]	Speed: 53.94 samples/sec	Train-accuracy=0.962500
2017-05-26 13:10:49,438 Epoch[11] Batch [70]	Speed: 52.56 samples/sec	Train-accuracy=0.979167
2017-05-26 13:10:57,087 Epoch[11] Batch [80]	Speed: 62.75 samples/sec	Train-accuracy=0.975000
2017-05-26 13:11:04,675 Epoch[11] Batch [90]	Speed: 63.26 samples/sec	Train-accuracy=0.956250
2017-05-26 13:11:12,341 Epoch[11] Batch [100]	Speed: 62.62 samples/sec	Train-accuracy=0.966667
2017-05-26 13:11:19,932 Epoch[11] Batch [110]	Speed: 63.24 samples/sec	Train-accuracy=0.968750
2017-05-26 13:11:27,614 Epoch[11] Batch [120]	Speed: 62.48 samples/sec	Train-accuracy=0.975000
2017-05-26 13:11:35,193 Epoch[11] Batch [130]	Speed: 63.34 samples/sec	Train-accuracy=0.975000
2017-05-26 13:11:42,884 Epoch[11] Batch [140]	Speed: 62.41 samples/sec	Train-accuracy=0.968750
2017-05-26 13:11:50,487 Epoch[11] Batch [150]	Speed: 63.14 samples/sec	Train-accuracy=0.970833
2017-05-26 13:11:58,152 Epoch[11] Batch [160]	Speed: 62.63 samples/sec	Train-accuracy=0.975000
2017-05-26 13:12:00,225 Epoch[11] Train-accuracy=1.000000
2017-05-26 13:12:00,226 Epoch[11] Time cost=127.253
2017-05-26 13:12:04,047 Saved checkpoint to "./resneXt-50/finetune-resnext-50-train-add-seg-224-lr-0.01-0012.params"
2017-05-26 13:12:06,327 Epoch[11] Validation-accuracy=0.733796
2017-05-26 13:12:15,721 Epoch[12] Batch [10]	Speed: 52.80 samples/sec	Train-accuracy=0.973485
2017-05-26 13:12:23,294 Epoch[12] Batch [20]	Speed: 63.39 samples/sec	Train-accuracy=0.975000
2017-05-26 13:12:30,969 Epoch[12] Batch [30]	Speed: 62.54 samples/sec	Train-accuracy=0.979167
2017-05-26 13:12:38,559 Epoch[12] Batch [40]	Speed: 63.25 samples/sec	Train-accuracy=0.958333
2017-05-26 13:12:46,187 Epoch[12] Batch [50]	Speed: 62.93 samples/sec	Train-accuracy=0.964583
2017-05-26 13:12:53,842 Epoch[12] Batch [60]	Speed: 62.71 samples/sec	Train-accuracy=0.970833
2017-05-26 13:13:01,453 Epoch[12] Batch [70]	Speed: 63.07 samples/sec	Train-accuracy=0.981250
2017-05-26 13:13:09,112 Epoch[12] Batch [80]	Speed: 62.67 samples/sec	Train-accuracy=0.975000
2017-05-26 13:13:16,717 Epoch[12] Batch [90]	Speed: 63.12 samples/sec	Train-accuracy=0.972917
2017-05-26 13:13:25,054 Epoch[12] Batch [100]	Speed: 57.58 samples/sec	Train-accuracy=0.975000
2017-05-26 13:13:32,643 Epoch[12] Batch [110]	Speed: 63.26 samples/sec	Train-accuracy=0.964583
2017-05-26 13:13:40,310 Epoch[12] Batch [120]	Speed: 62.60 samples/sec	Train-accuracy=0.968750
2017-05-26 13:13:47,926 Epoch[12] Batch [130]	Speed: 63.03 samples/sec	Train-accuracy=0.989583
2017-05-26 13:13:55,519 Epoch[12] Batch [140]	Speed: 63.23 samples/sec	Train-accuracy=0.975000
2017-05-26 13:14:03,196 Epoch[12] Batch [150]	Speed: 62.53 samples/sec	Train-accuracy=0.970833
2017-05-26 13:14:10,803 Epoch[12] Batch [160]	Speed: 63.10 samples/sec	Train-accuracy=0.956250
2017-05-26 13:14:11,567 Epoch[12] Train-accuracy=0.979167
2017-05-26 13:14:11,567 Epoch[12] Time cost=125.239
2017-05-26 13:14:12,224 Saved checkpoint to "./resneXt-50/finetune-resnext-50-train-add-seg-224-lr-0.01-0013.params"
2017-05-26 13:14:14,276 Epoch[12] Validation-accuracy=0.708333
2017-05-26 13:14:22,207 Epoch[13] Batch [10]	Speed: 62.78 samples/sec	Train-accuracy=0.971591
2017-05-26 13:14:29,816 Epoch[13] Batch [20]	Speed: 63.09 samples/sec	Train-accuracy=0.979167
2017-05-26 13:14:37,514 Epoch[13] Batch [30]	Speed: 62.36 samples/sec	Train-accuracy=0.983333
2017-05-26 13:14:45,102 Epoch[13] Batch [40]	Speed: 63.26 samples/sec	Train-accuracy=0.962500
2017-05-26 13:14:52,789 Epoch[13] Batch [50]	Speed: 62.45 samples/sec	Train-accuracy=0.977083
2017-05-26 13:15:00,392 Epoch[13] Batch [60]	Speed: 63.14 samples/sec	Train-accuracy=0.989583
2017-05-26 13:15:08,079 Epoch[13] Batch [70]	Speed: 62.45 samples/sec	Train-accuracy=0.972917
2017-05-26 13:15:15,674 Epoch[13] Batch [80]	Speed: 63.20 samples/sec	Train-accuracy=0.975000
2017-05-26 13:15:23,367 Epoch[13] Batch [90]	Speed: 62.40 samples/sec	Train-accuracy=0.972917
2017-05-26 13:15:30,954 Epoch[13] Batch [100]	Speed: 63.27 samples/sec	Train-accuracy=0.977083
2017-05-26 13:15:38,641 Epoch[13] Batch [110]	Speed: 62.44 samples/sec	Train-accuracy=0.956250
2017-05-26 13:15:46,235 Epoch[13] Batch [120]	Speed: 63.21 samples/sec	Train-accuracy=0.979167
2017-05-26 13:15:53,893 Epoch[13] Batch [130]	Speed: 62.69 samples/sec	Train-accuracy=0.981250
2017-05-26 13:16:01,544 Epoch[13] Batch [140]	Speed: 62.74 samples/sec	Train-accuracy=0.972917
2017-05-26 13:16:09,649 Epoch[13] Batch [150]	Speed: 59.23 samples/sec	Train-accuracy=0.977083
2017-05-26 13:16:17,268 Epoch[13] Batch [160]	Speed: 63.01 samples/sec	Train-accuracy=0.970833
2017-05-26 13:16:18,849 Epoch[13] Train-accuracy=1.000000
2017-05-26 13:16:18,849 Epoch[13] Time cost=124.572
2017-05-26 13:16:19,491 Saved checkpoint to "./resneXt-50/finetune-resnext-50-train-add-seg-224-lr-0.01-0014.params"
2017-05-26 13:16:21,790 Epoch[13] Validation-accuracy=0.729167
2017-05-26 13:16:29,731 Epoch[14] Batch [10]	Speed: 62.88 samples/sec	Train-accuracy=0.975379
2017-05-26 13:16:37,387 Epoch[14] Batch [20]	Speed: 62.70 samples/sec	Train-accuracy=0.979167
2017-05-26 13:16:44,980 Epoch[14] Batch [30]	Speed: 63.22 samples/sec	Train-accuracy=0.972917
2017-05-26 13:16:52,660 Epoch[14] Batch [40]	Speed: 62.51 samples/sec	Train-accuracy=0.968750
2017-05-26 13:17:00,303 Epoch[14] Batch [50]	Speed: 62.80 samples/sec	Train-accuracy=0.981250
2017-05-26 13:17:07,896 Epoch[14] Batch [60]	Speed: 63.22 samples/sec	Train-accuracy=0.983333
2017-05-26 13:17:15,536 Epoch[14] Batch [70]	Speed: 62.83 samples/sec	Train-accuracy=0.966667
2017-05-26 13:17:23,203 Epoch[14] Batch [80]	Speed: 62.61 samples/sec	Train-accuracy=0.966667
2017-05-26 13:17:30,894 Epoch[14] Batch [90]	Speed: 62.42 samples/sec	Train-accuracy=0.983333
2017-05-26 13:17:38,498 Epoch[14] Batch [100]	Speed: 63.13 samples/sec	Train-accuracy=0.975000
2017-05-26 13:17:46,144 Epoch[14] Batch [110]	Speed: 62.78 samples/sec	Train-accuracy=0.972917
2017-05-26 13:17:53,812 Epoch[14] Batch [120]	Speed: 62.60 samples/sec	Train-accuracy=0.977083
2017-05-26 13:18:01,501 Epoch[14] Batch [130]	Speed: 62.43 samples/sec	Train-accuracy=0.975000
2017-05-26 13:18:09,106 Epoch[14] Batch [140]	Speed: 63.13 samples/sec	Train-accuracy=0.975000
2017-05-26 13:18:16,752 Epoch[14] Batch [150]	Speed: 62.78 samples/sec	Train-accuracy=0.970833
2017-05-26 13:18:25,700 Epoch[14] Batch [160]	Speed: 53.65 samples/sec	Train-accuracy=0.987500
2017-05-26 13:18:26,482 Epoch[14] Train-accuracy=1.000000
2017-05-26 13:18:26,482 Epoch[14] Time cost=124.692
2017-05-26 13:18:30,160 Saved checkpoint to "./resneXt-50/finetune-resnext-50-train-add-seg-224-lr-0.01-0015.params"
2017-05-26 13:18:32,166 Epoch[14] Validation-accuracy=0.716146
2017-05-26 13:18:40,479 Epoch[15] Batch [10]	Speed: 59.99 samples/sec	Train-accuracy=0.992424
2017-05-26 13:18:48,111 Epoch[15] Batch [20]	Speed: 62.90 samples/sec	Train-accuracy=0.968750
2017-05-26 13:18:55,712 Epoch[15] Batch [30]	Speed: 63.15 samples/sec	Train-accuracy=0.975000
2017-05-26 13:19:03,365 Epoch[15] Batch [40]	Speed: 62.73 samples/sec	Train-accuracy=0.989583
2017-05-26 13:19:11,023 Epoch[15] Batch [50]	Speed: 62.68 samples/sec	Train-accuracy=0.975000
2017-05-26 13:19:18,700 Epoch[15] Batch [60]	Speed: 62.52 samples/sec	Train-accuracy=0.983333
2017-05-26 13:19:26,362 Epoch[15] Batch [70]	Speed: 62.65 samples/sec	Train-accuracy=0.981250
2017-05-26 13:19:34,000 Epoch[15] Batch [80]	Speed: 62.85 samples/sec	Train-accuracy=0.979167
2017-05-26 13:19:41,593 Epoch[15] Batch [90]	Speed: 63.22 samples/sec	Train-accuracy=0.977083
2017-05-26 13:19:49,743 Epoch[15] Batch [100]	Speed: 58.90 samples/sec	Train-accuracy=0.962500
2017-05-26 13:19:57,331 Epoch[15] Batch [110]	Speed: 63.26 samples/sec	Train-accuracy=0.981250
2017-05-26 13:20:04,975 Epoch[15] Batch [120]	Speed: 62.80 samples/sec	Train-accuracy=0.968750
2017-05-26 13:20:12,623 Epoch[15] Batch [130]	Speed: 62.76 samples/sec	Train-accuracy=0.983333
2017-05-26 13:20:20,302 Epoch[15] Batch [140]	Speed: 62.51 samples/sec	Train-accuracy=0.979167
2017-05-26 13:20:27,967 Epoch[15] Batch [150]	Speed: 62.62 samples/sec	Train-accuracy=0.977083
2017-05-26 13:20:35,634 Epoch[15] Batch [160]	Speed: 62.61 samples/sec	Train-accuracy=0.983333
2017-05-26 13:20:37,109 Epoch[15] Train-accuracy=0.989583
2017-05-26 13:20:37,109 Epoch[15] Time cost=124.942
2017-05-26 13:20:40,701 Saved checkpoint to "./resneXt-50/finetune-resnext-50-train-add-seg-224-lr-0.01-0016.params"
2017-05-26 13:20:43,074 Epoch[15] Validation-accuracy=0.729167
2017-05-26 13:20:51,261 Epoch[16] Batch [10]	Speed: 60.94 samples/sec	Train-accuracy=0.992424
2017-05-26 13:20:58,897 Epoch[16] Batch [20]	Speed: 62.87 samples/sec	Train-accuracy=0.972917
2017-05-26 13:21:06,557 Epoch[16] Batch [30]	Speed: 62.66 samples/sec	Train-accuracy=0.964583
2017-05-26 13:21:14,231 Epoch[16] Batch [40]	Speed: 62.56 samples/sec	Train-accuracy=0.972917
2017-05-26 13:21:21,889 Epoch[16] Batch [50]	Speed: 62.68 samples/sec	Train-accuracy=0.985417
2017-05-26 13:21:29,507 Epoch[16] Batch [60]	Speed: 63.01 samples/sec	Train-accuracy=0.975000
2017-05-26 13:21:37,125 Epoch[16] Batch [70]	Speed: 63.02 samples/sec	Train-accuracy=0.983333
2017-05-26 13:21:44,781 Epoch[16] Batch [80]	Speed: 62.70 samples/sec	Train-accuracy=0.983333
2017-05-26 13:21:52,432 Epoch[16] Batch [90]	Speed: 62.74 samples/sec	Train-accuracy=0.981250
2017-05-26 13:22:00,126 Epoch[16] Batch [100]	Speed: 62.40 samples/sec	Train-accuracy=0.987500
2017-05-26 13:22:07,798 Epoch[16] Batch [110]	Speed: 62.57 samples/sec	Train-accuracy=0.981250
2017-05-26 13:22:15,441 Epoch[16] Batch [120]	Speed: 62.81 samples/sec	Train-accuracy=0.979167
2017-05-26 13:22:23,055 Epoch[16] Batch [130]	Speed: 63.05 samples/sec	Train-accuracy=0.975000
2017-05-26 13:22:30,686 Epoch[16] Batch [140]	Speed: 62.90 samples/sec	Train-accuracy=0.975000
2017-05-26 13:22:38,340 Epoch[16] Batch [150]	Speed: 62.72 samples/sec	Train-accuracy=0.989583
2017-05-26 13:22:46,011 Epoch[16] Batch [160]	Speed: 62.58 samples/sec	Train-accuracy=0.968750
2017-05-26 13:22:46,804 Epoch[16] Train-accuracy=0.958333
2017-05-26 13:22:46,805 Epoch[16] Time cost=123.730
2017-05-26 13:22:54,437 Saved checkpoint to "./resneXt-50/finetune-resnext-50-train-add-seg-224-lr-0.01-0017.params"
2017-05-26 13:22:56,724 Epoch[16] Validation-accuracy=0.745370
2017-05-26 13:23:04,687 Epoch[17] Batch [10]	Speed: 62.72 samples/sec	Train-accuracy=0.979167
2017-05-26 13:23:12,570 Epoch[17] Batch [20]	Speed: 60.89 samples/sec	Train-accuracy=0.981250
2017-05-26 13:23:20,214 Epoch[17] Batch [30]	Speed: 62.80 samples/sec	Train-accuracy=0.972917
2017-05-26 13:23:27,868 Epoch[17] Batch [40]	Speed: 62.72 samples/sec	Train-accuracy=0.979167
2017-05-26 13:23:35,539 Epoch[17] Batch [50]	Speed: 62.58 samples/sec	Train-accuracy=0.991667
2017-05-26 13:23:43,193 Epoch[17] Batch [60]	Speed: 62.71 samples/sec	Train-accuracy=0.970833
2017-05-26 13:23:50,802 Epoch[17] Batch [70]	Speed: 63.09 samples/sec	Train-accuracy=0.989583
2017-05-26 13:23:58,452 Epoch[17] Batch [80]	Speed: 62.75 samples/sec	Train-accuracy=0.968750
2017-05-26 13:24:06,089 Epoch[17] Batch [90]	Speed: 62.85 samples/sec	Train-accuracy=0.983333
2017-05-26 13:24:13,755 Epoch[17] Batch [100]	Speed: 62.62 samples/sec	Train-accuracy=0.987500
2017-05-26 13:24:21,424 Epoch[17] Batch [110]	Speed: 62.59 samples/sec	Train-accuracy=0.993750
2017-05-26 13:24:29,072 Epoch[17] Batch [120]	Speed: 62.77 samples/sec	Train-accuracy=0.987500
2017-05-26 13:24:36,665 Epoch[17] Batch [130]	Speed: 63.22 samples/sec	Train-accuracy=0.979167
2017-05-26 13:24:44,318 Epoch[17] Batch [140]	Speed: 62.72 samples/sec	Train-accuracy=0.987500
2017-05-26 13:24:51,962 Epoch[17] Batch [150]	Speed: 62.80 samples/sec	Train-accuracy=0.987500
2017-05-26 13:24:59,635 Epoch[17] Batch [160]	Speed: 62.57 samples/sec	Train-accuracy=0.968750
2017-05-26 13:25:01,157 Epoch[17] Train-accuracy=1.000000
2017-05-26 13:25:01,157 Epoch[17] Time cost=124.433
2017-05-26 13:25:01,989 Saved checkpoint to "./resneXt-50/finetune-resnext-50-train-add-seg-224-lr-0.01-0018.params"
2017-05-26 13:25:04,022 Epoch[17] Validation-accuracy=0.729167
2017-05-26 13:25:11,928 Epoch[18] Batch [10]	Speed: 62.86 samples/sec	Train-accuracy=0.986742
2017-05-26 13:25:19,571 Epoch[18] Batch [20]	Speed: 62.80 samples/sec	Train-accuracy=0.985417
2017-05-26 13:25:27,397 Epoch[18] Batch [30]	Speed: 61.34 samples/sec	Train-accuracy=0.979167
2017-05-26 13:25:35,021 Epoch[18] Batch [40]	Speed: 62.96 samples/sec	Train-accuracy=0.995833
2017-05-26 13:25:42,670 Epoch[18] Batch [50]	Speed: 62.75 samples/sec	Train-accuracy=0.985417
2017-05-26 13:25:50,357 Epoch[18] Batch [60]	Speed: 62.45 samples/sec	Train-accuracy=0.972917
2017-05-26 13:25:58,011 Epoch[18] Batch [70]	Speed: 62.71 samples/sec	Train-accuracy=0.983333
2017-05-26 13:26:05,674 Epoch[18] Batch [80]	Speed: 62.64 samples/sec	Train-accuracy=0.991667
2017-05-26 13:26:13,278 Epoch[18] Batch [90]	Speed: 63.14 samples/sec	Train-accuracy=0.989583
2017-05-26 13:26:20,916 Epoch[18] Batch [100]	Speed: 62.84 samples/sec	Train-accuracy=0.977083
2017-05-26 13:26:28,560 Epoch[18] Batch [110]	Speed: 62.80 samples/sec	Train-accuracy=0.993750
2017-05-26 13:26:36,239 Epoch[18] Batch [120]	Speed: 62.50 samples/sec	Train-accuracy=0.997917
2017-05-26 13:26:43,899 Epoch[18] Batch [130]	Speed: 62.67 samples/sec	Train-accuracy=0.987500
2017-05-26 13:26:51,549 Epoch[18] Batch [140]	Speed: 62.76 samples/sec	Train-accuracy=0.979167
2017-05-26 13:26:59,166 Epoch[18] Batch [150]	Speed: 63.03 samples/sec	Train-accuracy=0.993750
2017-05-26 13:27:06,801 Epoch[18] Batch [160]	Speed: 62.87 samples/sec	Train-accuracy=0.985417
2017-05-26 13:27:07,579 Epoch[18] Train-accuracy=0.979167
2017-05-26 13:27:07,580 Epoch[18] Time cost=123.557
2017-05-26 13:27:08,223 Saved checkpoint to "./resneXt-50/finetune-resnext-50-train-add-seg-224-lr-0.01-0019.params"
2017-05-26 13:27:10,491 Epoch[18] Validation-accuracy=0.750000
2017-05-26 13:27:18,447 Epoch[19] Batch [10]	Speed: 62.69 samples/sec	Train-accuracy=0.986742
2017-05-26 13:27:26,082 Epoch[19] Batch [20]	Speed: 62.88 samples/sec	Train-accuracy=0.989583
2017-05-26 13:27:33,684 Epoch[19] Batch [30]	Speed: 63.15 samples/sec	Train-accuracy=0.991667
2017-05-26 13:27:41,312 Epoch[19] Batch [40]	Speed: 62.93 samples/sec	Train-accuracy=0.979167
2017-05-26 13:27:48,983 Epoch[19] Batch [50]	Speed: 62.58 samples/sec	Train-accuracy=0.993750
2017-05-26 13:27:56,640 Epoch[19] Batch [60]	Speed: 62.69 samples/sec	Train-accuracy=0.987500
2017-05-26 13:28:04,291 Epoch[19] Batch [70]	Speed: 62.74 samples/sec	Train-accuracy=0.991667
2017-05-26 13:28:11,889 Epoch[19] Batch [80]	Speed: 63.18 samples/sec	Train-accuracy=0.985417
2017-05-26 13:28:19,537 Epoch[19] Batch [90]	Speed: 62.77 samples/sec	Train-accuracy=0.979167
2017-05-26 13:28:27,190 Epoch[19] Batch [100]	Speed: 62.73 samples/sec	Train-accuracy=0.979167
2017-05-26 13:28:34,860 Epoch[19] Batch [110]	Speed: 62.58 samples/sec	Train-accuracy=0.977083
2017-05-26 13:28:42,547 Epoch[19] Batch [120]	Speed: 62.45 samples/sec	Train-accuracy=0.991667
2017-05-26 13:28:50,219 Epoch[19] Batch [130]	Speed: 62.57 samples/sec	Train-accuracy=0.983333
2017-05-26 13:28:57,861 Epoch[19] Batch [140]	Speed: 62.82 samples/sec	Train-accuracy=0.991667
2017-05-26 13:29:05,464 Epoch[19] Batch [150]	Speed: 63.14 samples/sec	Train-accuracy=0.995833
2017-05-26 13:29:13,122 Epoch[19] Batch [160]	Speed: 62.69 samples/sec	Train-accuracy=0.983333
2017-05-26 13:29:14,695 Epoch[19] Train-accuracy=0.979167
2017-05-26 13:29:14,695 Epoch[19] Time cost=124.204
2017-05-26 13:29:15,315 Saved checkpoint to "./resneXt-50/finetune-resnext-50-train-add-seg-224-lr-0.01-0020.params"
2017-05-26 13:29:17,394 Epoch[19] Validation-accuracy=0.736979
2017-05-26 13:29:25,309 Epoch[20] Batch [10]	Speed: 62.72 samples/sec	Train-accuracy=0.992424
2017-05-26 13:29:32,965 Epoch[20] Batch [20]	Speed: 62.70 samples/sec	Train-accuracy=0.983333
2017-05-26 13:29:40,655 Epoch[20] Batch [30]	Speed: 62.42 samples/sec	Train-accuracy=0.989583
2017-05-26 13:29:48,255 Epoch[20] Batch [40]	Speed: 63.16 samples/sec	Train-accuracy=0.995833
2017-05-26 13:29:55,889 Epoch[20] Batch [50]	Speed: 62.88 samples/sec	Train-accuracy=0.975000
