[11:05:33] src/nnvm/legacy_json_util.cc:190: Loading symbol saved by previous version v0.8.0. Attempting to upgrade...
[11:05:33] src/nnvm/legacy_json_util.cc:198: Symbol successfully upgraded!
[11:05:34] src/io/iter_image_recordio.cc:220: ImageRecordIOParser: /home/yuanshuai/code/mxnet/example/image-classification/data/ccs-train-add-seg-224_train.rec, use 4 threads for decoding..
[11:05:34] src/io/iter_image_recordio.cc:220: ImageRecordIOParser: /home/yuanshuai/code/mxnet/example/image-classification/data/ccs-train-add-seg-224_val.rec, use 4 threads for decoding..
[11:05:59] src/operator/./cudnn_convolution-inl.h:55: Running performance tests to find the best convolution algorithm, this can take a while... (setting env variable MXNET_CUDNN_AUTOTUNE_DEFAULT to 0 to disable)
2017-05-30 11:06:35,196 Epoch[0] Batch [10]	Speed: 19.04 samples/sec	Train-accuracy=0.452652
2017-05-30 11:07:01,125 Epoch[0] Batch [20]	Speed: 18.51 samples/sec	Train-accuracy=0.510417
2017-05-30 11:07:27,092 Epoch[0] Batch [30]	Speed: 18.49 samples/sec	Train-accuracy=0.497917
2017-05-30 11:07:53,011 Epoch[0] Batch [40]	Speed: 18.52 samples/sec	Train-accuracy=0.491667
2017-05-30 11:08:18,944 Epoch[0] Batch [50]	Speed: 18.51 samples/sec	Train-accuracy=0.560417
2017-05-30 11:08:44,854 Epoch[0] Batch [60]	Speed: 18.53 samples/sec	Train-accuracy=0.543750
2017-05-30 11:09:10,763 Epoch[0] Batch [70]	Speed: 18.53 samples/sec	Train-accuracy=0.522917
2017-05-30 11:09:36,648 Epoch[0] Batch [80]	Speed: 18.54 samples/sec	Train-accuracy=0.554167
2017-05-30 11:10:02,627 Epoch[0] Batch [90]	Speed: 18.48 samples/sec	Train-accuracy=0.531250
2017-05-30 11:10:28,571 Epoch[0] Batch [100]	Speed: 18.50 samples/sec	Train-accuracy=0.531250
2017-05-30 11:10:54,481 Epoch[0] Batch [110]	Speed: 18.53 samples/sec	Train-accuracy=0.537500
2017-05-30 11:11:20,420 Epoch[0] Batch [120]	Speed: 18.51 samples/sec	Train-accuracy=0.575000
2017-05-30 11:11:46,380 Epoch[0] Batch [130]	Speed: 18.49 samples/sec	Train-accuracy=0.570833
2017-05-30 11:12:12,348 Epoch[0] Batch [140]	Speed: 18.48 samples/sec	Train-accuracy=0.583333
2017-05-30 11:12:38,309 Epoch[0] Batch [150]	Speed: 18.49 samples/sec	Train-accuracy=0.545833
2017-05-30 11:13:04,236 Epoch[0] Batch [160]	Speed: 18.51 samples/sec	Train-accuracy=0.554167
2017-05-30 11:13:09,426 Epoch[0] Train-accuracy=0.687500
2017-05-30 11:13:09,426 Epoch[0] Time cost=424.889
2017-05-30 11:13:11,960 Saved checkpoint to "./resnet-200-lr-0.001/finetune-resnet-200-train-add-seg-224-lr-0.001-momentum-0.9-0001.params"
2017-05-30 11:13:17,386 Epoch[0] Validation-accuracy=0.583333
2017-05-30 11:13:43,921 Epoch[1] Batch [10]	Speed: 18.56 samples/sec	Train-accuracy=0.564394
2017-05-30 11:14:09,810 Epoch[1] Batch [20]	Speed: 18.54 samples/sec	Train-accuracy=0.575000
2017-05-30 11:14:35,680 Epoch[1] Batch [30]	Speed: 18.55 samples/sec	Train-accuracy=0.579167
2017-05-30 11:15:01,566 Epoch[1] Batch [40]	Speed: 18.54 samples/sec	Train-accuracy=0.614583
2017-05-30 11:15:27,498 Epoch[1] Batch [50]	Speed: 18.51 samples/sec	Train-accuracy=0.577083
2017-05-30 11:15:53,424 Epoch[1] Batch [60]	Speed: 18.52 samples/sec	Train-accuracy=0.629167
2017-05-30 11:16:19,306 Epoch[1] Batch [70]	Speed: 18.55 samples/sec	Train-accuracy=0.631250
2017-05-30 11:16:45,297 Epoch[1] Batch [80]	Speed: 18.47 samples/sec	Train-accuracy=0.625000
2017-05-30 11:17:11,223 Epoch[1] Batch [90]	Speed: 18.51 samples/sec	Train-accuracy=0.618750
2017-05-30 11:17:37,102 Epoch[1] Batch [100]	Speed: 18.55 samples/sec	Train-accuracy=0.660417
2017-05-30 11:18:02,973 Epoch[1] Batch [110]	Speed: 18.55 samples/sec	Train-accuracy=0.643750
2017-05-30 11:18:28,867 Epoch[1] Batch [120]	Speed: 18.54 samples/sec	Train-accuracy=0.606250
2017-05-30 11:18:54,789 Epoch[1] Batch [130]	Speed: 18.52 samples/sec	Train-accuracy=0.637500
2017-05-30 11:19:20,668 Epoch[1] Batch [140]	Speed: 18.55 samples/sec	Train-accuracy=0.685417
2017-05-30 11:19:46,533 Epoch[1] Batch [150]	Speed: 18.56 samples/sec	Train-accuracy=0.635417
2017-05-30 11:20:12,401 Epoch[1] Batch [160]	Speed: 18.56 samples/sec	Train-accuracy=0.652083
2017-05-30 11:20:17,576 Epoch[1] Train-accuracy=0.625000
2017-05-30 11:20:17,576 Epoch[1] Time cost=420.190
2017-05-30 11:20:19,930 Saved checkpoint to "./resnet-200-lr-0.001/finetune-resnet-200-train-add-seg-224-lr-0.001-momentum-0.9-0002.params"
2017-05-30 11:20:24,728 Epoch[1] Validation-accuracy=0.593750
2017-05-30 11:20:51,307 Epoch[2] Batch [10]	Speed: 18.54 samples/sec	Train-accuracy=0.683712
2017-05-30 11:21:17,155 Epoch[2] Batch [20]	Speed: 18.57 samples/sec	Train-accuracy=0.677083
2017-05-30 11:21:43,024 Epoch[2] Batch [30]	Speed: 18.56 samples/sec	Train-accuracy=0.672917
2017-05-30 11:22:08,876 Epoch[2] Batch [40]	Speed: 18.57 samples/sec	Train-accuracy=0.672917
2017-05-30 11:22:34,741 Epoch[2] Batch [50]	Speed: 18.56 samples/sec	Train-accuracy=0.662500
2017-05-30 11:23:00,658 Epoch[2] Batch [60]	Speed: 18.52 samples/sec	Train-accuracy=0.693750
2017-05-30 11:23:26,534 Epoch[2] Batch [70]	Speed: 18.55 samples/sec	Train-accuracy=0.714583
2017-05-30 11:23:52,402 Epoch[2] Batch [80]	Speed: 18.56 samples/sec	Train-accuracy=0.683333
2017-05-30 11:24:18,268 Epoch[2] Batch [90]	Speed: 18.56 samples/sec	Train-accuracy=0.700000
2017-05-30 11:24:44,144 Epoch[2] Batch [100]	Speed: 18.55 samples/sec	Train-accuracy=0.747917
2017-05-30 11:25:10,039 Epoch[2] Batch [110]	Speed: 18.54 samples/sec	Train-accuracy=0.727083
2017-05-30 11:25:35,904 Epoch[2] Batch [120]	Speed: 18.56 samples/sec	Train-accuracy=0.739583
2017-05-30 11:26:01,792 Epoch[2] Batch [130]	Speed: 18.54 samples/sec	Train-accuracy=0.714583
2017-05-30 11:26:27,672 Epoch[2] Batch [140]	Speed: 18.55 samples/sec	Train-accuracy=0.743750
2017-05-30 11:26:53,569 Epoch[2] Batch [150]	Speed: 18.54 samples/sec	Train-accuracy=0.766667
2017-05-30 11:27:19,477 Epoch[2] Batch [160]	Speed: 18.53 samples/sec	Train-accuracy=0.760417
2017-05-30 11:27:22,062 Epoch[2] Train-accuracy=0.812500
2017-05-30 11:27:22,062 Epoch[2] Time cost=417.333
2017-05-30 11:27:24,361 Saved checkpoint to "./resnet-200-lr-0.001/finetune-resnet-200-train-add-seg-224-lr-0.001-momentum-0.9-0003.params"
2017-05-30 11:27:29,722 Epoch[2] Validation-accuracy=0.687500
2017-05-30 11:27:56,264 Epoch[3] Batch [10]	Speed: 18.56 samples/sec	Train-accuracy=0.784091
2017-05-30 11:28:22,130 Epoch[3] Batch [20]	Speed: 18.56 samples/sec	Train-accuracy=0.768750
2017-05-30 11:28:48,028 Epoch[3] Batch [30]	Speed: 18.53 samples/sec	Train-accuracy=0.775000
2017-05-30 11:29:13,915 Epoch[3] Batch [40]	Speed: 18.54 samples/sec	Train-accuracy=0.758333
2017-05-30 11:29:39,805 Epoch[3] Batch [50]	Speed: 18.54 samples/sec	Train-accuracy=0.745833
2017-05-30 11:30:05,714 Epoch[3] Batch [60]	Speed: 18.53 samples/sec	Train-accuracy=0.772917
2017-05-30 11:30:31,602 Epoch[3] Batch [70]	Speed: 18.54 samples/sec	Train-accuracy=0.802083
2017-05-30 11:30:57,487 Epoch[3] Batch [80]	Speed: 18.54 samples/sec	Train-accuracy=0.779167
2017-05-30 11:31:23,447 Epoch[3] Batch [90]	Speed: 18.49 samples/sec	Train-accuracy=0.806250
2017-05-30 11:31:49,375 Epoch[3] Batch [100]	Speed: 18.51 samples/sec	Train-accuracy=0.795833
2017-05-30 11:32:15,282 Epoch[3] Batch [110]	Speed: 18.53 samples/sec	Train-accuracy=0.766667
2017-05-30 11:32:41,173 Epoch[3] Batch [120]	Speed: 18.54 samples/sec	Train-accuracy=0.804167
2017-05-30 11:33:07,098 Epoch[3] Batch [130]	Speed: 18.51 samples/sec	Train-accuracy=0.800000
2017-05-30 11:33:33,012 Epoch[3] Batch [140]	Speed: 18.52 samples/sec	Train-accuracy=0.831250
2017-05-30 11:33:58,889 Epoch[3] Batch [150]	Speed: 18.55 samples/sec	Train-accuracy=0.825000
2017-05-30 11:34:24,798 Epoch[3] Batch [160]	Speed: 18.53 samples/sec	Train-accuracy=0.833333
2017-05-30 11:34:29,981 Epoch[3] Train-accuracy=0.864583
2017-05-30 11:34:29,981 Epoch[3] Time cost=420.259
2017-05-30 11:34:34,010 Saved checkpoint to "./resnet-200-lr-0.001/finetune-resnet-200-train-add-seg-224-lr-0.001-momentum-0.9-0004.params"
2017-05-30 11:34:38,979 Epoch[3] Validation-accuracy=0.695312
2017-05-30 11:35:05,510 Epoch[4] Batch [10]	Speed: 18.56 samples/sec	Train-accuracy=0.842803
2017-05-30 11:35:31,378 Epoch[4] Batch [20]	Speed: 18.56 samples/sec	Train-accuracy=0.841667
2017-05-30 11:35:57,566 Epoch[4] Batch [30]	Speed: 18.33 samples/sec	Train-accuracy=0.827083
2017-05-30 11:36:23,456 Epoch[4] Batch [40]	Speed: 18.54 samples/sec	Train-accuracy=0.847917
2017-05-30 11:36:49,354 Epoch[4] Batch [50]	Speed: 18.53 samples/sec	Train-accuracy=0.864583
2017-05-30 11:37:15,451 Epoch[4] Batch [60]	Speed: 18.39 samples/sec	Train-accuracy=0.847917
2017-05-30 11:37:41,495 Epoch[4] Batch [70]	Speed: 18.43 samples/sec	Train-accuracy=0.852083
2017-05-30 11:38:07,471 Epoch[4] Batch [80]	Speed: 18.48 samples/sec	Train-accuracy=0.860417
2017-05-30 11:38:33,561 Epoch[4] Batch [90]	Speed: 18.40 samples/sec	Train-accuracy=0.895833
2017-05-30 11:39:00,401 Epoch[4] Batch [100]	Speed: 17.88 samples/sec	Train-accuracy=0.864583
2017-05-30 11:39:27,137 Epoch[4] Batch [110]	Speed: 17.95 samples/sec	Train-accuracy=0.872917
2017-05-30 11:39:53,021 Epoch[4] Batch [120]	Speed: 18.54 samples/sec	Train-accuracy=0.862500
2017-05-30 11:40:18,933 Epoch[4] Batch [130]	Speed: 18.52 samples/sec	Train-accuracy=0.841667
2017-05-30 11:40:45,035 Epoch[4] Batch [140]	Speed: 18.39 samples/sec	Train-accuracy=0.887500
2017-05-30 11:41:10,890 Epoch[4] Batch [150]	Speed: 18.57 samples/sec	Train-accuracy=0.885417
2017-05-30 11:41:36,854 Epoch[4] Batch [160]	Speed: 18.49 samples/sec	Train-accuracy=0.889583
2017-05-30 11:41:39,451 Epoch[4] Train-accuracy=0.875000
2017-05-30 11:41:39,451 Epoch[4] Time cost=420.472
2017-05-30 11:41:45,334 Saved checkpoint to "./resnet-200-lr-0.001/finetune-resnet-200-train-add-seg-224-lr-0.001-momentum-0.9-0005.params"
2017-05-30 11:41:50,761 Epoch[4] Validation-accuracy=0.696759
2017-05-30 11:42:17,294 Epoch[5] Batch [10]	Speed: 18.55 samples/sec	Train-accuracy=0.869318
2017-05-30 11:42:43,155 Epoch[5] Batch [20]	Speed: 18.56 samples/sec	Train-accuracy=0.870833
2017-05-30 11:43:09,224 Epoch[5] Batch [30]	Speed: 18.41 samples/sec	Train-accuracy=0.887500
2017-05-30 11:43:35,128 Epoch[5] Batch [40]	Speed: 18.53 samples/sec	Train-accuracy=0.897917
2017-05-30 11:44:01,041 Epoch[5] Batch [50]	Speed: 18.52 samples/sec	Train-accuracy=0.883333
2017-05-30 11:44:27,546 Epoch[5] Batch [60]	Speed: 18.11 samples/sec	Train-accuracy=0.885417
2017-05-30 11:44:54,725 Epoch[5] Batch [70]	Speed: 17.66 samples/sec	Train-accuracy=0.891667
2017-05-30 11:45:21,508 Epoch[5] Batch [80]	Speed: 17.92 samples/sec	Train-accuracy=0.900000
2017-05-30 11:45:47,437 Epoch[5] Batch [90]	Speed: 18.51 samples/sec	Train-accuracy=0.893750
2017-05-30 11:46:13,329 Epoch[5] Batch [100]	Speed: 18.54 samples/sec	Train-accuracy=0.889583
2017-05-30 11:46:39,429 Epoch[5] Batch [110]	Speed: 18.39 samples/sec	Train-accuracy=0.902083
2017-05-30 11:47:05,335 Epoch[5] Batch [120]	Speed: 18.53 samples/sec	Train-accuracy=0.914583
2017-05-30 11:47:31,205 Epoch[5] Batch [130]	Speed: 18.55 samples/sec	Train-accuracy=0.925000
2017-05-30 11:47:57,254 Epoch[5] Batch [140]	Speed: 18.43 samples/sec	Train-accuracy=0.941667
2017-05-30 11:48:24,068 Epoch[5] Batch [150]	Speed: 17.90 samples/sec	Train-accuracy=0.900000
2017-05-30 11:48:50,468 Epoch[5] Batch [160]	Speed: 18.18 samples/sec	Train-accuracy=0.887500
2017-05-30 11:48:55,643 Epoch[5] Train-accuracy=0.906250
2017-05-30 11:48:55,644 Epoch[5] Time cost=424.883
2017-05-30 11:48:59,371 Saved checkpoint to "./resnet-200-lr-0.001/finetune-resnet-200-train-add-seg-224-lr-0.001-momentum-0.9-0006.params"
2017-05-30 11:49:05,758 Epoch[5] Validation-accuracy=0.692708
2017-05-30 11:49:33,745 Epoch[6] Batch [10]	Speed: 17.63 samples/sec	Train-accuracy=0.910985
2017-05-30 11:50:00,086 Epoch[6] Batch [20]	Speed: 18.22 samples/sec	Train-accuracy=0.914583
2017-05-30 11:50:25,965 Epoch[6] Batch [30]	Speed: 18.55 samples/sec	Train-accuracy=0.902083
2017-05-30 11:50:51,844 Epoch[6] Batch [40]	Speed: 18.55 samples/sec	Train-accuracy=0.900000
2017-05-30 11:51:17,770 Epoch[6] Batch [50]	Speed: 18.51 samples/sec	Train-accuracy=0.916667
2017-05-30 11:51:43,634 Epoch[6] Batch [60]	Speed: 18.56 samples/sec	Train-accuracy=0.931250
2017-05-30 11:52:09,504 Epoch[6] Batch [70]	Speed: 18.55 samples/sec	Train-accuracy=0.927083
2017-05-30 11:52:35,604 Epoch[6] Batch [80]	Speed: 18.39 samples/sec	Train-accuracy=0.927083
2017-05-30 11:53:02,796 Epoch[6] Batch [90]	Speed: 17.65 samples/sec	Train-accuracy=0.943750
2017-05-30 11:53:29,602 Epoch[6] Batch [100]	Speed: 17.91 samples/sec	Train-accuracy=0.945833
2017-05-30 11:53:55,664 Epoch[6] Batch [110]	Speed: 18.42 samples/sec	Train-accuracy=0.947917
2017-05-30 11:54:21,665 Epoch[6] Batch [120]	Speed: 18.46 samples/sec	Train-accuracy=0.931250
2017-05-30 11:54:47,867 Epoch[6] Batch [130]	Speed: 18.32 samples/sec	Train-accuracy=0.906250
2017-05-30 11:55:14,758 Epoch[6] Batch [140]	Speed: 17.85 samples/sec	Train-accuracy=0.935417
2017-05-30 11:55:41,136 Epoch[6] Batch [150]	Speed: 18.20 samples/sec	Train-accuracy=0.925000
2017-05-30 11:56:07,181 Epoch[6] Batch [160]	Speed: 18.43 samples/sec	Train-accuracy=0.954167
2017-05-30 11:56:09,767 Epoch[6] Train-accuracy=0.895833
2017-05-30 11:56:09,767 Epoch[6] Time cost=424.008
2017-05-30 11:56:13,034 Saved checkpoint to "./resnet-200-lr-0.001/finetune-resnet-200-train-add-seg-224-lr-0.001-momentum-0.9-0007.params"
2017-05-30 11:56:19,984 Epoch[6] Validation-accuracy=0.706019
2017-05-30 11:56:48,266 Epoch[7] Batch [10]	Speed: 17.59 samples/sec	Train-accuracy=0.939394
2017-05-30 11:57:14,143 Epoch[7] Batch [20]	Speed: 18.55 samples/sec	Train-accuracy=0.954167
2017-05-30 11:57:40,012 Epoch[7] Batch [30]	Speed: 18.56 samples/sec	Train-accuracy=0.950000
2017-05-30 11:58:05,887 Epoch[7] Batch [40]	Speed: 18.55 samples/sec	Train-accuracy=0.920833
2017-05-30 11:58:31,977 Epoch[7] Batch [50]	Speed: 18.40 samples/sec	Train-accuracy=0.929167
2017-05-30 11:58:57,908 Epoch[7] Batch [60]	Speed: 18.51 samples/sec	Train-accuracy=0.931250
2017-05-30 11:59:23,822 Epoch[7] Batch [70]	Speed: 18.52 samples/sec	Train-accuracy=0.943750
2017-05-30 11:59:50,407 Epoch[7] Batch [80]	Speed: 18.06 samples/sec	Train-accuracy=0.952083
2017-05-30 12:00:17,296 Epoch[7] Batch [90]	Speed: 17.85 samples/sec	Train-accuracy=0.935417
2017-05-30 12:00:44,066 Epoch[7] Batch [100]	Speed: 17.93 samples/sec	Train-accuracy=0.954167
2017-05-30 12:01:10,608 Epoch[7] Batch [110]	Speed: 18.08 samples/sec	Train-accuracy=0.952083
2017-05-30 12:01:37,403 Epoch[7] Batch [120]	Speed: 17.91 samples/sec	Train-accuracy=0.950000
2017-05-30 12:02:03,300 Epoch[7] Batch [130]	Speed: 18.54 samples/sec	Train-accuracy=0.947917
2017-05-30 12:02:29,239 Epoch[7] Batch [140]	Speed: 18.51 samples/sec	Train-accuracy=0.912500
2017-05-30 12:02:55,126 Epoch[7] Batch [150]	Speed: 18.54 samples/sec	Train-accuracy=0.954167
2017-05-30 12:03:20,994 Epoch[7] Batch [160]	Speed: 18.56 samples/sec	Train-accuracy=0.950000
2017-05-30 12:03:26,162 Epoch[7] Train-accuracy=0.958333
2017-05-30 12:03:26,163 Epoch[7] Time cost=426.178
2017-05-30 12:03:28,431 Saved checkpoint to "./resnet-200-lr-0.001/finetune-resnet-200-train-add-seg-224-lr-0.001-momentum-0.9-0008.params"
2017-05-30 12:03:34,749 Epoch[7] Validation-accuracy=0.699074
2017-05-30 12:04:01,570 Epoch[8] Batch [10]	Speed: 18.38 samples/sec	Train-accuracy=0.946970
2017-05-30 12:04:27,437 Epoch[8] Batch [20]	Speed: 18.56 samples/sec	Train-accuracy=0.937500
2017-05-30 12:04:53,328 Epoch[8] Batch [30]	Speed: 18.54 samples/sec	Train-accuracy=0.947917
2017-05-30 12:05:19,314 Epoch[8] Batch [40]	Speed: 18.47 samples/sec	Train-accuracy=0.939583
2017-05-30 12:05:45,180 Epoch[8] Batch [50]	Speed: 18.56 samples/sec	Train-accuracy=0.954167
2017-05-30 12:06:11,062 Epoch[8] Batch [60]	Speed: 18.55 samples/sec	Train-accuracy=0.970833
2017-05-30 12:06:37,294 Epoch[8] Batch [70]	Speed: 18.30 samples/sec	Train-accuracy=0.979167
2017-05-30 12:07:04,752 Epoch[8] Batch [80]	Speed: 17.48 samples/sec	Train-accuracy=0.964583
2017-05-30 12:07:31,641 Epoch[8] Batch [90]	Speed: 17.85 samples/sec	Train-accuracy=0.964583
2017-05-30 12:07:58,593 Epoch[8] Batch [100]	Speed: 17.81 samples/sec	Train-accuracy=0.945833
2017-05-30 12:08:25,585 Epoch[8] Batch [110]	Speed: 17.78 samples/sec	Train-accuracy=0.945833
2017-05-30 12:08:52,169 Epoch[8] Batch [120]	Speed: 18.06 samples/sec	Train-accuracy=0.950000
2017-05-30 12:09:18,037 Epoch[8] Batch [130]	Speed: 18.56 samples/sec	Train-accuracy=0.962500
2017-05-30 12:09:44,022 Epoch[8] Batch [140]	Speed: 18.47 samples/sec	Train-accuracy=0.960417
2017-05-30 12:10:11,564 Epoch[8] Batch [150]	Speed: 17.43 samples/sec	Train-accuracy=0.947917
2017-05-30 12:10:38,677 Epoch[8] Batch [160]	Speed: 17.70 samples/sec	Train-accuracy=0.947917
2017-05-30 12:10:41,358 Epoch[8] Train-accuracy=0.937500
2017-05-30 12:10:41,358 Epoch[8] Time cost=426.609
2017-05-30 12:10:50,644 Saved checkpoint to "./resnet-200-lr-0.001/finetune-resnet-200-train-add-seg-224-lr-0.001-momentum-0.9-0009.params"
2017-05-30 12:10:56,715 Epoch[8] Validation-accuracy=0.726562
2017-05-30 12:11:23,517 Epoch[9] Batch [10]	Speed: 18.48 samples/sec	Train-accuracy=0.954545
2017-05-30 12:11:49,387 Epoch[9] Batch [20]	Speed: 18.55 samples/sec	Train-accuracy=0.966667
2017-05-30 12:12:15,303 Epoch[9] Batch [30]	Speed: 18.52 samples/sec	Train-accuracy=0.954167
2017-05-30 12:12:41,749 Epoch[9] Batch [40]	Speed: 18.15 samples/sec	Train-accuracy=0.964583
2017-05-30 12:13:09,057 Epoch[9] Batch [50]	Speed: 17.58 samples/sec	Train-accuracy=0.960417
2017-05-30 12:13:35,026 Epoch[9] Batch [60]	Speed: 18.48 samples/sec	Train-accuracy=0.952083
2017-05-30 12:14:00,915 Epoch[9] Batch [70]	Speed: 18.54 samples/sec	Train-accuracy=0.962500
2017-05-30 12:14:26,808 Epoch[9] Batch [80]	Speed: 18.54 samples/sec	Train-accuracy=0.958333
2017-05-30 12:14:52,703 Epoch[9] Batch [90]	Speed: 18.54 samples/sec	Train-accuracy=0.962500
2017-05-30 12:15:18,603 Epoch[9] Batch [100]	Speed: 18.53 samples/sec	Train-accuracy=0.937500
2017-05-30 12:15:44,556 Epoch[9] Batch [110]	Speed: 18.50 samples/sec	Train-accuracy=0.956250
2017-05-30 12:16:10,464 Epoch[9] Batch [120]	Speed: 18.53 samples/sec	Train-accuracy=0.954167
2017-05-30 12:16:36,511 Epoch[9] Batch [130]	Speed: 18.43 samples/sec	Train-accuracy=0.972917
2017-05-30 12:17:09,016 Epoch[9] Batch [140]	Speed: 14.77 samples/sec	Train-accuracy=0.964583
2017-05-30 12:17:39,116 Epoch[9] Batch [150]	Speed: 15.95 samples/sec	Train-accuracy=0.972917
2017-05-30 12:18:12,293 Epoch[9] Batch [160]	Speed: 14.47 samples/sec	Train-accuracy=0.981250
2017-05-30 12:18:21,088 Epoch[9] Train-accuracy=0.968750
2017-05-30 12:18:21,089 Epoch[9] Time cost=444.373
2017-05-30 12:19:13,270 Saved checkpoint to "./resnet-200-lr-0.001/finetune-resnet-200-train-add-seg-224-lr-0.001-momentum-0.9-0010.params"
2017-05-30 12:19:23,992 Epoch[9] Validation-accuracy=0.701389
2017-05-30 12:19:52,853 Epoch[10] Batch [10]	Speed: 17.01 samples/sec	Train-accuracy=0.977273
2017-05-30 12:20:20,334 Epoch[10] Batch [20]	Speed: 17.47 samples/sec	Train-accuracy=0.977083
2017-05-30 12:20:54,511 Epoch[10] Batch [30]	Speed: 14.04 samples/sec	Train-accuracy=0.975000
2017-05-30 12:21:24,810 Epoch[10] Batch [40]	Speed: 15.84 samples/sec	Train-accuracy=0.981250
2017-05-30 12:21:52,764 Epoch[10] Batch [50]	Speed: 17.17 samples/sec	Train-accuracy=0.983333
2017-05-30 12:22:24,871 Epoch[10] Batch [60]	Speed: 14.95 samples/sec	Train-accuracy=0.956250
2017-05-30 12:23:00,594 Epoch[10] Batch [70]	Speed: 13.44 samples/sec	Train-accuracy=0.985417
2017-05-30 12:23:32,514 Epoch[10] Batch [80]	Speed: 15.04 samples/sec	Train-accuracy=0.968750
2017-05-30 12:24:03,716 Epoch[10] Batch [90]	Speed: 15.38 samples/sec	Train-accuracy=0.968750
2017-05-30 12:24:37,446 Epoch[10] Batch [100]	Speed: 14.23 samples/sec	Train-accuracy=0.975000
2017-05-30 12:25:13,958 Epoch[10] Batch [110]	Speed: 13.15 samples/sec	Train-accuracy=0.962500
2017-05-30 12:25:41,674 Epoch[10] Batch [120]	Speed: 17.32 samples/sec	Train-accuracy=0.970833
2017-05-30 12:26:11,837 Epoch[10] Batch [130]	Speed: 15.91 samples/sec	Train-accuracy=0.966667
2017-05-30 12:26:39,937 Epoch[10] Batch [140]	Speed: 17.08 samples/sec	Train-accuracy=0.977083
2017-05-30 12:27:14,548 Epoch[10] Batch [150]	Speed: 13.87 samples/sec	Train-accuracy=0.970833
2017-05-30 12:27:46,279 Epoch[10] Batch [160]	Speed: 15.13 samples/sec	Train-accuracy=0.972917
2017-05-30 12:27:49,622 Epoch[10] Train-accuracy=1.000000
2017-05-30 12:27:49,622 Epoch[10] Time cost=505.629
2017-05-30 12:28:00,004 Saved checkpoint to "./resnet-200-lr-0.001/finetune-resnet-200-train-add-seg-224-lr-0.001-momentum-0.9-0011.params"
2017-05-30 12:28:10,581 Epoch[10] Validation-accuracy=0.726562
2017-05-30 12:28:44,096 Epoch[11] Batch [10]	Speed: 15.01 samples/sec	Train-accuracy=0.965909
2017-05-30 12:29:11,397 Epoch[11] Batch [20]	Speed: 17.58 samples/sec	Train-accuracy=0.979167
2017-05-30 12:29:40,981 Epoch[11] Batch [30]	Speed: 16.23 samples/sec	Train-accuracy=0.950000
2017-05-30 12:30:08,400 Epoch[11] Batch [40]	Speed: 17.51 samples/sec	Train-accuracy=0.979167
2017-05-30 12:30:40,413 Epoch[11] Batch [50]	Speed: 14.99 samples/sec	Train-accuracy=0.979167
2017-05-30 12:31:10,133 Epoch[11] Batch [60]	Speed: 16.15 samples/sec	Train-accuracy=0.970833
2017-05-30 12:31:38,471 Epoch[11] Batch [70]	Speed: 16.94 samples/sec	Train-accuracy=0.968750
2017-05-30 12:32:05,461 Epoch[11] Batch [80]	Speed: 17.78 samples/sec	Train-accuracy=0.964583
2017-05-30 12:32:32,302 Epoch[11] Batch [90]	Speed: 17.88 samples/sec	Train-accuracy=0.975000
2017-05-30 12:32:58,290 Epoch[11] Batch [100]	Speed: 18.47 samples/sec	Train-accuracy=0.985417
2017-05-30 12:33:24,428 Epoch[11] Batch [110]	Speed: 18.36 samples/sec	Train-accuracy=0.964583
2017-05-30 12:33:50,950 Epoch[11] Batch [120]	Speed: 18.10 samples/sec	Train-accuracy=0.985417
2017-05-30 12:34:17,719 Epoch[11] Batch [130]	Speed: 17.93 samples/sec	Train-accuracy=0.964583
2017-05-30 12:34:44,526 Epoch[11] Batch [140]	Speed: 17.91 samples/sec	Train-accuracy=0.970833
2017-05-30 12:35:10,710 Epoch[11] Batch [150]	Speed: 18.33 samples/sec	Train-accuracy=0.964583
2017-05-30 12:35:36,717 Epoch[11] Batch [160]	Speed: 18.46 samples/sec	Train-accuracy=0.979167
2017-05-30 12:35:41,964 Epoch[11] Train-accuracy=0.989583
2017-05-30 12:35:41,964 Epoch[11] Time cost=451.383
2017-05-30 12:35:45,365 Saved checkpoint to "./resnet-200-lr-0.001/finetune-resnet-200-train-add-seg-224-lr-0.001-momentum-0.9-0012.params"
2017-05-30 12:35:50,652 Epoch[11] Validation-accuracy=0.729167
2017-05-30 12:36:17,232 Epoch[12] Batch [10]	Speed: 18.53 samples/sec	Train-accuracy=0.960227
2017-05-30 12:36:43,887 Epoch[12] Batch [20]	Speed: 18.01 samples/sec	Train-accuracy=0.985417
2017-05-30 12:37:10,599 Epoch[12] Batch [30]	Speed: 17.97 samples/sec	Train-accuracy=0.970833
2017-05-30 12:37:37,415 Epoch[12] Batch [40]	Speed: 17.90 samples/sec	Train-accuracy=0.968750
2017-05-30 12:38:04,365 Epoch[12] Batch [50]	Speed: 17.81 samples/sec	Train-accuracy=0.962500
2017-05-30 12:38:30,434 Epoch[12] Batch [60]	Speed: 18.41 samples/sec	Train-accuracy=0.968750
2017-05-30 12:38:56,356 Epoch[12] Batch [70]	Speed: 18.52 samples/sec	Train-accuracy=0.975000
2017-05-30 12:39:22,314 Epoch[12] Batch [80]	Speed: 18.49 samples/sec	Train-accuracy=0.972917
2017-05-30 12:39:48,831 Epoch[12] Batch [90]	Speed: 18.10 samples/sec	Train-accuracy=0.985417
2017-05-30 12:40:15,751 Epoch[12] Batch [100]	Speed: 17.83 samples/sec	Train-accuracy=0.970833
2017-05-30 12:40:42,218 Epoch[12] Batch [110]	Speed: 18.14 samples/sec	Train-accuracy=0.970833
2017-05-30 12:41:08,072 Epoch[12] Batch [120]	Speed: 18.57 samples/sec	Train-accuracy=0.970833
2017-05-30 12:41:33,978 Epoch[12] Batch [130]	Speed: 18.53 samples/sec	Train-accuracy=0.985417
2017-05-30 12:41:59,850 Epoch[12] Batch [140]	Speed: 18.55 samples/sec	Train-accuracy=0.979167
2017-05-30 12:42:27,078 Epoch[12] Batch [150]	Speed: 17.63 samples/sec	Train-accuracy=0.983333
2017-05-30 12:42:53,834 Epoch[12] Batch [160]	Speed: 17.94 samples/sec	Train-accuracy=0.991667
2017-05-30 12:42:56,442 Epoch[12] Train-accuracy=0.958333
2017-05-30 12:42:56,443 Epoch[12] Time cost=425.790
2017-05-30 12:42:59,417 Saved checkpoint to "./resnet-200-lr-0.001/finetune-resnet-200-train-add-seg-224-lr-0.001-momentum-0.9-0013.params"
2017-05-30 12:43:04,101 Epoch[12] Validation-accuracy=0.734375
2017-05-30 12:43:30,712 Epoch[13] Batch [10]	Speed: 18.50 samples/sec	Train-accuracy=0.973485
2017-05-30 12:43:56,984 Epoch[13] Batch [20]	Speed: 18.27 samples/sec	Train-accuracy=0.979167
2017-05-30 12:44:22,879 Epoch[13] Batch [30]	Speed: 18.54 samples/sec	Train-accuracy=0.977083
2017-05-30 12:44:48,773 Epoch[13] Batch [40]	Speed: 18.54 samples/sec	Train-accuracy=0.975000
2017-05-30 12:45:14,689 Epoch[13] Batch [50]	Speed: 18.52 samples/sec	Train-accuracy=0.987500
2017-05-30 12:45:41,306 Epoch[13] Batch [60]	Speed: 18.03 samples/sec	Train-accuracy=0.985417
2017-05-30 12:46:08,426 Epoch[13] Batch [70]	Speed: 17.70 samples/sec	Train-accuracy=0.979167
2017-05-30 12:46:34,898 Epoch[13] Batch [80]	Speed: 18.13 samples/sec	Train-accuracy=0.970833
2017-05-30 12:47:00,837 Epoch[13] Batch [90]	Speed: 18.51 samples/sec	Train-accuracy=0.964583
2017-05-30 12:47:26,712 Epoch[13] Batch [100]	Speed: 18.55 samples/sec	Train-accuracy=0.970833
2017-05-30 12:47:53,051 Epoch[13] Batch [110]	Speed: 18.22 samples/sec	Train-accuracy=0.964583
2017-05-30 12:48:19,723 Epoch[13] Batch [120]	Speed: 18.00 samples/sec	Train-accuracy=0.975000
2017-05-30 12:48:46,637 Epoch[13] Batch [130]	Speed: 17.84 samples/sec	Train-accuracy=0.970833
2017-05-30 12:49:13,577 Epoch[13] Batch [140]	Speed: 17.82 samples/sec	Train-accuracy=0.970833
2017-05-30 12:49:40,675 Epoch[13] Batch [150]	Speed: 17.71 samples/sec	Train-accuracy=0.987500
2017-05-30 12:50:07,385 Epoch[13] Batch [160]	Speed: 17.97 samples/sec	Train-accuracy=0.975000
2017-05-30 12:50:12,609 Epoch[13] Train-accuracy=0.968750
2017-05-30 12:50:12,610 Epoch[13] Time cost=428.509
2017-05-30 12:50:23,401 Saved checkpoint to "./resnet-200-lr-0.001/finetune-resnet-200-train-add-seg-224-lr-0.001-momentum-0.9-0014.params"
2017-05-30 12:50:28,612 Epoch[13] Validation-accuracy=0.729167
2017-05-30 12:50:55,166 Epoch[14] Batch [10]	Speed: 18.54 samples/sec	Train-accuracy=0.981061
2017-05-30 12:51:21,461 Epoch[14] Batch [20]	Speed: 18.25 samples/sec	Train-accuracy=0.972917
2017-05-30 12:51:48,270 Epoch[14] Batch [30]	Speed: 17.90 samples/sec	Train-accuracy=0.983333
2017-05-30 12:52:14,461 Epoch[14] Batch [40]	Speed: 18.33 samples/sec	Train-accuracy=0.983333
2017-05-30 12:52:40,358 Epoch[14] Batch [50]	Speed: 18.54 samples/sec	Train-accuracy=0.977083
2017-05-30 12:53:06,258 Epoch[14] Batch [60]	Speed: 18.53 samples/sec	Train-accuracy=0.987500
2017-05-30 12:53:32,148 Epoch[14] Batch [70]	Speed: 18.54 samples/sec	Train-accuracy=0.979167
2017-05-30 12:53:58,049 Epoch[14] Batch [80]	Speed: 18.53 samples/sec	Train-accuracy=0.987500
2017-05-30 12:54:23,912 Epoch[14] Batch [90]	Speed: 18.56 samples/sec	Train-accuracy=0.983333
2017-05-30 12:54:49,811 Epoch[14] Batch [100]	Speed: 18.53 samples/sec	Train-accuracy=0.970833
2017-05-30 12:55:15,714 Epoch[14] Batch [110]	Speed: 18.53 samples/sec	Train-accuracy=0.975000
2017-05-30 12:55:41,610 Epoch[14] Batch [120]	Speed: 18.54 samples/sec	Train-accuracy=0.979167
2017-05-30 12:56:07,495 Epoch[14] Batch [130]	Speed: 18.54 samples/sec	Train-accuracy=0.979167
2017-05-30 12:56:33,375 Epoch[14] Batch [140]	Speed: 18.55 samples/sec	Train-accuracy=0.985417
2017-05-30 12:57:00,017 Epoch[14] Batch [150]	Speed: 18.02 samples/sec	Train-accuracy=0.981250
2017-05-30 12:57:26,924 Epoch[14] Batch [160]	Speed: 17.84 samples/sec	Train-accuracy=0.995833
2017-05-30 12:57:29,520 Epoch[14] Train-accuracy=0.979167
2017-05-30 12:57:29,521 Epoch[14] Time cost=420.908
2017-05-30 12:57:33,492 Saved checkpoint to "./resnet-200-lr-0.001/finetune-resnet-200-train-add-seg-224-lr-0.001-momentum-0.9-0015.params"
2017-05-30 12:57:40,255 Epoch[14] Validation-accuracy=0.742188
2017-05-30 12:58:10,752 Epoch[15] Batch [10]	Speed: 16.15 samples/sec	Train-accuracy=0.973485
2017-05-30 12:58:40,974 Epoch[15] Batch [20]	Speed: 15.88 samples/sec	Train-accuracy=0.977083
2017-05-30 12:59:11,797 Epoch[15] Batch [30]	Speed: 15.57 samples/sec	Train-accuracy=0.975000
2017-05-30 12:59:40,690 Epoch[15] Batch [40]	Speed: 16.61 samples/sec	Train-accuracy=0.981250
2017-05-30 13:00:10,646 Epoch[15] Batch [50]	Speed: 16.02 samples/sec	Train-accuracy=0.991667
2017-05-30 13:00:42,496 Epoch[15] Batch [60]	Speed: 15.07 samples/sec	Train-accuracy=0.985417
2017-05-30 13:01:14,252 Epoch[15] Batch [70]	Speed: 15.12 samples/sec	Train-accuracy=0.975000
2017-05-30 13:01:45,147 Epoch[15] Batch [80]	Speed: 15.54 samples/sec	Train-accuracy=0.991667
2017-05-30 13:02:15,613 Epoch[15] Batch [90]	Speed: 15.76 samples/sec	Train-accuracy=0.977083
2017-05-30 13:02:45,945 Epoch[15] Batch [100]	Speed: 15.83 samples/sec	Train-accuracy=0.985417
2017-05-30 13:03:17,046 Epoch[15] Batch [110]	Speed: 15.43 samples/sec	Train-accuracy=0.970833
2017-05-30 13:03:45,899 Epoch[15] Batch [120]	Speed: 16.64 samples/sec	Train-accuracy=0.983333
2017-05-30 13:04:13,728 Epoch[15] Batch [130]	Speed: 17.25 samples/sec	Train-accuracy=0.987500
2017-05-30 13:04:40,488 Epoch[15] Batch [140]	Speed: 17.94 samples/sec	Train-accuracy=0.987500
2017-05-30 13:05:07,100 Epoch[15] Batch [150]	Speed: 18.04 samples/sec	Train-accuracy=0.977083
2017-05-30 13:05:33,210 Epoch[15] Batch [160]	Speed: 18.38 samples/sec	Train-accuracy=0.983333
2017-05-30 13:05:38,596 Epoch[15] Train-accuracy=0.989583
2017-05-30 13:05:38,596 Epoch[15] Time cost=478.341
2017-05-30 13:05:48,117 Saved checkpoint to "./resnet-200-lr-0.001/finetune-resnet-200-train-add-seg-224-lr-0.001-momentum-0.9-0016.params"
2017-05-30 13:05:55,205 Epoch[15] Validation-accuracy=0.750000
2017-05-30 13:06:24,647 Epoch[16] Batch [10]	Speed: 16.68 samples/sec	Train-accuracy=0.975379
2017-05-30 13:06:52,573 Epoch[16] Batch [20]	Speed: 17.19 samples/sec	Train-accuracy=0.979167
2017-05-30 13:07:21,984 Epoch[16] Batch [30]	Speed: 16.32 samples/sec	Train-accuracy=0.966667
2017-05-30 13:07:49,569 Epoch[16] Batch [40]	Speed: 17.40 samples/sec	Train-accuracy=0.979167
2017-05-30 13:08:18,230 Epoch[16] Batch [50]	Speed: 16.75 samples/sec	Train-accuracy=0.987500
2017-05-30 13:08:45,578 Epoch[16] Batch [60]	Speed: 17.55 samples/sec	Train-accuracy=0.993750
2017-05-30 13:09:13,503 Epoch[16] Batch [70]	Speed: 17.19 samples/sec	Train-accuracy=0.977083
2017-05-30 13:09:41,847 Epoch[16] Batch [80]	Speed: 16.94 samples/sec	Train-accuracy=0.985417
2017-05-30 13:10:08,252 Epoch[16] Batch [90]	Speed: 18.18 samples/sec	Train-accuracy=0.981250
2017-05-30 13:10:35,412 Epoch[16] Batch [100]	Speed: 17.67 samples/sec	Train-accuracy=0.983333
2017-05-30 13:11:03,385 Epoch[16] Batch [110]	Speed: 17.16 samples/sec	Train-accuracy=0.977083
2017-05-30 13:11:29,576 Epoch[16] Batch [120]	Speed: 18.33 samples/sec	Train-accuracy=0.989583
2017-05-30 13:11:55,817 Epoch[16] Batch [130]	Speed: 18.29 samples/sec	Train-accuracy=0.981250
2017-05-30 13:12:22,132 Epoch[16] Batch [140]	Speed: 18.24 samples/sec	Train-accuracy=0.991667
2017-05-30 13:12:48,550 Epoch[16] Batch [150]	Speed: 18.17 samples/sec	Train-accuracy=0.979167
2017-05-30 13:13:15,203 Epoch[16] Batch [160]	Speed: 18.01 samples/sec	Train-accuracy=0.975000
2017-05-30 13:13:18,105 Epoch[16] Train-accuracy=1.000000
2017-05-30 13:13:18,105 Epoch[16] Time cost=442.900
2017-05-30 13:13:26,051 Saved checkpoint to "./resnet-200-lr-0.001/finetune-resnet-200-train-add-seg-224-lr-0.001-momentum-0.9-0017.params"
2017-05-30 13:13:32,952 Epoch[16] Validation-accuracy=0.745370
2017-05-30 13:14:01,046 Epoch[17] Batch [10]	Speed: 17.54 samples/sec	Train-accuracy=0.977273
2017-05-30 13:14:29,072 Epoch[17] Batch [20]	Speed: 17.13 samples/sec	Train-accuracy=0.985417
2017-05-30 13:14:55,320 Epoch[17] Batch [30]	Speed: 18.29 samples/sec	Train-accuracy=0.977083
2017-05-30 13:15:22,137 Epoch[17] Batch [40]	Speed: 17.90 samples/sec	Train-accuracy=0.979167
2017-05-30 13:15:50,603 Epoch[17] Batch [50]	Speed: 16.86 samples/sec	Train-accuracy=0.979167
2017-05-30 13:16:18,276 Epoch[17] Batch [60]	Speed: 17.35 samples/sec	Train-accuracy=0.989583
2017-05-30 13:16:45,289 Epoch[17] Batch [70]	Speed: 17.77 samples/sec	Train-accuracy=0.991667
2017-05-30 13:17:13,179 Epoch[17] Batch [80]	Speed: 17.21 samples/sec	Train-accuracy=0.981250
2017-05-30 13:17:41,691 Epoch[17] Batch [90]	Speed: 16.84 samples/sec	Train-accuracy=0.985417
2017-05-30 13:18:11,428 Epoch[17] Batch [100]	Speed: 16.14 samples/sec	Train-accuracy=0.993750
2017-05-30 13:18:38,581 Epoch[17] Batch [110]	Speed: 17.68 samples/sec	Train-accuracy=0.991667
2017-05-30 13:19:07,876 Epoch[17] Batch [120]	Speed: 16.39 samples/sec	Train-accuracy=0.991667
2017-05-30 13:19:33,730 Epoch[17] Batch [130]	Speed: 18.57 samples/sec	Train-accuracy=0.989583
2017-05-30 13:20:01,640 Epoch[17] Batch [140]	Speed: 17.20 samples/sec	Train-accuracy=0.993750
2017-05-30 13:20:30,103 Epoch[17] Batch [150]	Speed: 16.86 samples/sec	Train-accuracy=0.993750
2017-05-30 13:20:55,972 Epoch[17] Batch [160]	Speed: 18.56 samples/sec	Train-accuracy=0.975000
2017-05-30 13:21:01,148 Epoch[17] Train-accuracy=0.979167
2017-05-30 13:21:01,149 Epoch[17] Time cost=448.196
2017-05-30 13:21:07,286 Saved checkpoint to "./resnet-200-lr-0.001/finetune-resnet-200-train-add-seg-224-lr-0.001-momentum-0.9-0018.params"
2017-05-30 13:21:13,303 Epoch[17] Validation-accuracy=0.744792
./run_finetune_script.sh: line 41:  5179 Terminated              python run_finetune.py './resnet-200-lr-0.001/resnet-200' '0' './resnet-200-lr-0.001/finetune-resnet-200-train-add-seg-224-lr-0.001-momentum-0.9' '25'
