[09:13:38] src/io/iter_image_recordio_2.cc:135: ImageRecordIOParser2: /home/yuanshuai/code/mxnet/example/image-classification/data/ccs-train-add-seg-224_train.rec, use 4 threads for decoding..
[09:13:39] src/io/iter_image_recordio_2.cc:135: ImageRecordIOParser2: /home/yuanshuai/code/mxnet/example/image-classification/data/ccs-train-add-seg-224_val.rec, use 4 threads for decoding..
2017-05-30 09:14:31,544 Epoch[0] Batch [10]	Speed: 7.87 samples/sec	Train-accuracy=0.404040
2017-05-30 09:15:17,323 Epoch[0] Batch [20]	Speed: 7.86 samples/sec	Train-accuracy=0.519444
2017-05-30 09:16:03,103 Epoch[0] Batch [30]	Speed: 7.86 samples/sec	Train-accuracy=0.488889
2017-05-30 09:16:48,885 Epoch[0] Batch [40]	Speed: 7.86 samples/sec	Train-accuracy=0.500000
2017-05-30 09:17:34,661 Epoch[0] Batch [50]	Speed: 7.86 samples/sec	Train-accuracy=0.497222
2017-05-30 09:18:20,450 Epoch[0] Batch [60]	Speed: 7.86 samples/sec	Train-accuracy=0.525000
2017-05-30 09:19:06,247 Epoch[0] Batch [70]	Speed: 7.86 samples/sec	Train-accuracy=0.552778
2017-05-30 09:19:52,031 Epoch[0] Batch [80]	Speed: 7.86 samples/sec	Train-accuracy=0.627778
2017-05-30 09:20:37,803 Epoch[0] Batch [90]	Speed: 7.87 samples/sec	Train-accuracy=0.511111
2017-05-30 09:21:23,575 Epoch[0] Batch [100]	Speed: 7.87 samples/sec	Train-accuracy=0.605556
2017-05-30 09:22:09,341 Epoch[0] Batch [110]	Speed: 7.87 samples/sec	Train-accuracy=0.569444
2017-05-30 09:22:55,123 Epoch[0] Batch [120]	Speed: 7.86 samples/sec	Train-accuracy=0.513889
2017-05-30 09:23:40,894 Epoch[0] Batch [130]	Speed: 7.87 samples/sec	Train-accuracy=0.508333
2017-05-30 09:24:26,672 Epoch[0] Batch [140]	Speed: 7.86 samples/sec	Train-accuracy=0.550000
2017-05-30 09:25:12,449 Epoch[0] Batch [150]	Speed: 7.86 samples/sec	Train-accuracy=0.525000
2017-05-30 09:25:58,231 Epoch[0] Batch [160]	Speed: 7.86 samples/sec	Train-accuracy=0.555556
2017-05-30 09:26:44,011 Epoch[0] Batch [170]	Speed: 7.86 samples/sec	Train-accuracy=0.591667
2017-05-30 09:27:29,794 Epoch[0] Batch [180]	Speed: 7.86 samples/sec	Train-accuracy=0.600000
2017-05-30 09:28:15,574 Epoch[0] Batch [190]	Speed: 7.86 samples/sec	Train-accuracy=0.613889
2017-05-30 09:29:01,351 Epoch[0] Batch [200]	Speed: 7.86 samples/sec	Train-accuracy=0.591667
2017-05-30 09:29:47,124 Epoch[0] Batch [210]	Speed: 7.86 samples/sec	Train-accuracy=0.547222
2017-05-30 09:30:14,595 Epoch[0] Train-accuracy=0.634259
2017-05-30 09:30:14,595 Epoch[0] Time cost=992.183
2017-05-30 09:30:18,190 Saved checkpoint to "./resneXt-101-lr-0.001/finetune-resnext-101-train-add-seg-224-lr-0.001-momentum-0.9-0001.params"
2017-05-30 09:30:30,163 Epoch[0] Validation-accuracy=0.558081
2017-05-30 09:31:17,168 Epoch[1] Batch [10]	Speed: 7.86 samples/sec	Train-accuracy=0.631313
2017-05-30 09:32:02,961 Epoch[1] Batch [20]	Speed: 7.86 samples/sec	Train-accuracy=0.616667
2017-05-30 09:32:48,742 Epoch[1] Batch [30]	Speed: 7.86 samples/sec	Train-accuracy=0.622222
2017-05-30 09:33:34,542 Epoch[1] Batch [40]	Speed: 7.86 samples/sec	Train-accuracy=0.594444
2017-05-30 09:34:20,329 Epoch[1] Batch [50]	Speed: 7.86 samples/sec	Train-accuracy=0.652778
2017-05-30 09:35:06,119 Epoch[1] Batch [60]	Speed: 7.86 samples/sec	Train-accuracy=0.638889
2017-05-30 09:35:51,910 Epoch[1] Batch [70]	Speed: 7.86 samples/sec	Train-accuracy=0.663889
2017-05-30 09:36:37,706 Epoch[1] Batch [80]	Speed: 7.86 samples/sec	Train-accuracy=0.633333
2017-05-30 09:37:23,491 Epoch[1] Batch [90]	Speed: 7.86 samples/sec	Train-accuracy=0.652778
2017-05-30 09:38:09,271 Epoch[1] Batch [100]	Speed: 7.86 samples/sec	Train-accuracy=0.675000
2017-05-30 09:38:55,042 Epoch[1] Batch [110]	Speed: 7.87 samples/sec	Train-accuracy=0.661111
2017-05-30 09:39:40,866 Epoch[1] Batch [120]	Speed: 7.86 samples/sec	Train-accuracy=0.686111
2017-05-30 09:40:26,718 Epoch[1] Batch [130]	Speed: 7.85 samples/sec	Train-accuracy=0.686111
2017-05-30 09:41:12,514 Epoch[1] Batch [140]	Speed: 7.86 samples/sec	Train-accuracy=0.686111
2017-05-30 09:41:58,310 Epoch[1] Batch [150]	Speed: 7.86 samples/sec	Train-accuracy=0.636111
2017-05-30 09:42:44,102 Epoch[1] Batch [160]	Speed: 7.86 samples/sec	Train-accuracy=0.644444
2017-05-30 09:43:29,896 Epoch[1] Batch [170]	Speed: 7.86 samples/sec	Train-accuracy=0.661111
2017-05-30 09:44:15,684 Epoch[1] Batch [180]	Speed: 7.86 samples/sec	Train-accuracy=0.669444
2017-05-30 09:45:01,497 Epoch[1] Batch [190]	Speed: 7.86 samples/sec	Train-accuracy=0.716667
2017-05-30 09:45:47,287 Epoch[1] Batch [200]	Speed: 7.86 samples/sec	Train-accuracy=0.705556
2017-05-30 09:46:33,103 Epoch[1] Batch [210]	Speed: 7.86 samples/sec	Train-accuracy=0.713889
2017-05-30 09:47:00,596 Epoch[1] Train-accuracy=0.740741
2017-05-30 09:47:00,596 Epoch[1] Time cost=990.433
2017-05-30 09:47:04,101 Saved checkpoint to "./resneXt-101-lr-0.001/finetune-resnext-101-train-add-seg-224-lr-0.001-momentum-0.9-0002.params"
2017-05-30 09:47:17,147 Epoch[1] Validation-accuracy=0.643519
2017-05-30 09:48:04,156 Epoch[2] Batch [10]	Speed: 7.86 samples/sec	Train-accuracy=0.750000
2017-05-30 09:48:49,952 Epoch[2] Batch [20]	Speed: 7.86 samples/sec	Train-accuracy=0.766667
2017-05-30 09:49:35,815 Epoch[2] Batch [30]	Speed: 7.85 samples/sec	Train-accuracy=0.722222
2017-05-30 09:50:21,624 Epoch[2] Batch [40]	Speed: 7.86 samples/sec	Train-accuracy=0.741667
2017-05-30 09:51:07,422 Epoch[2] Batch [50]	Speed: 7.86 samples/sec	Train-accuracy=0.747222
2017-05-30 09:51:53,197 Epoch[2] Batch [60]	Speed: 7.86 samples/sec	Train-accuracy=0.708333
2017-05-30 09:52:38,983 Epoch[2] Batch [70]	Speed: 7.86 samples/sec	Train-accuracy=0.761111
2017-05-30 09:53:24,756 Epoch[2] Batch [80]	Speed: 7.86 samples/sec	Train-accuracy=0.805556
2017-05-30 09:54:10,548 Epoch[2] Batch [90]	Speed: 7.86 samples/sec	Train-accuracy=0.819444
2017-05-30 09:54:56,348 Epoch[2] Batch [100]	Speed: 7.86 samples/sec	Train-accuracy=0.788889
2017-05-30 09:55:42,135 Epoch[2] Batch [110]	Speed: 7.86 samples/sec	Train-accuracy=0.783333
2017-05-30 09:56:27,926 Epoch[2] Batch [120]	Speed: 7.86 samples/sec	Train-accuracy=0.750000
2017-05-30 09:57:13,712 Epoch[2] Batch [130]	Speed: 7.86 samples/sec	Train-accuracy=0.797222
2017-05-30 09:57:59,506 Epoch[2] Batch [140]	Speed: 7.86 samples/sec	Train-accuracy=0.791667
2017-05-30 09:58:45,305 Epoch[2] Batch [150]	Speed: 7.86 samples/sec	Train-accuracy=0.775000
2017-05-30 09:59:31,116 Epoch[2] Batch [160]	Speed: 7.86 samples/sec	Train-accuracy=0.808333
2017-05-30 10:00:16,996 Epoch[2] Batch [170]	Speed: 7.85 samples/sec	Train-accuracy=0.794444
2017-05-30 10:01:08,438 Epoch[2] Batch [180]	Speed: 7.00 samples/sec	Train-accuracy=0.822222
2017-05-30 10:02:04,566 Epoch[2] Batch [190]	Speed: 6.41 samples/sec	Train-accuracy=0.794444
2017-05-30 10:03:01,924 Epoch[2] Batch [200]	Speed: 6.28 samples/sec	Train-accuracy=0.813889
2017-05-30 10:03:57,518 Epoch[2] Batch [210]	Speed: 6.48 samples/sec	Train-accuracy=0.808333
2017-05-30 10:04:31,230 Epoch[2] Train-accuracy=0.819444
2017-05-30 10:04:31,231 Epoch[2] Time cost=1034.083
2017-05-30 10:04:34,809 Saved checkpoint to "./resneXt-101-lr-0.001/finetune-resnext-101-train-add-seg-224-lr-0.001-momentum-0.9-0003.params"
2017-05-30 10:04:50,949 Epoch[2] Validation-accuracy=0.656566
2017-05-30 10:05:45,171 Epoch[3] Batch [10]	Speed: 6.84 samples/sec	Train-accuracy=0.815657
2017-05-30 10:06:30,971 Epoch[3] Batch [20]	Speed: 7.86 samples/sec	Train-accuracy=0.811111
2017-05-30 10:07:16,787 Epoch[3] Batch [30]	Speed: 7.86 samples/sec	Train-accuracy=0.872222
2017-05-30 10:08:02,600 Epoch[3] Batch [40]	Speed: 7.86 samples/sec	Train-accuracy=0.841667
2017-05-30 10:08:48,413 Epoch[3] Batch [50]	Speed: 7.86 samples/sec	Train-accuracy=0.836111
2017-05-30 10:09:34,239 Epoch[3] Batch [60]	Speed: 7.86 samples/sec	Train-accuracy=0.808333
2017-05-30 10:10:20,066 Epoch[3] Batch [70]	Speed: 7.86 samples/sec	Train-accuracy=0.836111
2017-05-30 10:11:05,885 Epoch[3] Batch [80]	Speed: 7.86 samples/sec	Train-accuracy=0.833333
2017-05-30 10:11:51,691 Epoch[3] Batch [90]	Speed: 7.86 samples/sec	Train-accuracy=0.841667
2017-05-30 10:12:37,514 Epoch[3] Batch [100]	Speed: 7.86 samples/sec	Train-accuracy=0.844444
2017-05-30 10:13:23,337 Epoch[3] Batch [110]	Speed: 7.86 samples/sec	Train-accuracy=0.872222
2017-05-30 10:14:09,150 Epoch[3] Batch [120]	Speed: 7.86 samples/sec	Train-accuracy=0.866667
2017-05-30 10:14:54,969 Epoch[3] Batch [130]	Speed: 7.86 samples/sec	Train-accuracy=0.847222
2017-05-30 10:15:40,781 Epoch[3] Batch [140]	Speed: 7.86 samples/sec	Train-accuracy=0.858333
2017-05-30 10:16:26,593 Epoch[3] Batch [150]	Speed: 7.86 samples/sec	Train-accuracy=0.830556
2017-05-30 10:17:12,388 Epoch[3] Batch [160]	Speed: 7.86 samples/sec	Train-accuracy=0.850000
2017-05-30 10:17:58,196 Epoch[3] Batch [170]	Speed: 7.86 samples/sec	Train-accuracy=0.836111
2017-05-30 10:18:44,014 Epoch[3] Batch [180]	Speed: 7.86 samples/sec	Train-accuracy=0.861111
2017-05-30 10:19:29,837 Epoch[3] Batch [190]	Speed: 7.86 samples/sec	Train-accuracy=0.888889
2017-05-30 10:20:15,655 Epoch[3] Batch [200]	Speed: 7.86 samples/sec	Train-accuracy=0.838889
2017-05-30 10:21:01,471 Epoch[3] Batch [210]	Speed: 7.86 samples/sec	Train-accuracy=0.900000
2017-05-30 10:21:24,386 Epoch[3] Train-accuracy=0.955556
2017-05-30 10:21:24,386 Epoch[3] Time cost=993.437
2017-05-30 10:21:27,976 Saved checkpoint to "./resneXt-101-lr-0.001/finetune-resnext-101-train-add-seg-224-lr-0.001-momentum-0.9-0004.params"
2017-05-30 10:21:41,029 Epoch[3] Validation-accuracy=0.650463
2017-05-30 10:22:28,064 Epoch[4] Batch [10]	Speed: 7.86 samples/sec	Train-accuracy=0.906566
2017-05-30 10:23:13,877 Epoch[4] Batch [20]	Speed: 7.86 samples/sec	Train-accuracy=0.911111
2017-05-30 10:23:59,679 Epoch[4] Batch [30]	Speed: 7.86 samples/sec	Train-accuracy=0.919444
2017-05-30 10:24:45,484 Epoch[4] Batch [40]	Speed: 7.86 samples/sec	Train-accuracy=0.886111
2017-05-30 10:25:31,294 Epoch[4] Batch [50]	Speed: 7.86 samples/sec	Train-accuracy=0.880556
2017-05-30 10:26:17,130 Epoch[4] Batch [60]	Speed: 7.85 samples/sec	Train-accuracy=0.916667
2017-05-30 10:27:02,948 Epoch[4] Batch [70]	Speed: 7.86 samples/sec	Train-accuracy=0.886111
2017-05-30 10:27:48,765 Epoch[4] Batch [80]	Speed: 7.86 samples/sec	Train-accuracy=0.902778
2017-05-30 10:28:34,594 Epoch[4] Batch [90]	Speed: 7.86 samples/sec	Train-accuracy=0.902778
2017-05-30 10:29:20,412 Epoch[4] Batch [100]	Speed: 7.86 samples/sec	Train-accuracy=0.911111
2017-05-30 10:30:06,232 Epoch[4] Batch [110]	Speed: 7.86 samples/sec	Train-accuracy=0.927778
2017-05-30 10:30:52,050 Epoch[4] Batch [120]	Speed: 7.86 samples/sec	Train-accuracy=0.908333
2017-05-30 10:31:37,850 Epoch[4] Batch [130]	Speed: 7.86 samples/sec	Train-accuracy=0.900000
2017-05-30 10:32:23,680 Epoch[4] Batch [140]	Speed: 7.86 samples/sec	Train-accuracy=0.911111
2017-05-30 10:33:09,493 Epoch[4] Batch [150]	Speed: 7.86 samples/sec	Train-accuracy=0.900000
2017-05-30 10:33:55,308 Epoch[4] Batch [160]	Speed: 7.86 samples/sec	Train-accuracy=0.883333
2017-05-30 10:34:41,180 Epoch[4] Batch [170]	Speed: 7.85 samples/sec	Train-accuracy=0.891667
2017-05-30 10:35:27,001 Epoch[4] Batch [180]	Speed: 7.86 samples/sec	Train-accuracy=0.916667
2017-05-30 10:36:12,836 Epoch[4] Batch [190]	Speed: 7.85 samples/sec	Train-accuracy=0.888889
2017-05-30 10:36:58,619 Epoch[4] Batch [200]	Speed: 7.86 samples/sec	Train-accuracy=0.913889
2017-05-30 10:37:44,424 Epoch[4] Batch [210]	Speed: 7.86 samples/sec	Train-accuracy=0.919444
2017-05-30 10:38:11,920 Epoch[4] Train-accuracy=0.893519
2017-05-30 10:38:11,920 Epoch[4] Time cost=990.891
2017-05-30 10:38:15,519 Saved checkpoint to "./resneXt-101-lr-0.001/finetune-resnext-101-train-add-seg-224-lr-0.001-momentum-0.9-0005.params"
2017-05-30 10:38:27,483 Epoch[4] Validation-accuracy=0.707071
2017-05-30 10:39:14,525 Epoch[5] Batch [10]	Speed: 7.86 samples/sec	Train-accuracy=0.929293
2017-05-30 10:40:00,342 Epoch[5] Batch [20]	Speed: 7.86 samples/sec	Train-accuracy=0.925000
2017-05-30 10:40:46,178 Epoch[5] Batch [30]	Speed: 7.85 samples/sec	Train-accuracy=0.925000
2017-05-30 10:41:32,011 Epoch[5] Batch [40]	Speed: 7.85 samples/sec	Train-accuracy=0.930556
2017-05-30 10:42:17,817 Epoch[5] Batch [50]	Speed: 7.86 samples/sec	Train-accuracy=0.936111
2017-05-30 10:43:03,639 Epoch[5] Batch [60]	Speed: 7.86 samples/sec	Train-accuracy=0.927778
2017-05-30 10:43:49,456 Epoch[5] Batch [70]	Speed: 7.86 samples/sec	Train-accuracy=0.922222
2017-05-30 10:44:35,275 Epoch[5] Batch [80]	Speed: 7.86 samples/sec	Train-accuracy=0.925000
2017-05-30 10:45:21,094 Epoch[5] Batch [90]	Speed: 7.86 samples/sec	Train-accuracy=0.950000
2017-05-30 10:46:06,907 Epoch[5] Batch [100]	Speed: 7.86 samples/sec	Train-accuracy=0.933333
2017-05-30 10:46:52,718 Epoch[5] Batch [110]	Speed: 7.86 samples/sec	Train-accuracy=0.950000
2017-05-30 10:47:38,525 Epoch[5] Batch [120]	Speed: 7.86 samples/sec	Train-accuracy=0.952778
2017-05-30 10:48:24,342 Epoch[5] Batch [130]	Speed: 7.86 samples/sec	Train-accuracy=0.922222
2017-05-30 10:49:10,159 Epoch[5] Batch [140]	Speed: 7.86 samples/sec	Train-accuracy=0.952778
2017-05-30 10:49:55,974 Epoch[5] Batch [150]	Speed: 7.86 samples/sec	Train-accuracy=0.938889
2017-05-30 10:50:41,782 Epoch[5] Batch [160]	Speed: 7.86 samples/sec	Train-accuracy=0.919444
2017-05-30 10:51:27,584 Epoch[5] Batch [170]	Speed: 7.86 samples/sec	Train-accuracy=0.936111
2017-05-30 10:52:13,371 Epoch[5] Batch [180]	Speed: 7.86 samples/sec	Train-accuracy=0.952778
2017-05-30 10:52:59,190 Epoch[5] Batch [190]	Speed: 7.86 samples/sec	Train-accuracy=0.963889
2017-05-30 10:53:45,015 Epoch[5] Batch [200]	Speed: 7.86 samples/sec	Train-accuracy=0.933333
2017-05-30 10:54:30,819 Epoch[5] Batch [210]	Speed: 7.86 samples/sec	Train-accuracy=0.963889
2017-05-30 10:54:58,308 Epoch[5] Train-accuracy=0.907407
2017-05-30 10:54:58,308 Epoch[5] Time cost=990.825
2017-05-30 10:55:01,855 Saved checkpoint to "./resneXt-101-lr-0.001/finetune-resnext-101-train-add-seg-224-lr-0.001-momentum-0.9-0006.params"
2017-05-30 10:55:13,818 Epoch[5] Validation-accuracy=0.727273
2017-05-30 10:56:00,849 Epoch[6] Batch [10]	Speed: 7.86 samples/sec	Train-accuracy=0.939394
2017-05-30 10:56:46,627 Epoch[6] Batch [20]	Speed: 7.86 samples/sec	Train-accuracy=0.933333
2017-05-30 10:57:32,438 Epoch[6] Batch [30]	Speed: 7.86 samples/sec	Train-accuracy=0.947222
2017-05-30 10:58:18,252 Epoch[6] Batch [40]	Speed: 7.86 samples/sec	Train-accuracy=0.947222
2017-05-30 10:59:04,073 Epoch[6] Batch [50]	Speed: 7.86 samples/sec	Train-accuracy=0.911111
2017-05-30 10:59:49,877 Epoch[6] Batch [60]	Speed: 7.86 samples/sec	Train-accuracy=0.925000
2017-05-30 11:00:35,695 Epoch[6] Batch [70]	Speed: 7.86 samples/sec	Train-accuracy=0.947222
2017-05-30 11:01:21,487 Epoch[6] Batch [80]	Speed: 7.86 samples/sec	Train-accuracy=0.952778
2017-05-30 11:02:07,302 Epoch[6] Batch [90]	Speed: 7.86 samples/sec	Train-accuracy=0.944444
2017-05-30 11:02:53,115 Epoch[6] Batch [100]	Speed: 7.86 samples/sec	Train-accuracy=0.952778
2017-05-30 11:03:38,925 Epoch[6] Batch [110]	Speed: 7.86 samples/sec	Train-accuracy=0.950000
2017-05-30 11:04:24,740 Epoch[6] Batch [120]	Speed: 7.86 samples/sec	Train-accuracy=0.941667
2017-05-30 11:05:10,562 Epoch[6] Batch [130]	Speed: 7.86 samples/sec	Train-accuracy=0.961111
2017-05-30 11:05:56,398 Epoch[6] Batch [140]	Speed: 7.85 samples/sec	Train-accuracy=0.933333
2017-05-30 11:06:42,208 Epoch[6] Batch [150]	Speed: 7.86 samples/sec	Train-accuracy=0.913889
2017-05-30 11:07:28,015 Epoch[6] Batch [160]	Speed: 7.86 samples/sec	Train-accuracy=0.936111
2017-05-30 11:08:13,830 Epoch[6] Batch [170]	Speed: 7.86 samples/sec	Train-accuracy=0.936111
2017-05-30 11:08:59,659 Epoch[6] Batch [180]	Speed: 7.86 samples/sec	Train-accuracy=0.961111
2017-05-30 11:09:45,482 Epoch[6] Batch [190]	Speed: 7.86 samples/sec	Train-accuracy=0.936111
2017-05-30 11:10:31,309 Epoch[6] Batch [200]	Speed: 7.86 samples/sec	Train-accuracy=0.969444
2017-05-30 11:11:17,125 Epoch[6] Batch [210]	Speed: 7.86 samples/sec	Train-accuracy=0.933333
2017-05-30 11:11:40,046 Epoch[6] Train-accuracy=0.944444
2017-05-30 11:11:40,047 Epoch[6] Time cost=986.228
2017-05-30 11:11:43,602 Saved checkpoint to "./resneXt-101-lr-0.001/finetune-resnext-101-train-add-seg-224-lr-0.001-momentum-0.9-0007.params"
2017-05-30 11:11:56,683 Epoch[6] Validation-accuracy=0.708333
2017-05-30 11:12:43,688 Epoch[7] Batch [10]	Speed: 7.86 samples/sec	Train-accuracy=0.964646
2017-05-30 11:13:29,506 Epoch[7] Batch [20]	Speed: 7.86 samples/sec	Train-accuracy=0.952778
2017-05-30 11:14:15,325 Epoch[7] Batch [30]	Speed: 7.86 samples/sec	Train-accuracy=0.966667
2017-05-30 11:15:01,156 Epoch[7] Batch [40]	Speed: 7.86 samples/sec	Train-accuracy=0.950000
2017-05-30 11:15:46,958 Epoch[7] Batch [50]	Speed: 7.86 samples/sec	Train-accuracy=0.958333
2017-05-30 11:16:32,771 Epoch[7] Batch [60]	Speed: 7.86 samples/sec	Train-accuracy=0.944444
2017-05-30 11:17:18,618 Epoch[7] Batch [70]	Speed: 7.85 samples/sec	Train-accuracy=0.955556
2017-05-30 11:18:04,438 Epoch[7] Batch [80]	Speed: 7.86 samples/sec	Train-accuracy=0.955556
2017-05-30 11:18:50,253 Epoch[7] Batch [90]	Speed: 7.86 samples/sec	Train-accuracy=0.966667
2017-05-30 11:19:36,062 Epoch[7] Batch [100]	Speed: 7.86 samples/sec	Train-accuracy=0.947222
2017-05-30 11:20:21,896 Epoch[7] Batch [110]	Speed: 7.85 samples/sec	Train-accuracy=0.952778
2017-05-30 11:21:07,697 Epoch[7] Batch [120]	Speed: 7.86 samples/sec	Train-accuracy=0.930556
2017-05-30 11:21:53,494 Epoch[7] Batch [130]	Speed: 7.86 samples/sec	Train-accuracy=0.969444
2017-05-30 11:22:39,306 Epoch[7] Batch [140]	Speed: 7.86 samples/sec	Train-accuracy=0.950000
2017-05-30 11:23:25,124 Epoch[7] Batch [150]	Speed: 7.86 samples/sec	Train-accuracy=0.947222
2017-05-30 11:24:10,944 Epoch[7] Batch [160]	Speed: 7.86 samples/sec	Train-accuracy=0.938889
2017-05-30 11:24:56,750 Epoch[7] Batch [170]	Speed: 7.86 samples/sec	Train-accuracy=0.963889
2017-05-30 11:25:42,577 Epoch[7] Batch [180]	Speed: 7.86 samples/sec	Train-accuracy=0.947222
2017-05-30 11:26:28,373 Epoch[7] Batch [190]	Speed: 7.86 samples/sec	Train-accuracy=0.950000
2017-05-30 11:27:14,182 Epoch[7] Batch [200]	Speed: 7.86 samples/sec	Train-accuracy=0.961111
2017-05-30 11:27:59,982 Epoch[7] Batch [210]	Speed: 7.86 samples/sec	Train-accuracy=0.972222
2017-05-30 11:28:27,458 Epoch[7] Train-accuracy=0.962963
2017-05-30 11:28:27,458 Epoch[7] Time cost=990.775
2017-05-30 11:28:30,990 Saved checkpoint to "./resneXt-101-lr-0.001/finetune-resnext-101-train-add-seg-224-lr-0.001-momentum-0.9-0008.params"
2017-05-30 11:28:42,942 Epoch[7] Validation-accuracy=0.719697
2017-05-30 11:29:29,974 Epoch[8] Batch [10]	Speed: 7.86 samples/sec	Train-accuracy=0.946970
2017-05-30 11:30:15,786 Epoch[8] Batch [20]	Speed: 7.86 samples/sec	Train-accuracy=0.950000
2017-05-30 11:31:01,610 Epoch[8] Batch [30]	Speed: 7.86 samples/sec	Train-accuracy=0.961111
2017-05-30 11:31:47,426 Epoch[8] Batch [40]	Speed: 7.86 samples/sec	Train-accuracy=0.969444
2017-05-30 11:32:33,247 Epoch[8] Batch [50]	Speed: 7.86 samples/sec	Train-accuracy=0.963889
2017-05-30 11:33:19,071 Epoch[8] Batch [60]	Speed: 7.86 samples/sec	Train-accuracy=0.963889
2017-05-30 11:34:04,900 Epoch[8] Batch [70]	Speed: 7.86 samples/sec	Train-accuracy=0.975000
2017-05-30 11:34:50,719 Epoch[8] Batch [80]	Speed: 7.86 samples/sec	Train-accuracy=0.972222
2017-05-30 11:35:36,544 Epoch[8] Batch [90]	Speed: 7.86 samples/sec	Train-accuracy=0.972222
2017-05-30 11:36:22,370 Epoch[8] Batch [100]	Speed: 7.86 samples/sec	Train-accuracy=0.983333
2017-05-30 11:37:08,189 Epoch[8] Batch [110]	Speed: 7.86 samples/sec	Train-accuracy=0.952778
2017-05-30 11:37:53,996 Epoch[8] Batch [120]	Speed: 7.86 samples/sec	Train-accuracy=0.972222
2017-05-30 11:38:39,814 Epoch[8] Batch [130]	Speed: 7.86 samples/sec	Train-accuracy=0.980556
2017-05-30 11:39:25,649 Epoch[8] Batch [140]	Speed: 7.85 samples/sec	Train-accuracy=0.941667
2017-05-30 11:40:11,481 Epoch[8] Batch [150]	Speed: 7.85 samples/sec	Train-accuracy=0.972222
2017-05-30 11:40:57,294 Epoch[8] Batch [160]	Speed: 7.86 samples/sec	Train-accuracy=0.969444
2017-05-30 11:41:43,135 Epoch[8] Batch [170]	Speed: 7.85 samples/sec	Train-accuracy=0.952778
2017-05-30 11:42:28,942 Epoch[8] Batch [180]	Speed: 7.86 samples/sec	Train-accuracy=0.938889
2017-05-30 11:43:14,766 Epoch[8] Batch [190]	Speed: 7.86 samples/sec	Train-accuracy=0.980556
2017-05-30 11:44:00,588 Epoch[8] Batch [200]	Speed: 7.86 samples/sec	Train-accuracy=0.980556
2017-05-30 11:44:46,408 Epoch[8] Batch [210]	Speed: 7.86 samples/sec	Train-accuracy=0.961111
2017-05-30 11:45:13,906 Epoch[8] Train-accuracy=0.976852
2017-05-30 11:45:13,906 Epoch[8] Time cost=990.964
2017-05-30 11:45:17,434 Saved checkpoint to "./resneXt-101-lr-0.001/finetune-resnext-101-train-add-seg-224-lr-0.001-momentum-0.9-0009.params"
2017-05-30 11:45:30,480 Epoch[8] Validation-accuracy=0.722222
2017-05-30 11:46:17,522 Epoch[9] Batch [10]	Speed: 7.86 samples/sec	Train-accuracy=0.964646
2017-05-30 11:47:03,330 Epoch[9] Batch [20]	Speed: 7.86 samples/sec	Train-accuracy=0.961111
2017-05-30 11:47:49,142 Epoch[9] Batch [30]	Speed: 7.86 samples/sec	Train-accuracy=0.961111
2017-05-30 11:48:34,922 Epoch[9] Batch [40]	Speed: 7.86 samples/sec	Train-accuracy=0.955556
2017-05-30 11:49:20,719 Epoch[9] Batch [50]	Speed: 7.86 samples/sec	Train-accuracy=0.969444
2017-05-30 11:50:06,528 Epoch[9] Batch [60]	Speed: 7.86 samples/sec	Train-accuracy=0.975000
2017-05-30 11:50:52,343 Epoch[9] Batch [70]	Speed: 7.86 samples/sec	Train-accuracy=0.966667
2017-05-30 11:51:38,142 Epoch[9] Batch [80]	Speed: 7.86 samples/sec	Train-accuracy=0.961111
2017-05-30 11:52:23,949 Epoch[9] Batch [90]	Speed: 7.86 samples/sec	Train-accuracy=0.958333
2017-05-30 11:53:09,769 Epoch[9] Batch [100]	Speed: 7.86 samples/sec	Train-accuracy=0.975000
2017-05-30 11:53:55,578 Epoch[9] Batch [110]	Speed: 7.86 samples/sec	Train-accuracy=0.958333
2017-05-30 11:54:41,404 Epoch[9] Batch [120]	Speed: 7.86 samples/sec	Train-accuracy=0.944444
2017-05-30 11:55:27,216 Epoch[9] Batch [130]	Speed: 7.86 samples/sec	Train-accuracy=0.969444
2017-05-30 11:56:13,048 Epoch[9] Batch [140]	Speed: 7.85 samples/sec	Train-accuracy=0.975000
2017-05-30 11:56:58,864 Epoch[9] Batch [150]	Speed: 7.86 samples/sec	Train-accuracy=0.977778
2017-05-30 11:57:44,691 Epoch[9] Batch [160]	Speed: 7.86 samples/sec	Train-accuracy=0.961111
2017-05-30 11:58:30,531 Epoch[9] Batch [170]	Speed: 7.85 samples/sec	Train-accuracy=0.966667
2017-05-30 11:59:16,351 Epoch[9] Batch [180]	Speed: 7.86 samples/sec	Train-accuracy=0.952778
2017-05-30 12:00:02,178 Epoch[9] Batch [190]	Speed: 7.86 samples/sec	Train-accuracy=0.950000
2017-05-30 12:00:48,001 Epoch[9] Batch [200]	Speed: 7.86 samples/sec	Train-accuracy=0.969444
2017-05-30 12:01:33,821 Epoch[9] Batch [210]	Speed: 7.86 samples/sec	Train-accuracy=0.983333
2017-05-30 12:01:56,738 Epoch[9] Train-accuracy=0.961111
2017-05-30 12:01:56,739 Epoch[9] Time cost=986.258
2017-05-30 12:02:00,254 Saved checkpoint to "./resneXt-101-lr-0.001/finetune-resnext-101-train-add-seg-224-lr-0.001-momentum-0.9-0010.params"
2017-05-30 12:02:12,222 Epoch[9] Validation-accuracy=0.719697
2017-05-30 12:02:59,268 Epoch[10] Batch [10]	Speed: 7.86 samples/sec	Train-accuracy=0.977273
2017-05-30 12:03:45,072 Epoch[10] Batch [20]	Speed: 7.86 samples/sec	Train-accuracy=0.991667
2017-05-30 12:04:30,889 Epoch[10] Batch [30]	Speed: 7.86 samples/sec	Train-accuracy=0.977778
2017-05-30 12:05:16,705 Epoch[10] Batch [40]	Speed: 7.86 samples/sec	Train-accuracy=0.975000
2017-05-30 12:06:02,533 Epoch[10] Batch [50]	Speed: 7.86 samples/sec	Train-accuracy=0.972222
2017-05-30 12:06:48,356 Epoch[10] Batch [60]	Speed: 7.86 samples/sec	Train-accuracy=0.972222
2017-05-30 12:07:34,196 Epoch[10] Batch [70]	Speed: 7.85 samples/sec	Train-accuracy=0.947222
2017-05-30 12:08:20,026 Epoch[10] Batch [80]	Speed: 7.86 samples/sec	Train-accuracy=0.961111
2017-05-30 12:09:05,850 Epoch[10] Batch [90]	Speed: 7.86 samples/sec	Train-accuracy=0.969444
2017-05-30 12:09:51,669 Epoch[10] Batch [100]	Speed: 7.86 samples/sec	Train-accuracy=0.972222
2017-05-30 12:10:37,477 Epoch[10] Batch [110]	Speed: 7.86 samples/sec	Train-accuracy=0.972222
2017-05-30 12:11:23,255 Epoch[10] Batch [120]	Speed: 7.86 samples/sec	Train-accuracy=0.969444
2017-05-30 12:12:09,023 Epoch[10] Batch [130]	Speed: 7.87 samples/sec	Train-accuracy=0.972222
2017-05-30 12:12:54,816 Epoch[10] Batch [140]	Speed: 7.86 samples/sec	Train-accuracy=0.966667
2017-05-30 12:13:40,597 Epoch[10] Batch [150]	Speed: 7.86 samples/sec	Train-accuracy=0.977778
2017-05-30 12:14:26,416 Epoch[10] Batch [160]	Speed: 7.86 samples/sec	Train-accuracy=0.975000
2017-05-30 12:15:12,239 Epoch[10] Batch [170]	Speed: 7.86 samples/sec	Train-accuracy=0.963889
2017-05-30 12:15:58,034 Epoch[10] Batch [180]	Speed: 7.86 samples/sec	Train-accuracy=0.961111
2017-05-30 12:16:43,857 Epoch[10] Batch [190]	Speed: 7.86 samples/sec	Train-accuracy=0.963889
2017-05-30 12:17:29,667 Epoch[10] Batch [200]	Speed: 7.86 samples/sec	Train-accuracy=0.950000
2017-05-30 12:18:15,465 Epoch[10] Batch [210]	Speed: 7.86 samples/sec	Train-accuracy=0.991667
2017-05-30 12:18:42,940 Epoch[10] Train-accuracy=0.976852
2017-05-30 12:18:42,940 Epoch[10] Time cost=990.718
2017-05-30 12:18:46,502 Saved checkpoint to "./resneXt-101-lr-0.001/finetune-resnext-101-train-add-seg-224-lr-0.001-momentum-0.9-0011.params"
2017-05-30 12:18:58,464 Epoch[10] Validation-accuracy=0.729798
2017-05-30 12:19:45,496 Epoch[11] Batch [10]	Speed: 7.86 samples/sec	Train-accuracy=0.962121
2017-05-30 12:20:31,318 Epoch[11] Batch [20]	Speed: 7.86 samples/sec	Train-accuracy=0.975000
2017-05-30 12:21:17,133 Epoch[11] Batch [30]	Speed: 7.86 samples/sec	Train-accuracy=0.980556
2017-05-30 12:22:02,956 Epoch[11] Batch [40]	Speed: 7.86 samples/sec	Train-accuracy=0.983333
2017-05-30 12:22:48,738 Epoch[11] Batch [50]	Speed: 7.86 samples/sec	Train-accuracy=0.980556
2017-05-30 12:23:34,557 Epoch[11] Batch [60]	Speed: 7.86 samples/sec	Train-accuracy=0.966667
2017-05-30 12:24:20,363 Epoch[11] Batch [70]	Speed: 7.86 samples/sec	Train-accuracy=0.977778
2017-05-30 12:25:06,195 Epoch[11] Batch [80]	Speed: 7.85 samples/sec	Train-accuracy=0.963889
2017-05-30 12:25:52,022 Epoch[11] Batch [90]	Speed: 7.86 samples/sec	Train-accuracy=0.983333
2017-05-30 12:26:37,833 Epoch[11] Batch [100]	Speed: 7.86 samples/sec	Train-accuracy=0.966667
2017-05-30 12:27:23,642 Epoch[11] Batch [110]	Speed: 7.86 samples/sec	Train-accuracy=0.963889
2017-05-30 12:28:09,467 Epoch[11] Batch [120]	Speed: 7.86 samples/sec	Train-accuracy=0.977778
2017-05-30 12:28:55,292 Epoch[11] Batch [130]	Speed: 7.86 samples/sec	Train-accuracy=0.958333
2017-05-30 12:29:41,109 Epoch[11] Batch [140]	Speed: 7.86 samples/sec	Train-accuracy=0.980556
2017-05-30 12:30:26,935 Epoch[11] Batch [150]	Speed: 7.86 samples/sec	Train-accuracy=0.952778
2017-05-30 12:31:12,750 Epoch[11] Batch [160]	Speed: 7.86 samples/sec	Train-accuracy=0.988889
2017-05-30 12:31:58,602 Epoch[11] Batch [170]	Speed: 7.85 samples/sec	Train-accuracy=0.986111
2017-05-30 12:32:44,407 Epoch[11] Batch [180]	Speed: 7.86 samples/sec	Train-accuracy=0.977778
2017-05-30 12:33:30,221 Epoch[11] Batch [190]	Speed: 7.86 samples/sec	Train-accuracy=0.969444
2017-05-30 12:34:16,049 Epoch[11] Batch [200]	Speed: 7.86 samples/sec	Train-accuracy=0.966667
2017-05-30 12:35:01,870 Epoch[11] Batch [210]	Speed: 7.86 samples/sec	Train-accuracy=0.983333
2017-05-30 12:35:29,366 Epoch[11] Train-accuracy=0.986111
2017-05-30 12:35:29,366 Epoch[11] Time cost=990.901
2017-05-30 12:35:32,951 Saved checkpoint to "./resneXt-101-lr-0.001/finetune-resnext-101-train-add-seg-224-lr-0.001-momentum-0.9-0012.params"
2017-05-30 12:35:46,277 Epoch[11] Validation-accuracy=0.740741
2017-05-30 12:36:33,324 Epoch[12] Batch [10]	Speed: 7.86 samples/sec	Train-accuracy=0.987374
2017-05-30 12:37:19,159 Epoch[12] Batch [20]	Speed: 7.85 samples/sec	Train-accuracy=0.986111
2017-05-30 12:38:04,973 Epoch[12] Batch [30]	Speed: 7.86 samples/sec	Train-accuracy=0.986111
2017-05-30 12:38:50,790 Epoch[12] Batch [40]	Speed: 7.86 samples/sec	Train-accuracy=0.975000
2017-05-30 12:39:36,619 Epoch[12] Batch [50]	Speed: 7.86 samples/sec	Train-accuracy=0.972222
2017-05-30 12:40:22,458 Epoch[12] Batch [60]	Speed: 7.85 samples/sec	Train-accuracy=0.958333
2017-05-30 12:41:08,285 Epoch[12] Batch [70]	Speed: 7.86 samples/sec	Train-accuracy=0.961111
2017-05-30 12:41:54,103 Epoch[12] Batch [80]	Speed: 7.86 samples/sec	Train-accuracy=0.983333
2017-05-30 12:42:39,919 Epoch[12] Batch [90]	Speed: 7.86 samples/sec	Train-accuracy=0.986111
2017-05-30 12:43:25,707 Epoch[12] Batch [100]	Speed: 7.86 samples/sec	Train-accuracy=0.969444
2017-05-30 12:44:11,528 Epoch[12] Batch [110]	Speed: 7.86 samples/sec	Train-accuracy=0.975000
2017-05-30 12:44:57,352 Epoch[12] Batch [120]	Speed: 7.86 samples/sec	Train-accuracy=0.966667
2017-05-30 12:45:43,169 Epoch[12] Batch [130]	Speed: 7.86 samples/sec	Train-accuracy=0.988889
2017-05-30 12:46:28,983 Epoch[12] Batch [140]	Speed: 7.86 samples/sec	Train-accuracy=0.980556
2017-05-30 12:47:14,904 Epoch[12] Batch [150]	Speed: 7.84 samples/sec	Train-accuracy=0.969444
2017-05-30 12:48:14,808 Epoch[12] Batch [160]	Speed: 6.01 samples/sec	Train-accuracy=0.983333
2017-05-30 12:49:00,632 Epoch[12] Batch [170]	Speed: 7.86 samples/sec	Train-accuracy=0.975000
2017-05-30 12:49:46,457 Epoch[12] Batch [180]	Speed: 7.86 samples/sec	Train-accuracy=0.988889
2017-05-30 12:50:32,282 Epoch[12] Batch [190]	Speed: 7.86 samples/sec	Train-accuracy=0.986111
2017-05-30 12:51:18,111 Epoch[12] Batch [200]	Speed: 7.86 samples/sec	Train-accuracy=0.991667
2017-05-30 12:52:03,925 Epoch[12] Batch [210]	Speed: 7.86 samples/sec	Train-accuracy=0.966667
2017-05-30 12:52:31,418 Epoch[12] Train-accuracy=0.986111
2017-05-30 12:52:31,419 Epoch[12] Time cost=1005.142
2017-05-30 12:52:34,992 Saved checkpoint to "./resneXt-101-lr-0.001/finetune-resnext-101-train-add-seg-224-lr-0.001-momentum-0.9-0013.params"
2017-05-30 12:52:46,986 Epoch[12] Validation-accuracy=0.734848
2017-05-30 12:53:34,018 Epoch[13] Batch [10]	Speed: 7.86 samples/sec	Train-accuracy=0.982323
2017-05-30 12:54:19,836 Epoch[13] Batch [20]	Speed: 7.86 samples/sec	Train-accuracy=0.986111
2017-05-30 12:55:05,666 Epoch[13] Batch [30]	Speed: 7.86 samples/sec	Train-accuracy=0.994444
2017-05-30 12:55:51,487 Epoch[13] Batch [40]	Speed: 7.86 samples/sec	Train-accuracy=0.977778
2017-05-30 12:56:37,298 Epoch[13] Batch [50]	Speed: 7.86 samples/sec	Train-accuracy=0.997222
2017-05-30 12:57:23,240 Epoch[13] Batch [60]	Speed: 7.84 samples/sec	Train-accuracy=0.994444
2017-05-30 12:58:09,183 Epoch[13] Batch [70]	Speed: 7.84 samples/sec	Train-accuracy=0.986111
2017-05-30 12:58:55,016 Epoch[13] Batch [80]	Speed: 7.85 samples/sec	Train-accuracy=0.988889
2017-05-30 12:59:40,824 Epoch[13] Batch [90]	Speed: 7.86 samples/sec	Train-accuracy=0.991667
2017-05-30 13:00:26,588 Epoch[13] Batch [100]	Speed: 7.87 samples/sec	Train-accuracy=0.975000
2017-05-30 13:01:12,343 Epoch[13] Batch [110]	Speed: 7.87 samples/sec	Train-accuracy=0.975000
2017-05-30 13:01:58,101 Epoch[13] Batch [120]	Speed: 7.87 samples/sec	Train-accuracy=0.977778
2017-05-30 13:02:43,853 Epoch[13] Batch [130]	Speed: 7.87 samples/sec	Train-accuracy=0.972222
2017-05-30 13:03:29,602 Epoch[13] Batch [140]	Speed: 7.87 samples/sec	Train-accuracy=0.975000
2017-05-30 13:04:15,353 Epoch[13] Batch [150]	Speed: 7.87 samples/sec	Train-accuracy=0.980556
2017-05-30 13:05:01,116 Epoch[13] Batch [160]	Speed: 7.87 samples/sec	Train-accuracy=0.977778
2017-05-30 13:05:46,869 Epoch[13] Batch [170]	Speed: 7.87 samples/sec	Train-accuracy=0.983333
2017-05-30 13:06:32,628 Epoch[13] Batch [180]	Speed: 7.87 samples/sec	Train-accuracy=0.977778
2017-05-30 13:07:18,385 Epoch[13] Batch [190]	Speed: 7.87 samples/sec	Train-accuracy=0.986111
2017-05-30 13:08:04,144 Epoch[13] Batch [200]	Speed: 7.87 samples/sec	Train-accuracy=0.994444
2017-05-30 13:08:49,899 Epoch[13] Batch [210]	Speed: 7.87 samples/sec	Train-accuracy=0.977778
2017-05-30 13:09:12,773 Epoch[13] Train-accuracy=0.983333
2017-05-30 13:09:12,774 Epoch[13] Time cost=985.788
2017-05-30 13:09:16,331 Saved checkpoint to "./resneXt-101-lr-0.001/finetune-resnext-101-train-add-seg-224-lr-0.001-momentum-0.9-0014.params"
2017-05-30 13:09:29,359 Epoch[13] Validation-accuracy=0.756944
2017-05-30 13:10:16,330 Epoch[14] Batch [10]	Speed: 7.87 samples/sec	Train-accuracy=0.989899
2017-05-30 13:11:02,087 Epoch[14] Batch [20]	Speed: 7.87 samples/sec	Train-accuracy=0.988889
2017-05-30 13:11:47,844 Epoch[14] Batch [30]	Speed: 7.87 samples/sec	Train-accuracy=0.972222
2017-05-30 13:12:33,594 Epoch[14] Batch [40]	Speed: 7.87 samples/sec	Train-accuracy=0.986111
2017-05-30 13:13:19,348 Epoch[14] Batch [50]	Speed: 7.87 samples/sec	Train-accuracy=0.969444
2017-05-30 13:14:05,099 Epoch[14] Batch [60]	Speed: 7.87 samples/sec	Train-accuracy=0.980556
2017-05-30 13:14:50,858 Epoch[14] Batch [70]	Speed: 7.87 samples/sec	Train-accuracy=0.988889
2017-05-30 13:15:36,618 Epoch[14] Batch [80]	Speed: 7.87 samples/sec	Train-accuracy=0.983333
2017-05-30 13:16:22,369 Epoch[14] Batch [90]	Speed: 7.87 samples/sec	Train-accuracy=0.983333
2017-05-30 13:17:08,125 Epoch[14] Batch [100]	Speed: 7.87 samples/sec	Train-accuracy=0.986111
2017-05-30 13:17:53,879 Epoch[14] Batch [110]	Speed: 7.87 samples/sec	Train-accuracy=0.980556
2017-05-30 13:18:39,627 Epoch[14] Batch [120]	Speed: 7.87 samples/sec	Train-accuracy=0.991667
2017-05-30 13:19:25,379 Epoch[14] Batch [130]	Speed: 7.87 samples/sec	Train-accuracy=0.980556
2017-05-30 13:20:11,135 Epoch[14] Batch [140]	Speed: 7.87 samples/sec	Train-accuracy=0.980556
2017-05-30 13:20:56,884 Epoch[14] Batch [150]	Speed: 7.87 samples/sec	Train-accuracy=0.988889
2017-05-30 13:21:42,637 Epoch[14] Batch [160]	Speed: 7.87 samples/sec	Train-accuracy=0.980556
2017-05-30 13:22:28,393 Epoch[14] Batch [170]	Speed: 7.87 samples/sec	Train-accuracy=0.977778
2017-05-30 13:23:14,152 Epoch[14] Batch [180]	Speed: 7.87 samples/sec	Train-accuracy=0.986111
2017-05-30 13:23:59,914 Epoch[14] Batch [190]	Speed: 7.87 samples/sec	Train-accuracy=0.980556
2017-05-30 13:24:45,667 Epoch[14] Batch [200]	Speed: 7.87 samples/sec	Train-accuracy=0.991667
2017-05-30 13:25:31,416 Epoch[14] Batch [210]	Speed: 7.87 samples/sec	Train-accuracy=0.988889
2017-05-30 13:25:58,868 Epoch[14] Train-accuracy=0.972222
2017-05-30 13:25:58,868 Epoch[14] Time cost=989.509
2017-05-30 13:26:02,416 Saved checkpoint to "./resneXt-101-lr-0.001/finetune-resnext-101-train-add-seg-224-lr-0.001-momentum-0.9-0015.params"
2017-05-30 13:26:14,365 Epoch[14] Validation-accuracy=0.744949
2017-05-30 13:27:01,336 Epoch[15] Batch [10]	Speed: 7.87 samples/sec	Train-accuracy=0.982323
2017-05-30 13:27:47,086 Epoch[15] Batch [20]	Speed: 7.87 samples/sec	Train-accuracy=0.988889
2017-05-30 13:28:32,838 Epoch[15] Batch [30]	Speed: 7.87 samples/sec	Train-accuracy=0.983333
2017-05-30 13:29:18,597 Epoch[15] Batch [40]	Speed: 7.87 samples/sec	Train-accuracy=0.988889
2017-05-30 13:30:04,351 Epoch[15] Batch [50]	Speed: 7.87 samples/sec	Train-accuracy=0.988889
2017-05-30 13:30:50,100 Epoch[15] Batch [60]	Speed: 7.87 samples/sec	Train-accuracy=0.991667
2017-05-30 13:31:35,854 Epoch[15] Batch [70]	Speed: 7.87 samples/sec	Train-accuracy=0.975000
2017-05-30 13:32:21,620 Epoch[15] Batch [80]	Speed: 7.87 samples/sec	Train-accuracy=0.975000
2017-05-30 13:33:07,366 Epoch[15] Batch [90]	Speed: 7.87 samples/sec	Train-accuracy=0.975000
2017-05-30 13:33:53,121 Epoch[15] Batch [100]	Speed: 7.87 samples/sec	Train-accuracy=0.980556
2017-05-30 13:34:38,872 Epoch[15] Batch [110]	Speed: 7.87 samples/sec	Train-accuracy=0.988889
2017-05-30 13:35:24,631 Epoch[15] Batch [120]	Speed: 7.87 samples/sec	Train-accuracy=0.969444
2017-05-30 13:36:10,397 Epoch[15] Batch [130]	Speed: 7.87 samples/sec	Train-accuracy=0.966667
2017-05-30 13:36:56,149 Epoch[15] Batch [140]	Speed: 7.87 samples/sec	Train-accuracy=0.986111
2017-05-30 13:37:41,899 Epoch[15] Batch [150]	Speed: 7.87 samples/sec	Train-accuracy=0.988889
2017-05-30 13:38:27,653 Epoch[15] Batch [160]	Speed: 7.87 samples/sec	Train-accuracy=0.977778
2017-05-30 13:39:13,406 Epoch[15] Batch [170]	Speed: 7.87 samples/sec	Train-accuracy=1.000000
2017-05-30 13:39:59,155 Epoch[15] Batch [180]	Speed: 7.87 samples/sec	Train-accuracy=0.983333
2017-05-30 13:40:44,908 Epoch[15] Batch [190]	Speed: 7.87 samples/sec	Train-accuracy=0.991667
2017-05-30 13:41:30,666 Epoch[15] Batch [200]	Speed: 7.87 samples/sec	Train-accuracy=0.986111
2017-05-30 13:42:16,422 Epoch[15] Batch [210]	Speed: 7.87 samples/sec	Train-accuracy=0.977778
2017-05-30 13:42:43,876 Epoch[15] Train-accuracy=0.986111
2017-05-30 13:42:43,877 Epoch[15] Time cost=989.512
2017-05-30 13:42:47,424 Saved checkpoint to "./resneXt-101-lr-0.001/finetune-resnext-101-train-add-seg-224-lr-0.001-momentum-0.9-0016.params"
2017-05-30 13:43:00,397 Epoch[15] Validation-accuracy=0.724537
2017-05-30 13:43:47,353 Epoch[16] Batch [10]	Speed: 7.87 samples/sec	Train-accuracy=0.992424
2017-05-30 13:44:33,100 Epoch[16] Batch [20]	Speed: 7.87 samples/sec	Train-accuracy=0.972222
2017-05-30 13:45:18,849 Epoch[16] Batch [30]	Speed: 7.87 samples/sec	Train-accuracy=0.988889
2017-05-30 13:46:04,602 Epoch[16] Batch [40]	Speed: 7.87 samples/sec	Train-accuracy=0.983333
2017-05-30 13:46:50,350 Epoch[16] Batch [50]	Speed: 7.87 samples/sec	Train-accuracy=0.980556
2017-05-30 13:47:36,097 Epoch[16] Batch [60]	Speed: 7.87 samples/sec	Train-accuracy=0.988889
2017-05-30 13:48:21,860 Epoch[16] Batch [70]	Speed: 7.87 samples/sec	Train-accuracy=0.986111
2017-05-30 13:49:07,612 Epoch[16] Batch [80]	Speed: 7.87 samples/sec	Train-accuracy=0.986111
2017-05-30 13:49:53,356 Epoch[16] Batch [90]	Speed: 7.87 samples/sec	Train-accuracy=0.988889
2017-05-30 13:50:39,110 Epoch[16] Batch [100]	Speed: 7.87 samples/sec	Train-accuracy=0.994444
2017-05-30 13:51:24,855 Epoch[16] Batch [110]	Speed: 7.87 samples/sec	Train-accuracy=0.977778
2017-05-30 13:52:10,605 Epoch[16] Batch [120]	Speed: 7.87 samples/sec	Train-accuracy=0.986111
2017-05-30 13:52:56,354 Epoch[16] Batch [130]	Speed: 7.87 samples/sec	Train-accuracy=0.988889
2017-05-30 13:53:42,102 Epoch[16] Batch [140]	Speed: 7.87 samples/sec	Train-accuracy=0.991667
2017-05-30 13:54:27,854 Epoch[16] Batch [150]	Speed: 7.87 samples/sec	Train-accuracy=0.986111
2017-05-30 13:55:13,603 Epoch[16] Batch [160]	Speed: 7.87 samples/sec	Train-accuracy=0.980556
2017-05-30 13:55:59,347 Epoch[16] Batch [170]	Speed: 7.87 samples/sec	Train-accuracy=0.986111
2017-05-30 13:56:45,097 Epoch[16] Batch [180]	Speed: 7.87 samples/sec	Train-accuracy=0.988889
2017-05-30 13:57:30,843 Epoch[16] Batch [190]	Speed: 7.87 samples/sec	Train-accuracy=0.994444
2017-05-30 13:58:16,594 Epoch[16] Batch [200]	Speed: 7.87 samples/sec	Train-accuracy=0.991667
2017-05-30 13:59:02,344 Epoch[16] Batch [210]	Speed: 7.87 samples/sec	Train-accuracy=0.986111
2017-05-30 13:59:25,216 Epoch[16] Train-accuracy=0.983333
2017-05-30 13:59:25,216 Epoch[16] Time cost=984.819
2017-05-30 13:59:28,778 Saved checkpoint to "./resneXt-101-lr-0.001/finetune-resnext-101-train-add-seg-224-lr-0.001-momentum-0.9-0017.params"
2017-05-30 13:59:40,659 Epoch[16] Validation-accuracy=0.755051
2017-05-30 14:00:27,621 Epoch[17] Batch [10]	Speed: 7.87 samples/sec	Train-accuracy=0.979798
2017-05-30 14:01:13,383 Epoch[17] Batch [20]	Speed: 7.87 samples/sec	Train-accuracy=0.980556
2017-05-30 14:01:59,126 Epoch[17] Batch [30]	Speed: 7.87 samples/sec	Train-accuracy=0.997222
2017-05-30 14:02:44,876 Epoch[17] Batch [40]	Speed: 7.87 samples/sec	Train-accuracy=0.977778
2017-05-30 14:03:30,628 Epoch[17] Batch [50]	Speed: 7.87 samples/sec	Train-accuracy=0.980556
2017-05-30 14:04:16,377 Epoch[17] Batch [60]	Speed: 7.87 samples/sec	Train-accuracy=0.986111
2017-05-30 14:05:02,127 Epoch[17] Batch [70]	Speed: 7.87 samples/sec	Train-accuracy=0.988889
2017-05-30 14:05:47,874 Epoch[17] Batch [80]	Speed: 7.87 samples/sec	Train-accuracy=0.969444
2017-05-30 14:06:33,624 Epoch[17] Batch [90]	Speed: 7.87 samples/sec	Train-accuracy=0.975000
2017-05-30 14:07:19,375 Epoch[17] Batch [100]	Speed: 7.87 samples/sec	Train-accuracy=0.977778
2017-05-30 14:08:05,123 Epoch[17] Batch [110]	Speed: 7.87 samples/sec	Train-accuracy=0.980556
2017-05-30 14:08:50,867 Epoch[17] Batch [120]	Speed: 7.87 samples/sec	Train-accuracy=0.980556
2017-05-30 14:09:36,617 Epoch[17] Batch [130]	Speed: 7.87 samples/sec	Train-accuracy=0.988889
2017-05-30 14:10:22,369 Epoch[17] Batch [140]	Speed: 7.87 samples/sec	Train-accuracy=0.991667
2017-05-30 14:11:08,115 Epoch[17] Batch [150]	Speed: 7.87 samples/sec	Train-accuracy=0.991667
2017-05-30 14:11:53,871 Epoch[17] Batch [160]	Speed: 7.87 samples/sec	Train-accuracy=0.988889
2017-05-30 14:12:39,620 Epoch[17] Batch [170]	Speed: 7.87 samples/sec	Train-accuracy=0.991667
2017-05-30 14:13:25,372 Epoch[17] Batch [180]	Speed: 7.87 samples/sec	Train-accuracy=0.983333
2017-05-30 14:14:11,118 Epoch[17] Batch [190]	Speed: 7.87 samples/sec	Train-accuracy=0.986111
2017-05-30 14:14:56,871 Epoch[17] Batch [200]	Speed: 7.87 samples/sec	Train-accuracy=0.991667
2017-05-30 14:15:42,616 Epoch[17] Batch [210]	Speed: 7.87 samples/sec	Train-accuracy=0.991667
2017-05-30 14:16:10,067 Epoch[17] Train-accuracy=0.986111
2017-05-30 14:16:10,067 Epoch[17] Time cost=989.408
2017-05-30 14:16:13,617 Saved checkpoint to "./resneXt-101-lr-0.001/finetune-resnext-101-train-add-seg-224-lr-0.001-momentum-0.9-0018.params"
2017-05-30 14:16:25,502 Epoch[17] Validation-accuracy=0.742424
2017-05-30 14:17:12,462 Epoch[18] Batch [10]	Speed: 7.87 samples/sec	Train-accuracy=0.992424
2017-05-30 14:17:58,212 Epoch[18] Batch [20]	Speed: 7.87 samples/sec	Train-accuracy=0.988889
2017-05-30 14:18:43,961 Epoch[18] Batch [30]	Speed: 7.87 samples/sec	Train-accuracy=0.988889
2017-05-30 14:19:29,712 Epoch[18] Batch [40]	Speed: 7.87 samples/sec	Train-accuracy=0.977778
2017-05-30 14:20:15,459 Epoch[18] Batch [50]	Speed: 7.87 samples/sec	Train-accuracy=0.991667
2017-05-30 14:21:01,208 Epoch[18] Batch [60]	Speed: 7.87 samples/sec	Train-accuracy=0.991667
2017-05-30 14:21:46,954 Epoch[18] Batch [70]	Speed: 7.87 samples/sec	Train-accuracy=0.988889
2017-05-30 14:22:32,703 Epoch[18] Batch [80]	Speed: 7.87 samples/sec	Train-accuracy=0.994444
2017-05-30 14:23:18,453 Epoch[18] Batch [90]	Speed: 7.87 samples/sec	Train-accuracy=0.983333
2017-05-30 14:24:04,204 Epoch[18] Batch [100]	Speed: 7.87 samples/sec	Train-accuracy=0.983333
2017-05-30 14:24:49,954 Epoch[18] Batch [110]	Speed: 7.87 samples/sec	Train-accuracy=0.991667
2017-05-30 14:25:35,704 Epoch[18] Batch [120]	Speed: 7.87 samples/sec	Train-accuracy=0.983333
2017-05-30 14:26:21,455 Epoch[18] Batch [130]	Speed: 7.87 samples/sec	Train-accuracy=0.997222
2017-05-30 14:27:07,211 Epoch[18] Batch [140]	Speed: 7.87 samples/sec	Train-accuracy=0.977778
2017-05-30 14:27:53,035 Epoch[18] Batch [150]	Speed: 7.86 samples/sec	Train-accuracy=0.994444
2017-05-30 14:28:38,804 Epoch[18] Batch [160]	Speed: 7.87 samples/sec	Train-accuracy=0.986111
2017-05-30 14:29:24,613 Epoch[18] Batch [170]	Speed: 7.86 samples/sec	Train-accuracy=0.977778
2017-05-30 14:30:10,385 Epoch[18] Batch [180]	Speed: 7.87 samples/sec	Train-accuracy=0.980556
2017-05-30 14:30:56,144 Epoch[18] Batch [190]	Speed: 7.87 samples/sec	Train-accuracy=0.997222
2017-05-30 14:31:41,901 Epoch[18] Batch [200]	Speed: 7.87 samples/sec	Train-accuracy=0.988889
2017-05-30 14:32:27,651 Epoch[18] Batch [210]	Speed: 7.87 samples/sec	Train-accuracy=0.997222
2017-05-30 14:32:55,105 Epoch[18] Train-accuracy=0.990741
2017-05-30 14:32:55,105 Epoch[18] Time cost=989.603
2017-05-30 14:32:58,645 Saved checkpoint to "./resneXt-101-lr-0.001/finetune-resnext-101-train-add-seg-224-lr-0.001-momentum-0.9-0019.params"
2017-05-30 14:33:11,665 Epoch[18] Validation-accuracy=0.750000
2017-05-30 14:33:58,623 Epoch[19] Batch [10]	Speed: 7.87 samples/sec	Train-accuracy=0.987374
2017-05-30 14:34:44,370 Epoch[19] Batch [20]	Speed: 7.87 samples/sec	Train-accuracy=0.994444
2017-05-30 14:35:30,117 Epoch[19] Batch [30]	Speed: 7.87 samples/sec	Train-accuracy=0.988889
2017-05-30 14:36:15,868 Epoch[19] Batch [40]	Speed: 7.87 samples/sec	Train-accuracy=0.991667
2017-05-30 14:37:01,614 Epoch[19] Batch [50]	Speed: 7.87 samples/sec	Train-accuracy=0.986111
2017-05-30 14:37:47,363 Epoch[19] Batch [60]	Speed: 7.87 samples/sec	Train-accuracy=0.966667
2017-05-30 14:38:33,109 Epoch[19] Batch [70]	Speed: 7.87 samples/sec	Train-accuracy=0.991667
2017-05-30 14:39:18,861 Epoch[19] Batch [80]	Speed: 7.87 samples/sec	Train-accuracy=0.994444
2017-05-30 14:40:04,610 Epoch[19] Batch [90]	Speed: 7.87 samples/sec	Train-accuracy=1.000000
2017-05-30 14:40:50,358 Epoch[19] Batch [100]	Speed: 7.87 samples/sec	Train-accuracy=0.986111
2017-05-30 14:41:36,108 Epoch[19] Batch [110]	Speed: 7.87 samples/sec	Train-accuracy=0.994444
2017-05-30 14:42:21,860 Epoch[19] Batch [120]	Speed: 7.87 samples/sec	Train-accuracy=0.991667
2017-05-30 14:43:07,615 Epoch[19] Batch [130]	Speed: 7.87 samples/sec	Train-accuracy=0.991667
2017-05-30 14:43:53,362 Epoch[19] Batch [140]	Speed: 7.87 samples/sec	Train-accuracy=0.988889
2017-05-30 14:44:39,111 Epoch[19] Batch [150]	Speed: 7.87 samples/sec	Train-accuracy=0.997222
2017-05-30 14:45:24,866 Epoch[19] Batch [160]	Speed: 7.87 samples/sec	Train-accuracy=0.980556
2017-05-30 14:46:10,616 Epoch[19] Batch [170]	Speed: 7.87 samples/sec	Train-accuracy=0.986111
2017-05-30 14:46:56,369 Epoch[19] Batch [180]	Speed: 7.87 samples/sec	Train-accuracy=0.983333
2017-05-30 14:47:42,124 Epoch[19] Batch [190]	Speed: 7.87 samples/sec	Train-accuracy=0.980556
2017-05-30 14:48:27,871 Epoch[19] Batch [200]	Speed: 7.87 samples/sec	Train-accuracy=0.991667
2017-05-30 14:49:13,616 Epoch[19] Batch [210]	Speed: 7.87 samples/sec	Train-accuracy=0.983333
2017-05-30 14:49:36,488 Epoch[19] Train-accuracy=0.988889
2017-05-30 14:49:36,489 Epoch[19] Time cost=984.824
2017-05-30 14:49:40,014 Saved checkpoint to "./resneXt-101-lr-0.001/finetune-resnext-101-train-add-seg-224-lr-0.001-momentum-0.9-0020.params"
2017-05-30 14:49:51,944 Epoch[19] Validation-accuracy=0.739899
2017-05-30 14:50:38,908 Epoch[20] Batch [10]	Speed: 7.87 samples/sec	Train-accuracy=0.987374
2017-05-30 14:51:24,659 Epoch[20] Batch [20]	Speed: 7.87 samples/sec	Train-accuracy=1.000000
2017-05-30 14:52:10,409 Epoch[20] Batch [30]	Speed: 7.87 samples/sec	Train-accuracy=0.994444
2017-05-30 14:52:56,158 Epoch[20] Batch [40]	Speed: 7.87 samples/sec	Train-accuracy=0.991667
2017-05-30 14:53:41,911 Epoch[20] Batch [50]	Speed: 7.87 samples/sec	Train-accuracy=0.994444
2017-05-30 14:54:27,660 Epoch[20] Batch [60]	Speed: 7.87 samples/sec	Train-accuracy=0.991667
2017-05-30 14:55:13,409 Epoch[20] Batch [70]	Speed: 7.87 samples/sec	Train-accuracy=0.988889
2017-05-30 14:55:59,162 Epoch[20] Batch [80]	Speed: 7.87 samples/sec	Train-accuracy=0.994444
2017-05-30 14:56:44,922 Epoch[20] Batch [90]	Speed: 7.87 samples/sec	Train-accuracy=0.983333
2017-05-30 14:57:30,667 Epoch[20] Batch [100]	Speed: 7.87 samples/sec	Train-accuracy=0.988889
2017-05-30 14:58:16,419 Epoch[20] Batch [110]	Speed: 7.87 samples/sec	Train-accuracy=0.988889
2017-05-30 14:59:02,174 Epoch[20] Batch [120]	Speed: 7.87 samples/sec	Train-accuracy=0.997222
2017-05-30 14:59:47,926 Epoch[20] Batch [130]	Speed: 7.87 samples/sec	Train-accuracy=0.986111
2017-05-30 15:00:33,672 Epoch[20] Batch [140]	Speed: 7.87 samples/sec	Train-accuracy=0.986111
2017-05-30 15:01:19,419 Epoch[20] Batch [150]	Speed: 7.87 samples/sec	Train-accuracy=0.988889
2017-05-30 15:02:05,173 Epoch[20] Batch [160]	Speed: 7.87 samples/sec	Train-accuracy=0.997222
2017-05-30 15:02:50,926 Epoch[20] Batch [170]	Speed: 7.87 samples/sec	Train-accuracy=0.997222
2017-05-30 15:03:36,673 Epoch[20] Batch [180]	Speed: 7.87 samples/sec	Train-accuracy=0.994444
2017-05-30 15:04:22,424 Epoch[20] Batch [190]	Speed: 7.87 samples/sec	Train-accuracy=0.991667
2017-05-30 15:05:08,170 Epoch[20] Batch [200]	Speed: 7.87 samples/sec	Train-accuracy=0.997222
2017-05-30 15:05:53,917 Epoch[20] Batch [210]	Speed: 7.87 samples/sec	Train-accuracy=0.983333
2017-05-30 15:06:21,368 Epoch[20] Train-accuracy=0.995370
2017-05-30 15:06:21,368 Epoch[20] Time cost=989.424
2017-05-30 15:06:24,908 Saved checkpoint to "./resneXt-101-lr-0.001/finetune-resnext-101-train-add-seg-224-lr-0.001-momentum-0.9-0021.params"
2017-05-30 15:06:37,917 Epoch[20] Validation-accuracy=0.740741
2017-05-30 15:07:24,884 Epoch[21] Batch [10]	Speed: 7.87 samples/sec	Train-accuracy=0.984848
2017-05-30 15:08:10,636 Epoch[21] Batch [20]	Speed: 7.87 samples/sec	Train-accuracy=0.988889
2017-05-30 15:08:56,385 Epoch[21] Batch [30]	Speed: 7.87 samples/sec	Train-accuracy=0.969444
2017-05-30 15:09:42,134 Epoch[21] Batch [40]	Speed: 7.87 samples/sec	Train-accuracy=0.988889
2017-05-30 15:10:27,891 Epoch[21] Batch [50]	Speed: 7.87 samples/sec	Train-accuracy=0.988889
2017-05-30 15:11:13,640 Epoch[21] Batch [60]	Speed: 7.87 samples/sec	Train-accuracy=0.980556
2017-05-30 15:11:59,389 Epoch[21] Batch [70]	Speed: 7.87 samples/sec	Train-accuracy=0.994444
2017-05-30 15:12:45,140 Epoch[21] Batch [80]	Speed: 7.87 samples/sec	Train-accuracy=0.988889
2017-05-30 15:13:30,893 Epoch[21] Batch [90]	Speed: 7.87 samples/sec	Train-accuracy=0.991667
2017-05-30 15:14:16,643 Epoch[21] Batch [100]	Speed: 7.87 samples/sec	Train-accuracy=0.991667
2017-05-30 15:15:02,392 Epoch[21] Batch [110]	Speed: 7.87 samples/sec	Train-accuracy=0.988889
2017-05-30 15:15:48,144 Epoch[21] Batch [120]	Speed: 7.87 samples/sec	Train-accuracy=0.983333
2017-05-30 15:16:33,898 Epoch[21] Batch [130]	Speed: 7.87 samples/sec	Train-accuracy=0.991667
2017-05-30 15:17:19,643 Epoch[21] Batch [140]	Speed: 7.87 samples/sec	Train-accuracy=0.980556
2017-05-30 15:18:05,395 Epoch[21] Batch [150]	Speed: 7.87 samples/sec	Train-accuracy=0.997222
2017-05-30 15:18:51,149 Epoch[21] Batch [160]	Speed: 7.87 samples/sec	Train-accuracy=0.991667
2017-05-30 15:19:36,892 Epoch[21] Batch [170]	Speed: 7.87 samples/sec	Train-accuracy=0.983333
2017-05-30 15:20:22,643 Epoch[21] Batch [180]	Speed: 7.87 samples/sec	Train-accuracy=0.991667
2017-05-30 15:21:08,389 Epoch[21] Batch [190]	Speed: 7.87 samples/sec	Train-accuracy=0.997222
2017-05-30 15:21:54,135 Epoch[21] Batch [200]	Speed: 7.87 samples/sec	Train-accuracy=0.988889
2017-05-30 15:22:39,887 Epoch[21] Batch [210]	Speed: 7.87 samples/sec	Train-accuracy=0.986111
2017-05-30 15:23:07,335 Epoch[21] Train-accuracy=0.990741
2017-05-30 15:23:07,335 Epoch[21] Time cost=989.418
2017-05-30 15:23:10,889 Saved checkpoint to "./resneXt-101-lr-0.001/finetune-resnext-101-train-add-seg-224-lr-0.001-momentum-0.9-0022.params"
2017-05-30 15:23:22,813 Epoch[21] Validation-accuracy=0.750000
2017-05-30 15:24:09,778 Epoch[22] Batch [10]	Speed: 7.87 samples/sec	Train-accuracy=0.994949
2017-05-30 15:24:55,525 Epoch[22] Batch [20]	Speed: 7.87 samples/sec	Train-accuracy=0.991667
2017-05-30 15:25:41,274 Epoch[22] Batch [30]	Speed: 7.87 samples/sec	Train-accuracy=0.986111
2017-05-30 15:26:27,019 Epoch[22] Batch [40]	Speed: 7.87 samples/sec	Train-accuracy=0.988889
2017-05-30 15:27:12,768 Epoch[22] Batch [50]	Speed: 7.87 samples/sec	Train-accuracy=0.988889
2017-05-30 15:27:58,513 Epoch[22] Batch [60]	Speed: 7.87 samples/sec	Train-accuracy=1.000000
2017-05-30 15:28:44,258 Epoch[22] Batch [70]	Speed: 7.87 samples/sec	Train-accuracy=0.991667
2017-05-30 15:29:30,008 Epoch[22] Batch [80]	Speed: 7.87 samples/sec	Train-accuracy=0.997222
./run_finetune_script.sh:  35: 15697                python run_finetune.py './resneXt-101-lr-0.001/resnext-101' '0' './resneXt-101-lr-0.001/finetune-resnext-101-train-add-seg-224-lr-0.001-momentum-0.9' '200'
