[resnet-152-train-add-seg-224-lr-0.01]
[23:00:00] src/nnvm/legacy_json_util.cc:190: Loading symbol saved by previous version v0.8.0. Attempting to upgrade...
[23:00:00] src/nnvm/legacy_json_util.cc:198: Symbol successfully upgraded!
[23:00:00] src/io/iter_image_recordio_2.cc:135: ImageRecordIOParser2: /home/yuanshuai/code/mxnet/example/image-classification/data/ccs-train-add-seg-224_train.rec, use 4 threads for decoding..
[23:00:01] src/io/iter_image_recordio_2.cc:135: ImageRecordIOParser2: /home/yuanshuai/code/mxnet/example/image-classification/data/ccs-train-add-seg-224_val.rec, use 4 threads for decoding..
[23:00:07] src/kvstore/././comm.h:304: only 0 out of 2 GPU pairs are enabled direct access. It may affect the performance. You can set MXNET_ENABLE_GPU_P2P=0 to turn it off
[23:00:07] src/kvstore/././comm.h:313: ..
[23:00:07] src/kvstore/././comm.h:313: ..
2017-05-17 23:00:35,792 Epoch[0] Batch [10]	Speed: 12.03 samples/sec	Train-accuracy=0.480114
2017-05-17 23:01:02,378 Epoch[0] Batch [20]	Speed: 12.04 samples/sec	Train-accuracy=0.496875
2017-05-17 23:01:28,972 Epoch[0] Batch [30]	Speed: 12.03 samples/sec	Train-accuracy=0.475000
2017-05-17 23:01:55,546 Epoch[0] Batch [40]	Speed: 12.04 samples/sec	Train-accuracy=0.465625
2017-05-17 23:02:22,120 Epoch[0] Batch [50]	Speed: 12.04 samples/sec	Train-accuracy=0.509375
2017-05-17 23:02:48,719 Epoch[0] Batch [60]	Speed: 12.03 samples/sec	Train-accuracy=0.506250
2017-05-17 23:03:15,333 Epoch[0] Batch [70]	Speed: 12.02 samples/sec	Train-accuracy=0.475000
2017-05-17 23:03:41,972 Epoch[0] Batch [80]	Speed: 12.01 samples/sec	Train-accuracy=0.575000
2017-05-17 23:04:08,627 Epoch[0] Batch [90]	Speed: 12.01 samples/sec	Train-accuracy=0.525000
2017-05-17 23:04:35,260 Epoch[0] Batch [100]	Speed: 12.02 samples/sec	Train-accuracy=0.471875
2017-05-17 23:05:01,889 Epoch[0] Batch [110]	Speed: 12.02 samples/sec	Train-accuracy=0.556250
2017-05-17 23:05:28,472 Epoch[0] Batch [120]	Speed: 12.04 samples/sec	Train-accuracy=0.565625
2017-05-17 23:05:55,083 Epoch[0] Batch [130]	Speed: 12.03 samples/sec	Train-accuracy=0.525000
2017-05-17 23:06:21,722 Epoch[0] Batch [140]	Speed: 12.01 samples/sec	Train-accuracy=0.487500
2017-05-17 23:06:48,322 Epoch[0] Batch [150]	Speed: 12.03 samples/sec	Train-accuracy=0.543750
2017-05-17 23:07:14,911 Epoch[0] Batch [160]	Speed: 12.04 samples/sec	Train-accuracy=0.546875
2017-05-17 23:07:41,484 Epoch[0] Batch [170]	Speed: 12.04 samples/sec	Train-accuracy=0.487500
2017-05-17 23:08:08,020 Epoch[0] Batch [180]	Speed: 12.06 samples/sec	Train-accuracy=0.556250
2017-05-17 23:08:34,595 Epoch[0] Batch [190]	Speed: 12.04 samples/sec	Train-accuracy=0.553125
2017-05-17 23:09:01,198 Epoch[0] Batch [200]	Speed: 12.03 samples/sec	Train-accuracy=0.578125
2017-05-17 23:09:27,762 Epoch[0] Batch [210]	Speed: 12.05 samples/sec	Train-accuracy=0.568750
2017-05-17 23:09:54,302 Epoch[0] Batch [220]	Speed: 12.06 samples/sec	Train-accuracy=0.509375
2017-05-17 23:10:20,928 Epoch[0] Batch [230]	Speed: 12.02 samples/sec	Train-accuracy=0.500000
2017-05-17 23:10:47,580 Epoch[0] Batch [240]	Speed: 12.01 samples/sec	Train-accuracy=0.490625
2017-05-17 23:10:55,571 Epoch[0] Train-accuracy=0.510417
2017-05-17 23:10:55,572 Epoch[0] Time cost=648.446
2017-05-17 23:10:57,712 Saved checkpoint to "./resnet-101/finetune-resnet-152-train-add-seg-224-0001.params"
2017-05-17 23:11:07,305 Epoch[0] Validation-accuracy=0.528846
2017-05-17 23:11:34,712 Epoch[1] Batch [10]	Speed: 12.05 samples/sec	Train-accuracy=0.565341
2017-05-17 23:12:01,281 Epoch[1] Batch [20]	Speed: 12.04 samples/sec	Train-accuracy=0.506250
2017-05-17 23:12:27,846 Epoch[1] Batch [30]	Speed: 12.05 samples/sec	Train-accuracy=0.581250
2017-05-17 23:12:54,414 Epoch[1] Batch [40]	Speed: 12.04 samples/sec	Train-accuracy=0.537500
2017-05-17 23:13:20,989 Epoch[1] Batch [50]	Speed: 12.04 samples/sec	Train-accuracy=0.593750
2017-05-17 23:13:47,555 Epoch[1] Batch [60]	Speed: 12.05 samples/sec	Train-accuracy=0.590625
2017-05-17 23:14:14,117 Epoch[1] Batch [70]	Speed: 12.05 samples/sec	Train-accuracy=0.531250
2017-05-17 23:14:40,684 Epoch[1] Batch [80]	Speed: 12.05 samples/sec	Train-accuracy=0.637500
2017-05-17 23:15:07,255 Epoch[1] Batch [90]	Speed: 12.04 samples/sec	Train-accuracy=0.596875
2017-05-17 23:15:33,816 Epoch[1] Batch [100]	Speed: 12.05 samples/sec	Train-accuracy=0.600000
2017-05-17 23:16:00,387 Epoch[1] Batch [110]	Speed: 12.04 samples/sec	Train-accuracy=0.581250
2017-05-17 23:16:26,972 Epoch[1] Batch [120]	Speed: 12.04 samples/sec	Train-accuracy=0.603125
2017-05-17 23:16:53,544 Epoch[1] Batch [130]	Speed: 12.04 samples/sec	Train-accuracy=0.625000
2017-05-17 23:17:20,116 Epoch[1] Batch [140]	Speed: 12.04 samples/sec	Train-accuracy=0.628125
2017-05-17 23:17:46,692 Epoch[1] Batch [150]	Speed: 12.04 samples/sec	Train-accuracy=0.625000
2017-05-17 23:18:13,265 Epoch[1] Batch [160]	Speed: 12.04 samples/sec	Train-accuracy=0.625000
2017-05-17 23:18:39,841 Epoch[1] Batch [170]	Speed: 12.04 samples/sec	Train-accuracy=0.637500
2017-05-17 23:19:06,402 Epoch[1] Batch [180]	Speed: 12.05 samples/sec	Train-accuracy=0.634375
2017-05-17 23:19:32,982 Epoch[1] Batch [190]	Speed: 12.04 samples/sec	Train-accuracy=0.596875
2017-05-17 23:19:59,550 Epoch[1] Batch [200]	Speed: 12.04 samples/sec	Train-accuracy=0.643750
2017-05-17 23:20:26,127 Epoch[1] Batch [210]	Speed: 12.04 samples/sec	Train-accuracy=0.618750
2017-05-17 23:20:52,699 Epoch[1] Batch [220]	Speed: 12.04 samples/sec	Train-accuracy=0.643750
2017-05-17 23:21:19,274 Epoch[1] Batch [230]	Speed: 12.04 samples/sec	Train-accuracy=0.618750
2017-05-17 23:21:45,869 Epoch[1] Batch [240]	Speed: 12.03 samples/sec	Train-accuracy=0.634375
2017-05-17 23:21:53,838 Epoch[1] Train-accuracy=0.718750
2017-05-17 23:21:53,838 Epoch[1] Time cost=646.533
2017-05-17 23:21:55,977 Saved checkpoint to "./resnet-101/finetune-resnet-152-train-add-seg-224-0002.params"
2017-05-17 23:22:05,586 Epoch[1] Validation-accuracy=0.574519
2017-05-17 23:22:33,106 Epoch[2] Batch [10]	Speed: 12.00 samples/sec	Train-accuracy=0.622159
2017-05-17 23:22:59,746 Epoch[2] Batch [20]	Speed: 12.01 samples/sec	Train-accuracy=0.596875
2017-05-17 23:23:26,382 Epoch[2] Batch [30]	Speed: 12.01 samples/sec	Train-accuracy=0.631250
2017-05-17 23:23:53,050 Epoch[2] Batch [40]	Speed: 12.00 samples/sec	Train-accuracy=0.643750
2017-05-17 23:24:19,693 Epoch[2] Batch [50]	Speed: 12.01 samples/sec	Train-accuracy=0.656250
2017-05-17 23:24:46,308 Epoch[2] Batch [60]	Speed: 12.02 samples/sec	Train-accuracy=0.643750
2017-05-17 23:25:12,965 Epoch[2] Batch [70]	Speed: 12.00 samples/sec	Train-accuracy=0.640625
2017-05-17 23:25:39,593 Epoch[2] Batch [80]	Speed: 12.02 samples/sec	Train-accuracy=0.700000
2017-05-17 23:26:06,234 Epoch[2] Batch [90]	Speed: 12.01 samples/sec	Train-accuracy=0.706250
2017-05-17 23:26:32,888 Epoch[2] Batch [100]	Speed: 12.01 samples/sec	Train-accuracy=0.640625
2017-05-17 23:26:59,577 Epoch[2] Batch [110]	Speed: 11.99 samples/sec	Train-accuracy=0.725000
2017-05-17 23:27:26,196 Epoch[2] Batch [120]	Speed: 12.02 samples/sec	Train-accuracy=0.706250
2017-05-17 23:27:52,833 Epoch[2] Batch [130]	Speed: 12.01 samples/sec	Train-accuracy=0.675000
2017-05-17 23:28:19,492 Epoch[2] Batch [140]	Speed: 12.00 samples/sec	Train-accuracy=0.681250
2017-05-17 23:28:46,140 Epoch[2] Batch [150]	Speed: 12.01 samples/sec	Train-accuracy=0.696875
2017-05-17 23:29:12,785 Epoch[2] Batch [160]	Speed: 12.01 samples/sec	Train-accuracy=0.684375
2017-05-17 23:29:39,498 Epoch[2] Batch [170]	Speed: 11.98 samples/sec	Train-accuracy=0.625000
2017-05-17 23:30:06,165 Epoch[2] Batch [180]	Speed: 12.00 samples/sec	Train-accuracy=0.668750
2017-05-17 23:30:32,815 Epoch[2] Batch [190]	Speed: 12.01 samples/sec	Train-accuracy=0.690625
2017-05-17 23:30:59,466 Epoch[2] Batch [200]	Speed: 12.01 samples/sec	Train-accuracy=0.693750
2017-05-17 23:31:26,109 Epoch[2] Batch [210]	Speed: 12.01 samples/sec	Train-accuracy=0.703125
2017-05-17 23:31:52,783 Epoch[2] Batch [220]	Speed: 12.00 samples/sec	Train-accuracy=0.668750
2017-05-17 23:32:19,447 Epoch[2] Batch [230]	Speed: 12.00 samples/sec	Train-accuracy=0.703125
2017-05-17 23:32:46,120 Epoch[2] Batch [240]	Speed: 12.00 samples/sec	Train-accuracy=0.721875
2017-05-17 23:32:54,128 Epoch[2] Train-accuracy=0.760417
2017-05-17 23:32:54,128 Epoch[2] Time cost=648.542
2017-05-17 23:32:56,271 Saved checkpoint to "./resnet-101/finetune-resnet-152-train-add-seg-224-0003.params"
2017-05-17 23:33:05,915 Epoch[2] Validation-accuracy=0.608173
2017-05-17 23:33:33,412 Epoch[3] Batch [10]	Speed: 12.02 samples/sec	Train-accuracy=0.744318
2017-05-17 23:34:00,089 Epoch[3] Batch [20]	Speed: 12.00 samples/sec	Train-accuracy=0.662500
2017-05-17 23:34:26,749 Epoch[3] Batch [30]	Speed: 12.00 samples/sec	Train-accuracy=0.696875
2017-05-17 23:34:53,399 Epoch[3] Batch [40]	Speed: 12.01 samples/sec	Train-accuracy=0.737500
2017-05-17 23:35:20,049 Epoch[3] Batch [50]	Speed: 12.01 samples/sec	Train-accuracy=0.753125
2017-05-17 23:35:46,717 Epoch[3] Batch [60]	Speed: 12.00 samples/sec	Train-accuracy=0.743750
2017-05-17 23:36:13,366 Epoch[3] Batch [70]	Speed: 12.01 samples/sec	Train-accuracy=0.721875
2017-05-17 23:36:40,003 Epoch[3] Batch [80]	Speed: 12.01 samples/sec	Train-accuracy=0.740625
2017-05-17 23:37:06,651 Epoch[3] Batch [90]	Speed: 12.01 samples/sec	Train-accuracy=0.746875
2017-05-17 23:37:33,312 Epoch[3] Batch [100]	Speed: 12.00 samples/sec	Train-accuracy=0.721875
2017-05-17 23:37:59,971 Epoch[3] Batch [110]	Speed: 12.00 samples/sec	Train-accuracy=0.781250
2017-05-17 23:38:26,600 Epoch[3] Batch [120]	Speed: 12.02 samples/sec	Train-accuracy=0.762500
2017-05-17 23:38:53,236 Epoch[3] Batch [130]	Speed: 12.01 samples/sec	Train-accuracy=0.718750
2017-05-17 23:39:19,896 Epoch[3] Batch [140]	Speed: 12.00 samples/sec	Train-accuracy=0.775000
2017-05-17 23:39:46,537 Epoch[3] Batch [150]	Speed: 12.01 samples/sec	Train-accuracy=0.756250
2017-05-17 23:40:13,200 Epoch[3] Batch [160]	Speed: 12.00 samples/sec	Train-accuracy=0.740625
2017-05-17 23:40:39,842 Epoch[3] Batch [170]	Speed: 12.01 samples/sec	Train-accuracy=0.753125
2017-05-17 23:41:06,485 Epoch[3] Batch [180]	Speed: 12.01 samples/sec	Train-accuracy=0.753125
2017-05-17 23:41:33,158 Epoch[3] Batch [190]	Speed: 12.00 samples/sec	Train-accuracy=0.728125
2017-05-17 23:41:59,797 Epoch[3] Batch [200]	Speed: 12.01 samples/sec	Train-accuracy=0.787500
2017-05-17 23:42:26,453 Epoch[3] Batch [210]	Speed: 12.00 samples/sec	Train-accuracy=0.737500
2017-05-17 23:42:53,113 Epoch[3] Batch [220]	Speed: 12.00 samples/sec	Train-accuracy=0.806250
2017-05-17 23:43:19,752 Epoch[3] Batch [230]	Speed: 12.01 samples/sec	Train-accuracy=0.800000
2017-05-17 23:43:46,413 Epoch[3] Batch [240]	Speed: 12.00 samples/sec	Train-accuracy=0.762500
2017-05-17 23:43:54,420 Epoch[3] Train-accuracy=0.822917
2017-05-17 23:43:54,420 Epoch[3] Time cost=648.504
2017-05-17 23:43:56,553 Saved checkpoint to "./resnet-101/finetune-resnet-152-train-add-seg-224-0004.params"
2017-05-17 23:44:06,178 Epoch[3] Validation-accuracy=0.673077
2017-05-17 23:44:33,671 Epoch[4] Batch [10]	Speed: 12.02 samples/sec	Train-accuracy=0.803977
2017-05-17 23:45:00,294 Epoch[4] Batch [20]	Speed: 12.02 samples/sec	Train-accuracy=0.818750
2017-05-17 23:45:26,933 Epoch[4] Batch [30]	Speed: 12.01 samples/sec	Train-accuracy=0.800000
2017-05-17 23:45:53,589 Epoch[4] Batch [40]	Speed: 12.01 samples/sec	Train-accuracy=0.768750
2017-05-17 23:46:20,241 Epoch[4] Batch [50]	Speed: 12.01 samples/sec	Train-accuracy=0.768750
2017-05-17 23:46:46,885 Epoch[4] Batch [60]	Speed: 12.01 samples/sec	Train-accuracy=0.856250
2017-05-17 23:47:13,531 Epoch[4] Batch [70]	Speed: 12.01 samples/sec	Train-accuracy=0.809375
2017-05-17 23:47:40,182 Epoch[4] Batch [80]	Speed: 12.01 samples/sec	Train-accuracy=0.834375
2017-05-17 23:48:06,867 Epoch[4] Batch [90]	Speed: 11.99 samples/sec	Train-accuracy=0.806250
2017-05-17 23:48:33,507 Epoch[4] Batch [100]	Speed: 12.01 samples/sec	Train-accuracy=0.803125
2017-05-17 23:49:00,175 Epoch[4] Batch [110]	Speed: 12.00 samples/sec	Train-accuracy=0.825000
2017-05-17 23:49:26,827 Epoch[4] Batch [120]	Speed: 12.01 samples/sec	Train-accuracy=0.800000
2017-05-17 23:49:53,455 Epoch[4] Batch [130]	Speed: 12.02 samples/sec	Train-accuracy=0.809375
2017-05-17 23:50:20,105 Epoch[4] Batch [140]	Speed: 12.01 samples/sec	Train-accuracy=0.846875
2017-05-17 23:50:46,781 Epoch[4] Batch [150]	Speed: 12.00 samples/sec	Train-accuracy=0.800000
2017-05-17 23:51:13,427 Epoch[4] Batch [160]	Speed: 12.01 samples/sec	Train-accuracy=0.796875
2017-05-17 23:51:40,099 Epoch[4] Batch [170]	Speed: 12.00 samples/sec	Train-accuracy=0.796875
2017-05-17 23:52:06,743 Epoch[4] Batch [180]	Speed: 12.01 samples/sec	Train-accuracy=0.796875
2017-05-17 23:52:33,381 Epoch[4] Batch [190]	Speed: 12.01 samples/sec	Train-accuracy=0.825000
2017-05-17 23:53:00,009 Epoch[4] Batch [200]	Speed: 12.02 samples/sec	Train-accuracy=0.831250
2017-05-17 23:53:26,632 Epoch[4] Batch [210]	Speed: 12.02 samples/sec	Train-accuracy=0.818750
2017-05-17 23:53:53,294 Epoch[4] Batch [220]	Speed: 12.00 samples/sec	Train-accuracy=0.812500
2017-05-17 23:54:19,943 Epoch[4] Batch [230]	Speed: 12.01 samples/sec	Train-accuracy=0.800000
2017-05-17 23:54:46,589 Epoch[4] Batch [240]	Speed: 12.01 samples/sec	Train-accuracy=0.878125
2017-05-17 23:54:51,913 Epoch[4] Train-accuracy=0.828125
2017-05-17 23:54:51,914 Epoch[4] Time cost=645.735
2017-05-17 23:54:54,047 Saved checkpoint to "./resnet-101/finetune-resnet-152-train-add-seg-224-0005.params"
2017-05-17 23:55:03,708 Epoch[4] Validation-accuracy=0.687500
2017-05-17 23:55:31,209 Epoch[5] Batch [10]	Speed: 12.01 samples/sec	Train-accuracy=0.803977
2017-05-17 23:55:57,869 Epoch[5] Batch [20]	Speed: 12.00 samples/sec	Train-accuracy=0.806250
2017-05-17 23:56:24,533 Epoch[5] Batch [30]	Speed: 12.00 samples/sec	Train-accuracy=0.862500
2017-05-17 23:56:51,164 Epoch[5] Batch [40]	Speed: 12.02 samples/sec	Train-accuracy=0.825000
2017-05-17 23:57:17,818 Epoch[5] Batch [50]	Speed: 12.01 samples/sec	Train-accuracy=0.850000
2017-05-17 23:57:44,456 Epoch[5] Batch [60]	Speed: 12.01 samples/sec	Train-accuracy=0.875000
2017-05-17 23:58:11,092 Epoch[5] Batch [70]	Speed: 12.01 samples/sec	Train-accuracy=0.871875
2017-05-17 23:58:37,735 Epoch[5] Batch [80]	Speed: 12.01 samples/sec	Train-accuracy=0.853125
2017-05-17 23:59:04,357 Epoch[5] Batch [90]	Speed: 12.02 samples/sec	Train-accuracy=0.840625
2017-05-17 23:59:30,997 Epoch[5] Batch [100]	Speed: 12.01 samples/sec	Train-accuracy=0.890625
2017-05-17 23:59:57,638 Epoch[5] Batch [110]	Speed: 12.01 samples/sec	Train-accuracy=0.871875
2017-05-18 00:00:24,294 Epoch[5] Batch [120]	Speed: 12.00 samples/sec	Train-accuracy=0.859375
2017-05-18 00:00:50,907 Epoch[5] Batch [130]	Speed: 12.02 samples/sec	Train-accuracy=0.834375
2017-05-18 00:01:17,543 Epoch[5] Batch [140]	Speed: 12.01 samples/sec	Train-accuracy=0.853125
2017-05-18 00:01:44,186 Epoch[5] Batch [150]	Speed: 12.01 samples/sec	Train-accuracy=0.868750
2017-05-18 00:02:10,822 Epoch[5] Batch [160]	Speed: 12.01 samples/sec	Train-accuracy=0.881250
2017-05-18 00:02:37,471 Epoch[5] Batch [170]	Speed: 12.01 samples/sec	Train-accuracy=0.890625
2017-05-18 00:03:04,120 Epoch[5] Batch [180]	Speed: 12.01 samples/sec	Train-accuracy=0.871875
2017-05-18 00:03:30,766 Epoch[5] Batch [190]	Speed: 12.01 samples/sec	Train-accuracy=0.878125
2017-05-18 00:03:57,400 Epoch[5] Batch [200]	Speed: 12.02 samples/sec	Train-accuracy=0.881250
2017-05-18 00:04:24,031 Epoch[5] Batch [210]	Speed: 12.02 samples/sec	Train-accuracy=0.850000
2017-05-18 00:04:50,633 Epoch[5] Batch [220]	Speed: 12.03 samples/sec	Train-accuracy=0.825000
2017-05-18 00:05:17,264 Epoch[5] Batch [230]	Speed: 12.02 samples/sec	Train-accuracy=0.878125
2017-05-18 00:05:43,897 Epoch[5] Batch [240]	Speed: 12.02 samples/sec	Train-accuracy=0.878125
2017-05-18 00:05:51,882 Epoch[5] Train-accuracy=0.812500
2017-05-18 00:05:51,883 Epoch[5] Time cost=648.174
2017-05-18 00:05:54,000 Saved checkpoint to "./resnet-101/finetune-resnet-152-train-add-seg-224-0006.params"
2017-05-18 00:06:02,846 Epoch[5] Validation-accuracy=0.669271
2017-05-18 00:06:30,324 Epoch[6] Batch [10]	Speed: 12.02 samples/sec	Train-accuracy=0.866477
2017-05-18 00:06:56,989 Epoch[6] Batch [20]	Speed: 12.00 samples/sec	Train-accuracy=0.868750
2017-05-18 00:07:23,633 Epoch[6] Batch [30]	Speed: 12.01 samples/sec	Train-accuracy=0.831250
2017-05-18 00:07:50,273 Epoch[6] Batch [40]	Speed: 12.01 samples/sec	Train-accuracy=0.881250
2017-05-18 00:08:16,928 Epoch[6] Batch [50]	Speed: 12.01 samples/sec	Train-accuracy=0.909375
2017-05-18 00:08:43,601 Epoch[6] Batch [60]	Speed: 12.00 samples/sec	Train-accuracy=0.846875
2017-05-18 00:09:10,241 Epoch[6] Batch [70]	Speed: 12.01 samples/sec	Train-accuracy=0.850000
2017-05-18 00:09:36,862 Epoch[6] Batch [80]	Speed: 12.02 samples/sec	Train-accuracy=0.931250
2017-05-18 00:10:03,527 Epoch[6] Batch [90]	Speed: 12.00 samples/sec	Train-accuracy=0.890625
2017-05-18 00:10:30,163 Epoch[6] Batch [100]	Speed: 12.01 samples/sec	Train-accuracy=0.843750
2017-05-18 00:10:56,801 Epoch[6] Batch [110]	Speed: 12.01 samples/sec	Train-accuracy=0.906250
2017-05-18 00:11:23,441 Epoch[6] Batch [120]	Speed: 12.01 samples/sec	Train-accuracy=0.912500
2017-05-18 00:11:50,072 Epoch[6] Batch [130]	Speed: 12.02 samples/sec	Train-accuracy=0.912500
2017-05-18 00:12:16,712 Epoch[6] Batch [140]	Speed: 12.01 samples/sec	Train-accuracy=0.887500
2017-05-18 00:12:43,348 Epoch[6] Batch [150]	Speed: 12.01 samples/sec	Train-accuracy=0.893750
2017-05-18 00:13:09,977 Epoch[6] Batch [160]	Speed: 12.02 samples/sec	Train-accuracy=0.906250
2017-05-18 00:13:36,605 Epoch[6] Batch [170]	Speed: 12.02 samples/sec	Train-accuracy=0.893750
2017-05-18 00:14:03,238 Epoch[6] Batch [180]	Speed: 12.02 samples/sec	Train-accuracy=0.865625
2017-05-18 00:14:29,867 Epoch[6] Batch [190]	Speed: 12.02 samples/sec	Train-accuracy=0.896875
2017-05-18 00:14:56,522 Epoch[6] Batch [200]	Speed: 12.01 samples/sec	Train-accuracy=0.909375
2017-05-18 00:15:23,153 Epoch[6] Batch [210]	Speed: 12.02 samples/sec	Train-accuracy=0.862500
2017-05-18 00:15:49,785 Epoch[6] Batch [220]	Speed: 12.02 samples/sec	Train-accuracy=0.909375
2017-05-18 00:16:16,422 Epoch[6] Batch [230]	Speed: 12.01 samples/sec	Train-accuracy=0.921875
2017-05-18 00:16:43,069 Epoch[6] Batch [240]	Speed: 12.01 samples/sec	Train-accuracy=0.915625
2017-05-18 00:16:51,058 Epoch[6] Train-accuracy=0.906250
2017-05-18 00:16:51,059 Epoch[6] Time cost=648.212
2017-05-18 00:16:53,212 Saved checkpoint to "./resnet-101/finetune-resnet-152-train-add-seg-224-0007.params"
2017-05-18 00:17:02,865 Epoch[6] Validation-accuracy=0.716346
2017-05-18 00:17:30,401 Epoch[7] Batch [10]	Speed: 12.00 samples/sec	Train-accuracy=0.906250
2017-05-18 00:17:57,023 Epoch[7] Batch [20]	Speed: 12.02 samples/sec	Train-accuracy=0.918750
2017-05-18 00:18:23,690 Epoch[7] Batch [30]	Speed: 12.00 samples/sec	Train-accuracy=0.887500
2017-05-18 00:18:50,309 Epoch[7] Batch [40]	Speed: 12.02 samples/sec	Train-accuracy=0.893750
2017-05-18 00:19:16,933 Epoch[7] Batch [50]	Speed: 12.02 samples/sec	Train-accuracy=0.918750
2017-05-18 00:19:43,591 Epoch[7] Batch [60]	Speed: 12.00 samples/sec	Train-accuracy=0.887500
2017-05-18 00:20:10,249 Epoch[7] Batch [70]	Speed: 12.00 samples/sec	Train-accuracy=0.918750
2017-05-18 00:20:36,904 Epoch[7] Batch [80]	Speed: 12.01 samples/sec	Train-accuracy=0.903125
2017-05-18 00:21:03,536 Epoch[7] Batch [90]	Speed: 12.02 samples/sec	Train-accuracy=0.928125
2017-05-18 00:21:30,178 Epoch[7] Batch [100]	Speed: 12.01 samples/sec	Train-accuracy=0.925000
2017-05-18 00:21:56,823 Epoch[7] Batch [110]	Speed: 12.01 samples/sec	Train-accuracy=0.900000
2017-05-18 00:22:23,482 Epoch[7] Batch [120]	Speed: 12.00 samples/sec	Train-accuracy=0.925000
2017-05-18 00:22:50,151 Epoch[7] Batch [130]	Speed: 12.00 samples/sec	Train-accuracy=0.918750
2017-05-18 00:23:16,789 Epoch[7] Batch [140]	Speed: 12.01 samples/sec	Train-accuracy=0.934375
2017-05-18 00:23:43,451 Epoch[7] Batch [150]	Speed: 12.00 samples/sec	Train-accuracy=0.912500
2017-05-18 00:24:10,097 Epoch[7] Batch [160]	Speed: 12.01 samples/sec	Train-accuracy=0.884375
2017-05-18 00:24:36,747 Epoch[7] Batch [170]	Speed: 12.01 samples/sec	Train-accuracy=0.925000
2017-05-18 00:25:03,361 Epoch[7] Batch [180]	Speed: 12.02 samples/sec	Train-accuracy=0.928125
2017-05-18 00:25:29,973 Epoch[7] Batch [190]	Speed: 12.02 samples/sec	Train-accuracy=0.928125
2017-05-18 00:25:56,578 Epoch[7] Batch [200]	Speed: 12.03 samples/sec	Train-accuracy=0.896875
2017-05-18 00:26:23,204 Epoch[7] Batch [210]	Speed: 12.02 samples/sec	Train-accuracy=0.890625
2017-05-18 00:26:49,835 Epoch[7] Batch [220]	Speed: 12.02 samples/sec	Train-accuracy=0.909375
2017-05-18 00:27:16,458 Epoch[7] Batch [230]	Speed: 12.02 samples/sec	Train-accuracy=0.956250
2017-05-18 00:27:43,093 Epoch[7] Batch [240]	Speed: 12.01 samples/sec	Train-accuracy=0.909375
2017-05-18 00:27:51,075 Epoch[7] Train-accuracy=0.947917
2017-05-18 00:27:51,076 Epoch[7] Time cost=648.210
2017-05-18 00:27:53,225 Saved checkpoint to "./resnet-101/finetune-resnet-152-train-add-seg-224-0008.params"
2017-05-18 00:28:02,866 Epoch[7] Validation-accuracy=0.694712
2017-05-18 00:28:30,367 Epoch[8] Batch [10]	Speed: 12.01 samples/sec	Train-accuracy=0.917614
2017-05-18 00:28:56,976 Epoch[8] Batch [20]	Speed: 12.03 samples/sec	Train-accuracy=0.900000
2017-05-18 00:29:23,599 Epoch[8] Batch [30]	Speed: 12.02 samples/sec	Train-accuracy=0.925000
2017-05-18 00:29:50,207 Epoch[8] Batch [40]	Speed: 12.03 samples/sec	Train-accuracy=0.912500
2017-05-18 00:30:16,814 Epoch[8] Batch [50]	Speed: 12.03 samples/sec	Train-accuracy=0.959375
2017-05-18 00:30:43,430 Epoch[8] Batch [60]	Speed: 12.02 samples/sec	Train-accuracy=0.931250
2017-05-18 00:31:10,050 Epoch[8] Batch [70]	Speed: 12.02 samples/sec	Train-accuracy=0.906250
2017-05-18 00:31:36,681 Epoch[8] Batch [80]	Speed: 12.02 samples/sec	Train-accuracy=0.934375
2017-05-18 00:32:03,295 Epoch[8] Batch [90]	Speed: 12.02 samples/sec	Train-accuracy=0.925000
2017-05-18 00:32:29,913 Epoch[8] Batch [100]	Speed: 12.02 samples/sec	Train-accuracy=0.940625
2017-05-18 00:32:56,544 Epoch[8] Batch [110]	Speed: 12.02 samples/sec	Train-accuracy=0.900000
2017-05-18 00:33:23,157 Epoch[8] Batch [120]	Speed: 12.02 samples/sec	Train-accuracy=0.921875
2017-05-18 00:33:49,783 Epoch[8] Batch [130]	Speed: 12.02 samples/sec	Train-accuracy=0.912500
2017-05-18 00:34:16,393 Epoch[8] Batch [140]	Speed: 12.03 samples/sec	Train-accuracy=0.943750
2017-05-18 00:34:43,030 Epoch[8] Batch [150]	Speed: 12.01 samples/sec	Train-accuracy=0.962500
2017-05-18 00:35:09,644 Epoch[8] Batch [160]	Speed: 12.02 samples/sec	Train-accuracy=0.909375
2017-05-18 00:35:36,263 Epoch[8] Batch [170]	Speed: 12.02 samples/sec	Train-accuracy=0.928125
2017-05-18 00:36:02,890 Epoch[8] Batch [180]	Speed: 12.02 samples/sec	Train-accuracy=0.906250
2017-05-18 00:36:29,507 Epoch[8] Batch [190]	Speed: 12.02 samples/sec	Train-accuracy=0.918750
2017-05-18 00:36:56,125 Epoch[8] Batch [200]	Speed: 12.02 samples/sec	Train-accuracy=0.943750
2017-05-18 00:37:22,751 Epoch[8] Batch [210]	Speed: 12.02 samples/sec	Train-accuracy=0.962500
2017-05-18 00:37:49,368 Epoch[8] Batch [220]	Speed: 12.02 samples/sec	Train-accuracy=0.962500
2017-05-18 00:38:15,987 Epoch[8] Batch [230]	Speed: 12.02 samples/sec	Train-accuracy=0.943750
2017-05-18 00:38:42,607 Epoch[8] Batch [240]	Speed: 12.02 samples/sec	Train-accuracy=0.931250
2017-05-18 00:38:50,593 Epoch[8] Train-accuracy=0.947917
2017-05-18 00:38:50,593 Epoch[8] Time cost=647.727
2017-05-18 00:38:52,716 Saved checkpoint to "./resnet-101/finetune-resnet-152-train-add-seg-224-0009.params"
2017-05-18 00:39:02,360 Epoch[8] Validation-accuracy=0.735577
2017-05-18 00:39:29,863 Epoch[9] Batch [10]	Speed: 12.01 samples/sec	Train-accuracy=0.934659
2017-05-18 00:39:56,489 Epoch[9] Batch [20]	Speed: 12.02 samples/sec	Train-accuracy=0.937500
2017-05-18 00:40:23,093 Epoch[9] Batch [30]	Speed: 12.03 samples/sec	Train-accuracy=0.943750
2017-05-18 00:40:49,714 Epoch[9] Batch [40]	Speed: 12.02 samples/sec	Train-accuracy=0.940625
2017-05-18 00:41:16,328 Epoch[9] Batch [50]	Speed: 12.02 samples/sec	Train-accuracy=0.906250
2017-05-18 00:41:42,936 Epoch[9] Batch [60]	Speed: 12.03 samples/sec	Train-accuracy=0.940625
2017-05-18 00:42:09,564 Epoch[9] Batch [70]	Speed: 12.02 samples/sec	Train-accuracy=0.918750
2017-05-18 00:42:36,181 Epoch[9] Batch [80]	Speed: 12.02 samples/sec	Train-accuracy=0.928125
2017-05-18 00:43:02,824 Epoch[9] Batch [90]	Speed: 12.01 samples/sec	Train-accuracy=0.928125
2017-05-18 00:43:29,446 Epoch[9] Batch [100]	Speed: 12.02 samples/sec	Train-accuracy=0.946875
2017-05-18 00:43:56,074 Epoch[9] Batch [110]	Speed: 12.02 samples/sec	Train-accuracy=0.918750
2017-05-18 00:44:22,689 Epoch[9] Batch [120]	Speed: 12.02 samples/sec	Train-accuracy=0.915625
2017-05-18 00:44:49,319 Epoch[9] Batch [130]	Speed: 12.02 samples/sec	Train-accuracy=0.918750
2017-05-18 00:45:15,927 Epoch[9] Batch [140]	Speed: 12.03 samples/sec	Train-accuracy=0.918750
2017-05-18 00:45:42,550 Epoch[9] Batch [150]	Speed: 12.02 samples/sec	Train-accuracy=0.937500
2017-05-18 00:46:09,183 Epoch[9] Batch [160]	Speed: 12.02 samples/sec	Train-accuracy=0.931250
2017-05-18 00:46:35,813 Epoch[9] Batch [170]	Speed: 12.02 samples/sec	Train-accuracy=0.956250
2017-05-18 00:47:02,447 Epoch[9] Batch [180]	Speed: 12.01 samples/sec	Train-accuracy=0.912500
2017-05-18 00:47:29,066 Epoch[9] Batch [190]	Speed: 12.02 samples/sec	Train-accuracy=0.890625
2017-05-18 00:47:55,679 Epoch[9] Batch [200]	Speed: 12.02 samples/sec	Train-accuracy=0.975000
2017-05-18 00:48:22,311 Epoch[9] Batch [210]	Speed: 12.02 samples/sec	Train-accuracy=0.943750
2017-05-18 00:48:48,940 Epoch[9] Batch [220]	Speed: 12.02 samples/sec	Train-accuracy=0.950000
2017-05-18 00:49:15,564 Epoch[9] Batch [230]	Speed: 12.02 samples/sec	Train-accuracy=0.934375
2017-05-18 00:49:42,211 Epoch[9] Batch [240]	Speed: 12.01 samples/sec	Train-accuracy=0.934375
2017-05-18 00:49:47,535 Epoch[9] Train-accuracy=0.953125
2017-05-18 00:49:47,535 Epoch[9] Time cost=645.175
2017-05-18 00:49:49,665 Saved checkpoint to "./resnet-101/finetune-resnet-152-train-add-seg-224-0010.params"
2017-05-18 00:49:59,290 Epoch[9] Validation-accuracy=0.711538
2017-05-18 00:50:26,773 Epoch[10] Batch [10]	Speed: 12.02 samples/sec	Train-accuracy=0.928977
2017-05-18 00:50:53,384 Epoch[10] Batch [20]	Speed: 12.03 samples/sec	Train-accuracy=0.953125
2017-05-18 00:51:20,001 Epoch[10] Batch [30]	Speed: 12.02 samples/sec	Train-accuracy=0.965625
2017-05-18 00:51:46,640 Epoch[10] Batch [40]	Speed: 12.01 samples/sec	Train-accuracy=0.959375
2017-05-18 00:52:13,275 Epoch[10] Batch [50]	Speed: 12.01 samples/sec	Train-accuracy=0.928125
2017-05-18 00:52:39,961 Epoch[10] Batch [60]	Speed: 11.99 samples/sec	Train-accuracy=0.946875
2017-05-18 00:53:06,625 Epoch[10] Batch [70]	Speed: 12.00 samples/sec	Train-accuracy=0.940625
2017-05-18 00:53:33,245 Epoch[10] Batch [80]	Speed: 12.02 samples/sec	Train-accuracy=0.925000
2017-05-18 00:53:59,890 Epoch[10] Batch [90]	Speed: 12.01 samples/sec	Train-accuracy=0.940625
2017-05-18 00:54:26,503 Epoch[10] Batch [100]	Speed: 12.02 samples/sec	Train-accuracy=0.968750
2017-05-18 00:54:53,137 Epoch[10] Batch [110]	Speed: 12.01 samples/sec	Train-accuracy=0.971875
2017-05-18 00:55:19,762 Epoch[10] Batch [120]	Speed: 12.02 samples/sec	Train-accuracy=0.953125
2017-05-18 00:55:46,377 Epoch[10] Batch [130]	Speed: 12.02 samples/sec	Train-accuracy=0.937500
2017-05-18 00:56:13,003 Epoch[10] Batch [140]	Speed: 12.02 samples/sec	Train-accuracy=0.943750
2017-05-18 00:56:39,621 Epoch[10] Batch [150]	Speed: 12.02 samples/sec	Train-accuracy=0.950000
2017-05-18 00:57:06,280 Epoch[10] Batch [160]	Speed: 12.00 samples/sec	Train-accuracy=0.959375
2017-05-18 00:57:32,903 Epoch[10] Batch [170]	Speed: 12.02 samples/sec	Train-accuracy=0.956250
2017-05-18 00:57:59,524 Epoch[10] Batch [180]	Speed: 12.02 samples/sec	Train-accuracy=0.959375
2017-05-18 00:58:26,148 Epoch[10] Batch [190]	Speed: 12.02 samples/sec	Train-accuracy=0.956250
2017-05-18 00:58:52,777 Epoch[10] Batch [200]	Speed: 12.02 samples/sec	Train-accuracy=0.971875
2017-05-18 00:59:19,387 Epoch[10] Batch [210]	Speed: 12.03 samples/sec	Train-accuracy=0.962500
2017-05-18 00:59:45,996 Epoch[10] Batch [220]	Speed: 12.03 samples/sec	Train-accuracy=0.946875
2017-05-18 01:00:12,627 Epoch[10] Batch [230]	Speed: 12.02 samples/sec	Train-accuracy=0.962500
2017-05-18 01:00:39,218 Epoch[10] Batch [240]	Speed: 12.03 samples/sec	Train-accuracy=0.971875
2017-05-18 01:00:47,189 Epoch[10] Train-accuracy=0.927083
2017-05-18 01:00:47,189 Epoch[10] Time cost=647.899
2017-05-18 01:00:49,333 Saved checkpoint to "./resnet-101/finetune-resnet-152-train-add-seg-224-0011.params"
2017-05-18 01:00:58,979 Epoch[10] Validation-accuracy=0.725962
2017-05-18 01:01:26,473 Epoch[11] Batch [10]	Speed: 12.02 samples/sec	Train-accuracy=0.954545
2017-05-18 01:01:53,130 Epoch[11] Batch [20]	Speed: 12.00 samples/sec	Train-accuracy=0.943750
2017-05-18 01:02:19,745 Epoch[11] Batch [30]	Speed: 12.02 samples/sec	Train-accuracy=0.953125
2017-05-18 01:02:46,375 Epoch[11] Batch [40]	Speed: 12.02 samples/sec	Train-accuracy=0.953125
2017-05-18 01:03:13,040 Epoch[11] Batch [50]	Speed: 12.00 samples/sec	Train-accuracy=0.950000
2017-05-18 01:03:39,695 Epoch[11] Batch [60]	Speed: 12.01 samples/sec	Train-accuracy=0.959375
2017-05-18 01:04:06,351 Epoch[11] Batch [70]	Speed: 12.01 samples/sec	Train-accuracy=0.943750
2017-05-18 01:04:32,996 Epoch[11] Batch [80]	Speed: 12.01 samples/sec	Train-accuracy=0.950000
2017-05-18 01:04:59,638 Epoch[11] Batch [90]	Speed: 12.01 samples/sec	Train-accuracy=0.968750
2017-05-18 01:05:26,289 Epoch[11] Batch [100]	Speed: 12.01 samples/sec	Train-accuracy=0.968750
2017-05-18 01:05:52,943 Epoch[11] Batch [110]	Speed: 12.01 samples/sec	Train-accuracy=0.959375
2017-05-18 01:06:19,589 Epoch[11] Batch [120]	Speed: 12.01 samples/sec	Train-accuracy=0.959375
2017-05-18 01:06:46,210 Epoch[11] Batch [130]	Speed: 12.02 samples/sec	Train-accuracy=0.962500
2017-05-18 01:07:12,874 Epoch[11] Batch [140]	Speed: 12.00 samples/sec	Train-accuracy=0.943750
2017-05-18 01:07:39,482 Epoch[11] Batch [150]	Speed: 12.03 samples/sec	Train-accuracy=0.959375
2017-05-18 01:08:06,117 Epoch[11] Batch [160]	Speed: 12.01 samples/sec	Train-accuracy=0.968750
2017-05-18 01:08:32,755 Epoch[11] Batch [170]	Speed: 12.01 samples/sec	Train-accuracy=0.953125
2017-05-18 01:08:59,394 Epoch[11] Batch [180]	Speed: 12.01 samples/sec	Train-accuracy=0.946875
2017-05-18 01:09:26,070 Epoch[11] Batch [190]	Speed: 12.00 samples/sec	Train-accuracy=0.975000
2017-05-18 01:09:52,723 Epoch[11] Batch [200]	Speed: 12.01 samples/sec	Train-accuracy=0.953125
2017-05-18 01:10:19,394 Epoch[11] Batch [210]	Speed: 12.00 samples/sec	Train-accuracy=0.943750
2017-05-18 01:10:46,023 Epoch[11] Batch [220]	Speed: 12.02 samples/sec	Train-accuracy=0.959375
2017-05-18 01:11:12,668 Epoch[11] Batch [230]	Speed: 12.01 samples/sec	Train-accuracy=0.953125
2017-05-18 01:11:39,311 Epoch[11] Batch [240]	Speed: 12.01 samples/sec	Train-accuracy=0.937500
2017-05-18 01:11:47,293 Epoch[11] Train-accuracy=0.958333
2017-05-18 01:11:47,293 Epoch[11] Time cost=648.314
2017-05-18 01:11:49,440 Saved checkpoint to "./resnet-101/finetune-resnet-152-train-add-seg-224-0012.params"
2017-05-18 01:11:58,333 Epoch[11] Validation-accuracy=0.692708
2017-05-18 01:12:25,858 Epoch[12] Batch [10]	Speed: 12.00 samples/sec	Train-accuracy=0.940341
2017-05-18 01:12:52,525 Epoch[12] Batch [20]	Speed: 12.00 samples/sec	Train-accuracy=0.956250
2017-05-18 01:13:19,167 Epoch[12] Batch [30]	Speed: 12.01 samples/sec	Train-accuracy=0.975000
2017-05-18 01:13:45,822 Epoch[12] Batch [40]	Speed: 12.01 samples/sec	Train-accuracy=0.965625
2017-05-18 01:14:12,479 Epoch[12] Batch [50]	Speed: 12.00 samples/sec	Train-accuracy=0.975000
2017-05-18 01:14:39,106 Epoch[12] Batch [60]	Speed: 12.02 samples/sec	Train-accuracy=0.968750
2017-05-18 01:15:05,749 Epoch[12] Batch [70]	Speed: 12.01 samples/sec	Train-accuracy=0.962500
2017-05-18 01:15:32,417 Epoch[12] Batch [80]	Speed: 12.00 samples/sec	Train-accuracy=0.959375
2017-05-18 01:15:59,059 Epoch[12] Batch [90]	Speed: 12.01 samples/sec	Train-accuracy=0.950000
2017-05-18 01:16:25,684 Epoch[12] Batch [100]	Speed: 12.02 samples/sec	Train-accuracy=0.971875
2017-05-18 01:16:52,328 Epoch[12] Batch [110]	Speed: 12.01 samples/sec	Train-accuracy=0.959375
2017-05-18 01:17:18,981 Epoch[12] Batch [120]	Speed: 12.01 samples/sec	Train-accuracy=0.950000
2017-05-18 01:17:45,633 Epoch[12] Batch [130]	Speed: 12.01 samples/sec	Train-accuracy=0.968750
2017-05-18 01:18:12,282 Epoch[12] Batch [140]	Speed: 12.01 samples/sec	Train-accuracy=0.959375
2017-05-18 01:18:38,921 Epoch[12] Batch [150]	Speed: 12.01 samples/sec	Train-accuracy=0.962500
2017-05-18 01:19:05,575 Epoch[12] Batch [160]	Speed: 12.01 samples/sec	Train-accuracy=0.975000
2017-05-18 01:19:32,223 Epoch[12] Batch [170]	Speed: 12.01 samples/sec	Train-accuracy=0.965625
2017-05-18 01:19:58,888 Epoch[12] Batch [180]	Speed: 12.00 samples/sec	Train-accuracy=0.965625
2017-05-18 01:20:25,528 Epoch[12] Batch [190]	Speed: 12.01 samples/sec	Train-accuracy=0.962500
2017-05-18 01:20:52,167 Epoch[12] Batch [200]	Speed: 12.01 samples/sec	Train-accuracy=0.984375
2017-05-18 01:21:18,816 Epoch[12] Batch [210]	Speed: 12.01 samples/sec	Train-accuracy=0.953125
2017-05-18 01:21:45,476 Epoch[12] Batch [220]	Speed: 12.00 samples/sec	Train-accuracy=0.975000
2017-05-18 01:22:12,111 Epoch[12] Batch [230]	Speed: 12.01 samples/sec	Train-accuracy=0.978125
2017-05-18 01:22:38,757 Epoch[12] Batch [240]	Speed: 12.01 samples/sec	Train-accuracy=0.953125
2017-05-18 01:22:46,754 Epoch[12] Train-accuracy=0.989583
2017-05-18 01:22:46,754 Epoch[12] Time cost=648.421
2017-05-18 01:22:48,899 Saved checkpoint to "./resnet-101/finetune-resnet-152-train-add-seg-224-0013.params"
2017-05-18 01:22:58,552 Epoch[12] Validation-accuracy=0.721154
2017-05-18 01:23:26,056 Epoch[13] Batch [10]	Speed: 12.01 samples/sec	Train-accuracy=0.965909
2017-05-18 01:23:52,708 Epoch[13] Batch [20]	Speed: 12.01 samples/sec	Train-accuracy=0.990625
2017-05-18 01:24:19,347 Epoch[13] Batch [30]	Speed: 12.01 samples/sec	Train-accuracy=0.946875
2017-05-18 01:24:46,006 Epoch[13] Batch [40]	Speed: 12.00 samples/sec	Train-accuracy=0.962500
2017-05-18 01:25:12,661 Epoch[13] Batch [50]	Speed: 12.01 samples/sec	Train-accuracy=0.965625
2017-05-18 01:25:39,308 Epoch[13] Batch [60]	Speed: 12.01 samples/sec	Train-accuracy=0.975000
2017-05-18 01:26:05,949 Epoch[13] Batch [70]	Speed: 12.01 samples/sec	Train-accuracy=0.959375
2017-05-18 01:26:32,578 Epoch[13] Batch [80]	Speed: 12.02 samples/sec	Train-accuracy=0.971875
2017-05-18 01:26:59,218 Epoch[13] Batch [90]	Speed: 12.01 samples/sec	Train-accuracy=0.984375
2017-05-18 01:27:25,875 Epoch[13] Batch [100]	Speed: 12.00 samples/sec	Train-accuracy=0.981250
2017-05-18 01:27:52,532 Epoch[13] Batch [110]	Speed: 12.00 samples/sec	Train-accuracy=0.968750
2017-05-18 01:28:19,195 Epoch[13] Batch [120]	Speed: 12.00 samples/sec	Train-accuracy=0.953125
2017-05-18 01:28:45,859 Epoch[13] Batch [130]	Speed: 12.00 samples/sec	Train-accuracy=0.987500
2017-05-18 01:29:12,514 Epoch[13] Batch [140]	Speed: 12.01 samples/sec	Train-accuracy=0.978125
2017-05-18 01:29:39,147 Epoch[13] Batch [150]	Speed: 12.02 samples/sec	Train-accuracy=0.968750
2017-05-18 01:30:05,818 Epoch[13] Batch [160]	Speed: 12.00 samples/sec	Train-accuracy=0.950000
2017-05-18 01:30:32,443 Epoch[13] Batch [170]	Speed: 12.02 samples/sec	Train-accuracy=0.953125
2017-05-18 01:30:59,087 Epoch[13] Batch [180]	Speed: 12.01 samples/sec	Train-accuracy=0.968750
2017-05-18 01:31:25,727 Epoch[13] Batch [190]	Speed: 12.01 samples/sec	Train-accuracy=0.965625
2017-05-18 01:31:52,356 Epoch[13] Batch [200]	Speed: 12.02 samples/sec	Train-accuracy=0.968750
2017-05-18 01:32:19,010 Epoch[13] Batch [210]	Speed: 12.01 samples/sec	Train-accuracy=0.971875
2017-05-18 01:32:45,665 Epoch[13] Batch [220]	Speed: 12.01 samples/sec	Train-accuracy=0.965625
2017-05-18 01:33:12,313 Epoch[13] Batch [230]	Speed: 12.01 samples/sec	Train-accuracy=0.981250
2017-05-18 01:33:38,949 Epoch[13] Batch [240]	Speed: 12.01 samples/sec	Train-accuracy=0.956250
2017-05-18 01:33:44,278 Epoch[13] Train-accuracy=0.984375
2017-05-18 01:33:44,278 Epoch[13] Time cost=645.725
2017-05-18 01:33:46,438 Saved checkpoint to "./resnet-101/finetune-resnet-152-train-add-seg-224-0014.params"
2017-05-18 01:33:56,097 Epoch[13] Validation-accuracy=0.723558
2017-05-18 01:34:23,573 Epoch[14] Batch [10]	Speed: 12.02 samples/sec	Train-accuracy=0.980114
2017-05-18 01:34:50,200 Epoch[14] Batch [20]	Speed: 12.02 samples/sec	Train-accuracy=0.984375
2017-05-18 01:35:16,837 Epoch[14] Batch [30]	Speed: 12.01 samples/sec	Train-accuracy=0.971875
2017-05-18 01:35:43,502 Epoch[14] Batch [40]	Speed: 12.00 samples/sec	Train-accuracy=0.946875
2017-05-18 01:36:10,143 Epoch[14] Batch [50]	Speed: 12.01 samples/sec	Train-accuracy=0.950000
2017-05-18 01:36:36,754 Epoch[14] Batch [60]	Speed: 12.03 samples/sec	Train-accuracy=0.953125
2017-05-18 01:37:03,394 Epoch[14] Batch [70]	Speed: 12.01 samples/sec	Train-accuracy=0.965625
2017-05-18 01:37:30,031 Epoch[14] Batch [80]	Speed: 12.01 samples/sec	Train-accuracy=0.978125
2017-05-18 01:37:56,699 Epoch[14] Batch [90]	Speed: 12.00 samples/sec	Train-accuracy=0.978125
2017-05-18 01:38:23,352 Epoch[14] Batch [100]	Speed: 12.01 samples/sec	Train-accuracy=0.959375
2017-05-18 01:38:50,019 Epoch[14] Batch [110]	Speed: 12.00 samples/sec	Train-accuracy=0.965625
2017-05-18 01:39:16,663 Epoch[14] Batch [120]	Speed: 12.01 samples/sec	Train-accuracy=0.965625
2017-05-18 01:39:43,315 Epoch[14] Batch [130]	Speed: 12.01 samples/sec	Train-accuracy=0.968750
2017-05-18 01:40:09,972 Epoch[14] Batch [140]	Speed: 12.00 samples/sec	Train-accuracy=0.978125
2017-05-18 01:40:36,609 Epoch[14] Batch [150]	Speed: 12.01 samples/sec	Train-accuracy=0.971875
2017-05-18 01:41:03,245 Epoch[14] Batch [160]	Speed: 12.01 samples/sec	Train-accuracy=0.934375
2017-05-18 01:41:29,881 Epoch[14] Batch [170]	Speed: 12.01 samples/sec	Train-accuracy=0.968750
2017-05-18 01:41:56,520 Epoch[14] Batch [180]	Speed: 12.01 samples/sec	Train-accuracy=0.965625
2017-05-18 01:42:23,181 Epoch[14] Batch [190]	Speed: 12.00 samples/sec	Train-accuracy=0.978125
2017-05-18 01:42:49,832 Epoch[14] Batch [200]	Speed: 12.01 samples/sec	Train-accuracy=0.984375
2017-05-18 01:43:16,488 Epoch[14] Batch [210]	Speed: 12.01 samples/sec	Train-accuracy=0.965625
2017-05-18 01:43:43,114 Epoch[14] Batch [220]	Speed: 12.02 samples/sec	Train-accuracy=0.968750
2017-05-18 01:44:09,777 Epoch[14] Batch [230]	Speed: 12.00 samples/sec	Train-accuracy=0.965625
2017-05-18 01:44:36,445 Epoch[14] Batch [240]	Speed: 12.00 samples/sec	Train-accuracy=0.978125
2017-05-18 01:44:44,439 Epoch[14] Train-accuracy=0.989583
2017-05-18 01:44:44,439 Epoch[14] Time cost=648.341
2017-05-18 01:44:46,576 Saved checkpoint to "./resnet-101/finetune-resnet-152-train-add-seg-224-0015.params"
2017-05-18 01:44:56,209 Epoch[14] Validation-accuracy=0.730769
2017-05-18 01:45:23,744 Epoch[15] Batch [10]	Speed: 12.00 samples/sec	Train-accuracy=0.960227
2017-05-18 01:45:50,415 Epoch[15] Batch [20]	Speed: 12.00 samples/sec	Train-accuracy=0.984375
2017-05-18 01:46:17,079 Epoch[15] Batch [30]	Speed: 12.00 samples/sec	Train-accuracy=0.975000
2017-05-18 01:46:43,737 Epoch[15] Batch [40]	Speed: 12.00 samples/sec	Train-accuracy=0.975000
2017-05-18 01:47:10,368 Epoch[15] Batch [50]	Speed: 12.02 samples/sec	Train-accuracy=0.984375
2017-05-18 01:47:36,979 Epoch[15] Batch [60]	Speed: 12.03 samples/sec	Train-accuracy=0.975000
2017-05-18 01:48:03,623 Epoch[15] Batch [70]	Speed: 12.01 samples/sec	Train-accuracy=0.987500
2017-05-18 01:48:30,240 Epoch[15] Batch [80]	Speed: 12.02 samples/sec	Train-accuracy=0.975000
2017-05-18 01:48:56,886 Epoch[15] Batch [90]	Speed: 12.01 samples/sec	Train-accuracy=0.971875
2017-05-18 01:49:23,503 Epoch[15] Batch [100]	Speed: 12.02 samples/sec	Train-accuracy=0.975000
2017-05-18 01:49:50,125 Epoch[15] Batch [110]	Speed: 12.02 samples/sec	Train-accuracy=0.959375
2017-05-18 01:50:16,755 Epoch[15] Batch [120]	Speed: 12.02 samples/sec	Train-accuracy=0.984375
2017-05-18 01:50:43,368 Epoch[15] Batch [130]	Speed: 12.02 samples/sec	Train-accuracy=0.978125
2017-05-18 01:51:10,016 Epoch[15] Batch [140]	Speed: 12.01 samples/sec	Train-accuracy=0.987500
2017-05-18 01:51:36,623 Epoch[15] Batch [150]	Speed: 12.03 samples/sec	Train-accuracy=0.950000
2017-05-18 01:52:03,252 Epoch[15] Batch [160]	Speed: 12.02 samples/sec	Train-accuracy=0.953125
2017-05-18 01:52:29,868 Epoch[15] Batch [170]	Speed: 12.02 samples/sec	Train-accuracy=0.965625
2017-05-18 01:52:56,505 Epoch[15] Batch [180]	Speed: 12.01 samples/sec	Train-accuracy=0.968750
2017-05-18 01:53:23,121 Epoch[15] Batch [190]	Speed: 12.02 samples/sec	Train-accuracy=0.975000
2017-05-18 01:53:49,754 Epoch[15] Batch [200]	Speed: 12.02 samples/sec	Train-accuracy=0.965625
2017-05-18 01:54:16,381 Epoch[15] Batch [210]	Speed: 12.02 samples/sec	Train-accuracy=0.968750
2017-05-18 01:54:43,007 Epoch[15] Batch [220]	Speed: 12.02 samples/sec	Train-accuracy=0.975000
2017-05-18 01:55:09,642 Epoch[15] Batch [230]	Speed: 12.01 samples/sec	Train-accuracy=0.984375
2017-05-18 01:55:36,268 Epoch[15] Batch [240]	Speed: 12.02 samples/sec	Train-accuracy=0.971875
2017-05-18 01:55:44,253 Epoch[15] Train-accuracy=0.979167
2017-05-18 01:55:44,254 Epoch[15] Time cost=648.044
2017-05-18 01:55:46,392 Saved checkpoint to "./resnet-101/finetune-resnet-152-train-add-seg-224-0016.params"
2017-05-18 01:55:56,032 Epoch[15] Validation-accuracy=0.740385
2017-05-18 01:56:23,521 Epoch[16] Batch [10]	Speed: 12.02 samples/sec	Train-accuracy=0.980114
2017-05-18 01:56:50,155 Epoch[16] Batch [20]	Speed: 12.01 samples/sec	Train-accuracy=0.981250
2017-05-18 01:57:16,762 Epoch[16] Batch [30]	Speed: 12.03 samples/sec	Train-accuracy=0.965625
2017-05-18 01:57:43,416 Epoch[16] Batch [40]	Speed: 12.01 samples/sec	Train-accuracy=0.940625
2017-05-18 01:58:10,058 Epoch[16] Batch [50]	Speed: 12.01 samples/sec	Train-accuracy=0.975000
2017-05-18 01:58:36,678 Epoch[16] Batch [60]	Speed: 12.02 samples/sec	Train-accuracy=0.953125
2017-05-18 01:59:03,316 Epoch[16] Batch [70]	Speed: 12.01 samples/sec	Train-accuracy=0.984375
2017-05-18 01:59:29,971 Epoch[16] Batch [80]	Speed: 12.01 samples/sec	Train-accuracy=0.971875
2017-05-18 01:59:56,617 Epoch[16] Batch [90]	Speed: 12.01 samples/sec	Train-accuracy=0.981250
2017-05-18 02:00:23,251 Epoch[16] Batch [100]	Speed: 12.01 samples/sec	Train-accuracy=0.978125
2017-05-18 02:00:49,905 Epoch[16] Batch [110]	Speed: 12.01 samples/sec	Train-accuracy=0.984375
2017-05-18 02:01:16,569 Epoch[16] Batch [120]	Speed: 12.00 samples/sec	Train-accuracy=0.990625
2017-05-18 02:01:43,194 Epoch[16] Batch [130]	Speed: 12.02 samples/sec	Train-accuracy=0.987500
2017-05-18 02:02:09,806 Epoch[16] Batch [140]	Speed: 12.02 samples/sec	Train-accuracy=0.978125
2017-05-18 02:02:36,459 Epoch[16] Batch [150]	Speed: 12.01 samples/sec	Train-accuracy=0.981250
2017-05-18 02:03:03,110 Epoch[16] Batch [160]	Speed: 12.01 samples/sec	Train-accuracy=0.975000
2017-05-18 02:03:29,744 Epoch[16] Batch [170]	Speed: 12.01 samples/sec	Train-accuracy=0.978125
2017-05-18 02:03:56,394 Epoch[16] Batch [180]	Speed: 12.01 samples/sec	Train-accuracy=0.968750
2017-05-18 02:04:23,029 Epoch[16] Batch [190]	Speed: 12.01 samples/sec	Train-accuracy=0.968750
2017-05-18 02:04:49,700 Epoch[16] Batch [200]	Speed: 12.00 samples/sec	Train-accuracy=0.968750
2017-05-18 02:05:16,326 Epoch[16] Batch [210]	Speed: 12.02 samples/sec	Train-accuracy=0.978125
2017-05-18 02:05:42,981 Epoch[16] Batch [220]	Speed: 12.01 samples/sec	Train-accuracy=0.975000
2017-05-18 02:06:09,638 Epoch[16] Batch [230]	Speed: 12.00 samples/sec	Train-accuracy=0.975000
2017-05-18 02:06:36,298 Epoch[16] Batch [240]	Speed: 12.00 samples/sec	Train-accuracy=0.959375
2017-05-18 02:06:44,311 Epoch[16] Train-accuracy=0.979167
2017-05-18 02:06:44,311 Epoch[16] Time cost=648.278
2017-05-18 02:06:46,444 Saved checkpoint to "./resnet-101/finetune-resnet-152-train-add-seg-224-0017.params"
2017-05-18 02:06:56,125 Epoch[16] Validation-accuracy=0.730769
2017-05-18 02:07:23,591 Epoch[17] Batch [10]	Speed: 12.03 samples/sec	Train-accuracy=0.960227
2017-05-18 02:07:50,242 Epoch[17] Batch [20]	Speed: 12.01 samples/sec	Train-accuracy=0.978125
2017-05-18 02:08:16,895 Epoch[17] Batch [30]	Speed: 12.01 samples/sec	Train-accuracy=0.978125
2017-05-18 02:08:43,573 Epoch[17] Batch [40]	Speed: 12.00 samples/sec	Train-accuracy=0.981250
2017-05-18 02:09:10,201 Epoch[17] Batch [50]	Speed: 12.02 samples/sec	Train-accuracy=0.956250
2017-05-18 02:09:36,823 Epoch[17] Batch [60]	Speed: 12.02 samples/sec	Train-accuracy=0.984375
2017-05-18 02:10:03,475 Epoch[17] Batch [70]	Speed: 12.01 samples/sec	Train-accuracy=0.984375
2017-05-18 02:10:30,111 Epoch[17] Batch [80]	Speed: 12.01 samples/sec	Train-accuracy=0.975000
2017-05-18 02:10:56,776 Epoch[17] Batch [90]	Speed: 12.00 samples/sec	Train-accuracy=0.971875
2017-05-18 02:11:23,430 Epoch[17] Batch [100]	Speed: 12.01 samples/sec	Train-accuracy=0.956250
2017-05-18 02:11:50,072 Epoch[17] Batch [110]	Speed: 12.01 samples/sec	Train-accuracy=0.946875
2017-05-18 02:12:16,767 Epoch[17] Batch [120]	Speed: 11.99 samples/sec	Train-accuracy=0.984375
2017-05-18 02:12:43,408 Epoch[17] Batch [130]	Speed: 12.01 samples/sec	Train-accuracy=0.959375
2017-05-18 02:13:10,039 Epoch[17] Batch [140]	Speed: 12.02 samples/sec	Train-accuracy=0.968750
2017-05-18 02:13:36,667 Epoch[17] Batch [150]	Speed: 12.02 samples/sec	Train-accuracy=0.975000
2017-05-18 02:14:03,295 Epoch[17] Batch [160]	Speed: 12.02 samples/sec	Train-accuracy=0.971875
2017-05-18 02:14:29,971 Epoch[17] Batch [170]	Speed: 12.00 samples/sec	Train-accuracy=0.975000
2017-05-18 02:14:56,614 Epoch[17] Batch [180]	Speed: 12.01 samples/sec	Train-accuracy=0.975000
2017-05-18 02:15:23,251 Epoch[17] Batch [190]	Speed: 12.01 samples/sec	Train-accuracy=0.984375
2017-05-18 02:15:49,894 Epoch[17] Batch [200]	Speed: 12.01 samples/sec	Train-accuracy=0.987500
2017-05-18 02:16:16,547 Epoch[17] Batch [210]	Speed: 12.01 samples/sec	Train-accuracy=0.990625
2017-05-18 02:16:43,202 Epoch[17] Batch [220]	Speed: 12.01 samples/sec	Train-accuracy=0.987500
2017-05-18 02:17:09,867 Epoch[17] Batch [230]	Speed: 12.00 samples/sec	Train-accuracy=0.968750
2017-05-18 02:17:36,542 Epoch[17] Batch [240]	Speed: 12.00 samples/sec	Train-accuracy=0.975000
2017-05-18 02:17:44,543 Epoch[17] Train-accuracy=0.968750
2017-05-18 02:17:44,544 Epoch[17] Time cost=648.419
2017-05-18 02:17:46,670 Saved checkpoint to "./resnet-101/finetune-resnet-152-train-add-seg-224-0018.params"
2017-05-18 02:17:56,326 Epoch[17] Validation-accuracy=0.730769
2017-05-18 02:18:23,814 Epoch[18] Batch [10]	Speed: 12.02 samples/sec	Train-accuracy=0.971591
2017-05-18 02:18:50,497 Epoch[18] Batch [20]	Speed: 11.99 samples/sec	Train-accuracy=0.971875
2017-05-18 02:19:17,158 Epoch[18] Batch [30]	Speed: 12.00 samples/sec	Train-accuracy=0.968750
2017-05-18 02:19:43,823 Epoch[18] Batch [40]	Speed: 12.00 samples/sec	Train-accuracy=0.953125
2017-05-18 02:20:10,451 Epoch[18] Batch [50]	Speed: 12.02 samples/sec	Train-accuracy=0.984375
2017-05-18 02:20:37,123 Epoch[18] Batch [60]	Speed: 12.00 samples/sec	Train-accuracy=0.965625
2017-05-18 02:21:03,748 Epoch[18] Batch [70]	Speed: 12.02 samples/sec	Train-accuracy=0.987500
2017-05-18 02:21:30,403 Epoch[18] Batch [80]	Speed: 12.01 samples/sec	Train-accuracy=0.965625
2017-05-18 02:21:57,049 Epoch[18] Batch [90]	Speed: 12.01 samples/sec	Train-accuracy=0.975000
2017-05-18 02:22:23,698 Epoch[18] Batch [100]	Speed: 12.01 samples/sec	Train-accuracy=0.968750
2017-05-18 02:22:50,327 Epoch[18] Batch [110]	Speed: 12.02 samples/sec	Train-accuracy=0.978125
2017-05-18 02:23:16,979 Epoch[18] Batch [120]	Speed: 12.01 samples/sec	Train-accuracy=0.984375
2017-05-18 02:23:43,627 Epoch[18] Batch [130]	Speed: 12.01 samples/sec	Train-accuracy=0.981250
2017-05-18 02:24:10,250 Epoch[18] Batch [140]	Speed: 12.02 samples/sec	Train-accuracy=0.975000
2017-05-18 02:24:36,901 Epoch[18] Batch [150]	Speed: 12.01 samples/sec	Train-accuracy=0.962500
2017-05-18 02:25:03,545 Epoch[18] Batch [160]	Speed: 12.01 samples/sec	Train-accuracy=0.978125
2017-05-18 02:25:30,203 Epoch[18] Batch [170]	Speed: 12.00 samples/sec	Train-accuracy=0.975000
2017-05-18 02:25:56,825 Epoch[18] Batch [180]	Speed: 12.02 samples/sec	Train-accuracy=0.981250
2017-05-18 02:26:23,459 Epoch[18] Batch [190]	Speed: 12.01 samples/sec	Train-accuracy=0.987500
2017-05-18 02:26:50,116 Epoch[18] Batch [200]	Speed: 12.00 samples/sec	Train-accuracy=0.981250
2017-05-18 02:27:16,755 Epoch[18] Batch [210]	Speed: 12.01 samples/sec	Train-accuracy=0.975000
2017-05-18 02:27:43,431 Epoch[18] Batch [220]	Speed: 12.00 samples/sec	Train-accuracy=0.993750
2017-05-18 02:28:10,076 Epoch[18] Batch [230]	Speed: 12.01 samples/sec	Train-accuracy=0.987500
2017-05-18 02:28:36,734 Epoch[18] Batch [240]	Speed: 12.00 samples/sec	Train-accuracy=0.987500
2017-05-18 02:28:42,054 Epoch[18] Train-accuracy=0.984375
2017-05-18 02:28:42,055 Epoch[18] Time cost=645.728
2017-05-18 02:28:44,201 Saved checkpoint to "./resnet-101/finetune-resnet-152-train-add-seg-224-0019.params"
2017-05-18 02:28:53,103 Epoch[18] Validation-accuracy=0.721354
2017-05-18 02:29:20,608 Epoch[19] Batch [10]	Speed: 12.01 samples/sec	Train-accuracy=0.991477
2017-05-18 02:29:47,254 Epoch[19] Batch [20]	Speed: 12.01 samples/sec	Train-accuracy=0.975000
2017-05-18 02:30:13,904 Epoch[19] Batch [30]	Speed: 12.01 samples/sec	Train-accuracy=0.987500
2017-05-18 02:30:40,557 Epoch[19] Batch [40]	Speed: 12.01 samples/sec	Train-accuracy=0.981250
2017-05-18 02:31:07,213 Epoch[19] Batch [50]	Speed: 12.01 samples/sec	Train-accuracy=0.984375
2017-05-18 02:31:33,854 Epoch[19] Batch [60]	Speed: 12.01 samples/sec	Train-accuracy=0.990625
2017-05-18 02:32:00,500 Epoch[19] Batch [70]	Speed: 12.01 samples/sec	Train-accuracy=0.990625
2017-05-18 02:32:27,161 Epoch[19] Batch [80]	Speed: 12.00 samples/sec	Train-accuracy=0.984375
2017-05-18 02:32:53,837 Epoch[19] Batch [90]	Speed: 12.00 samples/sec	Train-accuracy=0.981250
2017-05-18 02:33:20,479 Epoch[19] Batch [100]	Speed: 12.01 samples/sec	Train-accuracy=0.996875
2017-05-18 02:33:47,159 Epoch[19] Batch [110]	Speed: 11.99 samples/sec	Train-accuracy=0.996875
2017-05-18 02:34:13,838 Epoch[19] Batch [120]	Speed: 11.99 samples/sec	Train-accuracy=0.987500
2017-05-18 02:34:40,467 Epoch[19] Batch [130]	Speed: 12.02 samples/sec	Train-accuracy=1.000000
2017-05-18 02:35:07,116 Epoch[19] Batch [140]	Speed: 12.01 samples/sec	Train-accuracy=0.981250
2017-05-18 02:35:33,773 Epoch[19] Batch [150]	Speed: 12.00 samples/sec	Train-accuracy=0.975000
2017-05-18 02:36:00,421 Epoch[19] Batch [160]	Speed: 12.01 samples/sec	Train-accuracy=0.984375
2017-05-18 02:36:27,065 Epoch[19] Batch [170]	Speed: 12.01 samples/sec	Train-accuracy=0.984375
2017-05-18 02:36:53,706 Epoch[19] Batch [180]	Speed: 12.01 samples/sec	Train-accuracy=0.990625
2017-05-18 02:37:20,333 Epoch[19] Batch [190]	Speed: 12.02 samples/sec	Train-accuracy=0.971875
2017-05-18 02:37:46,990 Epoch[19] Batch [200]	Speed: 12.00 samples/sec	Train-accuracy=0.987500
2017-05-18 02:38:13,642 Epoch[19] Batch [210]	Speed: 12.01 samples/sec	Train-accuracy=0.984375
2017-05-18 02:38:40,299 Epoch[19] Batch [220]	Speed: 12.00 samples/sec	Train-accuracy=0.987500
2017-05-18 02:39:06,948 Epoch[19] Batch [230]	Speed: 12.01 samples/sec	Train-accuracy=0.984375
2017-05-18 02:39:33,621 Epoch[19] Batch [240]	Speed: 12.00 samples/sec	Train-accuracy=0.981250
2017-05-18 02:39:41,605 Epoch[19] Train-accuracy=0.968750
2017-05-18 02:39:41,605 Epoch[19] Time cost=648.501
2017-05-18 02:39:43,744 Saved checkpoint to "./resnet-101/finetune-resnet-152-train-add-seg-224-0020.params"
2017-05-18 02:39:53,421 Epoch[19] Validation-accuracy=0.747596
2017-05-18 02:40:20,924 Epoch[20] Batch [10]	Speed: 12.01 samples/sec	Train-accuracy=0.977273
2017-05-18 02:40:47,556 Epoch[20] Batch [20]	Speed: 12.02 samples/sec	Train-accuracy=0.984375
2017-05-18 02:41:14,184 Epoch[20] Batch [30]	Speed: 12.02 samples/sec	Train-accuracy=0.993750
2017-05-18 02:41:40,846 Epoch[20] Batch [40]	Speed: 12.00 samples/sec	Train-accuracy=0.978125
2017-05-18 02:42:07,488 Epoch[20] Batch [50]	Speed: 12.01 samples/sec	Train-accuracy=0.984375
2017-05-18 02:42:34,148 Epoch[20] Batch [60]	Speed: 12.00 samples/sec	Train-accuracy=0.990625
2017-05-18 02:43:00,782 Epoch[20] Batch [70]	Speed: 12.02 samples/sec	Train-accuracy=0.968750
2017-05-18 02:43:27,410 Epoch[20] Batch [80]	Speed: 12.02 samples/sec	Train-accuracy=0.987500
2017-05-18 02:43:54,042 Epoch[20] Batch [90]	Speed: 12.02 samples/sec	Train-accuracy=0.996875
2017-05-18 02:44:20,673 Epoch[20] Batch [100]	Speed: 12.02 samples/sec	Train-accuracy=0.996875
2017-05-18 02:44:47,332 Epoch[20] Batch [110]	Speed: 12.00 samples/sec	Train-accuracy=0.987500
2017-05-18 02:45:13,988 Epoch[20] Batch [120]	Speed: 12.00 samples/sec	Train-accuracy=0.987500
2017-05-18 02:45:40,610 Epoch[20] Batch [130]	Speed: 12.02 samples/sec	Train-accuracy=0.978125
2017-05-18 02:46:07,274 Epoch[20] Batch [140]	Speed: 12.00 samples/sec	Train-accuracy=0.981250
2017-05-18 02:46:33,937 Epoch[20] Batch [150]	Speed: 12.00 samples/sec	Train-accuracy=0.978125
2017-05-18 02:47:00,582 Epoch[20] Batch [160]	Speed: 12.01 samples/sec	Train-accuracy=0.987500
2017-05-18 02:47:27,200 Epoch[20] Batch [170]	Speed: 12.02 samples/sec	Train-accuracy=0.993750
2017-05-18 02:47:53,838 Epoch[20] Batch [180]	Speed: 12.01 samples/sec	Train-accuracy=0.987500
2017-05-18 02:48:20,492 Epoch[20] Batch [190]	Speed: 12.01 samples/sec	Train-accuracy=0.987500
2017-05-18 02:48:47,136 Epoch[20] Batch [200]	Speed: 12.01 samples/sec	Train-accuracy=0.981250
2017-05-18 02:49:13,791 Epoch[20] Batch [210]	Speed: 12.01 samples/sec	Train-accuracy=0.993750
2017-05-18 02:49:40,422 Epoch[20] Batch [220]	Speed: 12.02 samples/sec	Train-accuracy=0.984375
2017-05-18 02:50:07,051 Epoch[20] Batch [230]	Speed: 12.02 samples/sec	Train-accuracy=0.965625
2017-05-18 02:50:33,698 Epoch[20] Batch [240]	Speed: 12.01 samples/sec	Train-accuracy=0.993750
2017-05-18 02:50:41,699 Epoch[20] Train-accuracy=1.000000
2017-05-18 02:50:41,700 Epoch[20] Time cost=648.278
2017-05-18 02:50:43,845 Saved checkpoint to "./resnet-101/finetune-resnet-152-train-add-seg-224-0021.params"
2017-05-18 02:50:53,477 Epoch[20] Validation-accuracy=0.747596
2017-05-18 02:51:20,989 Epoch[21] Batch [10]	Speed: 12.01 samples/sec	Train-accuracy=0.985795
2017-05-18 02:51:47,618 Epoch[21] Batch [20]	Speed: 12.02 samples/sec	Train-accuracy=0.968750
2017-05-18 02:52:14,288 Epoch[21] Batch [30]	Speed: 12.00 samples/sec	Train-accuracy=0.971875
2017-05-18 02:52:40,935 Epoch[21] Batch [40]	Speed: 12.01 samples/sec	Train-accuracy=0.993750
2017-05-18 02:53:07,595 Epoch[21] Batch [50]	Speed: 12.00 samples/sec	Train-accuracy=0.987500
2017-05-18 02:53:34,227 Epoch[21] Batch [60]	Speed: 12.02 samples/sec	Train-accuracy=0.993750
2017-05-18 02:54:00,873 Epoch[21] Batch [70]	Speed: 12.01 samples/sec	Train-accuracy=0.984375
2017-05-18 02:54:27,511 Epoch[21] Batch [80]	Speed: 12.01 samples/sec	Train-accuracy=0.987500
2017-05-18 02:54:54,144 Epoch[21] Batch [90]	Speed: 12.02 samples/sec	Train-accuracy=0.978125
2017-05-18 02:55:20,786 Epoch[21] Batch [100]	Speed: 12.01 samples/sec	Train-accuracy=0.987500
2017-05-18 02:55:47,425 Epoch[21] Batch [110]	Speed: 12.01 samples/sec	Train-accuracy=0.968750
2017-05-18 02:56:14,091 Epoch[21] Batch [120]	Speed: 12.00 samples/sec	Train-accuracy=0.968750
2017-05-18 02:56:40,743 Epoch[21] Batch [130]	Speed: 12.01 samples/sec	Train-accuracy=0.984375
2017-05-18 02:57:07,388 Epoch[21] Batch [140]	Speed: 12.01 samples/sec	Train-accuracy=0.984375
2017-05-18 02:57:34,009 Epoch[21] Batch [150]	Speed: 12.02 samples/sec	Train-accuracy=0.975000
2017-05-18 02:58:00,636 Epoch[21] Batch [160]	Speed: 12.02 samples/sec	Train-accuracy=0.981250
2017-05-18 02:58:27,274 Epoch[21] Batch [170]	Speed: 12.01 samples/sec	Train-accuracy=0.993750
2017-05-18 02:58:53,911 Epoch[21] Batch [180]	Speed: 12.01 samples/sec	Train-accuracy=0.984375
2017-05-18 02:59:20,550 Epoch[21] Batch [190]	Speed: 12.01 samples/sec	Train-accuracy=0.996875
2017-05-18 02:59:47,197 Epoch[21] Batch [200]	Speed: 12.01 samples/sec	Train-accuracy=1.000000
2017-05-18 03:00:13,809 Epoch[21] Batch [210]	Speed: 12.03 samples/sec	Train-accuracy=0.984375
2017-05-18 03:00:40,465 Epoch[21] Batch [220]	Speed: 12.01 samples/sec	Train-accuracy=0.987500
2017-05-18 03:01:07,095 Epoch[21] Batch [230]	Speed: 12.02 samples/sec	Train-accuracy=0.990625
2017-05-18 03:01:33,743 Epoch[21] Batch [240]	Speed: 12.01 samples/sec	Train-accuracy=0.993750
2017-05-18 03:01:41,738 Epoch[21] Train-accuracy=0.958333
2017-05-18 03:01:41,738 Epoch[21] Time cost=648.261
2017-05-18 03:01:43,887 Saved checkpoint to "./resnet-101/finetune-resnet-152-train-add-seg-224-0022.params"
2017-05-18 03:01:53,537 Epoch[21] Validation-accuracy=0.718750
2017-05-18 03:02:21,049 Epoch[22] Batch [10]	Speed: 12.01 samples/sec	Train-accuracy=0.985795
2017-05-18 03:02:47,695 Epoch[22] Batch [20]	Speed: 12.01 samples/sec	Train-accuracy=0.984375
2017-05-18 03:03:14,350 Epoch[22] Batch [30]	Speed: 12.01 samples/sec	Train-accuracy=0.978125
2017-05-18 03:03:41,038 Epoch[22] Batch [40]	Speed: 11.99 samples/sec	Train-accuracy=0.981250
2017-05-18 03:04:07,681 Epoch[22] Batch [50]	Speed: 12.01 samples/sec	Train-accuracy=0.956250
2017-05-18 03:04:34,317 Epoch[22] Batch [60]	Speed: 12.01 samples/sec	Train-accuracy=0.993750
2017-05-18 03:05:00,952 Epoch[22] Batch [70]	Speed: 12.01 samples/sec	Train-accuracy=0.978125
2017-05-18 03:05:27,599 Epoch[22] Batch [80]	Speed: 12.01 samples/sec	Train-accuracy=0.993750
2017-05-18 03:05:54,233 Epoch[22] Batch [90]	Speed: 12.01 samples/sec	Train-accuracy=0.981250
2017-05-18 03:06:20,866 Epoch[22] Batch [100]	Speed: 12.02 samples/sec	Train-accuracy=0.971875
2017-05-18 03:06:47,511 Epoch[22] Batch [110]	Speed: 12.01 samples/sec	Train-accuracy=0.990625
2017-05-18 03:07:14,215 Epoch[22] Batch [120]	Speed: 11.98 samples/sec	Train-accuracy=0.984375
2017-05-18 03:07:40,869 Epoch[22] Batch [130]	Speed: 12.01 samples/sec	Train-accuracy=0.993750
2017-05-18 03:08:07,516 Epoch[22] Batch [140]	Speed: 12.01 samples/sec	Train-accuracy=0.990625
2017-05-18 03:08:34,191 Epoch[22] Batch [150]	Speed: 12.00 samples/sec	Train-accuracy=0.968750
2017-05-18 03:09:00,846 Epoch[22] Batch [160]	Speed: 12.01 samples/sec	Train-accuracy=1.000000
2017-05-18 03:09:27,496 Epoch[22] Batch [170]	Speed: 12.01 samples/sec	Train-accuracy=1.000000
2017-05-18 03:09:54,126 Epoch[22] Batch [180]	Speed: 12.02 samples/sec	Train-accuracy=0.984375
2017-05-18 03:10:20,789 Epoch[22] Batch [190]	Speed: 12.00 samples/sec	Train-accuracy=1.000000
2017-05-18 03:10:47,424 Epoch[22] Batch [200]	Speed: 12.01 samples/sec	Train-accuracy=0.981250
2017-05-18 03:11:14,072 Epoch[22] Batch [210]	Speed: 12.01 samples/sec	Train-accuracy=0.987500
2017-05-18 03:11:40,723 Epoch[22] Batch [220]	Speed: 12.01 samples/sec	Train-accuracy=0.987500
2017-05-18 03:12:07,390 Epoch[22] Batch [230]	Speed: 12.00 samples/sec	Train-accuracy=0.984375
2017-05-18 03:12:34,034 Epoch[22] Batch [240]	Speed: 12.01 samples/sec	Train-accuracy=0.993750
2017-05-18 03:12:39,361 Epoch[22] Train-accuracy=0.968750
2017-05-18 03:12:39,361 Epoch[22] Time cost=645.824
2017-05-18 03:12:41,513 Saved checkpoint to "./resnet-101/finetune-resnet-152-train-add-seg-224-0023.params"
2017-05-18 03:12:51,173 Epoch[22] Validation-accuracy=0.742788
2017-05-18 03:13:18,694 Epoch[23] Batch [10]	Speed: 12.00 samples/sec	Train-accuracy=0.994318
2017-05-18 03:13:45,357 Epoch[23] Batch [20]	Speed: 12.00 samples/sec	Train-accuracy=1.000000
2017-05-18 03:14:12,039 Epoch[23] Batch [30]	Speed: 11.99 samples/sec	Train-accuracy=0.984375
2017-05-18 03:14:38,689 Epoch[23] Batch [40]	Speed: 12.01 samples/sec	Train-accuracy=0.984375
2017-05-18 03:15:05,333 Epoch[23] Batch [50]	Speed: 12.01 samples/sec	Train-accuracy=0.975000
2017-05-18 03:15:32,001 Epoch[23] Batch [60]	Speed: 12.00 samples/sec	Train-accuracy=0.975000
2017-05-18 03:15:58,683 Epoch[23] Batch [70]	Speed: 11.99 samples/sec	Train-accuracy=0.984375
2017-05-18 03:16:25,322 Epoch[23] Batch [80]	Speed: 12.01 samples/sec	Train-accuracy=0.981250
2017-05-18 03:16:52,009 Epoch[23] Batch [90]	Speed: 11.99 samples/sec	Train-accuracy=0.978125
2017-05-18 03:17:18,697 Epoch[23] Batch [100]	Speed: 11.99 samples/sec	Train-accuracy=0.984375
2017-05-18 03:17:45,356 Epoch[23] Batch [110]	Speed: 12.00 samples/sec	Train-accuracy=0.987500
2017-05-18 03:18:12,014 Epoch[23] Batch [120]	Speed: 12.00 samples/sec	Train-accuracy=0.965625
2017-05-18 03:18:38,683 Epoch[23] Batch [130]	Speed: 12.00 samples/sec	Train-accuracy=0.984375
2017-05-18 03:19:05,312 Epoch[23] Batch [140]	Speed: 12.02 samples/sec	Train-accuracy=0.975000
2017-05-18 03:19:31,971 Epoch[23] Batch [150]	Speed: 12.00 samples/sec	Train-accuracy=0.987500
2017-05-18 03:19:58,607 Epoch[23] Batch [160]	Speed: 12.01 samples/sec	Train-accuracy=0.981250
2017-05-18 03:20:25,261 Epoch[23] Batch [170]	Speed: 12.01 samples/sec	Train-accuracy=0.984375
2017-05-18 03:20:51,939 Epoch[23] Batch [180]	Speed: 12.00 samples/sec	Train-accuracy=0.981250
2017-05-18 03:21:18,574 Epoch[23] Batch [190]	Speed: 12.01 samples/sec	Train-accuracy=0.975000
2017-05-18 03:21:45,231 Epoch[23] Batch [200]	Speed: 12.00 samples/sec	Train-accuracy=0.981250
2017-05-18 03:22:11,900 Epoch[23] Batch [210]	Speed: 12.00 samples/sec	Train-accuracy=0.987500
2017-05-18 03:22:38,582 Epoch[23] Batch [220]	Speed: 11.99 samples/sec	Train-accuracy=0.993750
2017-05-18 03:23:05,238 Epoch[23] Batch [230]	Speed: 12.00 samples/sec	Train-accuracy=0.987500
2017-05-18 03:23:31,915 Epoch[23] Batch [240]	Speed: 12.00 samples/sec	Train-accuracy=0.984375
2017-05-18 03:23:39,900 Epoch[23] Train-accuracy=1.000000
2017-05-18 03:23:39,901 Epoch[23] Time cost=648.727
2017-05-18 03:23:42,036 Saved checkpoint to "./resnet-101/finetune-resnet-152-train-add-seg-224-0024.params"
2017-05-18 03:23:51,699 Epoch[23] Validation-accuracy=0.737981
2017-05-18 03:24:19,242 Epoch[24] Batch [10]	Speed: 12.00 samples/sec	Train-accuracy=0.994318
2017-05-18 03:24:45,922 Epoch[24] Batch [20]	Speed: 11.99 samples/sec	Train-accuracy=0.984375
2017-05-18 03:25:12,596 Epoch[24] Batch [30]	Speed: 12.00 samples/sec	Train-accuracy=0.975000
2017-05-18 03:25:39,227 Epoch[24] Batch [40]	Speed: 12.02 samples/sec	Train-accuracy=0.984375
2017-05-18 03:26:05,886 Epoch[24] Batch [50]	Speed: 12.00 samples/sec	Train-accuracy=0.987500
2017-05-18 03:26:32,561 Epoch[24] Batch [60]	Speed: 12.00 samples/sec	Train-accuracy=0.996875
2017-05-18 03:26:59,238 Epoch[24] Batch [70]	Speed: 12.00 samples/sec	Train-accuracy=0.962500
2017-05-18 03:27:25,876 Epoch[24] Batch [80]	Speed: 12.01 samples/sec	Train-accuracy=0.987500
2017-05-18 03:27:52,505 Epoch[24] Batch [90]	Speed: 12.02 samples/sec	Train-accuracy=0.971875
2017-05-18 03:28:19,164 Epoch[24] Batch [100]	Speed: 12.00 samples/sec	Train-accuracy=0.987500
2017-05-18 03:28:45,819 Epoch[24] Batch [110]	Speed: 12.01 samples/sec	Train-accuracy=0.978125
2017-05-18 03:29:12,470 Epoch[24] Batch [120]	Speed: 12.01 samples/sec	Train-accuracy=0.993750
2017-05-18 03:29:39,113 Epoch[24] Batch [130]	Speed: 12.01 samples/sec	Train-accuracy=0.990625
2017-05-18 03:30:05,743 Epoch[24] Batch [140]	Speed: 12.02 samples/sec	Train-accuracy=0.990625
2017-05-18 03:30:32,375 Epoch[24] Batch [150]	Speed: 12.02 samples/sec	Train-accuracy=0.984375
2017-05-18 03:30:59,043 Epoch[24] Batch [160]	Speed: 12.00 samples/sec	Train-accuracy=0.984375
2017-05-18 03:31:25,675 Epoch[24] Batch [170]	Speed: 12.02 samples/sec	Train-accuracy=0.987500
2017-05-18 03:31:52,330 Epoch[24] Batch [180]	Speed: 12.01 samples/sec	Train-accuracy=0.993750
2017-05-18 03:32:18,990 Epoch[24] Batch [190]	Speed: 12.00 samples/sec	Train-accuracy=0.990625
2017-05-18 03:32:45,644 Epoch[24] Batch [200]	Speed: 12.01 samples/sec	Train-accuracy=0.990625
2017-05-18 03:33:12,305 Epoch[24] Batch [210]	Speed: 12.00 samples/sec	Train-accuracy=0.987500
2017-05-18 03:33:38,952 Epoch[24] Batch [220]	Speed: 12.01 samples/sec	Train-accuracy=0.990625
2017-05-18 03:34:05,615 Epoch[24] Batch [230]	Speed: 12.00 samples/sec	Train-accuracy=0.978125
2017-05-18 03:34:32,251 Epoch[24] Batch [240]	Speed: 12.01 samples/sec	Train-accuracy=0.990625
2017-05-18 03:34:40,238 Epoch[24] Train-accuracy=0.979167
2017-05-18 03:34:40,238 Epoch[24] Time cost=648.538
2017-05-18 03:34:42,385 Saved checkpoint to "./resnet-101/finetune-resnet-152-train-add-seg-224-0025.params"
2017-05-18 03:34:51,282 Epoch[24] Validation-accuracy=0.750000
2017-05-18 03:35:18,767 Epoch[25] Batch [10]	Speed: 12.02 samples/sec	Train-accuracy=0.985795
2017-05-18 03:35:45,400 Epoch[25] Batch [20]	Speed: 12.02 samples/sec	Train-accuracy=0.987500
2017-05-18 03:36:12,042 Epoch[25] Batch [30]	Speed: 12.01 samples/sec	Train-accuracy=0.987500
2017-05-18 03:36:38,683 Epoch[25] Batch [40]	Speed: 12.01 samples/sec	Train-accuracy=0.990625
2017-05-18 03:37:05,324 Epoch[25] Batch [50]	Speed: 12.01 samples/sec	Train-accuracy=0.990625
2017-05-18 03:37:31,956 Epoch[25] Batch [60]	Speed: 12.02 samples/sec	Train-accuracy=0.984375
2017-05-18 03:37:58,624 Epoch[25] Batch [70]	Speed: 12.00 samples/sec	Train-accuracy=0.984375
2017-05-18 03:38:25,265 Epoch[25] Batch [80]	Speed: 12.01 samples/sec	Train-accuracy=0.987500
2017-05-18 03:38:51,906 Epoch[25] Batch [90]	Speed: 12.01 samples/sec	Train-accuracy=0.987500
2017-05-18 03:39:18,534 Epoch[25] Batch [100]	Speed: 12.02 samples/sec	Train-accuracy=0.968750
2017-05-18 03:39:45,189 Epoch[25] Batch [110]	Speed: 12.01 samples/sec	Train-accuracy=0.968750
2017-05-18 03:40:11,846 Epoch[25] Batch [120]	Speed: 12.00 samples/sec	Train-accuracy=0.993750
2017-05-18 03:40:38,500 Epoch[25] Batch [130]	Speed: 12.01 samples/sec	Train-accuracy=0.993750
2017-05-18 03:41:05,134 Epoch[25] Batch [140]	Speed: 12.02 samples/sec	Train-accuracy=0.981250
2017-05-18 03:41:31,789 Epoch[25] Batch [150]	Speed: 12.01 samples/sec	Train-accuracy=0.987500
2017-05-18 03:41:58,428 Epoch[25] Batch [160]	Speed: 12.01 samples/sec	Train-accuracy=0.990625
2017-05-18 03:42:25,075 Epoch[25] Batch [170]	Speed: 12.01 samples/sec	Train-accuracy=0.987500
2017-05-18 03:42:51,698 Epoch[25] Batch [180]	Speed: 12.02 samples/sec	Train-accuracy=0.984375
2017-05-18 03:43:18,345 Epoch[25] Batch [190]	Speed: 12.01 samples/sec	Train-accuracy=0.990625
2017-05-18 03:43:44,978 Epoch[25] Batch [200]	Speed: 12.02 samples/sec	Train-accuracy=0.996875
2017-05-18 03:44:11,638 Epoch[25] Batch [210]	Speed: 12.00 samples/sec	Train-accuracy=0.987500
2017-05-18 03:44:38,280 Epoch[25] Batch [220]	Speed: 12.01 samples/sec	Train-accuracy=0.990625
2017-05-18 03:45:04,936 Epoch[25] Batch [230]	Speed: 12.00 samples/sec	Train-accuracy=0.993750
2017-05-18 03:45:31,559 Epoch[25] Batch [240]	Speed: 12.02 samples/sec	Train-accuracy=0.996875
2017-05-18 03:45:39,551 Epoch[25] Train-accuracy=0.989583
2017-05-18 03:45:39,552 Epoch[25] Time cost=648.269
2017-05-18 03:45:41,708 Saved checkpoint to "./resnet-101/finetune-resnet-152-train-add-seg-224-0026.params"
2017-05-18 03:45:51,357 Epoch[25] Validation-accuracy=0.740385
2017-05-18 03:46:18,872 Epoch[26] Batch [10]	Speed: 12.01 samples/sec	Train-accuracy=0.971591
2017-05-18 03:46:45,519 Epoch[26] Batch [20]	Speed: 12.01 samples/sec	Train-accuracy=0.996875
2017-05-18 03:47:12,200 Epoch[26] Batch [30]	Speed: 11.99 samples/sec	Train-accuracy=0.978125
2017-05-18 03:47:38,819 Epoch[26] Batch [40]	Speed: 12.02 samples/sec	Train-accuracy=0.984375
2017-05-18 03:48:05,473 Epoch[26] Batch [50]	Speed: 12.01 samples/sec	Train-accuracy=0.990625
2017-05-18 03:48:32,133 Epoch[26] Batch [60]	Speed: 12.00 samples/sec	Train-accuracy=0.984375
2017-05-18 03:48:58,788 Epoch[26] Batch [70]	Speed: 12.01 samples/sec	Train-accuracy=0.993750
2017-05-18 03:49:25,444 Epoch[26] Batch [80]	Speed: 12.01 samples/sec	Train-accuracy=0.996875
2017-05-18 03:49:52,100 Epoch[26] Batch [90]	Speed: 12.00 samples/sec	Train-accuracy=0.981250
2017-05-18 03:50:18,746 Epoch[26] Batch [100]	Speed: 12.01 samples/sec	Train-accuracy=0.996875
2017-05-18 03:50:45,378 Epoch[26] Batch [110]	Speed: 12.02 samples/sec	Train-accuracy=0.990625
2017-05-18 03:51:12,030 Epoch[26] Batch [120]	Speed: 12.01 samples/sec	Train-accuracy=0.975000
2017-05-18 03:51:38,663 Epoch[26] Batch [130]	Speed: 12.02 samples/sec	Train-accuracy=0.981250
2017-05-18 03:52:05,303 Epoch[26] Batch [140]	Speed: 12.01 samples/sec	Train-accuracy=0.978125
2017-05-18 03:52:31,928 Epoch[26] Batch [150]	Speed: 12.02 samples/sec	Train-accuracy=0.990625
2017-05-18 03:52:58,584 Epoch[26] Batch [160]	Speed: 12.01 samples/sec	Train-accuracy=0.987500
2017-05-18 03:53:25,245 Epoch[26] Batch [170]	Speed: 12.00 samples/sec	Train-accuracy=0.996875
2017-05-18 03:53:51,893 Epoch[26] Batch [180]	Speed: 12.01 samples/sec	Train-accuracy=0.996875
2017-05-18 03:54:18,503 Epoch[26] Batch [190]	Speed: 12.03 samples/sec	Train-accuracy=0.984375
2017-05-18 03:54:45,143 Epoch[26] Batch [200]	Speed: 12.01 samples/sec	Train-accuracy=0.993750
2017-05-18 03:55:11,791 Epoch[26] Batch [210]	Speed: 12.01 samples/sec	Train-accuracy=0.981250
2017-05-18 03:55:38,441 Epoch[26] Batch [220]	Speed: 12.01 samples/sec	Train-accuracy=0.996875
2017-05-18 03:56:05,089 Epoch[26] Batch [230]	Speed: 12.01 samples/sec	Train-accuracy=0.990625
2017-05-18 03:56:31,727 Epoch[26] Batch [240]	Speed: 12.01 samples/sec	Train-accuracy=0.975000
2017-05-18 03:56:39,712 Epoch[26] Train-accuracy=0.989583
2017-05-18 03:56:39,713 Epoch[26] Time cost=648.355
2017-05-18 03:56:41,867 Saved checkpoint to "./resnet-101/finetune-resnet-152-train-add-seg-224-0027.params"
2017-05-18 03:56:51,501 Epoch[26] Validation-accuracy=0.737981
2017-05-18 03:57:19,011 Epoch[27] Batch [10]	Speed: 12.01 samples/sec	Train-accuracy=0.991477
2017-05-18 03:57:45,649 Epoch[27] Batch [20]	Speed: 12.01 samples/sec	Train-accuracy=0.971875
2017-05-18 03:58:12,330 Epoch[27] Batch [30]	Speed: 11.99 samples/sec	Train-accuracy=0.981250
2017-05-18 03:58:38,979 Epoch[27] Batch [40]	Speed: 12.01 samples/sec	Train-accuracy=0.993750
2017-05-18 03:59:05,617 Epoch[27] Batch [50]	Speed: 12.01 samples/sec	Train-accuracy=0.981250
2017-05-18 03:59:32,243 Epoch[27] Batch [60]	Speed: 12.02 samples/sec	Train-accuracy=0.990625
2017-05-18 03:59:58,872 Epoch[27] Batch [70]	Speed: 12.02 samples/sec	Train-accuracy=0.984375
2017-05-18 04:00:25,515 Epoch[27] Batch [80]	Speed: 12.01 samples/sec	Train-accuracy=0.987500
2017-05-18 04:00:52,166 Epoch[27] Batch [90]	Speed: 12.01 samples/sec	Train-accuracy=0.993750
2017-05-18 04:01:18,832 Epoch[27] Batch [100]	Speed: 12.00 samples/sec	Train-accuracy=0.981250
2017-05-18 04:01:45,464 Epoch[27] Batch [110]	Speed: 12.02 samples/sec	Train-accuracy=0.990625
2017-05-18 04:02:12,102 Epoch[27] Batch [120]	Speed: 12.01 samples/sec	Train-accuracy=1.000000
2017-05-18 04:02:38,723 Epoch[27] Batch [130]	Speed: 12.02 samples/sec	Train-accuracy=0.996875
2017-05-18 04:03:05,360 Epoch[27] Batch [140]	Speed: 12.01 samples/sec	Train-accuracy=0.975000
2017-05-18 04:03:32,003 Epoch[27] Batch [150]	Speed: 12.01 samples/sec	Train-accuracy=0.993750
2017-05-18 04:03:58,639 Epoch[27] Batch [160]	Speed: 12.01 samples/sec	Train-accuracy=0.990625
2017-05-18 04:04:25,292 Epoch[27] Batch [170]	Speed: 12.01 samples/sec	Train-accuracy=0.993750
2017-05-18 04:04:51,945 Epoch[27] Batch [180]	Speed: 12.01 samples/sec	Train-accuracy=0.962500
2017-05-18 04:05:18,568 Epoch[27] Batch [190]	Speed: 12.02 samples/sec	Train-accuracy=0.993750
2017-05-18 04:05:45,216 Epoch[27] Batch [200]	Speed: 12.01 samples/sec	Train-accuracy=0.975000
2017-05-18 04:06:11,886 Epoch[27] Batch [210]	Speed: 12.00 samples/sec	Train-accuracy=0.978125
2017-05-18 04:06:38,544 Epoch[27] Batch [220]	Speed: 12.00 samples/sec	Train-accuracy=0.996875
2017-05-18 04:07:05,200 Epoch[27] Batch [230]	Speed: 12.01 samples/sec	Train-accuracy=0.987500
2017-05-18 04:07:31,833 Epoch[27] Batch [240]	Speed: 12.02 samples/sec	Train-accuracy=0.996875
2017-05-18 04:07:37,176 Epoch[27] Train-accuracy=0.984375
2017-05-18 04:07:37,177 Epoch[27] Time cost=645.675
2017-05-18 04:07:39,323 Saved checkpoint to "./resnet-101/finetune-resnet-152-train-add-seg-224-0028.params"
2017-05-18 04:07:48,959 Epoch[27] Validation-accuracy=0.750000
2017-05-18 04:08:16,467 Epoch[28] Batch [10]	Speed: 12.01 samples/sec	Train-accuracy=0.991477
2017-05-18 04:08:43,104 Epoch[28] Batch [20]	Speed: 12.01 samples/sec	Train-accuracy=0.990625
2017-05-18 04:09:09,773 Epoch[28] Batch [30]	Speed: 12.00 samples/sec	Train-accuracy=0.996875
2017-05-18 04:09:36,406 Epoch[28] Batch [40]	Speed: 12.02 samples/sec	Train-accuracy=0.990625
2017-05-18 04:10:03,051 Epoch[28] Batch [50]	Speed: 12.01 samples/sec	Train-accuracy=0.990625
2017-05-18 04:10:29,694 Epoch[28] Batch [60]	Speed: 12.01 samples/sec	Train-accuracy=0.984375
2017-05-18 04:10:56,388 Epoch[28] Batch [70]	Speed: 11.99 samples/sec	Train-accuracy=0.996875
2017-05-18 04:11:23,030 Epoch[28] Batch [80]	Speed: 12.01 samples/sec	Train-accuracy=0.996875
2017-05-18 04:11:49,696 Epoch[28] Batch [90]	Speed: 12.00 samples/sec	Train-accuracy=0.984375
2017-05-18 04:12:16,325 Epoch[28] Batch [100]	Speed: 12.02 samples/sec	Train-accuracy=0.996875
2017-05-18 04:12:42,950 Epoch[28] Batch [110]	Speed: 12.02 samples/sec	Train-accuracy=0.996875
2017-05-18 04:13:09,617 Epoch[28] Batch [120]	Speed: 12.00 samples/sec	Train-accuracy=0.984375
2017-05-18 04:13:36,268 Epoch[28] Batch [130]	Speed: 12.01 samples/sec	Train-accuracy=0.996875
2017-05-18 04:14:02,920 Epoch[28] Batch [140]	Speed: 12.01 samples/sec	Train-accuracy=0.993750
2017-05-18 04:14:29,541 Epoch[28] Batch [150]	Speed: 12.02 samples/sec	Train-accuracy=0.996875
2017-05-18 04:14:56,208 Epoch[28] Batch [160]	Speed: 12.00 samples/sec	Train-accuracy=0.987500
2017-05-18 04:15:22,873 Epoch[28] Batch [170]	Speed: 12.00 samples/sec	Train-accuracy=0.990625
2017-05-18 04:15:49,508 Epoch[28] Batch [180]	Speed: 12.01 samples/sec	Train-accuracy=0.981250
2017-05-18 04:16:16,171 Epoch[28] Batch [190]	Speed: 12.00 samples/sec	Train-accuracy=0.993750
2017-05-18 04:16:42,799 Epoch[28] Batch [200]	Speed: 12.02 samples/sec	Train-accuracy=0.984375
2017-05-18 04:17:09,461 Epoch[28] Batch [210]	Speed: 12.00 samples/sec	Train-accuracy=0.993750
2017-05-18 04:17:36,095 Epoch[28] Batch [220]	Speed: 12.01 samples/sec	Train-accuracy=0.987500
2017-05-18 04:18:02,734 Epoch[28] Batch [230]	Speed: 12.01 samples/sec	Train-accuracy=0.987500
2017-05-18 04:18:29,393 Epoch[28] Batch [240]	Speed: 12.00 samples/sec	Train-accuracy=0.993750
2017-05-18 04:18:37,391 Epoch[28] Train-accuracy=0.989583
2017-05-18 04:18:37,392 Epoch[28] Time cost=648.431
2017-05-18 04:18:39,542 Saved checkpoint to "./resnet-101/finetune-resnet-152-train-add-seg-224-0029.params"
2017-05-18 04:18:49,195 Epoch[28] Validation-accuracy=0.747596
2017-05-18 04:19:16,698 Epoch[29] Batch [10]	Speed: 12.01 samples/sec	Train-accuracy=1.000000
2017-05-18 04:19:43,360 Epoch[29] Batch [20]	Speed: 12.00 samples/sec	Train-accuracy=0.996875
2017-05-18 04:20:10,008 Epoch[29] Batch [30]	Speed: 12.01 samples/sec	Train-accuracy=0.990625
2017-05-18 04:20:36,659 Epoch[29] Batch [40]	Speed: 12.01 samples/sec	Train-accuracy=0.996875
2017-05-18 04:21:03,333 Epoch[29] Batch [50]	Speed: 12.00 samples/sec	Train-accuracy=1.000000
2017-05-18 04:21:29,964 Epoch[29] Batch [60]	Speed: 12.02 samples/sec	Train-accuracy=0.993750
2017-05-18 04:21:56,609 Epoch[29] Batch [70]	Speed: 12.01 samples/sec	Train-accuracy=0.990625
2017-05-18 04:22:23,272 Epoch[29] Batch [80]	Speed: 12.00 samples/sec	Train-accuracy=0.990625
2017-05-18 04:22:49,926 Epoch[29] Batch [90]	Speed: 12.01 samples/sec	Train-accuracy=0.987500
2017-05-18 04:23:16,566 Epoch[29] Batch [100]	Speed: 12.01 samples/sec	Train-accuracy=0.996875
2017-05-18 04:23:43,225 Epoch[29] Batch [110]	Speed: 12.00 samples/sec	Train-accuracy=0.981250
2017-05-18 04:24:09,860 Epoch[29] Batch [120]	Speed: 12.01 samples/sec	Train-accuracy=0.993750
2017-05-18 04:24:36,534 Epoch[29] Batch [130]	Speed: 12.00 samples/sec	Train-accuracy=0.990625
2017-05-18 04:25:03,202 Epoch[29] Batch [140]	Speed: 12.00 samples/sec	Train-accuracy=0.990625
2017-05-18 04:25:29,858 Epoch[29] Batch [150]	Speed: 12.01 samples/sec	Train-accuracy=0.993750
2017-05-18 04:25:56,499 Epoch[29] Batch [160]	Speed: 12.01 samples/sec	Train-accuracy=0.996875
2017-05-18 04:26:23,124 Epoch[29] Batch [170]	Speed: 12.02 samples/sec	Train-accuracy=0.993750
2017-05-18 04:26:49,777 Epoch[29] Batch [180]	Speed: 12.01 samples/sec	Train-accuracy=0.993750
2017-05-18 04:27:16,427 Epoch[29] Batch [190]	Speed: 12.01 samples/sec	Train-accuracy=0.981250
2017-05-18 04:27:43,064 Epoch[29] Batch [200]	Speed: 12.01 samples/sec	Train-accuracy=0.993750
2017-05-18 04:28:09,690 Epoch[29] Batch [210]	Speed: 12.02 samples/sec	Train-accuracy=0.996875
2017-05-18 04:28:36,356 Epoch[29] Batch [220]	Speed: 12.00 samples/sec	Train-accuracy=0.984375
2017-05-18 04:29:03,019 Epoch[29] Batch [230]	Speed: 12.00 samples/sec	Train-accuracy=0.996875
2017-05-18 04:29:29,658 Epoch[29] Batch [240]	Speed: 12.01 samples/sec	Train-accuracy=0.996875
2017-05-18 04:29:37,655 Epoch[29] Train-accuracy=0.989583
2017-05-18 04:29:37,655 Epoch[29] Time cost=648.460
2017-05-18 04:29:39,813 Saved checkpoint to "./resnet-101/finetune-resnet-152-train-add-seg-224-0030.params"
2017-05-18 04:29:49,488 Epoch[29] Validation-accuracy=0.742788
