[resnet-50-train-add-seg-224-lr-0.01]
[23:16:56] src/nnvm/legacy_json_util.cc:190: Loading symbol saved by previous version v0.8.0. Attempting to upgrade...
[23:16:56] src/nnvm/legacy_json_util.cc:198: Symbol successfully upgraded!
[23:16:58] src/io/iter_image_recordio_2.cc:135: ImageRecordIOParser2: /home/yuanshuai/code/mxnet/example/image-classification/data/ccs-train-add-seg-224_train.rec, use 4 threads for decoding..
[23:17:00] src/io/iter_image_recordio_2.cc:135: ImageRecordIOParser2: /home/yuanshuai/code/mxnet/example/image-classification/data/ccs-train-add-seg-224_val.rec, use 4 threads for decoding..
[23:17:06] src/kvstore/././comm.h:304: only 2 out of 6 GPU pairs are enabled direct access. It may affect the performance. You can set MXNET_ENABLE_GPU_P2P=0 to turn it off
[23:17:06] src/kvstore/././comm.h:313: ...
[23:17:06] src/kvstore/././comm.h:313: ..v
[23:17:06] src/kvstore/././comm.h:313: .v.
2017-05-13 23:17:24,409 Epoch[0] Batch [10]	Speed: 28.52 samples/sec	Train-accuracy=0.467803
2017-05-13 23:17:41,440 Epoch[0] Batch [20]	Speed: 28.18 samples/sec	Train-accuracy=0.516667
2017-05-13 23:17:58,461 Epoch[0] Batch [30]	Speed: 28.20 samples/sec	Train-accuracy=0.514583
2017-05-13 23:18:15,483 Epoch[0] Batch [40]	Speed: 28.20 samples/sec	Train-accuracy=0.468750
2017-05-13 23:18:32,502 Epoch[0] Batch [50]	Speed: 28.21 samples/sec	Train-accuracy=0.539583
2017-05-13 23:18:49,519 Epoch[0] Batch [60]	Speed: 28.21 samples/sec	Train-accuracy=0.529167
2017-05-13 23:19:05,878 Epoch[0] Batch [70]	Speed: 29.34 samples/sec	Train-accuracy=0.506250
2017-05-13 23:19:22,374 Epoch[0] Batch [80]	Speed: 29.10 samples/sec	Train-accuracy=0.531250
2017-05-13 23:19:39,399 Epoch[0] Batch [90]	Speed: 28.19 samples/sec	Train-accuracy=0.547917
2017-05-13 23:19:56,460 Epoch[0] Batch [100]	Speed: 28.14 samples/sec	Train-accuracy=0.502083
2017-05-13 23:20:13,510 Epoch[0] Batch [110]	Speed: 28.15 samples/sec	Train-accuracy=0.477083
2017-05-13 23:20:30,551 Epoch[0] Batch [120]	Speed: 28.17 samples/sec	Train-accuracy=0.533333
2017-05-13 23:20:47,570 Epoch[0] Batch [130]	Speed: 28.20 samples/sec	Train-accuracy=0.581250
2017-05-13 23:21:04,597 Epoch[0] Batch [140]	Speed: 28.19 samples/sec	Train-accuracy=0.614583
2017-05-13 23:21:21,631 Epoch[0] Batch [150]	Speed: 28.18 samples/sec	Train-accuracy=0.531250
2017-05-13 23:21:38,685 Epoch[0] Batch [160]	Speed: 28.15 samples/sec	Train-accuracy=0.510417
2017-05-13 23:21:42,116 Epoch[0] Train-accuracy=0.541667
2017-05-13 23:21:42,117 Epoch[0] Time cost=275.718
2017-05-13 23:21:43,479 Saved checkpoint to "./resnet-50/finetune-resnet-50-train-add-seg-224-0001.params"
2017-05-13 23:21:47,385 Epoch[0] Validation-accuracy=0.539352
2017-05-13 23:22:04,915 Epoch[1] Batch [10]	Speed: 28.27 samples/sec	Train-accuracy=0.535985
2017-05-13 23:22:21,960 Epoch[1] Batch [20]	Speed: 28.16 samples/sec	Train-accuracy=0.525000
2017-05-13 23:22:39,014 Epoch[1] Batch [30]	Speed: 28.15 samples/sec	Train-accuracy=0.525000
2017-05-13 23:22:56,062 Epoch[1] Batch [40]	Speed: 28.16 samples/sec	Train-accuracy=0.575000
2017-05-13 23:23:13,106 Epoch[1] Batch [50]	Speed: 28.16 samples/sec	Train-accuracy=0.581250
2017-05-13 23:23:30,139 Epoch[1] Batch [60]	Speed: 28.18 samples/sec	Train-accuracy=0.568750
2017-05-13 23:23:47,200 Epoch[1] Batch [70]	Speed: 28.13 samples/sec	Train-accuracy=0.589583
2017-05-13 23:24:04,231 Epoch[1] Batch [80]	Speed: 28.18 samples/sec	Train-accuracy=0.535417
2017-05-13 23:24:21,263 Epoch[1] Batch [90]	Speed: 28.18 samples/sec	Train-accuracy=0.581250
2017-05-13 23:24:38,272 Epoch[1] Batch [100]	Speed: 28.22 samples/sec	Train-accuracy=0.591667
2017-05-13 23:24:55,307 Epoch[1] Batch [110]	Speed: 28.18 samples/sec	Train-accuracy=0.579167
2017-05-13 23:25:12,336 Epoch[1] Batch [120]	Speed: 28.19 samples/sec	Train-accuracy=0.589583
2017-05-13 23:25:29,364 Epoch[1] Batch [130]	Speed: 28.19 samples/sec	Train-accuracy=0.552083
2017-05-13 23:25:46,389 Epoch[1] Batch [140]	Speed: 28.24 samples/sec	Train-accuracy=0.610417
2017-05-13 23:26:03,464 Epoch[1] Batch [150]	Speed: 28.11 samples/sec	Train-accuracy=0.593750
2017-05-13 23:26:20,483 Epoch[1] Batch [160]	Speed: 28.20 samples/sec	Train-accuracy=0.589583
2017-05-13 23:26:23,873 Epoch[1] Train-accuracy=0.697917
2017-05-13 23:26:23,873 Epoch[1] Time cost=276.488
2017-05-13 23:26:25,233 Saved checkpoint to "./resnet-50/finetune-resnet-50-train-add-seg-224-0002.params"
2017-05-13 23:26:28,666 Epoch[1] Validation-accuracy=0.565104
2017-05-13 23:26:46,232 Epoch[2] Batch [10]	Speed: 28.18 samples/sec	Train-accuracy=0.592803
2017-05-13 23:27:03,248 Epoch[2] Batch [20]	Speed: 28.21 samples/sec	Train-accuracy=0.600000
2017-05-13 23:27:20,269 Epoch[2] Batch [30]	Speed: 28.20 samples/sec	Train-accuracy=0.604167
2017-05-13 23:27:37,305 Epoch[2] Batch [40]	Speed: 28.18 samples/sec	Train-accuracy=0.625000
2017-05-13 23:27:54,347 Epoch[2] Batch [50]	Speed: 28.17 samples/sec	Train-accuracy=0.610417
2017-05-13 23:28:11,365 Epoch[2] Batch [60]	Speed: 28.21 samples/sec	Train-accuracy=0.614583
2017-05-13 23:28:28,441 Epoch[2] Batch [70]	Speed: 28.11 samples/sec	Train-accuracy=0.643750
2017-05-13 23:28:45,489 Epoch[2] Batch [80]	Speed: 28.16 samples/sec	Train-accuracy=0.633333
2017-05-13 23:29:02,518 Epoch[2] Batch [90]	Speed: 28.19 samples/sec	Train-accuracy=0.595833
2017-05-13 23:29:19,546 Epoch[2] Batch [100]	Speed: 28.19 samples/sec	Train-accuracy=0.641667
2017-05-13 23:29:36,586 Epoch[2] Batch [110]	Speed: 28.17 samples/sec	Train-accuracy=0.620833
2017-05-13 23:29:53,613 Epoch[2] Batch [120]	Speed: 28.19 samples/sec	Train-accuracy=0.625000
2017-05-13 23:30:10,659 Epoch[2] Batch [130]	Speed: 28.16 samples/sec	Train-accuracy=0.581250
2017-05-13 23:30:27,687 Epoch[2] Batch [140]	Speed: 28.19 samples/sec	Train-accuracy=0.656250
2017-05-13 23:30:44,762 Epoch[2] Batch [150]	Speed: 28.11 samples/sec	Train-accuracy=0.662500
2017-05-13 23:31:01,809 Epoch[2] Batch [160]	Speed: 28.16 samples/sec	Train-accuracy=0.660417
2017-05-13 23:31:03,484 Epoch[2] Train-accuracy=0.583333
2017-05-13 23:31:03,484 Epoch[2] Time cost=274.818
2017-05-13 23:31:04,828 Saved checkpoint to "./resnet-50/finetune-resnet-50-train-add-seg-224-0003.params"
2017-05-13 23:31:08,736 Epoch[2] Validation-accuracy=0.585648
2017-05-13 23:31:26,300 Epoch[3] Batch [10]	Speed: 28.14 samples/sec	Train-accuracy=0.619318
2017-05-13 23:31:43,374 Epoch[3] Batch [20]	Speed: 28.11 samples/sec	Train-accuracy=0.668750
2017-05-13 23:32:00,423 Epoch[3] Batch [30]	Speed: 28.16 samples/sec	Train-accuracy=0.662500
2017-05-13 23:32:17,457 Epoch[3] Batch [40]	Speed: 28.18 samples/sec	Train-accuracy=0.645833
2017-05-13 23:32:34,465 Epoch[3] Batch [50]	Speed: 28.22 samples/sec	Train-accuracy=0.700000
2017-05-13 23:32:51,504 Epoch[3] Batch [60]	Speed: 28.17 samples/sec	Train-accuracy=0.681250
2017-05-13 23:33:08,543 Epoch[3] Batch [70]	Speed: 28.17 samples/sec	Train-accuracy=0.670833
2017-05-13 23:33:25,580 Epoch[3] Batch [80]	Speed: 28.17 samples/sec	Train-accuracy=0.695833
2017-05-13 23:33:42,625 Epoch[3] Batch [90]	Speed: 28.16 samples/sec	Train-accuracy=0.689583
2017-05-13 23:33:59,677 Epoch[3] Batch [100]	Speed: 28.15 samples/sec	Train-accuracy=0.708333
2017-05-13 23:34:16,714 Epoch[3] Batch [110]	Speed: 28.17 samples/sec	Train-accuracy=0.681250
2017-05-13 23:34:33,753 Epoch[3] Batch [120]	Speed: 28.17 samples/sec	Train-accuracy=0.683333
2017-05-13 23:34:50,784 Epoch[3] Batch [130]	Speed: 28.19 samples/sec	Train-accuracy=0.702083
2017-05-13 23:35:07,821 Epoch[3] Batch [140]	Speed: 28.17 samples/sec	Train-accuracy=0.695833
2017-05-13 23:35:24,860 Epoch[3] Batch [150]	Speed: 28.17 samples/sec	Train-accuracy=0.689583
2017-05-13 23:35:41,893 Epoch[3] Batch [160]	Speed: 28.18 samples/sec	Train-accuracy=0.693750
2017-05-13 23:35:45,323 Epoch[3] Train-accuracy=0.770833
2017-05-13 23:35:45,324 Epoch[3] Time cost=276.588
2017-05-13 23:35:46,627 Saved checkpoint to "./resnet-50/finetune-resnet-50-train-add-seg-224-0004.params"
2017-05-13 23:35:50,080 Epoch[3] Validation-accuracy=0.614583
2017-05-13 23:36:07,685 Epoch[4] Batch [10]	Speed: 28.09 samples/sec	Train-accuracy=0.700758
2017-05-13 23:36:24,733 Epoch[4] Batch [20]	Speed: 28.16 samples/sec	Train-accuracy=0.733333
2017-05-13 23:36:41,764 Epoch[4] Batch [30]	Speed: 28.19 samples/sec	Train-accuracy=0.666667
2017-05-13 23:36:58,797 Epoch[4] Batch [40]	Speed: 28.18 samples/sec	Train-accuracy=0.762500
2017-05-13 23:37:15,828 Epoch[4] Batch [50]	Speed: 28.18 samples/sec	Train-accuracy=0.706250
2017-05-13 23:37:32,866 Epoch[4] Batch [60]	Speed: 28.17 samples/sec	Train-accuracy=0.745833
2017-05-13 23:37:49,925 Epoch[4] Batch [70]	Speed: 28.14 samples/sec	Train-accuracy=0.720833
2017-05-13 23:38:07,003 Epoch[4] Batch [80]	Speed: 28.11 samples/sec	Train-accuracy=0.729167
2017-05-13 23:38:24,025 Epoch[4] Batch [90]	Speed: 28.20 samples/sec	Train-accuracy=0.766667
2017-05-13 23:38:40,791 Epoch[4] Batch [100]	Speed: 28.63 samples/sec	Train-accuracy=0.716667
2017-05-13 23:38:57,005 Epoch[4] Batch [110]	Speed: 29.60 samples/sec	Train-accuracy=0.731250
2017-05-13 23:39:13,978 Epoch[4] Batch [120]	Speed: 28.28 samples/sec	Train-accuracy=0.710417
2017-05-13 23:39:31,013 Epoch[4] Batch [130]	Speed: 28.18 samples/sec	Train-accuracy=0.735417
2017-05-13 23:39:48,101 Epoch[4] Batch [140]	Speed: 28.09 samples/sec	Train-accuracy=0.712500
2017-05-13 23:40:05,143 Epoch[4] Batch [150]	Speed: 28.17 samples/sec	Train-accuracy=0.729167
2017-05-13 23:40:22,180 Epoch[4] Batch [160]	Speed: 28.18 samples/sec	Train-accuracy=0.739583
2017-05-13 23:40:23,893 Epoch[4] Train-accuracy=0.770833
2017-05-13 23:40:23,893 Epoch[4] Time cost=273.797
2017-05-13 23:40:25,189 Saved checkpoint to "./resnet-50/finetune-resnet-50-train-add-seg-224-0005.params"
2017-05-13 23:40:29,098 Epoch[4] Validation-accuracy=0.599537
2017-05-13 23:40:46,636 Epoch[5] Batch [10]	Speed: 28.18 samples/sec	Train-accuracy=0.765152
2017-05-13 23:41:03,686 Epoch[5] Batch [20]	Speed: 28.15 samples/sec	Train-accuracy=0.750000
2017-05-13 23:41:20,716 Epoch[5] Batch [30]	Speed: 28.19 samples/sec	Train-accuracy=0.787500
2017-05-13 23:41:37,725 Epoch[5] Batch [40]	Speed: 28.22 samples/sec	Train-accuracy=0.781250
2017-05-13 23:41:54,747 Epoch[5] Batch [50]	Speed: 28.20 samples/sec	Train-accuracy=0.766667
2017-05-13 23:42:11,781 Epoch[5] Batch [60]	Speed: 28.18 samples/sec	Train-accuracy=0.764583
2017-05-13 23:42:28,812 Epoch[5] Batch [70]	Speed: 28.18 samples/sec	Train-accuracy=0.810417
2017-05-13 23:42:45,850 Epoch[5] Batch [80]	Speed: 28.17 samples/sec	Train-accuracy=0.787500
2017-05-13 23:43:02,873 Epoch[5] Batch [90]	Speed: 28.20 samples/sec	Train-accuracy=0.768750
2017-05-13 23:43:19,958 Epoch[5] Batch [100]	Speed: 28.10 samples/sec	Train-accuracy=0.775000
2017-05-13 23:43:36,992 Epoch[5] Batch [110]	Speed: 28.18 samples/sec	Train-accuracy=0.804167
2017-05-13 23:43:54,047 Epoch[5] Batch [120]	Speed: 28.14 samples/sec	Train-accuracy=0.783333
2017-05-13 23:44:11,079 Epoch[5] Batch [130]	Speed: 28.18 samples/sec	Train-accuracy=0.802083
2017-05-13 23:44:28,106 Epoch[5] Batch [140]	Speed: 28.19 samples/sec	Train-accuracy=0.810417
2017-05-13 23:44:45,138 Epoch[5] Batch [150]	Speed: 28.18 samples/sec	Train-accuracy=0.806250
2017-05-13 23:45:02,168 Epoch[5] Batch [160]	Speed: 28.19 samples/sec	Train-accuracy=0.804167
2017-05-13 23:45:05,598 Epoch[5] Train-accuracy=0.770833
2017-05-13 23:45:05,598 Epoch[5] Time cost=276.500
2017-05-13 23:45:06,888 Saved checkpoint to "./resnet-50/finetune-resnet-50-train-add-seg-224-0006.params"
2017-05-13 23:45:10,364 Epoch[5] Validation-accuracy=0.609375
2017-05-13 23:45:27,902 Epoch[6] Batch [10]	Speed: 28.18 samples/sec	Train-accuracy=0.814394
2017-05-13 23:45:44,958 Epoch[6] Batch [20]	Speed: 28.14 samples/sec	Train-accuracy=0.810417
2017-05-13 23:46:02,010 Epoch[6] Batch [30]	Speed: 28.15 samples/sec	Train-accuracy=0.831250
2017-05-13 23:46:19,031 Epoch[6] Batch [40]	Speed: 28.20 samples/sec	Train-accuracy=0.810417
2017-05-13 23:46:36,047 Epoch[6] Batch [50]	Speed: 28.21 samples/sec	Train-accuracy=0.812500
2017-05-13 23:46:53,076 Epoch[6] Batch [60]	Speed: 28.19 samples/sec	Train-accuracy=0.822917
2017-05-13 23:47:10,095 Epoch[6] Batch [70]	Speed: 28.20 samples/sec	Train-accuracy=0.814583
2017-05-13 23:47:27,121 Epoch[6] Batch [80]	Speed: 28.19 samples/sec	Train-accuracy=0.847917
2017-05-13 23:47:44,159 Epoch[6] Batch [90]	Speed: 28.17 samples/sec	Train-accuracy=0.781250
2017-05-13 23:48:01,220 Epoch[6] Batch [100]	Speed: 28.14 samples/sec	Train-accuracy=0.845833
2017-05-13 23:48:18,259 Epoch[6] Batch [110]	Speed: 28.17 samples/sec	Train-accuracy=0.833333
2017-05-13 23:48:35,293 Epoch[6] Batch [120]	Speed: 28.18 samples/sec	Train-accuracy=0.802083
2017-05-13 23:48:52,306 Epoch[6] Batch [130]	Speed: 28.21 samples/sec	Train-accuracy=0.843750
2017-05-13 23:49:09,348 Epoch[6] Batch [140]	Speed: 28.17 samples/sec	Train-accuracy=0.839583
2017-05-13 23:49:26,383 Epoch[6] Batch [150]	Speed: 28.18 samples/sec	Train-accuracy=0.841667
2017-05-13 23:49:43,432 Epoch[6] Batch [160]	Speed: 28.15 samples/sec	Train-accuracy=0.854167
2017-05-13 23:49:45,139 Epoch[6] Train-accuracy=0.895833
2017-05-13 23:49:45,140 Epoch[6] Time cost=274.775
2017-05-13 23:49:46,505 Saved checkpoint to "./resnet-50/finetune-resnet-50-train-add-seg-224-0007.params"
2017-05-13 23:49:50,409 Epoch[6] Validation-accuracy=0.645833
2017-05-13 23:50:07,937 Epoch[7] Batch [10]	Speed: 28.19 samples/sec	Train-accuracy=0.865530
2017-05-13 23:50:24,966 Epoch[7] Batch [20]	Speed: 28.19 samples/sec	Train-accuracy=0.847917
2017-05-13 23:50:41,990 Epoch[7] Batch [30]	Speed: 28.20 samples/sec	Train-accuracy=0.835417
2017-05-13 23:50:59,007 Epoch[7] Batch [40]	Speed: 28.21 samples/sec	Train-accuracy=0.845833
2017-05-13 23:51:16,028 Epoch[7] Batch [50]	Speed: 28.20 samples/sec	Train-accuracy=0.872917
2017-05-13 23:51:33,086 Epoch[7] Batch [60]	Speed: 28.14 samples/sec	Train-accuracy=0.889583
2017-05-13 23:51:50,115 Epoch[7] Batch [70]	Speed: 28.19 samples/sec	Train-accuracy=0.868750
2017-05-13 23:52:07,157 Epoch[7] Batch [80]	Speed: 28.17 samples/sec	Train-accuracy=0.866667
2017-05-13 23:52:24,179 Epoch[7] Batch [90]	Speed: 28.20 samples/sec	Train-accuracy=0.866667
2017-05-13 23:52:41,202 Epoch[7] Batch [100]	Speed: 28.20 samples/sec	Train-accuracy=0.885417
2017-05-13 23:52:58,245 Epoch[7] Batch [110]	Speed: 28.17 samples/sec	Train-accuracy=0.870833
2017-05-13 23:53:15,277 Epoch[7] Batch [120]	Speed: 28.18 samples/sec	Train-accuracy=0.862500
2017-05-13 23:53:32,318 Epoch[7] Batch [130]	Speed: 28.17 samples/sec	Train-accuracy=0.862500
2017-05-13 23:53:49,381 Epoch[7] Batch [140]	Speed: 28.13 samples/sec	Train-accuracy=0.831250
2017-05-13 23:54:06,410 Epoch[7] Batch [150]	Speed: 28.19 samples/sec	Train-accuracy=0.891667
2017-05-13 23:54:23,444 Epoch[7] Batch [160]	Speed: 28.18 samples/sec	Train-accuracy=0.868750
2017-05-13 23:54:26,833 Epoch[7] Train-accuracy=0.895833
2017-05-13 23:54:26,833 Epoch[7] Time cost=276.424
2017-05-13 23:54:28,173 Saved checkpoint to "./resnet-50/finetune-resnet-50-train-add-seg-224-0008.params"
2017-05-13 23:54:32,087 Epoch[7] Validation-accuracy=0.601852
2017-05-13 23:54:49,619 Epoch[8] Batch [10]	Speed: 28.17 samples/sec	Train-accuracy=0.873106
2017-05-13 23:55:06,650 Epoch[8] Batch [20]	Speed: 28.18 samples/sec	Train-accuracy=0.904167
2017-05-13 23:55:23,670 Epoch[8] Batch [30]	Speed: 28.20 samples/sec	Train-accuracy=0.858333
2017-05-13 23:55:40,750 Epoch[8] Batch [40]	Speed: 28.10 samples/sec	Train-accuracy=0.879167
2017-05-13 23:55:57,793 Epoch[8] Batch [50]	Speed: 28.16 samples/sec	Train-accuracy=0.868750
2017-05-13 23:56:14,823 Epoch[8] Batch [60]	Speed: 28.19 samples/sec	Train-accuracy=0.900000
2017-05-13 23:56:31,835 Epoch[8] Batch [70]	Speed: 28.21 samples/sec	Train-accuracy=0.866667
2017-05-13 23:56:48,864 Epoch[8] Batch [80]	Speed: 28.19 samples/sec	Train-accuracy=0.920833
2017-05-13 23:57:05,888 Epoch[8] Batch [90]	Speed: 28.20 samples/sec	Train-accuracy=0.887500
2017-05-13 23:57:22,911 Epoch[8] Batch [100]	Speed: 28.20 samples/sec	Train-accuracy=0.902083
2017-05-13 23:57:39,937 Epoch[8] Batch [110]	Speed: 28.19 samples/sec	Train-accuracy=0.877083
2017-05-13 23:57:56,999 Epoch[8] Batch [120]	Speed: 28.13 samples/sec	Train-accuracy=0.902083
2017-05-13 23:58:14,035 Epoch[8] Batch [130]	Speed: 28.18 samples/sec	Train-accuracy=0.895833
2017-05-13 23:58:30,384 Epoch[8] Batch [140]	Speed: 29.36 samples/sec	Train-accuracy=0.922917
2017-05-13 23:58:46,960 Epoch[8] Batch [150]	Speed: 28.96 samples/sec	Train-accuracy=0.900000
2017-05-13 23:59:04,009 Epoch[8] Batch [160]	Speed: 28.16 samples/sec	Train-accuracy=0.872917
2017-05-13 23:59:05,733 Epoch[8] Train-accuracy=0.875000
2017-05-13 23:59:05,734 Epoch[8] Time cost=273.646
2017-05-13 23:59:07,038 Saved checkpoint to "./resnet-50/finetune-resnet-50-train-add-seg-224-0009.params"
2017-05-13 23:59:10,500 Epoch[8] Validation-accuracy=0.666667
2017-05-13 23:59:28,021 Epoch[9] Batch [10]	Speed: 28.21 samples/sec	Train-accuracy=0.890152
2017-05-13 23:59:45,088 Epoch[9] Batch [20]	Speed: 28.13 samples/sec	Train-accuracy=0.900000
2017-05-14 00:00:02,124 Epoch[9] Batch [30]	Speed: 28.18 samples/sec	Train-accuracy=0.927083
2017-05-14 00:00:19,155 Epoch[9] Batch [40]	Speed: 28.18 samples/sec	Train-accuracy=0.910417
2017-05-14 00:00:36,147 Epoch[9] Batch [50]	Speed: 28.25 samples/sec	Train-accuracy=0.912500
2017-05-14 00:00:53,179 Epoch[9] Batch [60]	Speed: 28.18 samples/sec	Train-accuracy=0.877083
2017-05-14 00:01:10,220 Epoch[9] Batch [70]	Speed: 28.17 samples/sec	Train-accuracy=0.914583
2017-05-14 00:01:27,257 Epoch[9] Batch [80]	Speed: 28.17 samples/sec	Train-accuracy=0.906250
2017-05-14 00:01:44,282 Epoch[9] Batch [90]	Speed: 28.19 samples/sec	Train-accuracy=0.904167
2017-05-14 00:02:01,346 Epoch[9] Batch [100]	Speed: 28.13 samples/sec	Train-accuracy=0.914583
2017-05-14 00:02:18,375 Epoch[9] Batch [110]	Speed: 28.19 samples/sec	Train-accuracy=0.906250
2017-05-14 00:02:35,414 Epoch[9] Batch [120]	Speed: 28.17 samples/sec	Train-accuracy=0.897917
2017-05-14 00:02:52,453 Epoch[9] Batch [130]	Speed: 28.17 samples/sec	Train-accuracy=0.893750
2017-05-14 00:03:09,483 Epoch[9] Batch [140]	Speed: 28.19 samples/sec	Train-accuracy=0.910417
2017-05-14 00:03:26,510 Epoch[9] Batch [150]	Speed: 28.19 samples/sec	Train-accuracy=0.910417
2017-05-14 00:03:43,546 Epoch[9] Batch [160]	Speed: 28.18 samples/sec	Train-accuracy=0.906250
2017-05-14 00:03:46,980 Epoch[9] Train-accuracy=0.937500
2017-05-14 00:03:46,981 Epoch[9] Time cost=276.480
2017-05-14 00:03:48,270 Saved checkpoint to "./resnet-50/finetune-resnet-50-train-add-seg-224-0010.params"
2017-05-14 00:03:52,163 Epoch[9] Validation-accuracy=0.652778
2017-05-14 00:04:09,715 Epoch[10] Batch [10]	Speed: 28.20 samples/sec	Train-accuracy=0.910985
2017-05-14 00:04:26,744 Epoch[10] Batch [20]	Speed: 28.19 samples/sec	Train-accuracy=0.947917
2017-05-14 00:04:43,754 Epoch[10] Batch [30]	Speed: 28.22 samples/sec	Train-accuracy=0.904167
2017-05-14 00:05:00,771 Epoch[10] Batch [40]	Speed: 28.21 samples/sec	Train-accuracy=0.922917
2017-05-14 00:05:17,805 Epoch[10] Batch [50]	Speed: 28.18 samples/sec	Train-accuracy=0.893750
2017-05-14 00:05:34,845 Epoch[10] Batch [60]	Speed: 28.17 samples/sec	Train-accuracy=0.912500
2017-05-14 00:05:51,884 Epoch[10] Batch [70]	Speed: 28.17 samples/sec	Train-accuracy=0.920833
2017-05-14 00:06:08,897 Epoch[10] Batch [80]	Speed: 28.22 samples/sec	Train-accuracy=0.922917
2017-05-14 00:06:25,966 Epoch[10] Batch [90]	Speed: 28.12 samples/sec	Train-accuracy=0.920833
2017-05-14 00:06:43,006 Epoch[10] Batch [100]	Speed: 28.17 samples/sec	Train-accuracy=0.916667
2017-05-14 00:07:00,034 Epoch[10] Batch [110]	Speed: 28.19 samples/sec	Train-accuracy=0.939583
2017-05-14 00:07:17,057 Epoch[10] Batch [120]	Speed: 28.20 samples/sec	Train-accuracy=0.914583
2017-05-14 00:07:34,085 Epoch[10] Batch [130]	Speed: 28.19 samples/sec	Train-accuracy=0.916667
2017-05-14 00:07:51,109 Epoch[10] Batch [140]	Speed: 28.20 samples/sec	Train-accuracy=0.939583
2017-05-14 00:08:08,160 Epoch[10] Batch [150]	Speed: 28.15 samples/sec	Train-accuracy=0.941667
2017-05-14 00:08:25,192 Epoch[10] Batch [160]	Speed: 28.18 samples/sec	Train-accuracy=0.935417
2017-05-14 00:08:26,904 Epoch[10] Train-accuracy=0.833333
2017-05-14 00:08:26,904 Epoch[10] Time cost=274.741
2017-05-14 00:08:28,262 Saved checkpoint to "./resnet-50/finetune-resnet-50-train-add-seg-224-0011.params"
2017-05-14 00:08:31,754 Epoch[10] Validation-accuracy=0.648438
2017-05-14 00:08:49,306 Epoch[11] Batch [10]	Speed: 28.17 samples/sec	Train-accuracy=0.903409
2017-05-14 00:09:06,331 Epoch[11] Batch [20]	Speed: 28.19 samples/sec	Train-accuracy=0.939583
2017-05-14 00:09:23,368 Epoch[11] Batch [30]	Speed: 28.17 samples/sec	Train-accuracy=0.943750
2017-05-14 00:09:40,420 Epoch[11] Batch [40]	Speed: 28.15 samples/sec	Train-accuracy=0.952083
2017-05-14 00:09:57,469 Epoch[11] Batch [50]	Speed: 28.15 samples/sec	Train-accuracy=0.943750
2017-05-14 00:10:14,508 Epoch[11] Batch [60]	Speed: 28.17 samples/sec	Train-accuracy=0.935417
2017-05-14 00:10:31,554 Epoch[11] Batch [70]	Speed: 28.16 samples/sec	Train-accuracy=0.950000
2017-05-14 00:10:48,573 Epoch[11] Batch [80]	Speed: 28.21 samples/sec	Train-accuracy=0.925000
2017-05-14 00:11:05,635 Epoch[11] Batch [90]	Speed: 28.13 samples/sec	Train-accuracy=0.947917
2017-05-14 00:11:22,674 Epoch[11] Batch [100]	Speed: 28.17 samples/sec	Train-accuracy=0.929167
2017-05-14 00:11:39,716 Epoch[11] Batch [110]	Speed: 28.17 samples/sec	Train-accuracy=0.945833
2017-05-14 00:11:56,764 Epoch[11] Batch [120]	Speed: 28.16 samples/sec	Train-accuracy=0.920833
2017-05-14 00:12:13,861 Epoch[11] Batch [130]	Speed: 28.08 samples/sec	Train-accuracy=0.952083
2017-05-14 00:12:30,906 Epoch[11] Batch [140]	Speed: 28.16 samples/sec	Train-accuracy=0.931250
2017-05-14 00:12:47,939 Epoch[11] Batch [150]	Speed: 28.18 samples/sec	Train-accuracy=0.950000
2017-05-14 00:13:04,971 Epoch[11] Batch [160]	Speed: 28.18 samples/sec	Train-accuracy=0.945833
2017-05-14 00:13:08,370 Epoch[11] Train-accuracy=0.958333
2017-05-14 00:13:08,370 Epoch[11] Time cost=276.616
2017-05-14 00:13:09,685 Saved checkpoint to "./resnet-50/finetune-resnet-50-train-add-seg-224-0012.params"
2017-05-14 00:13:13,578 Epoch[11] Validation-accuracy=0.648148
2017-05-14 00:13:31,133 Epoch[12] Batch [10]	Speed: 28.15 samples/sec	Train-accuracy=0.950758
2017-05-14 00:13:48,203 Epoch[12] Batch [20]	Speed: 28.12 samples/sec	Train-accuracy=0.943750
2017-05-14 00:14:05,235 Epoch[12] Batch [30]	Speed: 28.18 samples/sec	Train-accuracy=0.941667
2017-05-14 00:14:22,286 Epoch[12] Batch [40]	Speed: 28.15 samples/sec	Train-accuracy=0.941667
2017-05-14 00:14:39,301 Epoch[12] Batch [50]	Speed: 28.21 samples/sec	Train-accuracy=0.920833
2017-05-14 00:14:56,348 Epoch[12] Batch [60]	Speed: 28.16 samples/sec	Train-accuracy=0.950000
2017-05-14 00:15:13,386 Epoch[12] Batch [70]	Speed: 28.17 samples/sec	Train-accuracy=0.943750
2017-05-14 00:15:30,413 Epoch[12] Batch [80]	Speed: 28.19 samples/sec	Train-accuracy=0.925000
2017-05-14 00:15:47,447 Epoch[12] Batch [90]	Speed: 28.18 samples/sec	Train-accuracy=0.952083
2017-05-14 00:16:04,535 Epoch[12] Batch [100]	Speed: 28.09 samples/sec	Train-accuracy=0.956250
2017-05-14 00:16:21,557 Epoch[12] Batch [110]	Speed: 28.20 samples/sec	Train-accuracy=0.929167
2017-05-14 00:16:38,599 Epoch[12] Batch [120]	Speed: 28.17 samples/sec	Train-accuracy=0.952083
2017-05-14 00:16:55,602 Epoch[12] Batch [130]	Speed: 28.23 samples/sec	Train-accuracy=0.952083
2017-05-14 00:17:12,637 Epoch[12] Batch [140]	Speed: 28.18 samples/sec	Train-accuracy=0.958333
2017-05-14 00:17:29,673 Epoch[12] Batch [150]	Speed: 28.18 samples/sec	Train-accuracy=0.939583
2017-05-14 00:17:46,712 Epoch[12] Batch [160]	Speed: 28.17 samples/sec	Train-accuracy=0.931250
2017-05-14 00:17:48,411 Epoch[12] Train-accuracy=0.958333
2017-05-14 00:17:48,411 Epoch[12] Time cost=274.833
2017-05-14 00:17:49,730 Saved checkpoint to "./resnet-50/finetune-resnet-50-train-add-seg-224-0013.params"
2017-05-14 00:17:53,165 Epoch[12] Validation-accuracy=0.684896
2017-05-14 00:18:10,129 Epoch[13] Batch [10]	Speed: 29.22 samples/sec	Train-accuracy=0.965909
2017-05-14 00:18:26,567 Epoch[13] Batch [20]	Speed: 29.20 samples/sec	Train-accuracy=0.966667
2017-05-14 00:18:43,590 Epoch[13] Batch [30]	Speed: 28.20 samples/sec	Train-accuracy=0.958333
2017-05-14 00:19:00,614 Epoch[13] Batch [40]	Speed: 28.20 samples/sec	Train-accuracy=0.952083
2017-05-14 00:19:17,654 Epoch[13] Batch [50]	Speed: 28.17 samples/sec	Train-accuracy=0.950000
2017-05-14 00:19:34,674 Epoch[13] Batch [60]	Speed: 28.20 samples/sec	Train-accuracy=0.939583
2017-05-14 00:19:51,704 Epoch[13] Batch [70]	Speed: 28.19 samples/sec	Train-accuracy=0.956250
2017-05-14 00:20:08,754 Epoch[13] Batch [80]	Speed: 28.15 samples/sec	Train-accuracy=0.947917
2017-05-14 00:20:25,822 Epoch[13] Batch [90]	Speed: 28.12 samples/sec	Train-accuracy=0.941667
2017-05-14 00:20:42,842 Epoch[13] Batch [100]	Speed: 28.20 samples/sec	Train-accuracy=0.937500
2017-05-14 00:20:59,877 Epoch[13] Batch [110]	Speed: 28.18 samples/sec	Train-accuracy=0.931250
2017-05-14 00:21:16,887 Epoch[13] Batch [120]	Speed: 28.22 samples/sec	Train-accuracy=0.952083
2017-05-14 00:21:33,910 Epoch[13] Batch [130]	Speed: 28.20 samples/sec	Train-accuracy=0.952083
2017-05-14 00:21:50,941 Epoch[13] Batch [140]	Speed: 28.18 samples/sec	Train-accuracy=0.939583
2017-05-14 00:22:07,986 Epoch[13] Batch [150]	Speed: 28.16 samples/sec	Train-accuracy=0.943750
2017-05-14 00:22:25,013 Epoch[13] Batch [160]	Speed: 28.19 samples/sec	Train-accuracy=0.906250
2017-05-14 00:22:28,454 Epoch[13] Train-accuracy=0.968750
2017-05-14 00:22:28,454 Epoch[13] Time cost=275.289
2017-05-14 00:22:29,786 Saved checkpoint to "./resnet-50/finetune-resnet-50-train-add-seg-224-0014.params"
2017-05-14 00:22:33,683 Epoch[13] Validation-accuracy=0.689815
2017-05-14 00:22:51,258 Epoch[14] Batch [10]	Speed: 28.19 samples/sec	Train-accuracy=0.956439
2017-05-14 00:23:08,271 Epoch[14] Batch [20]	Speed: 28.22 samples/sec	Train-accuracy=0.937500
2017-05-14 00:23:25,309 Epoch[14] Batch [30]	Speed: 28.17 samples/sec	Train-accuracy=0.933333
2017-05-14 00:23:42,330 Epoch[14] Batch [40]	Speed: 28.20 samples/sec	Train-accuracy=0.947917
2017-05-14 00:23:59,373 Epoch[14] Batch [50]	Speed: 28.16 samples/sec	Train-accuracy=0.950000
2017-05-14 00:24:16,385 Epoch[14] Batch [60]	Speed: 28.22 samples/sec	Train-accuracy=0.939583
2017-05-14 00:24:33,420 Epoch[14] Batch [70]	Speed: 28.18 samples/sec	Train-accuracy=0.962500
2017-05-14 00:24:50,457 Epoch[14] Batch [80]	Speed: 28.17 samples/sec	Train-accuracy=0.945833
2017-05-14 00:25:07,472 Epoch[14] Batch [90]	Speed: 28.21 samples/sec	Train-accuracy=0.981250
2017-05-14 00:25:24,488 Epoch[14] Batch [100]	Speed: 28.21 samples/sec	Train-accuracy=0.968750
2017-05-14 00:25:41,507 Epoch[14] Batch [110]	Speed: 28.20 samples/sec	Train-accuracy=0.972917
2017-05-14 00:25:58,533 Epoch[14] Batch [120]	Speed: 28.19 samples/sec	Train-accuracy=0.954167
2017-05-14 00:26:15,552 Epoch[14] Batch [130]	Speed: 28.20 samples/sec	Train-accuracy=0.945833
2017-05-14 00:26:32,554 Epoch[14] Batch [140]	Speed: 28.23 samples/sec	Train-accuracy=0.947917
2017-05-14 00:26:49,555 Epoch[14] Batch [150]	Speed: 28.23 samples/sec	Train-accuracy=0.939583
2017-05-14 00:27:06,578 Epoch[14] Batch [160]	Speed: 28.20 samples/sec	Train-accuracy=0.952083
2017-05-14 00:27:08,285 Epoch[14] Train-accuracy=0.958333
2017-05-14 00:27:08,285 Epoch[14] Time cost=274.602
2017-05-14 00:27:09,627 Saved checkpoint to "./resnet-50/finetune-resnet-50-train-add-seg-224-0015.params"
2017-05-14 00:27:13,053 Epoch[14] Validation-accuracy=0.682292
2017-05-14 00:27:30,614 Epoch[15] Batch [10]	Speed: 28.19 samples/sec	Train-accuracy=0.962121
2017-05-14 00:27:47,623 Epoch[15] Batch [20]	Speed: 28.22 samples/sec	Train-accuracy=0.960417
2017-05-14 00:28:04,653 Epoch[15] Batch [30]	Speed: 28.19 samples/sec	Train-accuracy=0.960417
2017-05-14 00:28:21,674 Epoch[15] Batch [40]	Speed: 28.20 samples/sec	Train-accuracy=0.975000
2017-05-14 00:28:38,714 Epoch[15] Batch [50]	Speed: 28.17 samples/sec	Train-accuracy=0.966667
2017-05-14 00:28:55,733 Epoch[15] Batch [60]	Speed: 28.20 samples/sec	Train-accuracy=0.960417
2017-05-14 00:29:12,784 Epoch[15] Batch [70]	Speed: 28.15 samples/sec	Train-accuracy=0.975000
2017-05-14 00:29:29,814 Epoch[15] Batch [80]	Speed: 28.19 samples/sec	Train-accuracy=0.966667
2017-05-14 00:29:46,855 Epoch[15] Batch [90]	Speed: 28.17 samples/sec	Train-accuracy=0.950000
2017-05-14 00:30:03,872 Epoch[15] Batch [100]	Speed: 28.21 samples/sec	Train-accuracy=0.952083
2017-05-14 00:30:20,876 Epoch[15] Batch [110]	Speed: 28.23 samples/sec	Train-accuracy=0.964583
2017-05-14 00:30:37,892 Epoch[15] Batch [120]	Speed: 28.21 samples/sec	Train-accuracy=0.952083
2017-05-14 00:30:54,908 Epoch[15] Batch [130]	Speed: 28.21 samples/sec	Train-accuracy=0.975000
2017-05-14 00:31:11,948 Epoch[15] Batch [140]	Speed: 28.17 samples/sec	Train-accuracy=0.947917
2017-05-14 00:31:28,979 Epoch[15] Batch [150]	Speed: 28.19 samples/sec	Train-accuracy=0.960417
2017-05-14 00:31:46,030 Epoch[15] Batch [160]	Speed: 28.15 samples/sec	Train-accuracy=0.954167
2017-05-14 00:31:49,413 Epoch[15] Train-accuracy=0.927083
2017-05-14 00:31:49,413 Epoch[15] Time cost=276.360
2017-05-14 00:31:50,752 Saved checkpoint to "./resnet-50/finetune-resnet-50-train-add-seg-224-0016.params"
2017-05-14 00:31:54,919 Epoch[15] Validation-accuracy=0.687500
2017-05-14 00:32:12,453 Epoch[16] Batch [10]	Speed: 28.17 samples/sec	Train-accuracy=0.967803
2017-05-14 00:32:29,482 Epoch[16] Batch [20]	Speed: 28.19 samples/sec	Train-accuracy=0.968750
2017-05-14 00:32:46,505 Epoch[16] Batch [30]	Speed: 28.20 samples/sec	Train-accuracy=0.931250
2017-05-14 00:33:03,603 Epoch[16] Batch [40]	Speed: 28.07 samples/sec	Train-accuracy=0.937500
2017-05-14 00:33:20,649 Epoch[16] Batch [50]	Speed: 28.16 samples/sec	Train-accuracy=0.968750
2017-05-14 00:33:37,658 Epoch[16] Batch [60]	Speed: 28.22 samples/sec	Train-accuracy=0.964583
2017-05-14 00:33:54,669 Epoch[16] Batch [70]	Speed: 28.22 samples/sec	Train-accuracy=0.968750
2017-05-14 00:34:11,710 Epoch[16] Batch [80]	Speed: 28.17 samples/sec	Train-accuracy=0.958333
2017-05-14 00:34:28,737 Epoch[16] Batch [90]	Speed: 28.19 samples/sec	Train-accuracy=0.972917
2017-05-14 00:34:45,758 Epoch[16] Batch [100]	Speed: 28.20 samples/sec	Train-accuracy=0.968750
2017-05-14 00:35:02,778 Epoch[16] Batch [110]	Speed: 28.20 samples/sec	Train-accuracy=0.952083
2017-05-14 00:35:19,856 Epoch[16] Batch [120]	Speed: 28.11 samples/sec	Train-accuracy=0.958333
2017-05-14 00:35:36,911 Epoch[16] Batch [130]	Speed: 28.14 samples/sec	Train-accuracy=0.966667
2017-05-14 00:35:53,943 Epoch[16] Batch [140]	Speed: 28.18 samples/sec	Train-accuracy=0.962500
2017-05-14 00:36:10,953 Epoch[16] Batch [150]	Speed: 28.22 samples/sec	Train-accuracy=0.968750
2017-05-14 00:36:27,983 Epoch[16] Batch [160]	Speed: 28.19 samples/sec	Train-accuracy=0.964583
2017-05-14 00:36:29,707 Epoch[16] Train-accuracy=0.958333
2017-05-14 00:36:29,707 Epoch[16] Time cost=274.788
2017-05-14 00:36:31,034 Saved checkpoint to "./resnet-50/finetune-resnet-50-train-add-seg-224-0017.params"
2017-05-14 00:36:34,905 Epoch[16] Validation-accuracy=0.708333
2017-05-14 00:36:52,507 Epoch[17] Batch [10]	Speed: 28.12 samples/sec	Train-accuracy=0.969697
2017-05-14 00:37:09,521 Epoch[17] Batch [20]	Speed: 28.21 samples/sec	Train-accuracy=0.981250
2017-05-14 00:37:26,540 Epoch[17] Batch [30]	Speed: 28.20 samples/sec	Train-accuracy=0.972917
2017-05-14 00:37:43,391 Epoch[17] Batch [40]	Speed: 28.49 samples/sec	Train-accuracy=0.960417
2017-05-14 00:37:59,611 Epoch[17] Batch [50]	Speed: 29.59 samples/sec	Train-accuracy=0.983333
2017-05-14 00:38:15,767 Epoch[17] Batch [60]	Speed: 29.71 samples/sec	Train-accuracy=0.972917
2017-05-14 00:38:32,792 Epoch[17] Batch [70]	Speed: 28.19 samples/sec	Train-accuracy=0.966667
2017-05-14 00:38:49,811 Epoch[17] Batch [80]	Speed: 28.20 samples/sec	Train-accuracy=0.964583
2017-05-14 00:39:06,854 Epoch[17] Batch [90]	Speed: 28.16 samples/sec	Train-accuracy=0.964583
2017-05-14 00:39:23,888 Epoch[17] Batch [100]	Speed: 28.18 samples/sec	Train-accuracy=0.964583
2017-05-14 00:39:40,942 Epoch[17] Batch [110]	Speed: 28.15 samples/sec	Train-accuracy=0.970833
2017-05-14 00:39:57,999 Epoch[17] Batch [120]	Speed: 28.14 samples/sec	Train-accuracy=0.975000
2017-05-14 00:40:15,056 Epoch[17] Batch [130]	Speed: 28.14 samples/sec	Train-accuracy=0.972917
2017-05-14 00:40:32,106 Epoch[17] Batch [140]	Speed: 28.15 samples/sec	Train-accuracy=0.977083
2017-05-14 00:40:49,109 Epoch[17] Batch [150]	Speed: 28.23 samples/sec	Train-accuracy=0.964583
2017-05-14 00:41:06,129 Epoch[17] Batch [160]	Speed: 28.20 samples/sec	Train-accuracy=0.964583
2017-05-14 00:41:09,534 Epoch[17] Train-accuracy=0.968750
2017-05-14 00:41:09,534 Epoch[17] Time cost=274.629
2017-05-14 00:41:10,863 Saved checkpoint to "./resnet-50/finetune-resnet-50-train-add-seg-224-0018.params"
2017-05-14 00:41:14,351 Epoch[17] Validation-accuracy=0.687500
2017-05-14 00:41:31,866 Epoch[18] Batch [10]	Speed: 28.19 samples/sec	Train-accuracy=0.962121
2017-05-14 00:41:48,916 Epoch[18] Batch [20]	Speed: 28.15 samples/sec	Train-accuracy=0.964583
2017-05-14 00:42:05,945 Epoch[18] Batch [30]	Speed: 28.19 samples/sec	Train-accuracy=0.958333
2017-05-14 00:42:23,006 Epoch[18] Batch [40]	Speed: 28.13 samples/sec	Train-accuracy=0.977083
2017-05-14 00:42:40,030 Epoch[18] Batch [50]	Speed: 28.20 samples/sec	Train-accuracy=0.968750
2017-05-14 00:42:57,075 Epoch[18] Batch [60]	Speed: 28.16 samples/sec	Train-accuracy=0.972917
2017-05-14 00:43:14,095 Epoch[18] Batch [70]	Speed: 28.20 samples/sec	Train-accuracy=0.964583
2017-05-14 00:43:31,127 Epoch[18] Batch [80]	Speed: 28.18 samples/sec	Train-accuracy=0.968750
2017-05-14 00:43:48,155 Epoch[18] Batch [90]	Speed: 28.19 samples/sec	Train-accuracy=0.968750
2017-05-14 00:44:05,185 Epoch[18] Batch [100]	Speed: 28.19 samples/sec	Train-accuracy=0.954167
2017-05-14 00:44:22,218 Epoch[18] Batch [110]	Speed: 28.18 samples/sec	Train-accuracy=0.966667
2017-05-14 00:44:39,303 Epoch[18] Batch [120]	Speed: 28.10 samples/sec	Train-accuracy=0.979167
2017-05-14 00:44:56,321 Epoch[18] Batch [130]	Speed: 28.21 samples/sec	Train-accuracy=0.960417
2017-05-14 00:45:13,348 Epoch[18] Batch [140]	Speed: 28.19 samples/sec	Train-accuracy=0.977083
2017-05-14 00:45:30,361 Epoch[18] Batch [150]	Speed: 28.21 samples/sec	Train-accuracy=0.977083
2017-05-14 00:45:47,382 Epoch[18] Batch [160]	Speed: 28.20 samples/sec	Train-accuracy=0.981250
2017-05-14 00:45:49,109 Epoch[18] Train-accuracy=0.895833
2017-05-14 00:45:49,109 Epoch[18] Time cost=274.758
2017-05-14 00:45:50,437 Saved checkpoint to "./resnet-50/finetune-resnet-50-train-add-seg-224-0019.params"
2017-05-14 00:45:54,342 Epoch[18] Validation-accuracy=0.687500
2017-05-14 00:46:11,903 Epoch[19] Batch [10]	Speed: 28.20 samples/sec	Train-accuracy=0.969697
2017-05-14 00:46:28,949 Epoch[19] Batch [20]	Speed: 28.16 samples/sec	Train-accuracy=0.970833
2017-05-14 00:46:45,973 Epoch[19] Batch [30]	Speed: 28.20 samples/sec	Train-accuracy=0.987500
2017-05-14 00:47:03,014 Epoch[19] Batch [40]	Speed: 28.17 samples/sec	Train-accuracy=0.968750
2017-05-14 00:47:20,031 Epoch[19] Batch [50]	Speed: 28.21 samples/sec	Train-accuracy=0.977083
2017-05-14 00:47:37,073 Epoch[19] Batch [60]	Speed: 28.17 samples/sec	Train-accuracy=0.983333
2017-05-14 00:47:54,100 Epoch[19] Batch [70]	Speed: 28.19 samples/sec	Train-accuracy=0.989583
2017-05-14 00:48:11,183 Epoch[19] Batch [80]	Speed: 28.10 samples/sec	Train-accuracy=0.972917
2017-05-14 00:48:28,219 Epoch[19] Batch [90]	Speed: 28.18 samples/sec	Train-accuracy=0.979167
2017-05-14 00:48:45,269 Epoch[19] Batch [100]	Speed: 28.15 samples/sec	Train-accuracy=0.972917
2017-05-14 00:49:02,282 Epoch[19] Batch [110]	Speed: 28.22 samples/sec	Train-accuracy=0.958333
2017-05-14 00:49:19,309 Epoch[19] Batch [120]	Speed: 28.19 samples/sec	Train-accuracy=0.972917
2017-05-14 00:49:36,347 Epoch[19] Batch [130]	Speed: 28.17 samples/sec	Train-accuracy=0.970833
2017-05-14 00:49:53,372 Epoch[19] Batch [140]	Speed: 28.19 samples/sec	Train-accuracy=0.979167
2017-05-14 00:50:10,429 Epoch[19] Batch [150]	Speed: 28.14 samples/sec	Train-accuracy=0.983333
2017-05-14 00:50:27,489 Epoch[19] Batch [160]	Speed: 28.14 samples/sec	Train-accuracy=0.960417
2017-05-14 00:50:30,881 Epoch[19] Train-accuracy=0.979167
2017-05-14 00:50:30,881 Epoch[19] Time cost=276.539
2017-05-14 00:50:32,230 Saved checkpoint to "./resnet-50/finetune-resnet-50-train-add-seg-224-0020.params"
2017-05-14 00:50:35,679 Epoch[19] Validation-accuracy=0.671875
