[16:03:49] src/nnvm/legacy_json_util.cc:190: Loading symbol saved by previous version v0.8.0. Attempting to upgrade...
[16:03:49] src/nnvm/legacy_json_util.cc:198: Symbol successfully upgraded!
[16:03:49] src/io/iter_image_recordio_2.cc:135: ImageRecordIOParser2: /home/yuanshuai/code/mxnet/example/image-classification/data/ccs-train-add-seg-224_train.rec, use 4 threads for decoding..
[16:03:50] src/io/iter_image_recordio_2.cc:135: ImageRecordIOParser2: /home/yuanshuai/code/mxnet/example/image-classification/data/ccs-train-add-seg-224_val.rec, use 4 threads for decoding..
2017-05-30 16:04:22,209 Epoch[0] Batch [10]	Speed: 17.14 samples/sec	Train-accuracy=0.494949
2017-05-30 16:04:43,226 Epoch[0] Batch [20]	Speed: 17.13 samples/sec	Train-accuracy=0.480556
2017-05-30 16:05:04,251 Epoch[0] Batch [30]	Speed: 17.12 samples/sec	Train-accuracy=0.530556
2017-05-30 16:05:25,264 Epoch[0] Batch [40]	Speed: 17.13 samples/sec	Train-accuracy=0.480556
2017-05-30 16:05:46,251 Epoch[0] Batch [50]	Speed: 17.15 samples/sec	Train-accuracy=0.486111
2017-05-30 16:06:07,269 Epoch[0] Batch [60]	Speed: 17.13 samples/sec	Train-accuracy=0.547222
2017-05-30 16:06:28,273 Epoch[0] Batch [70]	Speed: 17.14 samples/sec	Train-accuracy=0.519444
2017-05-30 16:06:49,271 Epoch[0] Batch [80]	Speed: 17.14 samples/sec	Train-accuracy=0.569444
2017-05-30 16:07:10,264 Epoch[0] Batch [90]	Speed: 17.15 samples/sec	Train-accuracy=0.527778
2017-05-30 16:07:31,278 Epoch[0] Batch [100]	Speed: 17.13 samples/sec	Train-accuracy=0.586111
2017-05-30 16:07:52,274 Epoch[0] Batch [110]	Speed: 17.15 samples/sec	Train-accuracy=0.552778
2017-05-30 16:08:13,266 Epoch[0] Batch [120]	Speed: 17.15 samples/sec	Train-accuracy=0.552778
2017-05-30 16:08:34,290 Epoch[0] Batch [130]	Speed: 17.12 samples/sec	Train-accuracy=0.486111
2017-05-30 16:08:55,299 Epoch[0] Batch [140]	Speed: 17.14 samples/sec	Train-accuracy=0.544444
2017-05-30 16:09:16,303 Epoch[0] Batch [150]	Speed: 17.14 samples/sec	Train-accuracy=0.494444
2017-05-30 16:09:37,315 Epoch[0] Batch [160]	Speed: 17.13 samples/sec	Train-accuracy=0.538889
2017-05-30 16:09:58,344 Epoch[0] Batch [170]	Speed: 17.12 samples/sec	Train-accuracy=0.577778
2017-05-30 16:10:19,365 Epoch[0] Batch [180]	Speed: 17.13 samples/sec	Train-accuracy=0.538889
2017-05-30 16:10:40,385 Epoch[0] Batch [190]	Speed: 17.13 samples/sec	Train-accuracy=0.569444
2017-05-30 16:11:01,383 Epoch[0] Batch [200]	Speed: 17.14 samples/sec	Train-accuracy=0.563889
2017-05-30 16:11:22,406 Epoch[0] Batch [210]	Speed: 17.12 samples/sec	Train-accuracy=0.550000
2017-05-30 16:11:35,019 Epoch[0] Train-accuracy=0.550926
2017-05-30 16:11:35,019 Epoch[0] Time cost=461.130
2017-05-30 16:11:38,603 Saved checkpoint to "./resnet-101-lr-0.001/finetune-resnet-101-train-add-seg-224-lr-0.001-momentum-0.9-0001.params"
2017-05-30 16:11:44,977 Epoch[0] Validation-accuracy=0.565657
2017-05-30 16:12:06,689 Epoch[1] Batch [10]	Speed: 17.12 samples/sec	Train-accuracy=0.568182
2017-05-30 16:12:27,698 Epoch[1] Batch [20]	Speed: 17.14 samples/sec	Train-accuracy=0.550000
2017-05-30 16:12:48,711 Epoch[1] Batch [30]	Speed: 17.13 samples/sec	Train-accuracy=0.544444
2017-05-30 16:13:09,743 Epoch[1] Batch [40]	Speed: 17.12 samples/sec	Train-accuracy=0.561111
2017-05-30 16:13:30,779 Epoch[1] Batch [50]	Speed: 17.11 samples/sec	Train-accuracy=0.600000
2017-05-30 16:13:51,801 Epoch[1] Batch [60]	Speed: 17.13 samples/sec	Train-accuracy=0.583333
2017-05-30 16:14:12,812 Epoch[1] Batch [70]	Speed: 17.13 samples/sec	Train-accuracy=0.625000
2017-05-30 16:14:33,790 Epoch[1] Batch [80]	Speed: 17.16 samples/sec	Train-accuracy=0.594444
2017-05-30 16:14:54,788 Epoch[1] Batch [90]	Speed: 17.14 samples/sec	Train-accuracy=0.577778
2017-05-30 16:15:15,818 Epoch[1] Batch [100]	Speed: 17.12 samples/sec	Train-accuracy=0.591667
2017-05-30 16:15:36,834 Epoch[1] Batch [110]	Speed: 17.13 samples/sec	Train-accuracy=0.536111
2017-05-30 16:15:57,833 Epoch[1] Batch [120]	Speed: 17.14 samples/sec	Train-accuracy=0.588889
2017-05-30 16:16:18,822 Epoch[1] Batch [130]	Speed: 17.15 samples/sec	Train-accuracy=0.636111
2017-05-30 16:16:39,829 Epoch[1] Batch [140]	Speed: 17.14 samples/sec	Train-accuracy=0.591667
2017-05-30 16:17:00,830 Epoch[1] Batch [150]	Speed: 17.14 samples/sec	Train-accuracy=0.630556
2017-05-30 16:17:21,857 Epoch[1] Batch [160]	Speed: 17.12 samples/sec	Train-accuracy=0.572222
2017-05-30 16:17:42,869 Epoch[1] Batch [170]	Speed: 17.13 samples/sec	Train-accuracy=0.613889
2017-05-30 16:18:03,889 Epoch[1] Batch [180]	Speed: 17.13 samples/sec	Train-accuracy=0.633333
2017-05-30 16:18:24,894 Epoch[1] Batch [190]	Speed: 17.14 samples/sec	Train-accuracy=0.638889
2017-05-30 16:18:45,887 Epoch[1] Batch [200]	Speed: 17.15 samples/sec	Train-accuracy=0.619444
2017-05-30 16:19:06,908 Epoch[1] Batch [210]	Speed: 17.13 samples/sec	Train-accuracy=0.594444
2017-05-30 16:19:19,502 Epoch[1] Train-accuracy=0.625000
2017-05-30 16:19:19,503 Epoch[1] Time cost=454.525
2017-05-30 16:19:22,672 Saved checkpoint to "./resnet-101-lr-0.001/finetune-resnet-101-train-add-seg-224-lr-0.001-momentum-0.9-0002.params"
2017-05-30 16:19:29,635 Epoch[1] Validation-accuracy=0.625000
2017-05-30 16:19:51,360 Epoch[2] Batch [10]	Speed: 17.11 samples/sec	Train-accuracy=0.626263
2017-05-30 16:20:12,372 Epoch[2] Batch [20]	Speed: 17.13 samples/sec	Train-accuracy=0.655556
2017-05-30 16:20:33,366 Epoch[2] Batch [30]	Speed: 17.15 samples/sec	Train-accuracy=0.594444
2017-05-30 16:20:54,354 Epoch[2] Batch [40]	Speed: 17.15 samples/sec	Train-accuracy=0.627778
2017-05-30 16:21:15,347 Epoch[2] Batch [50]	Speed: 17.15 samples/sec	Train-accuracy=0.669444
2017-05-30 16:21:36,374 Epoch[2] Batch [60]	Speed: 17.12 samples/sec	Train-accuracy=0.680556
2017-05-30 16:21:57,386 Epoch[2] Batch [70]	Speed: 17.13 samples/sec	Train-accuracy=0.608333
2017-05-30 16:22:18,374 Epoch[2] Batch [80]	Speed: 17.15 samples/sec	Train-accuracy=0.708333
2017-05-30 16:22:39,361 Epoch[2] Batch [90]	Speed: 17.15 samples/sec	Train-accuracy=0.691667
2017-05-30 16:23:00,366 Epoch[2] Batch [100]	Speed: 17.14 samples/sec	Train-accuracy=0.719444
2017-05-30 16:23:21,394 Epoch[2] Batch [110]	Speed: 17.12 samples/sec	Train-accuracy=0.669444
2017-05-30 16:23:42,403 Epoch[2] Batch [120]	Speed: 17.14 samples/sec	Train-accuracy=0.616667
2017-05-30 16:24:03,424 Epoch[2] Batch [130]	Speed: 17.13 samples/sec	Train-accuracy=0.641667
2017-05-30 16:24:24,449 Epoch[2] Batch [140]	Speed: 17.12 samples/sec	Train-accuracy=0.711111
2017-05-30 16:24:45,460 Epoch[2] Batch [150]	Speed: 17.13 samples/sec	Train-accuracy=0.700000
2017-05-30 16:25:06,477 Epoch[2] Batch [160]	Speed: 17.13 samples/sec	Train-accuracy=0.658333
2017-05-30 16:25:27,491 Epoch[2] Batch [170]	Speed: 17.13 samples/sec	Train-accuracy=0.641667
2017-05-30 16:25:48,504 Epoch[2] Batch [180]	Speed: 17.13 samples/sec	Train-accuracy=0.716667
2017-05-30 16:26:09,513 Epoch[2] Batch [190]	Speed: 17.14 samples/sec	Train-accuracy=0.675000
2017-05-30 16:26:30,510 Epoch[2] Batch [200]	Speed: 17.15 samples/sec	Train-accuracy=0.711111
2017-05-30 16:26:51,525 Epoch[2] Batch [210]	Speed: 17.13 samples/sec	Train-accuracy=0.697222
2017-05-30 16:27:04,137 Epoch[2] Train-accuracy=0.662037
2017-05-30 16:27:04,137 Epoch[2] Time cost=454.501
2017-05-30 16:27:05,867 Saved checkpoint to "./resnet-101-lr-0.001/finetune-resnet-101-train-add-seg-224-lr-0.001-momentum-0.9-0003.params"
2017-05-30 16:27:12,254 Epoch[2] Validation-accuracy=0.646465
2017-05-30 16:27:33,963 Epoch[3] Batch [10]	Speed: 17.12 samples/sec	Train-accuracy=0.744949
2017-05-30 16:27:54,964 Epoch[3] Batch [20]	Speed: 17.14 samples/sec	Train-accuracy=0.697222
2017-05-30 16:28:15,980 Epoch[3] Batch [30]	Speed: 17.13 samples/sec	Train-accuracy=0.688889
2017-05-30 16:28:36,988 Epoch[3] Batch [40]	Speed: 17.14 samples/sec	Train-accuracy=0.719444
2017-05-30 16:28:58,012 Epoch[3] Batch [50]	Speed: 17.12 samples/sec	Train-accuracy=0.719444
2017-05-30 16:29:19,026 Epoch[3] Batch [60]	Speed: 17.13 samples/sec	Train-accuracy=0.669444
2017-05-30 16:29:40,028 Epoch[3] Batch [70]	Speed: 17.14 samples/sec	Train-accuracy=0.702778
2017-05-30 16:30:01,023 Epoch[3] Batch [80]	Speed: 17.15 samples/sec	Train-accuracy=0.736111
2017-05-30 16:30:22,021 Epoch[3] Batch [90]	Speed: 17.15 samples/sec	Train-accuracy=0.711111
2017-05-30 16:30:43,026 Epoch[3] Batch [100]	Speed: 17.14 samples/sec	Train-accuracy=0.755556
2017-05-30 16:31:04,057 Epoch[3] Batch [110]	Speed: 17.12 samples/sec	Train-accuracy=0.752778
2017-05-30 16:31:25,050 Epoch[3] Batch [120]	Speed: 17.15 samples/sec	Train-accuracy=0.763889
2017-05-30 16:31:46,073 Epoch[3] Batch [130]	Speed: 17.12 samples/sec	Train-accuracy=0.730556
2017-05-30 16:32:07,069 Epoch[3] Batch [140]	Speed: 17.15 samples/sec	Train-accuracy=0.772222
2017-05-30 16:32:28,061 Epoch[3] Batch [150]	Speed: 17.15 samples/sec	Train-accuracy=0.711111
2017-05-30 16:32:49,069 Epoch[3] Batch [160]	Speed: 17.14 samples/sec	Train-accuracy=0.755556
2017-05-30 16:33:10,084 Epoch[3] Batch [170]	Speed: 17.13 samples/sec	Train-accuracy=0.722222
2017-05-30 16:33:31,105 Epoch[3] Batch [180]	Speed: 17.13 samples/sec	Train-accuracy=0.747222
2017-05-30 16:33:52,118 Epoch[3] Batch [190]	Speed: 17.13 samples/sec	Train-accuracy=0.755556
2017-05-30 16:34:13,128 Epoch[3] Batch [200]	Speed: 17.14 samples/sec	Train-accuracy=0.711111
2017-05-30 16:34:34,124 Epoch[3] Batch [210]	Speed: 17.15 samples/sec	Train-accuracy=0.741667
2017-05-30 16:34:44,611 Epoch[3] Train-accuracy=0.788889
2017-05-30 16:34:44,611 Epoch[3] Time cost=452.357
2017-05-30 16:34:46,232 Saved checkpoint to "./resnet-101-lr-0.001/finetune-resnet-101-train-add-seg-224-lr-0.001-momentum-0.9-0004.params"
2017-05-30 16:34:53,209 Epoch[3] Validation-accuracy=0.657407
2017-05-30 16:35:14,935 Epoch[4] Batch [10]	Speed: 17.11 samples/sec	Train-accuracy=0.787879
2017-05-30 16:35:36,032 Epoch[4] Batch [20]	Speed: 17.07 samples/sec	Train-accuracy=0.741667
2017-05-30 16:35:57,045 Epoch[4] Batch [30]	Speed: 17.13 samples/sec	Train-accuracy=0.786111
2017-05-30 16:36:18,031 Epoch[4] Batch [40]	Speed: 17.15 samples/sec	Train-accuracy=0.747222
2017-05-30 16:36:39,040 Epoch[4] Batch [50]	Speed: 17.14 samples/sec	Train-accuracy=0.766667
2017-05-30 16:37:00,030 Epoch[4] Batch [60]	Speed: 17.15 samples/sec	Train-accuracy=0.777778
2017-05-30 16:37:21,039 Epoch[4] Batch [70]	Speed: 17.14 samples/sec	Train-accuracy=0.788889
2017-05-30 16:37:42,056 Epoch[4] Batch [80]	Speed: 17.13 samples/sec	Train-accuracy=0.825000
2017-05-30 16:38:03,053 Epoch[4] Batch [90]	Speed: 17.15 samples/sec	Train-accuracy=0.738889
2017-05-30 16:38:24,055 Epoch[4] Batch [100]	Speed: 17.14 samples/sec	Train-accuracy=0.811111
2017-05-30 16:38:45,044 Epoch[4] Batch [110]	Speed: 17.15 samples/sec	Train-accuracy=0.772222
2017-05-30 16:39:06,053 Epoch[4] Batch [120]	Speed: 17.14 samples/sec	Train-accuracy=0.811111
2017-05-30 16:39:27,043 Epoch[4] Batch [130]	Speed: 17.15 samples/sec	Train-accuracy=0.800000
2017-05-30 16:39:48,031 Epoch[4] Batch [140]	Speed: 17.15 samples/sec	Train-accuracy=0.830556
2017-05-30 16:40:09,002 Epoch[4] Batch [150]	Speed: 17.17 samples/sec	Train-accuracy=0.780556
2017-05-30 16:40:29,972 Epoch[4] Batch [160]	Speed: 17.17 samples/sec	Train-accuracy=0.766667
2017-05-30 16:40:50,929 Epoch[4] Batch [170]	Speed: 17.18 samples/sec	Train-accuracy=0.769444
2017-05-30 16:41:11,905 Epoch[4] Batch [180]	Speed: 17.16 samples/sec	Train-accuracy=0.811111
2017-05-30 16:41:32,854 Epoch[4] Batch [190]	Speed: 17.19 samples/sec	Train-accuracy=0.816667
2017-05-30 16:41:53,820 Epoch[4] Batch [200]	Speed: 17.17 samples/sec	Train-accuracy=0.797222
2017-05-30 16:42:14,798 Epoch[4] Batch [210]	Speed: 17.16 samples/sec	Train-accuracy=0.850000
2017-05-30 16:42:27,382 Epoch[4] Train-accuracy=0.888889
2017-05-30 16:42:27,382 Epoch[4] Time cost=454.173
2017-05-30 16:42:29,211 Saved checkpoint to "./resnet-101-lr-0.001/finetune-resnet-101-train-add-seg-224-lr-0.001-momentum-0.9-0005.params"
2017-05-30 16:42:35,583 Epoch[4] Validation-accuracy=0.689394
2017-05-30 16:42:57,239 Epoch[5] Batch [10]	Speed: 17.16 samples/sec	Train-accuracy=0.830808
2017-05-30 16:43:18,220 Epoch[5] Batch [20]	Speed: 17.16 samples/sec	Train-accuracy=0.808333
2017-05-30 16:43:39,182 Epoch[5] Batch [30]	Speed: 17.17 samples/sec	Train-accuracy=0.847222
2017-05-30 16:44:00,147 Epoch[5] Batch [40]	Speed: 17.17 samples/sec	Train-accuracy=0.841667
2017-05-30 16:44:21,108 Epoch[5] Batch [50]	Speed: 17.18 samples/sec	Train-accuracy=0.858333
2017-05-30 16:44:42,087 Epoch[5] Batch [60]	Speed: 17.16 samples/sec	Train-accuracy=0.852778
2017-05-30 16:45:03,064 Epoch[5] Batch [70]	Speed: 17.16 samples/sec	Train-accuracy=0.866667
2017-05-30 16:45:24,038 Epoch[5] Batch [80]	Speed: 17.16 samples/sec	Train-accuracy=0.825000
2017-05-30 16:45:45,001 Epoch[5] Batch [90]	Speed: 17.17 samples/sec	Train-accuracy=0.872222
2017-05-30 16:46:05,977 Epoch[5] Batch [100]	Speed: 17.16 samples/sec	Train-accuracy=0.833333
2017-05-30 16:46:26,937 Epoch[5] Batch [110]	Speed: 17.18 samples/sec	Train-accuracy=0.833333
2017-05-30 16:46:47,903 Epoch[5] Batch [120]	Speed: 17.17 samples/sec	Train-accuracy=0.847222
2017-05-30 16:47:08,878 Epoch[5] Batch [130]	Speed: 17.16 samples/sec	Train-accuracy=0.841667
2017-05-30 16:47:29,859 Epoch[5] Batch [140]	Speed: 17.16 samples/sec	Train-accuracy=0.883333
2017-05-30 16:47:50,824 Epoch[5] Batch [150]	Speed: 17.17 samples/sec	Train-accuracy=0.858333
2017-05-30 16:48:11,777 Epoch[5] Batch [160]	Speed: 17.18 samples/sec	Train-accuracy=0.822222
2017-05-30 16:48:32,731 Epoch[5] Batch [170]	Speed: 17.18 samples/sec	Train-accuracy=0.866667
2017-05-30 16:48:53,715 Epoch[5] Batch [180]	Speed: 17.16 samples/sec	Train-accuracy=0.838889
2017-05-30 16:49:14,689 Epoch[5] Batch [190]	Speed: 17.16 samples/sec	Train-accuracy=0.827778
2017-05-30 16:49:35,655 Epoch[5] Batch [200]	Speed: 17.17 samples/sec	Train-accuracy=0.855556
2017-05-30 16:49:56,622 Epoch[5] Batch [210]	Speed: 17.17 samples/sec	Train-accuracy=0.858333
2017-05-30 16:50:09,206 Epoch[5] Train-accuracy=0.810185
2017-05-30 16:50:09,207 Epoch[5] Time cost=453.623
2017-05-30 16:50:11,289 Saved checkpoint to "./resnet-101-lr-0.001/finetune-resnet-101-train-add-seg-224-lr-0.001-momentum-0.9-0006.params"
2017-05-30 16:50:17,641 Epoch[5] Validation-accuracy=0.666667
2017-05-30 16:50:39,263 Epoch[6] Batch [10]	Speed: 17.19 samples/sec	Train-accuracy=0.878788
2017-05-30 16:51:00,217 Epoch[6] Batch [20]	Speed: 17.18 samples/sec	Train-accuracy=0.838889
2017-05-30 16:51:21,188 Epoch[6] Batch [30]	Speed: 17.17 samples/sec	Train-accuracy=0.847222
2017-05-30 16:51:42,151 Epoch[6] Batch [40]	Speed: 17.17 samples/sec	Train-accuracy=0.850000
2017-05-30 16:52:03,105 Epoch[6] Batch [50]	Speed: 17.18 samples/sec	Train-accuracy=0.844444
2017-05-30 16:52:24,076 Epoch[6] Batch [60]	Speed: 17.17 samples/sec	Train-accuracy=0.830556
2017-05-30 16:52:45,047 Epoch[6] Batch [70]	Speed: 17.17 samples/sec	Train-accuracy=0.922222
2017-05-30 16:53:06,029 Epoch[6] Batch [80]	Speed: 17.16 samples/sec	Train-accuracy=0.880556
2017-05-30 16:53:26,981 Epoch[6] Batch [90]	Speed: 17.18 samples/sec	Train-accuracy=0.875000
2017-05-30 16:53:47,959 Epoch[6] Batch [100]	Speed: 17.16 samples/sec	Train-accuracy=0.852778
2017-05-30 16:54:08,921 Epoch[6] Batch [110]	Speed: 17.17 samples/sec	Train-accuracy=0.869444
2017-05-30 16:54:29,891 Epoch[6] Batch [120]	Speed: 17.17 samples/sec	Train-accuracy=0.852778
2017-05-30 16:54:50,876 Epoch[6] Batch [130]	Speed: 17.16 samples/sec	Train-accuracy=0.886111
2017-05-30 16:55:11,849 Epoch[6] Batch [140]	Speed: 17.17 samples/sec	Train-accuracy=0.894444
2017-05-30 16:55:32,784 Epoch[6] Batch [150]	Speed: 17.20 samples/sec	Train-accuracy=0.847222
2017-05-30 16:55:53,767 Epoch[6] Batch [160]	Speed: 17.16 samples/sec	Train-accuracy=0.841667
2017-05-30 16:56:14,726 Epoch[6] Batch [170]	Speed: 17.18 samples/sec	Train-accuracy=0.858333
2017-05-30 16:56:35,690 Epoch[6] Batch [180]	Speed: 17.17 samples/sec	Train-accuracy=0.858333
2017-05-30 16:56:56,660 Epoch[6] Batch [190]	Speed: 17.17 samples/sec	Train-accuracy=0.880556
2017-05-30 16:57:17,635 Epoch[6] Batch [200]	Speed: 17.16 samples/sec	Train-accuracy=0.883333
2017-05-30 16:57:38,600 Epoch[6] Batch [210]	Speed: 17.17 samples/sec	Train-accuracy=0.900000
2017-05-30 16:57:49,086 Epoch[6] Train-accuracy=0.872222
2017-05-30 16:57:49,087 Epoch[6] Time cost=451.445
2017-05-30 16:57:50,778 Saved checkpoint to "./resnet-101-lr-0.001/finetune-resnet-101-train-add-seg-224-lr-0.001-momentum-0.9-0007.params"
2017-05-30 16:57:57,702 Epoch[6] Validation-accuracy=0.699074
2017-05-30 16:58:19,336 Epoch[7] Batch [10]	Speed: 17.18 samples/sec	Train-accuracy=0.871212
2017-05-30 16:58:40,296 Epoch[7] Batch [20]	Speed: 17.18 samples/sec	Train-accuracy=0.905556
2017-05-30 16:59:01,249 Epoch[7] Batch [30]	Speed: 17.18 samples/sec	Train-accuracy=0.888889
2017-05-30 16:59:22,193 Epoch[7] Batch [40]	Speed: 17.19 samples/sec	Train-accuracy=0.877778
2017-05-30 16:59:43,142 Epoch[7] Batch [50]	Speed: 17.19 samples/sec	Train-accuracy=0.911111
2017-05-30 17:00:04,107 Epoch[7] Batch [60]	Speed: 17.17 samples/sec	Train-accuracy=0.897222
2017-05-30 17:00:25,067 Epoch[7] Batch [70]	Speed: 17.18 samples/sec	Train-accuracy=0.888889
2017-05-30 17:00:46,037 Epoch[7] Batch [80]	Speed: 17.17 samples/sec	Train-accuracy=0.919444
2017-05-30 17:01:07,002 Epoch[7] Batch [90]	Speed: 17.17 samples/sec	Train-accuracy=0.908333
2017-05-30 17:01:27,952 Epoch[7] Batch [100]	Speed: 17.18 samples/sec	Train-accuracy=0.902778
2017-05-30 17:01:48,928 Epoch[7] Batch [110]	Speed: 17.16 samples/sec	Train-accuracy=0.880556
2017-05-30 17:02:09,903 Epoch[7] Batch [120]	Speed: 17.16 samples/sec	Train-accuracy=0.886111
2017-05-30 17:02:30,886 Epoch[7] Batch [130]	Speed: 17.16 samples/sec	Train-accuracy=0.916667
2017-05-30 17:02:51,850 Epoch[7] Batch [140]	Speed: 17.17 samples/sec	Train-accuracy=0.913889
2017-05-30 17:03:12,813 Epoch[7] Batch [150]	Speed: 17.17 samples/sec	Train-accuracy=0.891667
2017-05-30 17:03:33,796 Epoch[7] Batch [160]	Speed: 17.16 samples/sec	Train-accuracy=0.894444
2017-05-30 17:03:54,768 Epoch[7] Batch [170]	Speed: 17.17 samples/sec	Train-accuracy=0.897222
2017-05-30 17:04:15,749 Epoch[7] Batch [180]	Speed: 17.16 samples/sec	Train-accuracy=0.875000
2017-05-30 17:04:36,715 Epoch[7] Batch [190]	Speed: 17.17 samples/sec	Train-accuracy=0.902778
2017-05-30 17:04:57,681 Epoch[7] Batch [200]	Speed: 17.17 samples/sec	Train-accuracy=0.897222
2017-05-30 17:05:18,663 Epoch[7] Batch [210]	Speed: 17.16 samples/sec	Train-accuracy=0.922222
2017-05-30 17:05:31,254 Epoch[7] Train-accuracy=0.930556
2017-05-30 17:05:31,254 Epoch[7] Time cost=453.552
2017-05-30 17:05:32,990 Saved checkpoint to "./resnet-101-lr-0.001/finetune-resnet-101-train-add-seg-224-lr-0.001-momentum-0.9-0008.params"
2017-05-30 17:05:39,336 Epoch[7] Validation-accuracy=0.671717
2017-05-30 17:06:00,995 Epoch[8] Batch [10]	Speed: 17.16 samples/sec	Train-accuracy=0.893939
2017-05-30 17:06:21,963 Epoch[8] Batch [20]	Speed: 17.17 samples/sec	Train-accuracy=0.900000
2017-05-30 17:06:42,939 Epoch[8] Batch [30]	Speed: 17.16 samples/sec	Train-accuracy=0.927778
2017-05-30 17:07:03,908 Epoch[8] Batch [40]	Speed: 17.17 samples/sec	Train-accuracy=0.930556
2017-05-30 17:07:24,868 Epoch[8] Batch [50]	Speed: 17.18 samples/sec	Train-accuracy=0.916667
2017-05-30 17:07:45,809 Epoch[8] Batch [60]	Speed: 17.19 samples/sec	Train-accuracy=0.916667
2017-05-30 17:08:06,762 Epoch[8] Batch [70]	Speed: 17.18 samples/sec	Train-accuracy=0.905556
2017-05-30 17:08:27,720 Epoch[8] Batch [80]	Speed: 17.18 samples/sec	Train-accuracy=0.905556
2017-05-30 17:08:48,679 Epoch[8] Batch [90]	Speed: 17.18 samples/sec	Train-accuracy=0.886111
2017-05-30 17:09:09,644 Epoch[8] Batch [100]	Speed: 17.17 samples/sec	Train-accuracy=0.922222
2017-05-30 17:09:30,609 Epoch[8] Batch [110]	Speed: 17.17 samples/sec	Train-accuracy=0.908333
2017-05-30 17:09:51,565 Epoch[8] Batch [120]	Speed: 17.18 samples/sec	Train-accuracy=0.933333
2017-05-30 17:10:12,514 Epoch[8] Batch [130]	Speed: 17.19 samples/sec	Train-accuracy=0.927778
2017-05-30 17:10:33,478 Epoch[8] Batch [140]	Speed: 17.17 samples/sec	Train-accuracy=0.894444
2017-05-30 17:10:54,424 Epoch[8] Batch [150]	Speed: 17.19 samples/sec	Train-accuracy=0.930556
2017-05-30 17:11:15,394 Epoch[8] Batch [160]	Speed: 17.17 samples/sec	Train-accuracy=0.916667
2017-05-30 17:11:36,374 Epoch[8] Batch [170]	Speed: 17.16 samples/sec	Train-accuracy=0.894444
2017-05-30 17:11:57,327 Epoch[8] Batch [180]	Speed: 17.18 samples/sec	Train-accuracy=0.941667
2017-05-30 17:12:18,275 Epoch[8] Batch [190]	Speed: 17.19 samples/sec	Train-accuracy=0.944444
2017-05-30 17:12:39,247 Epoch[8] Batch [200]	Speed: 17.17 samples/sec	Train-accuracy=0.913889
2017-05-30 17:13:00,232 Epoch[8] Batch [210]	Speed: 17.16 samples/sec	Train-accuracy=0.911111
2017-05-30 17:13:12,799 Epoch[8] Train-accuracy=0.949074
2017-05-30 17:13:12,803 Epoch[8] Time cost=453.466
2017-05-30 17:13:14,438 Saved checkpoint to "./resnet-101-lr-0.001/finetune-resnet-101-train-add-seg-224-lr-0.001-momentum-0.9-0009.params"
2017-05-30 17:13:21,339 Epoch[8] Validation-accuracy=0.678241
2017-05-30 17:13:42,962 Epoch[9] Batch [10]	Speed: 17.19 samples/sec	Train-accuracy=0.906566
2017-05-30 17:14:03,923 Epoch[9] Batch [20]	Speed: 17.18 samples/sec	Train-accuracy=0.900000
2017-05-30 17:14:24,880 Epoch[9] Batch [30]	Speed: 17.18 samples/sec	Train-accuracy=0.919444
2017-05-30 17:14:45,842 Epoch[9] Batch [40]	Speed: 17.17 samples/sec	Train-accuracy=0.919444
2017-05-30 17:15:06,771 Epoch[9] Batch [50]	Speed: 17.20 samples/sec	Train-accuracy=0.930556
2017-05-30 17:15:27,742 Epoch[9] Batch [60]	Speed: 17.17 samples/sec	Train-accuracy=0.941667
2017-05-30 17:15:48,703 Epoch[9] Batch [70]	Speed: 17.18 samples/sec	Train-accuracy=0.908333
2017-05-30 17:16:09,673 Epoch[9] Batch [80]	Speed: 17.17 samples/sec	Train-accuracy=0.900000
2017-05-30 17:16:30,609 Epoch[9] Batch [90]	Speed: 17.20 samples/sec	Train-accuracy=0.913889
2017-05-30 17:16:51,566 Epoch[9] Batch [100]	Speed: 17.18 samples/sec	Train-accuracy=0.925000
2017-05-30 17:17:12,530 Epoch[9] Batch [110]	Speed: 17.17 samples/sec	Train-accuracy=0.958333
2017-05-30 17:17:33,504 Epoch[9] Batch [120]	Speed: 17.16 samples/sec	Train-accuracy=0.933333
2017-05-30 17:17:54,472 Epoch[9] Batch [130]	Speed: 17.17 samples/sec	Train-accuracy=0.936111
2017-05-30 17:18:15,435 Epoch[9] Batch [140]	Speed: 17.17 samples/sec	Train-accuracy=0.936111
2017-05-30 17:18:36,405 Epoch[9] Batch [150]	Speed: 17.17 samples/sec	Train-accuracy=0.936111
2017-05-30 17:18:57,376 Epoch[9] Batch [160]	Speed: 17.17 samples/sec	Train-accuracy=0.922222
2017-05-30 17:19:18,334 Epoch[9] Batch [170]	Speed: 17.18 samples/sec	Train-accuracy=0.922222
2017-05-30 17:19:39,302 Epoch[9] Batch [180]	Speed: 17.17 samples/sec	Train-accuracy=0.930556
2017-05-30 17:20:00,240 Epoch[9] Batch [190]	Speed: 17.19 samples/sec	Train-accuracy=0.930556
2017-05-30 17:20:21,211 Epoch[9] Batch [200]	Speed: 17.17 samples/sec	Train-accuracy=0.950000
2017-05-30 17:20:42,190 Epoch[9] Batch [210]	Speed: 17.16 samples/sec	Train-accuracy=0.936111
2017-05-30 17:20:52,679 Epoch[9] Train-accuracy=0.938889
2017-05-30 17:20:52,679 Epoch[9] Time cost=451.340
2017-05-30 17:20:54,328 Saved checkpoint to "./resnet-101-lr-0.001/finetune-resnet-101-train-add-seg-224-lr-0.001-momentum-0.9-0010.params"
2017-05-30 17:21:00,675 Epoch[9] Validation-accuracy=0.709596
2017-05-30 17:21:22,333 Epoch[10] Batch [10]	Speed: 17.15 samples/sec	Train-accuracy=0.936869
2017-05-30 17:21:43,290 Epoch[10] Batch [20]	Speed: 17.18 samples/sec	Train-accuracy=0.950000
2017-05-30 17:22:04,260 Epoch[10] Batch [30]	Speed: 17.17 samples/sec	Train-accuracy=0.941667
2017-05-30 17:22:25,241 Epoch[10] Batch [40]	Speed: 17.16 samples/sec	Train-accuracy=0.944444
2017-05-30 17:22:46,191 Epoch[10] Batch [50]	Speed: 17.18 samples/sec	Train-accuracy=0.955556
2017-05-30 17:23:07,160 Epoch[10] Batch [60]	Speed: 17.17 samples/sec	Train-accuracy=0.952778
2017-05-30 17:23:28,130 Epoch[10] Batch [70]	Speed: 17.17 samples/sec	Train-accuracy=0.925000
2017-05-30 17:23:49,099 Epoch[10] Batch [80]	Speed: 17.17 samples/sec	Train-accuracy=0.919444
2017-05-30 17:24:10,042 Epoch[10] Batch [90]	Speed: 17.19 samples/sec	Train-accuracy=0.938889
2017-05-30 17:24:31,006 Epoch[10] Batch [100]	Speed: 17.17 samples/sec	Train-accuracy=0.933333
2017-05-30 17:24:51,965 Epoch[10] Batch [110]	Speed: 17.18 samples/sec	Train-accuracy=0.900000
2017-05-30 17:25:12,946 Epoch[10] Batch [120]	Speed: 17.16 samples/sec	Train-accuracy=0.944444
2017-05-30 17:25:33,909 Epoch[10] Batch [130]	Speed: 17.17 samples/sec	Train-accuracy=0.927778
2017-05-30 17:25:54,890 Epoch[10] Batch [140]	Speed: 17.16 samples/sec	Train-accuracy=0.938889
2017-05-30 17:26:15,855 Epoch[10] Batch [150]	Speed: 17.17 samples/sec	Train-accuracy=0.933333
2017-05-30 17:26:36,829 Epoch[10] Batch [160]	Speed: 17.16 samples/sec	Train-accuracy=0.944444
2017-05-30 17:26:57,798 Epoch[10] Batch [170]	Speed: 17.17 samples/sec	Train-accuracy=0.947222
2017-05-30 17:27:18,783 Epoch[10] Batch [180]	Speed: 17.16 samples/sec	Train-accuracy=0.950000
2017-05-30 17:27:39,749 Epoch[10] Batch [190]	Speed: 17.17 samples/sec	Train-accuracy=0.936111
2017-05-30 17:28:00,716 Epoch[10] Batch [200]	Speed: 17.17 samples/sec	Train-accuracy=0.916667
2017-05-30 17:28:21,679 Epoch[10] Batch [210]	Speed: 17.17 samples/sec	Train-accuracy=0.919444
2017-05-30 17:28:34,275 Epoch[10] Train-accuracy=0.944444
2017-05-30 17:28:34,275 Epoch[10] Time cost=453.600
2017-05-30 17:28:36,170 Saved checkpoint to "./resnet-101-lr-0.001/finetune-resnet-101-train-add-seg-224-lr-0.001-momentum-0.9-0011.params"
2017-05-30 17:28:42,512 Epoch[10] Validation-accuracy=0.707071
2017-05-30 17:29:04,156 Epoch[11] Batch [10]	Speed: 17.17 samples/sec	Train-accuracy=0.952020
2017-05-30 17:29:25,116 Epoch[11] Batch [20]	Speed: 17.18 samples/sec	Train-accuracy=0.922222
2017-05-30 17:29:46,095 Epoch[11] Batch [30]	Speed: 17.16 samples/sec	Train-accuracy=0.961111
2017-05-30 17:30:07,086 Epoch[11] Batch [40]	Speed: 17.15 samples/sec	Train-accuracy=0.944444
2017-05-30 17:30:28,053 Epoch[11] Batch [50]	Speed: 17.17 samples/sec	Train-accuracy=0.963889
2017-05-30 17:30:49,044 Epoch[11] Batch [60]	Speed: 17.15 samples/sec	Train-accuracy=0.950000
2017-05-30 17:31:10,025 Epoch[11] Batch [70]	Speed: 17.16 samples/sec	Train-accuracy=0.950000
2017-05-30 17:31:30,984 Epoch[11] Batch [80]	Speed: 17.18 samples/sec	Train-accuracy=0.961111
2017-05-30 17:31:51,942 Epoch[11] Batch [90]	Speed: 17.18 samples/sec	Train-accuracy=0.966667
2017-05-30 17:32:12,901 Epoch[11] Batch [100]	Speed: 17.18 samples/sec	Train-accuracy=0.963889
2017-05-30 17:32:33,848 Epoch[11] Batch [110]	Speed: 17.19 samples/sec	Train-accuracy=0.936111
2017-05-30 17:32:54,801 Epoch[11] Batch [120]	Speed: 17.18 samples/sec	Train-accuracy=0.938889
2017-05-30 17:33:15,753 Epoch[11] Batch [130]	Speed: 17.18 samples/sec	Train-accuracy=0.938889
2017-05-30 17:33:36,710 Epoch[11] Batch [140]	Speed: 17.18 samples/sec	Train-accuracy=0.961111
2017-05-30 17:33:57,681 Epoch[11] Batch [150]	Speed: 17.17 samples/sec	Train-accuracy=0.950000
2017-05-30 17:34:18,648 Epoch[11] Batch [160]	Speed: 17.17 samples/sec	Train-accuracy=0.950000
2017-05-30 17:34:39,610 Epoch[11] Batch [170]	Speed: 17.17 samples/sec	Train-accuracy=0.961111
2017-05-30 17:35:00,579 Epoch[11] Batch [180]	Speed: 17.17 samples/sec	Train-accuracy=0.966667
2017-05-30 17:35:21,570 Epoch[11] Batch [190]	Speed: 17.15 samples/sec	Train-accuracy=0.950000
2017-05-30 17:35:42,532 Epoch[11] Batch [200]	Speed: 17.17 samples/sec	Train-accuracy=0.961111
2017-05-30 17:36:03,525 Epoch[11] Batch [210]	Speed: 17.15 samples/sec	Train-accuracy=0.961111
2017-05-30 17:36:16,091 Epoch[11] Train-accuracy=0.967593
2017-05-30 17:36:16,091 Epoch[11] Time cost=453.579
2017-05-30 17:36:18,566 Saved checkpoint to "./resnet-101-lr-0.001/finetune-resnet-101-train-add-seg-224-lr-0.001-momentum-0.9-0012.params"
2017-05-30 17:36:25,757 Epoch[11] Validation-accuracy=0.724537
2017-05-30 17:36:47,426 Epoch[12] Batch [10]	Speed: 17.15 samples/sec	Train-accuracy=0.964646
2017-05-30 17:37:08,393 Epoch[12] Batch [20]	Speed: 17.17 samples/sec	Train-accuracy=0.972222
2017-05-30 17:37:29,366 Epoch[12] Batch [30]	Speed: 17.17 samples/sec	Train-accuracy=0.963889
2017-05-30 17:37:50,351 Epoch[12] Batch [40]	Speed: 17.16 samples/sec	Train-accuracy=0.963889
2017-05-30 17:38:11,323 Epoch[12] Batch [50]	Speed: 17.17 samples/sec	Train-accuracy=0.969444
2017-05-30 17:38:32,320 Epoch[12] Batch [60]	Speed: 17.15 samples/sec	Train-accuracy=0.947222
2017-05-30 17:38:53,311 Epoch[12] Batch [70]	Speed: 17.15 samples/sec	Train-accuracy=0.966667
2017-05-30 17:39:14,282 Epoch[12] Batch [80]	Speed: 17.17 samples/sec	Train-accuracy=0.983333
2017-05-30 17:39:35,244 Epoch[12] Batch [90]	Speed: 17.17 samples/sec	Train-accuracy=0.952778
2017-05-30 17:39:56,233 Epoch[12] Batch [100]	Speed: 17.15 samples/sec	Train-accuracy=0.955556
2017-05-30 17:40:17,220 Epoch[12] Batch [110]	Speed: 17.15 samples/sec	Train-accuracy=0.958333
2017-05-30 17:40:38,188 Epoch[12] Batch [120]	Speed: 17.17 samples/sec	Train-accuracy=0.966667
2017-05-30 17:40:59,178 Epoch[12] Batch [130]	Speed: 17.15 samples/sec	Train-accuracy=0.955556
2017-05-30 17:41:20,157 Epoch[12] Batch [140]	Speed: 17.16 samples/sec	Train-accuracy=0.958333
2017-05-30 17:41:41,128 Epoch[12] Batch [150]	Speed: 17.17 samples/sec	Train-accuracy=0.963889
2017-05-30 17:42:02,103 Epoch[12] Batch [160]	Speed: 17.16 samples/sec	Train-accuracy=0.963889
2017-05-30 17:42:23,085 Epoch[12] Batch [170]	Speed: 17.16 samples/sec	Train-accuracy=0.969444
2017-05-30 17:42:44,041 Epoch[12] Batch [180]	Speed: 17.18 samples/sec	Train-accuracy=0.975000
./run_finetune_script.sh: 行 37: 16814 已终止               python run_finetune.py './resnet-101-lr-0.001/resnet-101' '0' './resnet-101-lr-0.001/finetune-resnet-101-train-add-seg-224-lr-0.001-momentum-0.9' '200'
