[09:57:06] src/nnvm/legacy_json_util.cc:190: Loading symbol saved by previous version v0.8.0. Attempting to upgrade...
[09:57:06] src/nnvm/legacy_json_util.cc:198: Symbol successfully upgraded!
[09:57:06] src/io/iter_image_recordio.cc:220: ImageRecordIOParser: /home/yuanshuai/code/mxnet/example/image-classification/data/ccs-train-add-seg-224_train.rec, use 4 threads for decoding..
[09:57:07] src/io/iter_image_recordio.cc:220: ImageRecordIOParser: /home/yuanshuai/code/mxnet/example/image-classification/data/ccs-train-add-seg-224_val.rec, use 4 threads for decoding..
[09:57:24] src/operator/./cudnn_convolution-inl.h:55: Running performance tests to find the best convolution algorithm, this can take a while... (setting env variable MXNET_CUDNN_AUTOTUNE_DEFAULT to 0 to disable)
2017-05-30 09:57:54,900 Epoch[0] Batch [10]	Speed: 28.87 samples/sec	Train-accuracy=0.492424
2017-05-30 09:58:03,160 Epoch[0] Batch [20]	Speed: 29.06 samples/sec	Train-accuracy=0.487500
2017-05-30 09:58:11,452 Epoch[0] Batch [30]	Speed: 28.95 samples/sec	Train-accuracy=0.512500
2017-05-30 09:58:19,708 Epoch[0] Batch [40]	Speed: 29.07 samples/sec	Train-accuracy=0.466667
2017-05-30 09:58:27,974 Epoch[0] Batch [50]	Speed: 29.04 samples/sec	Train-accuracy=0.495833
2017-05-30 09:58:36,274 Epoch[0] Batch [60]	Speed: 28.92 samples/sec	Train-accuracy=0.566667
2017-05-30 09:58:44,566 Epoch[0] Batch [70]	Speed: 28.95 samples/sec	Train-accuracy=0.491667
2017-05-30 09:58:52,835 Epoch[0] Batch [80]	Speed: 29.03 samples/sec	Train-accuracy=0.491667
2017-05-30 09:59:01,147 Epoch[0] Batch [90]	Speed: 28.87 samples/sec	Train-accuracy=0.500000
2017-05-30 09:59:09,440 Epoch[0] Batch [100]	Speed: 28.94 samples/sec	Train-accuracy=0.520833
2017-05-30 09:59:17,724 Epoch[0] Batch [110]	Speed: 28.97 samples/sec	Train-accuracy=0.550000
2017-05-30 09:59:25,989 Epoch[0] Batch [120]	Speed: 29.04 samples/sec	Train-accuracy=0.533333
2017-05-30 09:59:34,266 Epoch[0] Batch [130]	Speed: 29.00 samples/sec	Train-accuracy=0.483333
2017-05-30 09:59:42,550 Epoch[0] Batch [140]	Speed: 28.97 samples/sec	Train-accuracy=0.583333
2017-05-30 09:59:50,839 Epoch[0] Batch [150]	Speed: 28.96 samples/sec	Train-accuracy=0.537500
2017-05-30 09:59:59,132 Epoch[0] Batch [160]	Speed: 28.94 samples/sec	Train-accuracy=0.541667
2017-05-30 10:00:07,448 Epoch[0] Batch [170]	Speed: 28.86 samples/sec	Train-accuracy=0.558333
2017-05-30 10:00:15,721 Epoch[0] Batch [180]	Speed: 29.01 samples/sec	Train-accuracy=0.504167
2017-05-30 10:00:23,946 Epoch[0] Batch [190]	Speed: 29.18 samples/sec	Train-accuracy=0.491667
2017-05-30 10:00:32,206 Epoch[0] Batch [200]	Speed: 29.06 samples/sec	Train-accuracy=0.570833
2017-05-30 10:00:40,505 Epoch[0] Batch [210]	Speed: 28.92 samples/sec	Train-accuracy=0.550000
2017-05-30 10:00:48,775 Epoch[0] Batch [220]	Speed: 29.02 samples/sec	Train-accuracy=0.529167
2017-05-30 10:00:57,038 Epoch[0] Batch [230]	Speed: 29.05 samples/sec	Train-accuracy=0.533333
2017-05-30 10:01:05,325 Epoch[0] Batch [240]	Speed: 28.96 samples/sec	Train-accuracy=0.558333
2017-05-30 10:01:13,609 Epoch[0] Batch [250]	Speed: 28.97 samples/sec	Train-accuracy=0.562500
2017-05-30 10:01:21,905 Epoch[0] Batch [260]	Speed: 28.93 samples/sec	Train-accuracy=0.591667
2017-05-30 10:01:30,233 Epoch[0] Batch [270]	Speed: 28.83 samples/sec	Train-accuracy=0.575000
2017-05-30 10:01:38,486 Epoch[0] Batch [280]	Speed: 29.08 samples/sec	Train-accuracy=0.616667
2017-05-30 10:01:46,763 Epoch[0] Batch [290]	Speed: 29.00 samples/sec	Train-accuracy=0.558333
2017-05-30 10:01:55,059 Epoch[0] Batch [300]	Speed: 28.93 samples/sec	Train-accuracy=0.541667
2017-05-30 10:02:03,343 Epoch[0] Batch [310]	Speed: 28.97 samples/sec	Train-accuracy=0.562500
2017-05-30 10:02:11,671 Epoch[0] Batch [320]	Speed: 28.82 samples/sec	Train-accuracy=0.575000
2017-05-30 10:02:15,826 Epoch[0] Train-accuracy=0.591667
2017-05-30 10:02:15,826 Epoch[0] Time cost=285.410
2017-05-30 10:02:17,265 Saved checkpoint to "./resnet-152-lr-0.001/finetune-resnet-152-train-add-seg-224-lr-0.001-momentum-0.9-0001.params"
2017-05-30 10:02:22,444 Epoch[0] Validation-accuracy=0.578704
2017-05-30 10:02:31,007 Epoch[1] Batch [10]	Speed: 28.96 samples/sec	Train-accuracy=0.530303
2017-05-30 10:02:39,304 Epoch[1] Batch [20]	Speed: 28.93 samples/sec	Train-accuracy=0.508333
2017-05-30 10:02:47,565 Epoch[1] Batch [30]	Speed: 29.05 samples/sec	Train-accuracy=0.562500
2017-05-30 10:02:55,816 Epoch[1] Batch [40]	Speed: 29.09 samples/sec	Train-accuracy=0.541667
2017-05-30 10:03:04,090 Epoch[1] Batch [50]	Speed: 29.01 samples/sec	Train-accuracy=0.495833
2017-05-30 10:03:12,354 Epoch[1] Batch [60]	Speed: 29.04 samples/sec	Train-accuracy=0.558333
2017-05-30 10:03:20,596 Epoch[1] Batch [70]	Speed: 29.12 samples/sec	Train-accuracy=0.604167
2017-05-30 10:03:28,839 Epoch[1] Batch [80]	Speed: 29.12 samples/sec	Train-accuracy=0.575000
2017-05-30 10:03:37,081 Epoch[1] Batch [90]	Speed: 29.12 samples/sec	Train-accuracy=0.545833
2017-05-30 10:03:45,312 Epoch[1] Batch [100]	Speed: 29.16 samples/sec	Train-accuracy=0.629167
2017-05-30 10:03:53,578 Epoch[1] Batch [110]	Speed: 29.04 samples/sec	Train-accuracy=0.641667
2017-05-30 10:04:01,816 Epoch[1] Batch [120]	Speed: 29.14 samples/sec	Train-accuracy=0.575000
2017-05-30 10:04:10,075 Epoch[1] Batch [130]	Speed: 29.06 samples/sec	Train-accuracy=0.608333
2017-05-30 10:04:18,334 Epoch[1] Batch [140]	Speed: 29.06 samples/sec	Train-accuracy=0.616667
2017-05-30 10:04:26,588 Epoch[1] Batch [150]	Speed: 29.08 samples/sec	Train-accuracy=0.641667
2017-05-30 10:04:34,843 Epoch[1] Batch [160]	Speed: 29.07 samples/sec	Train-accuracy=0.558333
2017-05-30 10:04:43,123 Epoch[1] Batch [170]	Speed: 28.99 samples/sec	Train-accuracy=0.654167
2017-05-30 10:04:51,344 Epoch[1] Batch [180]	Speed: 29.19 samples/sec	Train-accuracy=0.516667
2017-05-30 10:04:59,608 Epoch[1] Batch [190]	Speed: 29.04 samples/sec	Train-accuracy=0.608333
2017-05-30 10:05:07,839 Epoch[1] Batch [200]	Speed: 29.16 samples/sec	Train-accuracy=0.616667
2017-05-30 10:05:16,095 Epoch[1] Batch [210]	Speed: 29.07 samples/sec	Train-accuracy=0.575000
2017-05-30 10:05:24,339 Epoch[1] Batch [220]	Speed: 29.11 samples/sec	Train-accuracy=0.587500
2017-05-30 10:05:32,597 Epoch[1] Batch [230]	Speed: 29.07 samples/sec	Train-accuracy=0.608333
2017-05-30 10:05:40,860 Epoch[1] Batch [240]	Speed: 29.05 samples/sec	Train-accuracy=0.583333
2017-05-30 10:05:49,102 Epoch[1] Batch [250]	Speed: 29.12 samples/sec	Train-accuracy=0.570833
2017-05-30 10:05:57,371 Epoch[1] Batch [260]	Speed: 29.03 samples/sec	Train-accuracy=0.620833
2017-05-30 10:06:05,621 Epoch[1] Batch [270]	Speed: 29.09 samples/sec	Train-accuracy=0.620833
2017-05-30 10:06:13,899 Epoch[1] Batch [280]	Speed: 28.99 samples/sec	Train-accuracy=0.620833
2017-05-30 10:06:22,133 Epoch[1] Batch [290]	Speed: 29.15 samples/sec	Train-accuracy=0.670833
2017-05-30 10:06:30,395 Epoch[1] Batch [300]	Speed: 29.05 samples/sec	Train-accuracy=0.620833
2017-05-30 10:06:38,659 Epoch[1] Batch [310]	Speed: 29.04 samples/sec	Train-accuracy=0.591667
2017-05-30 10:06:46,934 Epoch[1] Batch [320]	Speed: 29.00 samples/sec	Train-accuracy=0.645833
2017-05-30 10:06:50,245 Epoch[1] Train-accuracy=0.729167
2017-05-30 10:06:50,245 Epoch[1] Time cost=267.801
2017-05-30 10:06:51,622 Saved checkpoint to "./resnet-152-lr-0.001/finetune-resnet-152-train-add-seg-224-lr-0.001-momentum-0.9-0002.params"
2017-05-30 10:06:55,623 Epoch[1] Validation-accuracy=0.558824
2017-05-30 10:07:04,106 Epoch[2] Batch [10]	Speed: 29.22 samples/sec	Train-accuracy=0.678030
2017-05-30 10:07:12,366 Epoch[2] Batch [20]	Speed: 29.06 samples/sec	Train-accuracy=0.658333
2017-05-30 10:07:20,668 Epoch[2] Batch [30]	Speed: 28.91 samples/sec	Train-accuracy=0.620833
2017-05-30 10:07:28,911 Epoch[2] Batch [40]	Speed: 29.12 samples/sec	Train-accuracy=0.637500
2017-05-30 10:07:37,185 Epoch[2] Batch [50]	Speed: 29.01 samples/sec	Train-accuracy=0.562500
2017-05-30 10:07:45,421 Epoch[2] Batch [60]	Speed: 29.15 samples/sec	Train-accuracy=0.654167
2017-05-30 10:07:53,673 Epoch[2] Batch [70]	Speed: 29.08 samples/sec	Train-accuracy=0.612500
2017-05-30 10:08:01,933 Epoch[2] Batch [80]	Speed: 29.06 samples/sec	Train-accuracy=0.712500
2017-05-30 10:08:10,152 Epoch[2] Batch [90]	Speed: 29.20 samples/sec	Train-accuracy=0.625000
2017-05-30 10:08:18,377 Epoch[2] Batch [100]	Speed: 29.18 samples/sec	Train-accuracy=0.570833
2017-05-30 10:08:26,587 Epoch[2] Batch [110]	Speed: 29.23 samples/sec	Train-accuracy=0.683333
2017-05-30 10:08:34,839 Epoch[2] Batch [120]	Speed: 29.09 samples/sec	Train-accuracy=0.691667
2017-05-30 10:08:43,106 Epoch[2] Batch [130]	Speed: 29.03 samples/sec	Train-accuracy=0.704167
2017-05-30 10:08:51,349 Epoch[2] Batch [140]	Speed: 29.12 samples/sec	Train-accuracy=0.683333
2017-05-30 10:08:59,601 Epoch[2] Batch [150]	Speed: 29.09 samples/sec	Train-accuracy=0.650000
2017-05-30 10:09:07,853 Epoch[2] Batch [160]	Speed: 29.08 samples/sec	Train-accuracy=0.612500
2017-05-30 10:09:16,099 Epoch[2] Batch [170]	Speed: 29.11 samples/sec	Train-accuracy=0.645833
2017-05-30 10:09:24,332 Epoch[2] Batch [180]	Speed: 29.15 samples/sec	Train-accuracy=0.595833
2017-05-30 10:09:32,579 Epoch[2] Batch [190]	Speed: 29.10 samples/sec	Train-accuracy=0.658333
2017-05-30 10:09:40,829 Epoch[2] Batch [200]	Speed: 29.09 samples/sec	Train-accuracy=0.658333
2017-05-30 10:09:49,087 Epoch[2] Batch [210]	Speed: 29.06 samples/sec	Train-accuracy=0.662500
2017-05-30 10:09:57,325 Epoch[2] Batch [220]	Speed: 29.14 samples/sec	Train-accuracy=0.645833
2017-05-30 10:10:05,570 Epoch[2] Batch [230]	Speed: 29.11 samples/sec	Train-accuracy=0.666667
2017-05-30 10:10:13,812 Epoch[2] Batch [240]	Speed: 29.12 samples/sec	Train-accuracy=0.720833
2017-05-30 10:10:22,038 Epoch[2] Batch [250]	Speed: 29.18 samples/sec	Train-accuracy=0.716667
2017-05-30 10:10:30,284 Epoch[2] Batch [260]	Speed: 29.11 samples/sec	Train-accuracy=0.658333
2017-05-30 10:10:38,542 Epoch[2] Batch [270]	Speed: 29.06 samples/sec	Train-accuracy=0.733333
2017-05-30 10:10:46,805 Epoch[2] Batch [280]	Speed: 29.05 samples/sec	Train-accuracy=0.683333
2017-05-30 10:10:55,096 Epoch[2] Batch [290]	Speed: 28.95 samples/sec	Train-accuracy=0.700000
2017-05-30 10:11:03,367 Epoch[2] Batch [300]	Speed: 29.02 samples/sec	Train-accuracy=0.729167
2017-05-30 10:11:11,615 Epoch[2] Batch [310]	Speed: 29.10 samples/sec	Train-accuracy=0.683333
2017-05-30 10:11:19,886 Epoch[2] Batch [320]	Speed: 29.02 samples/sec	Train-accuracy=0.679167
2017-05-30 10:11:23,171 Epoch[2] Train-accuracy=0.666667
2017-05-30 10:11:23,171 Epoch[2] Time cost=267.548
2017-05-30 10:11:25,860 Saved checkpoint to "./resnet-152-lr-0.001/finetune-resnet-152-train-add-seg-224-lr-0.001-momentum-0.9-0003.params"
2017-05-30 10:11:29,920 Epoch[2] Validation-accuracy=0.676471
2017-05-30 10:11:38,472 Epoch[3] Batch [10]	Speed: 28.99 samples/sec	Train-accuracy=0.685606
2017-05-30 10:11:46,711 Epoch[3] Batch [20]	Speed: 29.13 samples/sec	Train-accuracy=0.708333
2017-05-30 10:11:54,960 Epoch[3] Batch [30]	Speed: 29.10 samples/sec	Train-accuracy=0.737500
2017-05-30 10:12:03,201 Epoch[3] Batch [40]	Speed: 29.13 samples/sec	Train-accuracy=0.691667
2017-05-30 10:12:11,431 Epoch[3] Batch [50]	Speed: 29.16 samples/sec	Train-accuracy=0.700000
2017-05-30 10:12:19,680 Epoch[3] Batch [60]	Speed: 29.10 samples/sec	Train-accuracy=0.779167
2017-05-30 10:12:27,986 Epoch[3] Batch [70]	Speed: 28.90 samples/sec	Train-accuracy=0.725000
2017-05-30 10:12:36,290 Epoch[3] Batch [80]	Speed: 28.90 samples/sec	Train-accuracy=0.729167
2017-05-30 10:12:44,551 Epoch[3] Batch [90]	Speed: 29.06 samples/sec	Train-accuracy=0.741667
2017-05-30 10:12:52,776 Epoch[3] Batch [100]	Speed: 29.18 samples/sec	Train-accuracy=0.691667
2017-05-30 10:13:01,058 Epoch[3] Batch [110]	Speed: 28.98 samples/sec	Train-accuracy=0.708333
2017-05-30 10:13:09,365 Epoch[3] Batch [120]	Speed: 28.89 samples/sec	Train-accuracy=0.750000
2017-05-30 10:13:17,606 Epoch[3] Batch [130]	Speed: 29.12 samples/sec	Train-accuracy=0.729167
2017-05-30 10:13:25,822 Epoch[3] Batch [140]	Speed: 29.21 samples/sec	Train-accuracy=0.720833
2017-05-30 10:13:34,110 Epoch[3] Batch [150]	Speed: 28.96 samples/sec	Train-accuracy=0.745833
2017-05-30 10:13:42,337 Epoch[3] Batch [160]	Speed: 29.17 samples/sec	Train-accuracy=0.720833
2017-05-30 10:13:50,572 Epoch[3] Batch [170]	Speed: 29.15 samples/sec	Train-accuracy=0.750000
2017-05-30 10:13:58,818 Epoch[3] Batch [180]	Speed: 29.11 samples/sec	Train-accuracy=0.725000
2017-05-30 10:14:07,028 Epoch[3] Batch [190]	Speed: 29.24 samples/sec	Train-accuracy=0.737500
2017-05-30 10:14:15,286 Epoch[3] Batch [200]	Speed: 29.06 samples/sec	Train-accuracy=0.725000
2017-05-30 10:14:23,556 Epoch[3] Batch [210]	Speed: 29.02 samples/sec	Train-accuracy=0.741667
2017-05-30 10:14:31,848 Epoch[3] Batch [220]	Speed: 28.95 samples/sec	Train-accuracy=0.733333
2017-05-30 10:14:40,116 Epoch[3] Batch [230]	Speed: 29.03 samples/sec	Train-accuracy=0.754167
2017-05-30 10:14:48,388 Epoch[3] Batch [240]	Speed: 29.02 samples/sec	Train-accuracy=0.775000
2017-05-30 10:14:56,816 Epoch[3] Batch [250]	Speed: 28.48 samples/sec	Train-accuracy=0.745833
2017-05-30 10:15:05,039 Epoch[3] Batch [260]	Speed: 29.19 samples/sec	Train-accuracy=0.766667
2017-05-30 10:15:13,269 Epoch[3] Batch [270]	Speed: 29.16 samples/sec	Train-accuracy=0.695833
2017-05-30 10:15:21,556 Epoch[3] Batch [280]	Speed: 28.96 samples/sec	Train-accuracy=0.766667
2017-05-30 10:15:29,831 Epoch[3] Batch [290]	Speed: 29.00 samples/sec	Train-accuracy=0.783333
2017-05-30 10:15:38,113 Epoch[3] Batch [300]	Speed: 28.98 samples/sec	Train-accuracy=0.720833
2017-05-30 10:15:46,577 Epoch[3] Batch [310]	Speed: 28.36 samples/sec	Train-accuracy=0.741667
2017-05-30 10:15:54,824 Epoch[3] Batch [320]	Speed: 29.10 samples/sec	Train-accuracy=0.770833
2017-05-30 10:15:58,127 Epoch[3] Train-accuracy=0.802083
2017-05-30 10:15:58,127 Epoch[3] Time cost=268.207
2017-05-30 10:15:59,970 Saved checkpoint to "./resnet-152-lr-0.001/finetune-resnet-152-train-add-seg-224-lr-0.001-momentum-0.9-0004.params"
2017-05-30 10:16:04,029 Epoch[3] Validation-accuracy=0.647059
2017-05-30 10:16:12,543 Epoch[4] Batch [10]	Speed: 29.12 samples/sec	Train-accuracy=0.757576
2017-05-30 10:16:20,809 Epoch[4] Batch [20]	Speed: 29.04 samples/sec	Train-accuracy=0.754167
2017-05-30 10:16:29,049 Epoch[4] Batch [30]	Speed: 29.13 samples/sec	Train-accuracy=0.800000
2017-05-30 10:16:37,285 Epoch[4] Batch [40]	Speed: 29.14 samples/sec	Train-accuracy=0.741667
2017-05-30 10:16:45,525 Epoch[4] Batch [50]	Speed: 29.13 samples/sec	Train-accuracy=0.775000
2017-05-30 10:16:53,780 Epoch[4] Batch [60]	Speed: 29.08 samples/sec	Train-accuracy=0.683333
2017-05-30 10:17:02,002 Epoch[4] Batch [70]	Speed: 29.19 samples/sec	Train-accuracy=0.750000
2017-05-30 10:17:10,255 Epoch[4] Batch [80]	Speed: 29.08 samples/sec	Train-accuracy=0.779167
2017-05-30 10:17:18,489 Epoch[4] Batch [90]	Speed: 29.15 samples/sec	Train-accuracy=0.775000
2017-05-30 10:17:26,770 Epoch[4] Batch [100]	Speed: 28.99 samples/sec	Train-accuracy=0.779167
2017-05-30 10:17:35,027 Epoch[4] Batch [110]	Speed: 29.07 samples/sec	Train-accuracy=0.808333
2017-05-30 10:17:43,241 Epoch[4] Batch [120]	Speed: 29.22 samples/sec	Train-accuracy=0.825000
2017-05-30 10:17:51,429 Epoch[4] Batch [130]	Speed: 29.31 samples/sec	Train-accuracy=0.779167
2017-05-30 10:17:59,603 Epoch[4] Batch [140]	Speed: 29.36 samples/sec	Train-accuracy=0.754167
2017-05-30 10:18:07,768 Epoch[4] Batch [150]	Speed: 29.40 samples/sec	Train-accuracy=0.820833
2017-05-30 10:18:15,949 Epoch[4] Batch [160]	Speed: 29.34 samples/sec	Train-accuracy=0.754167
2017-05-30 10:18:24,109 Epoch[4] Batch [170]	Speed: 29.41 samples/sec	Train-accuracy=0.800000
2017-05-30 10:18:32,274 Epoch[4] Batch [180]	Speed: 29.40 samples/sec	Train-accuracy=0.791667
2017-05-30 10:18:40,455 Epoch[4] Batch [190]	Speed: 29.34 samples/sec	Train-accuracy=0.820833
2017-05-30 10:18:48,633 Epoch[4] Batch [200]	Speed: 29.35 samples/sec	Train-accuracy=0.754167
2017-05-30 10:18:56,801 Epoch[4] Batch [210]	Speed: 29.38 samples/sec	Train-accuracy=0.791667
2017-05-30 10:19:04,969 Epoch[4] Batch [220]	Speed: 29.38 samples/sec	Train-accuracy=0.754167
2017-05-30 10:19:13,163 Epoch[4] Batch [230]	Speed: 29.29 samples/sec	Train-accuracy=0.791667
2017-05-30 10:19:21,335 Epoch[4] Batch [240]	Speed: 29.37 samples/sec	Train-accuracy=0.804167
2017-05-30 10:19:29,507 Epoch[4] Batch [250]	Speed: 29.37 samples/sec	Train-accuracy=0.808333
2017-05-30 10:19:37,681 Epoch[4] Batch [260]	Speed: 29.36 samples/sec	Train-accuracy=0.841667
2017-05-30 10:19:45,877 Epoch[4] Batch [270]	Speed: 29.28 samples/sec	Train-accuracy=0.808333
2017-05-30 10:19:54,079 Epoch[4] Batch [280]	Speed: 29.26 samples/sec	Train-accuracy=0.804167
2017-05-30 10:20:02,272 Epoch[4] Batch [290]	Speed: 29.30 samples/sec	Train-accuracy=0.791667
2017-05-30 10:20:10,456 Epoch[4] Batch [300]	Speed: 29.33 samples/sec	Train-accuracy=0.825000
2017-05-30 10:20:18,628 Epoch[4] Batch [310]	Speed: 29.37 samples/sec	Train-accuracy=0.812500
2017-05-30 10:20:26,811 Epoch[4] Batch [320]	Speed: 29.33 samples/sec	Train-accuracy=0.845833
2017-05-30 10:20:30,076 Epoch[4] Train-accuracy=0.833333
2017-05-30 10:20:30,076 Epoch[4] Time cost=266.047
2017-05-30 10:20:31,768 Saved checkpoint to "./resnet-152-lr-0.001/finetune-resnet-152-train-add-seg-224-lr-0.001-momentum-0.9-0005.params"
2017-05-30 10:20:35,726 Epoch[4] Validation-accuracy=0.642157
2017-05-30 10:20:44,171 Epoch[5] Batch [10]	Speed: 29.36 samples/sec	Train-accuracy=0.806818
2017-05-30 10:20:52,340 Epoch[5] Batch [20]	Speed: 29.38 samples/sec	Train-accuracy=0.816667
2017-05-30 10:21:00,501 Epoch[5] Batch [30]	Speed: 29.41 samples/sec	Train-accuracy=0.833333
2017-05-30 10:21:08,661 Epoch[5] Batch [40]	Speed: 29.41 samples/sec	Train-accuracy=0.841667
2017-05-30 10:21:16,819 Epoch[5] Batch [50]	Speed: 29.42 samples/sec	Train-accuracy=0.854167
2017-05-30 10:21:25,001 Epoch[5] Batch [60]	Speed: 29.33 samples/sec	Train-accuracy=0.816667
2017-05-30 10:21:33,247 Epoch[5] Batch [70]	Speed: 29.11 samples/sec	Train-accuracy=0.833333
2017-05-30 10:21:41,498 Epoch[5] Batch [80]	Speed: 29.09 samples/sec	Train-accuracy=0.845833
2017-05-30 10:21:49,723 Epoch[5] Batch [90]	Speed: 29.18 samples/sec	Train-accuracy=0.791667
2017-05-30 10:21:57,975 Epoch[5] Batch [100]	Speed: 29.08 samples/sec	Train-accuracy=0.837500
2017-05-30 10:22:06,216 Epoch[5] Batch [110]	Speed: 29.13 samples/sec	Train-accuracy=0.829167
2017-05-30 10:22:14,474 Epoch[5] Batch [120]	Speed: 29.06 samples/sec	Train-accuracy=0.841667
2017-05-30 10:22:22,720 Epoch[5] Batch [130]	Speed: 29.11 samples/sec	Train-accuracy=0.833333
2017-05-30 10:22:30,962 Epoch[5] Batch [140]	Speed: 29.12 samples/sec	Train-accuracy=0.816667
2017-05-30 10:22:39,186 Epoch[5] Batch [150]	Speed: 29.18 samples/sec	Train-accuracy=0.887500
2017-05-30 10:22:47,417 Epoch[5] Batch [160]	Speed: 29.16 samples/sec	Train-accuracy=0.837500
2017-05-30 10:22:55,664 Epoch[5] Batch [170]	Speed: 29.10 samples/sec	Train-accuracy=0.804167
2017-05-30 10:23:03,887 Epoch[5] Batch [180]	Speed: 29.19 samples/sec	Train-accuracy=0.850000
2017-05-30 10:23:12,089 Epoch[5] Batch [190]	Speed: 29.26 samples/sec	Train-accuracy=0.837500
2017-05-30 10:23:20,271 Epoch[5] Batch [200]	Speed: 29.33 samples/sec	Train-accuracy=0.837500
2017-05-30 10:23:28,456 Epoch[5] Batch [210]	Speed: 29.32 samples/sec	Train-accuracy=0.858333
2017-05-30 10:23:36,633 Epoch[5] Batch [220]	Speed: 29.36 samples/sec	Train-accuracy=0.850000
2017-05-30 10:23:44,840 Epoch[5] Batch [230]	Speed: 29.24 samples/sec	Train-accuracy=0.820833
2017-05-30 10:23:53,051 Epoch[5] Batch [240]	Speed: 29.23 samples/sec	Train-accuracy=0.812500
2017-05-30 10:24:01,254 Epoch[5] Batch [250]	Speed: 29.26 samples/sec	Train-accuracy=0.837500
2017-05-30 10:24:09,491 Epoch[5] Batch [260]	Speed: 29.14 samples/sec	Train-accuracy=0.845833
2017-05-30 10:24:17,736 Epoch[5] Batch [270]	Speed: 29.11 samples/sec	Train-accuracy=0.895833
2017-05-30 10:24:26,016 Epoch[5] Batch [280]	Speed: 28.99 samples/sec	Train-accuracy=0.895833
2017-05-30 10:24:34,251 Epoch[5] Batch [290]	Speed: 29.15 samples/sec	Train-accuracy=0.845833
2017-05-30 10:24:42,511 Epoch[5] Batch [300]	Speed: 29.06 samples/sec	Train-accuracy=0.900000
2017-05-30 10:24:50,730 Epoch[5] Batch [310]	Speed: 29.21 samples/sec	Train-accuracy=0.895833
2017-05-30 10:24:59,013 Epoch[5] Batch [320]	Speed: 28.98 samples/sec	Train-accuracy=0.845833
2017-05-30 10:25:02,323 Epoch[5] Train-accuracy=0.854167
2017-05-30 10:25:02,324 Epoch[5] Time cost=266.597
2017-05-30 10:25:03,677 Saved checkpoint to "./resnet-152-lr-0.001/finetune-resnet-152-train-add-seg-224-lr-0.001-momentum-0.9-0006.params"
2017-05-30 10:25:07,770 Epoch[5] Validation-accuracy=0.691176
2017-05-30 10:25:16,313 Epoch[6] Batch [10]	Speed: 29.03 samples/sec	Train-accuracy=0.863636
2017-05-30 10:25:24,706 Epoch[6] Batch [20]	Speed: 28.60 samples/sec	Train-accuracy=0.895833
2017-05-30 10:25:32,951 Epoch[6] Batch [30]	Speed: 29.11 samples/sec	Train-accuracy=0.866667
2017-05-30 10:25:41,176 Epoch[6] Batch [40]	Speed: 29.18 samples/sec	Train-accuracy=0.866667
2017-05-30 10:25:49,375 Epoch[6] Batch [50]	Speed: 29.27 samples/sec	Train-accuracy=0.870833
2017-05-30 10:25:57,595 Epoch[6] Batch [60]	Speed: 29.20 samples/sec	Train-accuracy=0.850000
2017-05-30 10:26:05,828 Epoch[6] Batch [70]	Speed: 29.16 samples/sec	Train-accuracy=0.875000
2017-05-30 10:26:14,057 Epoch[6] Batch [80]	Speed: 29.17 samples/sec	Train-accuracy=0.858333
2017-05-30 10:26:22,277 Epoch[6] Batch [90]	Speed: 29.20 samples/sec	Train-accuracy=0.850000
2017-05-30 10:26:30,525 Epoch[6] Batch [100]	Speed: 29.10 samples/sec	Train-accuracy=0.895833
2017-05-30 10:26:38,769 Epoch[6] Batch [110]	Speed: 29.11 samples/sec	Train-accuracy=0.870833
2017-05-30 10:26:47,011 Epoch[6] Batch [120]	Speed: 29.12 samples/sec	Train-accuracy=0.895833
2017-05-30 10:26:55,248 Epoch[6] Batch [130]	Speed: 29.14 samples/sec	Train-accuracy=0.875000
2017-05-30 10:27:03,496 Epoch[6] Batch [140]	Speed: 29.10 samples/sec	Train-accuracy=0.925000
2017-05-30 10:27:11,746 Epoch[6] Batch [150]	Speed: 29.09 samples/sec	Train-accuracy=0.858333
2017-05-30 10:27:20,010 Epoch[6] Batch [160]	Speed: 29.04 samples/sec	Train-accuracy=0.866667
2017-05-30 10:27:28,265 Epoch[6] Batch [170]	Speed: 29.07 samples/sec	Train-accuracy=0.904167
2017-05-30 10:27:36,525 Epoch[6] Batch [180]	Speed: 29.06 samples/sec	Train-accuracy=0.862500
2017-05-30 10:27:44,776 Epoch[6] Batch [190]	Speed: 29.09 samples/sec	Train-accuracy=0.883333
2017-05-30 10:27:53,031 Epoch[6] Batch [200]	Speed: 29.07 samples/sec	Train-accuracy=0.912500
2017-05-30 10:28:01,288 Epoch[6] Batch [210]	Speed: 29.07 samples/sec	Train-accuracy=0.895833
2017-05-30 10:28:09,545 Epoch[6] Batch [220]	Speed: 29.07 samples/sec	Train-accuracy=0.829167
2017-05-30 10:28:17,785 Epoch[6] Batch [230]	Speed: 29.13 samples/sec	Train-accuracy=0.875000
2017-05-30 10:28:26,003 Epoch[6] Batch [240]	Speed: 29.21 samples/sec	Train-accuracy=0.850000
2017-05-30 10:28:34,243 Epoch[6] Batch [250]	Speed: 29.13 samples/sec	Train-accuracy=0.820833
2017-05-30 10:28:42,503 Epoch[6] Batch [260]	Speed: 29.06 samples/sec	Train-accuracy=0.900000
2017-05-30 10:28:50,770 Epoch[6] Batch [270]	Speed: 29.03 samples/sec	Train-accuracy=0.879167
2017-05-30 10:28:59,045 Epoch[6] Batch [280]	Speed: 29.01 samples/sec	Train-accuracy=0.883333
2017-05-30 10:29:07,282 Epoch[6] Batch [290]	Speed: 29.14 samples/sec	Train-accuracy=0.883333
2017-05-30 10:29:15,520 Epoch[6] Batch [300]	Speed: 29.14 samples/sec	Train-accuracy=0.858333
2017-05-30 10:29:23,744 Epoch[6] Batch [310]	Speed: 29.18 samples/sec	Train-accuracy=0.887500
2017-05-30 10:29:31,975 Epoch[6] Batch [320]	Speed: 29.16 samples/sec	Train-accuracy=0.879167
2017-05-30 10:29:35,281 Epoch[6] Train-accuracy=0.833333
2017-05-30 10:29:35,282 Epoch[6] Time cost=267.511
2017-05-30 10:29:36,644 Saved checkpoint to "./resnet-152-lr-0.001/finetune-resnet-152-train-add-seg-224-lr-0.001-momentum-0.9-0007.params"
2017-05-30 10:29:40,730 Epoch[6] Validation-accuracy=0.718137
2017-05-30 10:29:49,258 Epoch[7] Batch [10]	Speed: 29.10 samples/sec	Train-accuracy=0.912879
2017-05-30 10:29:57,498 Epoch[7] Batch [20]	Speed: 29.13 samples/sec	Train-accuracy=0.858333
2017-05-30 10:30:05,745 Epoch[7] Batch [30]	Speed: 29.10 samples/sec	Train-accuracy=0.904167
2017-05-30 10:30:13,991 Epoch[7] Batch [40]	Speed: 29.11 samples/sec	Train-accuracy=0.858333
2017-05-30 10:30:22,254 Epoch[7] Batch [50]	Speed: 29.05 samples/sec	Train-accuracy=0.875000
2017-05-30 10:30:30,513 Epoch[7] Batch [60]	Speed: 29.06 samples/sec	Train-accuracy=0.858333
2017-05-30 10:30:38,785 Epoch[7] Batch [70]	Speed: 29.02 samples/sec	Train-accuracy=0.891667
2017-05-30 10:30:47,025 Epoch[7] Batch [80]	Speed: 29.13 samples/sec	Train-accuracy=0.883333
2017-05-30 10:30:55,276 Epoch[7] Batch [90]	Speed: 29.09 samples/sec	Train-accuracy=0.925000
2017-05-30 10:31:03,550 Epoch[7] Batch [100]	Speed: 29.01 samples/sec	Train-accuracy=0.870833
2017-05-30 10:31:11,793 Epoch[7] Batch [110]	Speed: 29.12 samples/sec	Train-accuracy=0.891667
2017-05-30 10:31:20,037 Epoch[7] Batch [120]	Speed: 29.11 samples/sec	Train-accuracy=0.904167
2017-05-30 10:31:28,324 Epoch[7] Batch [130]	Speed: 28.96 samples/sec	Train-accuracy=0.895833
2017-05-30 10:31:36,548 Epoch[7] Batch [140]	Speed: 29.19 samples/sec	Train-accuracy=0.891667
2017-05-30 10:31:44,754 Epoch[7] Batch [150]	Speed: 29.25 samples/sec	Train-accuracy=0.895833
2017-05-30 10:31:53,007 Epoch[7] Batch [160]	Speed: 29.11 samples/sec	Train-accuracy=0.858333
2017-05-30 10:32:01,271 Epoch[7] Batch [170]	Speed: 29.04 samples/sec	Train-accuracy=0.900000
2017-05-30 10:32:09,525 Epoch[7] Batch [180]	Speed: 29.08 samples/sec	Train-accuracy=0.854167
2017-05-30 10:32:17,771 Epoch[7] Batch [190]	Speed: 29.11 samples/sec	Train-accuracy=0.870833
2017-05-30 10:32:26,013 Epoch[7] Batch [200]	Speed: 29.12 samples/sec	Train-accuracy=0.883333
2017-05-30 10:32:34,277 Epoch[7] Batch [210]	Speed: 29.04 samples/sec	Train-accuracy=0.870833
2017-05-30 10:32:42,535 Epoch[7] Batch [220]	Speed: 29.06 samples/sec	Train-accuracy=0.929167
2017-05-30 10:32:50,816 Epoch[7] Batch [230]	Speed: 28.98 samples/sec	Train-accuracy=0.895833
2017-05-30 10:32:59,053 Epoch[7] Batch [240]	Speed: 29.14 samples/sec	Train-accuracy=0.929167
2017-05-30 10:33:07,287 Epoch[7] Batch [250]	Speed: 29.15 samples/sec	Train-accuracy=0.912500
2017-05-30 10:33:15,537 Epoch[7] Batch [260]	Speed: 29.09 samples/sec	Train-accuracy=0.891667
2017-05-30 10:33:23,787 Epoch[7] Batch [270]	Speed: 29.09 samples/sec	Train-accuracy=0.875000
2017-05-30 10:33:32,039 Epoch[7] Batch [280]	Speed: 29.09 samples/sec	Train-accuracy=0.895833
2017-05-30 10:33:40,296 Epoch[7] Batch [290]	Speed: 29.07 samples/sec	Train-accuracy=0.916667
2017-05-30 10:33:48,591 Epoch[7] Batch [300]	Speed: 28.94 samples/sec	Train-accuracy=0.920833
2017-05-30 10:33:56,792 Epoch[7] Batch [310]	Speed: 29.26 samples/sec	Train-accuracy=0.891667
2017-05-30 10:34:05,066 Epoch[7] Batch [320]	Speed: 29.01 samples/sec	Train-accuracy=0.887500
2017-05-30 10:34:08,376 Epoch[7] Train-accuracy=0.927083
2017-05-30 10:34:08,377 Epoch[7] Time cost=267.646
2017-05-30 10:34:09,415 Saved checkpoint to "./resnet-152-lr-0.001/finetune-resnet-152-train-add-seg-224-lr-0.001-momentum-0.9-0008.params"
2017-05-30 10:34:13,469 Epoch[7] Validation-accuracy=0.703431
2017-05-30 10:34:21,991 Epoch[8] Batch [10]	Speed: 29.09 samples/sec	Train-accuracy=0.905303
2017-05-30 10:34:30,252 Epoch[8] Batch [20]	Speed: 29.05 samples/sec	Train-accuracy=0.900000
2017-05-30 10:34:38,486 Epoch[8] Batch [30]	Speed: 29.15 samples/sec	Train-accuracy=0.912500
2017-05-30 10:34:46,745 Epoch[8] Batch [40]	Speed: 29.06 samples/sec	Train-accuracy=0.895833
2017-05-30 10:34:55,001 Epoch[8] Batch [50]	Speed: 29.07 samples/sec	Train-accuracy=0.929167
2017-05-30 10:35:03,233 Epoch[8] Batch [60]	Speed: 29.15 samples/sec	Train-accuracy=0.920833
2017-05-30 10:35:11,492 Epoch[8] Batch [70]	Speed: 29.06 samples/sec	Train-accuracy=0.916667
2017-05-30 10:35:19,743 Epoch[8] Batch [80]	Speed: 29.09 samples/sec	Train-accuracy=0.920833
2017-05-30 10:35:27,983 Epoch[8] Batch [90]	Speed: 29.13 samples/sec	Train-accuracy=0.895833
2017-05-30 10:35:36,264 Epoch[8] Batch [100]	Speed: 28.99 samples/sec	Train-accuracy=0.908333
2017-05-30 10:35:44,479 Epoch[8] Batch [110]	Speed: 29.21 samples/sec	Train-accuracy=0.970833
2017-05-30 10:35:52,698 Epoch[8] Batch [120]	Speed: 29.20 samples/sec	Train-accuracy=0.887500
2017-05-30 10:36:00,913 Epoch[8] Batch [130]	Speed: 29.22 samples/sec	Train-accuracy=0.900000
2017-05-30 10:36:09,115 Epoch[8] Batch [140]	Speed: 29.26 samples/sec	Train-accuracy=0.908333
2017-05-30 10:36:17,352 Epoch[8] Batch [150]	Speed: 29.14 samples/sec	Train-accuracy=0.904167
2017-05-30 10:36:25,538 Epoch[8] Batch [160]	Speed: 29.32 samples/sec	Train-accuracy=0.912500
2017-05-30 10:36:33,720 Epoch[8] Batch [170]	Speed: 29.34 samples/sec	Train-accuracy=0.937500
2017-05-30 10:36:41,917 Epoch[8] Batch [180]	Speed: 29.28 samples/sec	Train-accuracy=0.925000
2017-05-30 10:36:50,117 Epoch[8] Batch [190]	Speed: 29.27 samples/sec	Train-accuracy=0.900000
2017-05-30 10:36:58,329 Epoch[8] Batch [200]	Speed: 29.23 samples/sec	Train-accuracy=0.941667
2017-05-30 10:37:06,533 Epoch[8] Batch [210]	Speed: 29.26 samples/sec	Train-accuracy=0.887500
2017-05-30 10:37:14,712 Epoch[8] Batch [220]	Speed: 29.34 samples/sec	Train-accuracy=0.879167
2017-05-30 10:37:22,891 Epoch[8] Batch [230]	Speed: 29.35 samples/sec	Train-accuracy=0.904167
2017-05-30 10:37:31,076 Epoch[8] Batch [240]	Speed: 29.32 samples/sec	Train-accuracy=0.937500
2017-05-30 10:37:39,270 Epoch[8] Batch [250]	Speed: 29.29 samples/sec	Train-accuracy=0.879167
2017-05-30 10:37:47,440 Epoch[8] Batch [260]	Speed: 29.38 samples/sec	Train-accuracy=0.933333
2017-05-30 10:37:55,647 Epoch[8] Batch [270]	Speed: 29.25 samples/sec	Train-accuracy=0.900000
2017-05-30 10:38:03,849 Epoch[8] Batch [280]	Speed: 29.26 samples/sec	Train-accuracy=0.929167
2017-05-30 10:38:12,058 Epoch[8] Batch [290]	Speed: 29.24 samples/sec	Train-accuracy=0.920833
2017-05-30 10:38:20,245 Epoch[8] Batch [300]	Speed: 29.32 samples/sec	Train-accuracy=0.920833
2017-05-30 10:38:28,662 Epoch[8] Batch [310]	Speed: 28.52 samples/sec	Train-accuracy=0.912500
2017-05-30 10:38:36,824 Epoch[8] Batch [320]	Speed: 29.40 samples/sec	Train-accuracy=0.920833
2017-05-30 10:38:40,088 Epoch[8] Train-accuracy=0.875000
2017-05-30 10:38:40,088 Epoch[8] Time cost=266.618
2017-05-30 10:38:41,120 Saved checkpoint to "./resnet-152-lr-0.001/finetune-resnet-152-train-add-seg-224-lr-0.001-momentum-0.9-0009.params"
2017-05-30 10:38:45,450 Epoch[8] Validation-accuracy=0.699074
2017-05-30 10:38:53,929 Epoch[9] Batch [10]	Speed: 29.25 samples/sec	Train-accuracy=0.928030
2017-05-30 10:39:02,152 Epoch[9] Batch [20]	Speed: 29.19 samples/sec	Train-accuracy=0.933333
2017-05-30 10:39:10,352 Epoch[9] Batch [30]	Speed: 29.27 samples/sec	Train-accuracy=0.929167
2017-05-30 10:39:18,550 Epoch[9] Batch [40]	Speed: 29.28 samples/sec	Train-accuracy=0.920833
2017-05-30 10:39:26,772 Epoch[9] Batch [50]	Speed: 29.19 samples/sec	Train-accuracy=0.933333
2017-05-30 10:39:35,001 Epoch[9] Batch [60]	Speed: 29.17 samples/sec	Train-accuracy=0.929167
2017-05-30 10:39:43,201 Epoch[9] Batch [70]	Speed: 29.27 samples/sec	Train-accuracy=0.908333
2017-05-30 10:39:51,437 Epoch[9] Batch [80]	Speed: 29.14 samples/sec	Train-accuracy=0.912500
2017-05-30 10:39:59,657 Epoch[9] Batch [90]	Speed: 29.20 samples/sec	Train-accuracy=0.925000
2017-05-30 10:40:07,885 Epoch[9] Batch [100]	Speed: 29.17 samples/sec	Train-accuracy=0.912500
2017-05-30 10:40:16,138 Epoch[9] Batch [110]	Speed: 29.08 samples/sec	Train-accuracy=0.900000
2017-05-30 10:40:24,371 Epoch[9] Batch [120]	Speed: 29.15 samples/sec	Train-accuracy=0.920833
2017-05-30 10:40:32,617 Epoch[9] Batch [130]	Speed: 29.11 samples/sec	Train-accuracy=0.920833
2017-05-30 10:40:40,887 Epoch[9] Batch [140]	Speed: 29.02 samples/sec	Train-accuracy=0.904167
2017-05-30 10:40:49,127 Epoch[9] Batch [150]	Speed: 29.13 samples/sec	Train-accuracy=0.920833
2017-05-30 10:40:57,403 Epoch[9] Batch [160]	Speed: 29.00 samples/sec	Train-accuracy=0.916667
2017-05-30 10:41:05,637 Epoch[9] Batch [170]	Speed: 29.15 samples/sec	Train-accuracy=0.908333
2017-05-30 10:41:13,901 Epoch[9] Batch [180]	Speed: 29.04 samples/sec	Train-accuracy=0.945833
2017-05-30 10:41:22,153 Epoch[9] Batch [190]	Speed: 29.08 samples/sec	Train-accuracy=0.925000
2017-05-30 10:41:30,400 Epoch[9] Batch [200]	Speed: 29.11 samples/sec	Train-accuracy=0.929167
2017-05-30 10:41:38,653 Epoch[9] Batch [210]	Speed: 29.08 samples/sec	Train-accuracy=0.920833
2017-05-30 10:41:46,860 Epoch[9] Batch [220]	Speed: 29.24 samples/sec	Train-accuracy=0.912500
2017-05-30 10:41:55,087 Epoch[9] Batch [230]	Speed: 29.18 samples/sec	Train-accuracy=0.925000
2017-05-30 10:42:03,339 Epoch[9] Batch [240]	Speed: 29.09 samples/sec	Train-accuracy=0.912500
2017-05-30 10:42:11,560 Epoch[9] Batch [250]	Speed: 29.19 samples/sec	Train-accuracy=0.879167
2017-05-30 10:42:19,821 Epoch[9] Batch [260]	Speed: 29.06 samples/sec	Train-accuracy=0.904167
2017-05-30 10:42:28,068 Epoch[9] Batch [270]	Speed: 29.10 samples/sec	Train-accuracy=0.929167
2017-05-30 10:42:36,304 Epoch[9] Batch [280]	Speed: 29.14 samples/sec	Train-accuracy=0.920833
2017-05-30 10:42:44,553 Epoch[9] Batch [290]	Speed: 29.10 samples/sec	Train-accuracy=0.929167
2017-05-30 10:42:52,792 Epoch[9] Batch [300]	Speed: 29.13 samples/sec	Train-accuracy=0.895833
2017-05-30 10:43:01,049 Epoch[9] Batch [310]	Speed: 29.07 samples/sec	Train-accuracy=0.912500
2017-05-30 10:43:09,288 Epoch[9] Batch [320]	Speed: 29.13 samples/sec	Train-accuracy=0.925000
2017-05-30 10:43:12,590 Epoch[9] Train-accuracy=0.958333
2017-05-30 10:43:12,590 Epoch[9] Time cost=267.139
2017-05-30 10:43:13,889 Saved checkpoint to "./resnet-152-lr-0.001/finetune-resnet-152-train-add-seg-224-lr-0.001-momentum-0.9-0010.params"
2017-05-30 10:43:17,955 Epoch[9] Validation-accuracy=0.713235
2017-05-30 10:43:26,500 Epoch[10] Batch [10]	Speed: 29.00 samples/sec	Train-accuracy=0.935606
2017-05-30 10:43:34,766 Epoch[10] Batch [20]	Speed: 29.04 samples/sec	Train-accuracy=0.954167
2017-05-30 10:43:42,986 Epoch[10] Batch [30]	Speed: 29.20 samples/sec	Train-accuracy=0.950000
2017-05-30 10:43:51,209 Epoch[10] Batch [40]	Speed: 29.19 samples/sec	Train-accuracy=0.925000
2017-05-30 10:43:59,454 Epoch[10] Batch [50]	Speed: 29.11 samples/sec	Train-accuracy=0.941667
2017-05-30 10:44:07,985 Epoch[10] Batch [60]	Speed: 28.13 samples/sec	Train-accuracy=0.916667
2017-05-30 10:44:16,213 Epoch[10] Batch [70]	Speed: 29.17 samples/sec	Train-accuracy=0.945833
2017-05-30 10:44:24,482 Epoch[10] Batch [80]	Speed: 29.03 samples/sec	Train-accuracy=0.912500
2017-05-30 10:44:32,728 Epoch[10] Batch [90]	Speed: 29.11 samples/sec	Train-accuracy=0.945833
2017-05-30 10:44:40,981 Epoch[10] Batch [100]	Speed: 29.08 samples/sec	Train-accuracy=0.945833
2017-05-30 10:44:49,224 Epoch[10] Batch [110]	Speed: 29.12 samples/sec	Train-accuracy=0.904167
2017-05-30 10:44:57,505 Epoch[10] Batch [120]	Speed: 28.99 samples/sec	Train-accuracy=0.925000
2017-05-30 10:45:05,783 Epoch[10] Batch [130]	Speed: 28.99 samples/sec	Train-accuracy=0.941667
2017-05-30 10:45:14,031 Epoch[10] Batch [140]	Speed: 29.10 samples/sec	Train-accuracy=0.950000
2017-05-30 10:45:22,277 Epoch[10] Batch [150]	Speed: 29.11 samples/sec	Train-accuracy=0.941667
2017-05-30 10:45:30,534 Epoch[10] Batch [160]	Speed: 29.07 samples/sec	Train-accuracy=0.916667
2017-05-30 10:45:38,787 Epoch[10] Batch [170]	Speed: 29.08 samples/sec	Train-accuracy=0.966667
2017-05-30 10:45:47,012 Epoch[10] Batch [180]	Speed: 29.18 samples/sec	Train-accuracy=0.954167
2017-05-30 10:45:55,242 Epoch[10] Batch [190]	Speed: 29.17 samples/sec	Train-accuracy=0.933333
2017-05-30 10:46:03,524 Epoch[10] Batch [200]	Speed: 28.98 samples/sec	Train-accuracy=0.958333
2017-05-30 10:46:11,784 Epoch[10] Batch [210]	Speed: 29.06 samples/sec	Train-accuracy=0.945833
2017-05-30 10:46:20,049 Epoch[10] Batch [220]	Speed: 29.04 samples/sec	Train-accuracy=0.954167
2017-05-30 10:46:28,305 Epoch[10] Batch [230]	Speed: 29.07 samples/sec	Train-accuracy=0.920833
2017-05-30 10:46:36,563 Epoch[10] Batch [240]	Speed: 29.07 samples/sec	Train-accuracy=0.945833
2017-05-30 10:46:44,773 Epoch[10] Batch [250]	Speed: 29.23 samples/sec	Train-accuracy=0.916667
2017-05-30 10:46:53,024 Epoch[10] Batch [260]	Speed: 29.09 samples/sec	Train-accuracy=0.929167
2017-05-30 10:47:01,300 Epoch[10] Batch [270]	Speed: 29.00 samples/sec	Train-accuracy=0.950000
2017-05-30 10:47:09,571 Epoch[10] Batch [280]	Speed: 29.02 samples/sec	Train-accuracy=0.945833
2017-05-30 10:47:17,837 Epoch[10] Batch [290]	Speed: 29.04 samples/sec	Train-accuracy=0.933333
2017-05-30 10:47:26,121 Epoch[10] Batch [300]	Speed: 28.97 samples/sec	Train-accuracy=0.916667
2017-05-30 10:47:34,363 Epoch[10] Batch [310]	Speed: 29.12 samples/sec	Train-accuracy=0.916667
2017-05-30 10:47:42,628 Epoch[10] Batch [320]	Speed: 29.04 samples/sec	Train-accuracy=0.933333
2017-05-30 10:47:45,968 Epoch[10] Train-accuracy=0.947917
2017-05-30 10:47:45,968 Epoch[10] Time cost=268.013
2017-05-30 10:47:47,068 Saved checkpoint to "./resnet-152-lr-0.001/finetune-resnet-152-train-add-seg-224-lr-0.001-momentum-0.9-0011.params"
2017-05-30 10:47:51,157 Epoch[10] Validation-accuracy=0.720588
2017-05-30 10:47:59,662 Epoch[11] Batch [10]	Speed: 29.16 samples/sec	Train-accuracy=0.958333
2017-05-30 10:48:07,895 Epoch[11] Batch [20]	Speed: 29.15 samples/sec	Train-accuracy=0.950000
2017-05-30 10:48:16,162 Epoch[11] Batch [30]	Speed: 29.03 samples/sec	Train-accuracy=0.950000
2017-05-30 10:48:24,406 Epoch[11] Batch [40]	Speed: 29.11 samples/sec	Train-accuracy=0.941667
2017-05-30 10:48:32,633 Epoch[11] Batch [50]	Speed: 29.17 samples/sec	Train-accuracy=0.933333
2017-05-30 10:48:40,877 Epoch[11] Batch [60]	Speed: 29.11 samples/sec	Train-accuracy=0.916667
2017-05-30 10:48:49,117 Epoch[11] Batch [70]	Speed: 29.13 samples/sec	Train-accuracy=0.912500
2017-05-30 10:48:57,355 Epoch[11] Batch [80]	Speed: 29.14 samples/sec	Train-accuracy=0.937500
2017-05-30 10:49:05,616 Epoch[11] Batch [90]	Speed: 29.06 samples/sec	Train-accuracy=0.929167
2017-05-30 10:49:13,860 Epoch[11] Batch [100]	Speed: 29.11 samples/sec	Train-accuracy=0.954167
2017-05-30 10:49:22,116 Epoch[11] Batch [110]	Speed: 29.07 samples/sec	Train-accuracy=0.937500
2017-05-30 10:49:30,392 Epoch[11] Batch [120]	Speed: 29.00 samples/sec	Train-accuracy=0.954167
2017-05-30 10:49:38,622 Epoch[11] Batch [130]	Speed: 29.17 samples/sec	Train-accuracy=0.929167
2017-05-30 10:49:46,815 Epoch[11] Batch [140]	Speed: 29.29 samples/sec	Train-accuracy=0.941667
2017-05-30 10:49:55,007 Epoch[11] Batch [150]	Speed: 29.30 samples/sec	Train-accuracy=0.920833
2017-05-30 10:50:03,188 Epoch[11] Batch [160]	Speed: 29.34 samples/sec	Train-accuracy=0.916667
2017-05-30 10:50:11,359 Epoch[11] Batch [170]	Speed: 29.38 samples/sec	Train-accuracy=0.958333
2017-05-30 10:50:19,536 Epoch[11] Batch [180]	Speed: 29.35 samples/sec	Train-accuracy=0.945833
2017-05-30 10:50:27,752 Epoch[11] Batch [190]	Speed: 29.22 samples/sec	Train-accuracy=0.887500
2017-05-30 10:50:35,930 Epoch[11] Batch [200]	Speed: 29.35 samples/sec	Train-accuracy=0.962500
2017-05-30 10:50:44,139 Epoch[11] Batch [210]	Speed: 29.24 samples/sec	Train-accuracy=0.958333
2017-05-30 10:50:52,345 Epoch[11] Batch [220]	Speed: 29.25 samples/sec	Train-accuracy=0.945833
2017-05-30 10:51:00,552 Epoch[11] Batch [230]	Speed: 29.24 samples/sec	Train-accuracy=0.954167
2017-05-30 10:51:08,746 Epoch[11] Batch [240]	Speed: 29.29 samples/sec	Train-accuracy=0.945833
2017-05-30 10:51:16,927 Epoch[11] Batch [250]	Speed: 29.34 samples/sec	Train-accuracy=0.954167
2017-05-30 10:51:25,101 Epoch[11] Batch [260]	Speed: 29.36 samples/sec	Train-accuracy=0.958333
2017-05-30 10:51:33,270 Epoch[11] Batch [270]	Speed: 29.38 samples/sec	Train-accuracy=0.966667
2017-05-30 10:51:41,440 Epoch[11] Batch [280]	Speed: 29.38 samples/sec	Train-accuracy=0.950000
2017-05-30 10:51:49,607 Epoch[11] Batch [290]	Speed: 29.39 samples/sec	Train-accuracy=0.970833
2017-05-30 10:51:57,776 Epoch[11] Batch [300]	Speed: 29.38 samples/sec	Train-accuracy=0.962500
2017-05-30 10:52:05,944 Epoch[11] Batch [310]	Speed: 29.39 samples/sec	Train-accuracy=0.954167
2017-05-30 10:52:14,110 Epoch[11] Batch [320]	Speed: 29.39 samples/sec	Train-accuracy=0.933333
2017-05-30 10:52:17,376 Epoch[11] Train-accuracy=0.937500
2017-05-30 10:52:17,376 Epoch[11] Time cost=266.219
2017-05-30 10:52:18,852 Saved checkpoint to "./resnet-152-lr-0.001/finetune-resnet-152-train-add-seg-224-lr-0.001-momentum-0.9-0012.params"
2017-05-30 10:52:22,816 Epoch[11] Validation-accuracy=0.698529
2017-05-30 10:52:31,257 Epoch[12] Batch [10]	Speed: 29.37 samples/sec	Train-accuracy=0.943182
2017-05-30 10:52:39,440 Epoch[12] Batch [20]	Speed: 29.33 samples/sec	Train-accuracy=0.966667
2017-05-30 10:52:47,622 Epoch[12] Batch [30]	Speed: 29.33 samples/sec	Train-accuracy=0.958333
2017-05-30 10:52:55,830 Epoch[12] Batch [40]	Speed: 29.24 samples/sec	Train-accuracy=0.945833
2017-05-30 10:53:04,023 Epoch[12] Batch [50]	Speed: 29.30 samples/sec	Train-accuracy=0.945833
2017-05-30 10:53:12,209 Epoch[12] Batch [60]	Speed: 29.32 samples/sec	Train-accuracy=0.937500
2017-05-30 10:53:20,382 Epoch[12] Batch [70]	Speed: 29.37 samples/sec	Train-accuracy=0.970833
2017-05-30 10:53:28,588 Epoch[12] Batch [80]	Speed: 29.25 samples/sec	Train-accuracy=0.937500
2017-05-30 10:53:36,985 Epoch[12] Batch [90]	Speed: 28.58 samples/sec	Train-accuracy=0.954167
2017-05-30 10:53:45,253 Epoch[12] Batch [100]	Speed: 29.03 samples/sec	Train-accuracy=0.945833
2017-05-30 10:53:53,489 Epoch[12] Batch [110]	Speed: 29.14 samples/sec	Train-accuracy=0.937500
2017-05-30 10:54:01,750 Epoch[12] Batch [120]	Speed: 29.06 samples/sec	Train-accuracy=0.933333
2017-05-30 10:54:09,997 Epoch[12] Batch [130]	Speed: 29.10 samples/sec	Train-accuracy=0.962500
2017-05-30 10:54:18,271 Epoch[12] Batch [140]	Speed: 29.01 samples/sec	Train-accuracy=0.925000
2017-05-30 10:54:26,530 Epoch[12] Batch [150]	Speed: 29.06 samples/sec	Train-accuracy=0.970833
2017-05-30 10:54:34,791 Epoch[12] Batch [160]	Speed: 29.05 samples/sec	Train-accuracy=0.945833
2017-05-30 10:54:43,054 Epoch[12] Batch [170]	Speed: 29.05 samples/sec	Train-accuracy=0.983333
2017-05-30 10:54:51,309 Epoch[12] Batch [180]	Speed: 29.08 samples/sec	Train-accuracy=0.945833
2017-05-30 10:54:59,563 Epoch[12] Batch [190]	Speed: 29.08 samples/sec	Train-accuracy=0.954167
2017-05-30 10:55:07,787 Epoch[12] Batch [200]	Speed: 29.19 samples/sec	Train-accuracy=0.954167
2017-05-30 10:55:16,031 Epoch[12] Batch [210]	Speed: 29.12 samples/sec	Train-accuracy=0.933333
2017-05-30 10:55:24,253 Epoch[12] Batch [220]	Speed: 29.19 samples/sec	Train-accuracy=0.950000
2017-05-30 10:55:32,486 Epoch[12] Batch [230]	Speed: 29.16 samples/sec	Train-accuracy=0.933333
2017-05-30 10:55:40,737 Epoch[12] Batch [240]	Speed: 29.09 samples/sec	Train-accuracy=0.950000
2017-05-30 10:55:48,999 Epoch[12] Batch [250]	Speed: 29.05 samples/sec	Train-accuracy=0.941667
2017-05-30 10:55:57,220 Epoch[12] Batch [260]	Speed: 29.20 samples/sec	Train-accuracy=0.958333
2017-05-30 10:56:05,467 Epoch[12] Batch [270]	Speed: 29.10 samples/sec	Train-accuracy=0.941667
2017-05-30 10:56:13,723 Epoch[12] Batch [280]	Speed: 29.07 samples/sec	Train-accuracy=0.970833
2017-05-30 10:56:21,978 Epoch[12] Batch [290]	Speed: 29.08 samples/sec	Train-accuracy=0.962500
2017-05-30 10:56:30,250 Epoch[12] Batch [300]	Speed: 29.02 samples/sec	Train-accuracy=0.966667
2017-05-30 10:56:38,496 Epoch[12] Batch [310]	Speed: 29.11 samples/sec	Train-accuracy=0.933333
2017-05-30 10:56:46,753 Epoch[12] Batch [320]	Speed: 29.07 samples/sec	Train-accuracy=0.941667
2017-05-30 10:56:50,064 Epoch[12] Train-accuracy=0.989583
2017-05-30 10:56:50,066 Epoch[12] Time cost=267.249
2017-05-30 10:56:51,169 Saved checkpoint to "./resnet-152-lr-0.001/finetune-resnet-152-train-add-seg-224-lr-0.001-momentum-0.9-0013.params"
2017-05-30 10:56:55,235 Epoch[12] Validation-accuracy=0.703431
2017-05-30 10:57:03,770 Epoch[13] Batch [10]	Speed: 29.07 samples/sec	Train-accuracy=0.939394
./run_finetune_script.sh: line 39:  4405 Terminated              python run_finetune.py './resnet-152-lr-0.001/./resnet-152' '0' './resnet-152-lr-0.001/finetune-resnet-152-train-add-seg-224-lr-0.001-momentum-0.9' '40'
