[inception-resnet-v2-101]
INFO:root:start with arguments Namespace(batch_size=24, benchmark=0, data_nthreads=4, data_train='./data/ccs-train-add-seg-224_train.rec', data_val='./data/ccs-train-add-seg-224_val.rec', disp_batches=20, dtype='float32', gpus='1', image_shape='3,224,224', kv_store='device', load_epoch=None, lr=0.01, lr_factor=0.1, lr_step_epochs='200,250', max_random_aspect_ratio=0, max_random_h=36, max_random_l=50, max_random_rotate_angle=0, max_random_s=50, max_random_scale=1, max_random_shear_ratio=0, min_random_scale=1, model_prefix='./models/inception-resnet-v2-101-train-add-seg-224-lr-0.01', mom=0.9, monitor=0, network='inception-resnet-v2', num_classes=3, num_epochs=150, num_examples=7804, num_layers=101, optimizer='sgd', pad_size=4, random_crop=1, random_mirror=1, rgb_mean='123.68,116.779,103.939', test_io=0, top_k=0, wd=0.0001)
[21:15:23] src/io/iter_image_recordio_2.cc:135: ImageRecordIOParser2: ./data/ccs-train-add-seg-224_train.rec, use 4 threads for decoding..
[21:15:28] src/io/iter_image_recordio_2.cc:135: ImageRecordIOParser2: ./data/ccs-train-add-seg-224_val.rec, use 4 threads for decoding..
INFO:root:Epoch[0] Batch [20]	Speed: 7.20 samples/sec	Train-accuracy=0.448413
INFO:root:Epoch[0] Batch [40]	Speed: 7.21 samples/sec	Train-accuracy=0.402083
INFO:root:Epoch[0] Batch [60]	Speed: 7.21 samples/sec	Train-accuracy=0.433333
INFO:root:Epoch[0] Batch [80]	Speed: 7.21 samples/sec	Train-accuracy=0.466667
INFO:root:Epoch[0] Batch [100]	Speed: 7.21 samples/sec	Train-accuracy=0.464583
INFO:root:Epoch[0] Batch [120]	Speed: 7.21 samples/sec	Train-accuracy=0.475000
INFO:root:Epoch[0] Batch [140]	Speed: 7.21 samples/sec	Train-accuracy=0.391667
INFO:root:Epoch[0] Batch [160]	Speed: 7.21 samples/sec	Train-accuracy=0.456250
INFO:root:Epoch[0] Batch [180]	Speed: 7.21 samples/sec	Train-accuracy=0.435417
INFO:root:Epoch[0] Batch [200]	Speed: 7.21 samples/sec	Train-accuracy=0.450000
INFO:root:Epoch[0] Batch [220]	Speed: 7.21 samples/sec	Train-accuracy=0.495833
INFO:root:Epoch[0] Batch [240]	Speed: 7.21 samples/sec	Train-accuracy=0.458333
INFO:root:Epoch[0] Batch [260]	Speed: 7.21 samples/sec	Train-accuracy=0.502083
INFO:root:Epoch[0] Batch [280]	Speed: 7.21 samples/sec	Train-accuracy=0.520833
INFO:root:Epoch[0] Batch [300]	Speed: 7.21 samples/sec	Train-accuracy=0.472917
INFO:root:Epoch[0] Batch [320]	Speed: 7.21 samples/sec	Train-accuracy=0.489583
INFO:root:Epoch[0] Train-accuracy=0.558333
INFO:root:Epoch[0] Time cost=1087.548
INFO:root:Saved checkpoint to "./models/inception-resnet-v2-101-train-add-seg-224-lr-0.01-0001.params"
INFO:root:Epoch[0] Validation-accuracy=0.472222
INFO:root:Epoch[1] Batch [20]	Speed: 7.21 samples/sec	Train-accuracy=0.450397
INFO:root:Epoch[1] Batch [40]	Speed: 7.21 samples/sec	Train-accuracy=0.508333
INFO:root:Epoch[1] Batch [60]	Speed: 7.21 samples/sec	Train-accuracy=0.427083
INFO:root:Epoch[1] Batch [80]	Speed: 7.21 samples/sec	Train-accuracy=0.470833
INFO:root:Epoch[1] Batch [100]	Speed: 7.21 samples/sec	Train-accuracy=0.466667
INFO:root:Epoch[1] Batch [120]	Speed: 7.22 samples/sec	Train-accuracy=0.504167
INFO:root:Epoch[1] Batch [140]	Speed: 7.21 samples/sec	Train-accuracy=0.512500
INFO:root:Epoch[1] Batch [160]	Speed: 7.21 samples/sec	Train-accuracy=0.443750
INFO:root:Epoch[1] Batch [180]	Speed: 7.21 samples/sec	Train-accuracy=0.506250
INFO:root:Epoch[1] Batch [200]	Speed: 7.21 samples/sec	Train-accuracy=0.545833
INFO:root:Epoch[1] Batch [220]	Speed: 7.21 samples/sec	Train-accuracy=0.450000
INFO:root:Epoch[1] Batch [240]	Speed: 7.21 samples/sec	Train-accuracy=0.491667
INFO:root:Epoch[1] Batch [260]	Speed: 7.21 samples/sec	Train-accuracy=0.497917
INFO:root:Epoch[1] Batch [280]	Speed: 7.22 samples/sec	Train-accuracy=0.504167
INFO:root:Epoch[1] Batch [300]	Speed: 7.21 samples/sec	Train-accuracy=0.533333
INFO:root:Epoch[1] Batch [320]	Speed: 7.21 samples/sec	Train-accuracy=0.537500
INFO:root:Epoch[1] Train-accuracy=0.427083
INFO:root:Epoch[1] Time cost=1079.282
INFO:root:Saved checkpoint to "./models/inception-resnet-v2-101-train-add-seg-224-lr-0.01-0002.params"
INFO:root:Epoch[1] Validation-accuracy=0.509804
INFO:root:Epoch[2] Batch [20]	Speed: 7.21 samples/sec	Train-accuracy=0.492063
INFO:root:Epoch[2] Batch [40]	Speed: 7.21 samples/sec	Train-accuracy=0.529167
INFO:root:Epoch[2] Batch [60]	Speed: 7.21 samples/sec	Train-accuracy=0.406250
INFO:root:Epoch[2] Batch [80]	Speed: 7.21 samples/sec	Train-accuracy=0.525000
INFO:root:Epoch[2] Batch [100]	Speed: 7.21 samples/sec	Train-accuracy=0.447917
INFO:root:Epoch[2] Batch [120]	Speed: 7.21 samples/sec	Train-accuracy=0.527083
INFO:root:Epoch[2] Batch [140]	Speed: 7.21 samples/sec	Train-accuracy=0.495833
INFO:root:Epoch[2] Batch [160]	Speed: 7.21 samples/sec	Train-accuracy=0.481250
INFO:root:Epoch[2] Batch [180]	Speed: 7.21 samples/sec	Train-accuracy=0.552083
INFO:root:Epoch[2] Batch [200]	Speed: 7.21 samples/sec	Train-accuracy=0.514583
INFO:root:Epoch[2] Batch [220]	Speed: 7.18 samples/sec	Train-accuracy=0.531250
INFO:root:Epoch[2] Batch [240]	Speed: 7.17 samples/sec	Train-accuracy=0.470833
INFO:root:Epoch[2] Batch [260]	Speed: 7.17 samples/sec	Train-accuracy=0.506250
INFO:root:Epoch[2] Batch [280]	Speed: 7.18 samples/sec	Train-accuracy=0.556250
INFO:root:Epoch[2] Batch [300]	Speed: 7.16 samples/sec	Train-accuracy=0.508333
INFO:root:Epoch[2] Batch [320]	Speed: 7.16 samples/sec	Train-accuracy=0.497917
INFO:root:Epoch[2] Train-accuracy=0.510417
INFO:root:Epoch[2] Time cost=1081.893
INFO:root:Saved checkpoint to "./models/inception-resnet-v2-101-train-add-seg-224-lr-0.01-0003.params"
INFO:root:Epoch[2] Validation-accuracy=0.514706
INFO:root:Epoch[3] Batch [20]	Speed: 7.17 samples/sec	Train-accuracy=0.492063
INFO:root:Epoch[3] Batch [40]	Speed: 7.17 samples/sec	Train-accuracy=0.495833
INFO:root:Epoch[3] Batch [60]	Speed: 7.17 samples/sec	Train-accuracy=0.485417
INFO:root:Epoch[3] Batch [80]	Speed: 7.17 samples/sec	Train-accuracy=0.481250
INFO:root:Epoch[3] Batch [100]	Speed: 7.18 samples/sec	Train-accuracy=0.541667
INFO:root:Epoch[3] Batch [120]	Speed: 7.19 samples/sec	Train-accuracy=0.510417
INFO:root:Epoch[3] Batch [140]	Speed: 7.20 samples/sec	Train-accuracy=0.518750
INFO:root:Epoch[3] Batch [160]	Speed: 7.19 samples/sec	Train-accuracy=0.485417
INFO:root:Epoch[3] Batch [180]	Speed: 7.19 samples/sec	Train-accuracy=0.518750
INFO:root:Epoch[3] Batch [200]	Speed: 7.18 samples/sec	Train-accuracy=0.518750
INFO:root:Epoch[3] Batch [220]	Speed: 7.18 samples/sec	Train-accuracy=0.485417
INFO:root:Epoch[3] Batch [240]	Speed: 7.17 samples/sec	Train-accuracy=0.525000
INFO:root:Epoch[3] Batch [260]	Speed: 7.18 samples/sec	Train-accuracy=0.504167
INFO:root:Epoch[3] Batch [280]	Speed: 7.18 samples/sec	Train-accuracy=0.495833
INFO:root:Epoch[3] Batch [300]	Speed: 7.18 samples/sec	Train-accuracy=0.529167
INFO:root:Epoch[3] Batch [320]	Speed: 7.17 samples/sec	Train-accuracy=0.500000
INFO:root:Epoch[3] Train-accuracy=0.572917
INFO:root:Epoch[3] Time cost=1084.157
INFO:root:Saved checkpoint to "./models/inception-resnet-v2-101-train-add-seg-224-lr-0.01-0004.params"
INFO:root:Epoch[3] Validation-accuracy=0.517157
INFO:root:Epoch[4] Batch [20]	Speed: 7.17 samples/sec	Train-accuracy=0.505952
INFO:root:Epoch[4] Batch [40]	Speed: 7.18 samples/sec	Train-accuracy=0.506250
INFO:root:Epoch[4] Batch [60]	Speed: 7.18 samples/sec	Train-accuracy=0.452083
INFO:root:Epoch[4] Batch [80]	Speed: 7.16 samples/sec	Train-accuracy=0.531250
INFO:root:Epoch[4] Batch [100]	Speed: 7.18 samples/sec	Train-accuracy=0.522917
INFO:root:Epoch[4] Batch [120]	Speed: 7.17 samples/sec	Train-accuracy=0.516667
INFO:root:Epoch[4] Batch [140]	Speed: 7.19 samples/sec	Train-accuracy=0.491667
INFO:root:Epoch[4] Batch [160]	Speed: 7.20 samples/sec	Train-accuracy=0.475000
INFO:root:Epoch[4] Batch [180]	Speed: 7.21 samples/sec	Train-accuracy=0.502083
INFO:root:Epoch[4] Batch [200]	Speed: 7.21 samples/sec	Train-accuracy=0.533333
INFO:root:Epoch[4] Batch [220]	Speed: 7.21 samples/sec	Train-accuracy=0.535417
INFO:root:Epoch[4] Batch [240]	Speed: 7.21 samples/sec	Train-accuracy=0.483333
INFO:root:Epoch[4] Batch [260]	Speed: 7.21 samples/sec	Train-accuracy=0.514583
INFO:root:Epoch[4] Batch [280]	Speed: 7.21 samples/sec	Train-accuracy=0.545833
INFO:root:Epoch[4] Batch [300]	Speed: 7.21 samples/sec	Train-accuracy=0.516667
INFO:root:Epoch[4] Batch [320]	Speed: 7.22 samples/sec	Train-accuracy=0.520833
INFO:root:Epoch[4] Train-accuracy=0.500000
INFO:root:Epoch[4] Time cost=1081.762
INFO:root:Saved checkpoint to "./models/inception-resnet-v2-101-train-add-seg-224-lr-0.01-0005.params"
INFO:root:Epoch[4] Validation-accuracy=0.514706
INFO:root:Epoch[5] Batch [20]	Speed: 7.21 samples/sec	Train-accuracy=0.458333
INFO:root:Epoch[5] Batch [40]	Speed: 7.21 samples/sec	Train-accuracy=0.518750
INFO:root:Epoch[5] Batch [60]	Speed: 7.21 samples/sec	Train-accuracy=0.508333
INFO:root:Epoch[5] Batch [80]	Speed: 7.21 samples/sec	Train-accuracy=0.545833
INFO:root:Epoch[5] Batch [100]	Speed: 7.21 samples/sec	Train-accuracy=0.497917
INFO:root:Epoch[5] Batch [120]	Speed: 7.21 samples/sec	Train-accuracy=0.518750
INFO:root:Epoch[5] Batch [140]	Speed: 7.21 samples/sec	Train-accuracy=0.518750
INFO:root:Epoch[5] Batch [160]	Speed: 7.21 samples/sec	Train-accuracy=0.525000
INFO:root:Epoch[5] Batch [180]	Speed: 7.21 samples/sec	Train-accuracy=0.522917
INFO:root:Epoch[5] Batch [200]	Speed: 7.21 samples/sec	Train-accuracy=0.514583
INFO:root:Epoch[5] Batch [220]	Speed: 7.22 samples/sec	Train-accuracy=0.518750
INFO:root:Epoch[5] Batch [240]	Speed: 7.21 samples/sec	Train-accuracy=0.512500
INFO:root:Epoch[5] Batch [260]	Speed: 7.21 samples/sec	Train-accuracy=0.537500
INFO:root:Epoch[5] Batch [280]	Speed: 7.21 samples/sec	Train-accuracy=0.568750
INFO:root:Epoch[5] Batch [300]	Speed: 7.21 samples/sec	Train-accuracy=0.504167
INFO:root:Epoch[5] Batch [320]	Speed: 7.22 samples/sec	Train-accuracy=0.554167
INFO:root:Epoch[5] Train-accuracy=0.437500
INFO:root:Epoch[5] Time cost=1079.106
INFO:root:Saved checkpoint to "./models/inception-resnet-v2-101-train-add-seg-224-lr-0.01-0006.params"
INFO:root:Epoch[5] Validation-accuracy=0.519608
INFO:root:Epoch[6] Batch [20]	Speed: 7.21 samples/sec	Train-accuracy=0.503968
INFO:root:Epoch[6] Batch [40]	Speed: 7.21 samples/sec	Train-accuracy=0.508333
INFO:root:Epoch[6] Batch [60]	Speed: 7.21 samples/sec	Train-accuracy=0.475000
INFO:root:Epoch[6] Batch [80]	Speed: 7.21 samples/sec	Train-accuracy=0.552083
INFO:root:Epoch[6] Batch [100]	Speed: 7.21 samples/sec	Train-accuracy=0.527083
INFO:root:Epoch[6] Batch [120]	Speed: 7.21 samples/sec	Train-accuracy=0.537500
INFO:root:Epoch[6] Batch [140]	Speed: 7.21 samples/sec	Train-accuracy=0.510417
INFO:root:Epoch[6] Batch [160]	Speed: 7.21 samples/sec	Train-accuracy=0.502083
INFO:root:Epoch[6] Batch [180]	Speed: 7.21 samples/sec	Train-accuracy=0.514583
INFO:root:Epoch[6] Batch [200]	Speed: 7.21 samples/sec	Train-accuracy=0.522917
INFO:root:Epoch[6] Batch [220]	Speed: 7.21 samples/sec	Train-accuracy=0.483333
INFO:root:Epoch[6] Batch [240]	Speed: 7.21 samples/sec	Train-accuracy=0.564583
INFO:root:Epoch[6] Batch [260]	Speed: 7.21 samples/sec	Train-accuracy=0.518750
INFO:root:Epoch[6] Batch [280]	Speed: 7.21 samples/sec	Train-accuracy=0.497917
INFO:root:Epoch[6] Batch [300]	Speed: 7.21 samples/sec	Train-accuracy=0.552083
INFO:root:Epoch[6] Batch [320]	Speed: 7.22 samples/sec	Train-accuracy=0.497917
INFO:root:Epoch[6] Train-accuracy=0.552083
INFO:root:Epoch[6] Time cost=1079.114
INFO:root:Saved checkpoint to "./models/inception-resnet-v2-101-train-add-seg-224-lr-0.01-0007.params"
INFO:root:Epoch[6] Validation-accuracy=0.495098
INFO:root:Epoch[7] Batch [20]	Speed: 7.21 samples/sec	Train-accuracy=0.501984
INFO:root:Epoch[7] Batch [40]	Speed: 7.22 samples/sec	Train-accuracy=0.516667
INFO:root:Epoch[7] Batch [60]	Speed: 7.21 samples/sec	Train-accuracy=0.533333
INFO:root:Epoch[7] Batch [80]	Speed: 7.21 samples/sec	Train-accuracy=0.533333
INFO:root:Epoch[7] Batch [100]	Speed: 7.21 samples/sec	Train-accuracy=0.497917
INFO:root:Epoch[7] Batch [120]	Speed: 7.21 samples/sec	Train-accuracy=0.479167
INFO:root:Epoch[7] Batch [140]	Speed: 7.21 samples/sec	Train-accuracy=0.572917
INFO:root:Epoch[7] Batch [160]	Speed: 7.21 samples/sec	Train-accuracy=0.510417
INFO:root:Epoch[7] Batch [180]	Speed: 7.22 samples/sec	Train-accuracy=0.525000
INFO:root:Epoch[7] Batch [200]	Speed: 7.21 samples/sec	Train-accuracy=0.518750
INFO:root:Epoch[7] Batch [220]	Speed: 7.21 samples/sec	Train-accuracy=0.522917
INFO:root:Epoch[7] Batch [240]	Speed: 7.21 samples/sec	Train-accuracy=0.545833
INFO:root:Epoch[7] Batch [260]	Speed: 7.21 samples/sec	Train-accuracy=0.550000
INFO:root:Epoch[7] Batch [280]	Speed: 7.21 samples/sec	Train-accuracy=0.568750
INFO:root:Epoch[7] Batch [300]	Speed: 7.21 samples/sec	Train-accuracy=0.506250
INFO:root:Epoch[7] Batch [320]	Speed: 7.22 samples/sec	Train-accuracy=0.502083
INFO:root:Epoch[7] Train-accuracy=0.510417
INFO:root:Epoch[7] Time cost=1079.071
INFO:root:Saved checkpoint to "./models/inception-resnet-v2-101-train-add-seg-224-lr-0.01-0008.params"
INFO:root:Epoch[7] Validation-accuracy=0.517157
INFO:root:Epoch[8] Batch [20]	Speed: 7.21 samples/sec	Train-accuracy=0.521825
INFO:root:Epoch[8] Batch [40]	Speed: 7.22 samples/sec	Train-accuracy=0.516667
INFO:root:Epoch[8] Batch [60]	Speed: 7.21 samples/sec	Train-accuracy=0.489583
INFO:root:Epoch[8] Batch [80]	Speed: 7.22 samples/sec	Train-accuracy=0.570833
INFO:root:Epoch[8] Batch [100]	Speed: 7.22 samples/sec	Train-accuracy=0.493750
INFO:root:Epoch[8] Batch [120]	Speed: 7.22 samples/sec	Train-accuracy=0.514583
INFO:root:Epoch[8] Batch [140]	Speed: 7.21 samples/sec	Train-accuracy=0.512500
INFO:root:Epoch[8] Batch [160]	Speed: 7.21 samples/sec	Train-accuracy=0.550000
INFO:root:Epoch[8] Batch [180]	Speed: 7.22 samples/sec	Train-accuracy=0.525000
INFO:root:Epoch[8] Batch [200]	Speed: 7.21 samples/sec	Train-accuracy=0.502083
INFO:root:Epoch[8] Batch [220]	Speed: 7.21 samples/sec	Train-accuracy=0.522917
INFO:root:Epoch[8] Batch [240]	Speed: 7.21 samples/sec	Train-accuracy=0.485417
INFO:root:Epoch[8] Batch [260]	Speed: 7.21 samples/sec	Train-accuracy=0.533333
INFO:root:Epoch[8] Batch [280]	Speed: 7.21 samples/sec	Train-accuracy=0.554167
INFO:root:Epoch[8] Batch [300]	Speed: 7.21 samples/sec	Train-accuracy=0.543750
INFO:root:Epoch[8] Batch [320]	Speed: 7.21 samples/sec	Train-accuracy=0.516667
INFO:root:Epoch[8] Train-accuracy=0.562500
INFO:root:Epoch[8] Time cost=1079.035
INFO:root:Saved checkpoint to "./models/inception-resnet-v2-101-train-add-seg-224-lr-0.01-0009.params"
INFO:root:Epoch[8] Validation-accuracy=0.516204
INFO:root:Epoch[9] Batch [20]	Speed: 7.21 samples/sec	Train-accuracy=0.501984
INFO:root:Epoch[9] Batch [40]	Speed: 7.21 samples/sec	Train-accuracy=0.514583
INFO:root:Epoch[9] Batch [60]	Speed: 7.21 samples/sec	Train-accuracy=0.500000
INFO:root:Epoch[9] Batch [80]	Speed: 7.21 samples/sec	Train-accuracy=0.516667
INFO:root:Epoch[9] Batch [100]	Speed: 7.22 samples/sec	Train-accuracy=0.504167
INFO:root:Epoch[9] Batch [120]	Speed: 7.22 samples/sec	Train-accuracy=0.506250
INFO:root:Epoch[9] Batch [140]	Speed: 7.21 samples/sec	Train-accuracy=0.514583
INFO:root:Epoch[9] Batch [160]	Speed: 7.21 samples/sec	Train-accuracy=0.508333
INFO:root:Epoch[9] Batch [180]	Speed: 7.21 samples/sec	Train-accuracy=0.531250
INFO:root:Epoch[9] Batch [200]	Speed: 7.21 samples/sec	Train-accuracy=0.550000
INFO:root:Epoch[9] Batch [220]	Speed: 7.21 samples/sec	Train-accuracy=0.512500
INFO:root:Epoch[9] Batch [240]	Speed: 7.21 samples/sec	Train-accuracy=0.512500
INFO:root:Epoch[9] Batch [260]	Speed: 7.21 samples/sec	Train-accuracy=0.500000
INFO:root:Epoch[9] Batch [280]	Speed: 7.21 samples/sec	Train-accuracy=0.543750
INFO:root:Epoch[9] Batch [300]	Speed: 7.21 samples/sec	Train-accuracy=0.495833
INFO:root:Epoch[9] Batch [320]	Speed: 7.21 samples/sec	Train-accuracy=0.522917
INFO:root:Epoch[9] Train-accuracy=0.520833
INFO:root:Epoch[9] Time cost=1079.104
INFO:root:Saved checkpoint to "./models/inception-resnet-v2-101-train-add-seg-224-lr-0.01-0010.params"
INFO:root:Epoch[9] Validation-accuracy=0.463235
INFO:root:Epoch[10] Batch [20]	Speed: 7.21 samples/sec	Train-accuracy=0.519841
INFO:root:Epoch[10] Batch [40]	Speed: 7.21 samples/sec	Train-accuracy=0.514583
INFO:root:Epoch[10] Batch [60]	Speed: 7.21 samples/sec	Train-accuracy=0.516667
INFO:root:Epoch[10] Batch [80]	Speed: 7.21 samples/sec	Train-accuracy=0.514583
INFO:root:Epoch[10] Batch [100]	Speed: 7.21 samples/sec	Train-accuracy=0.529167
INFO:root:Epoch[10] Batch [120]	Speed: 7.21 samples/sec	Train-accuracy=0.537500
INFO:root:Epoch[10] Batch [140]	Speed: 7.21 samples/sec	Train-accuracy=0.520833
INFO:root:Epoch[10] Batch [160]	Speed: 7.22 samples/sec	Train-accuracy=0.504167
INFO:root:Epoch[10] Batch [180]	Speed: 7.21 samples/sec	Train-accuracy=0.510417
INFO:root:Epoch[10] Batch [200]	Speed: 7.21 samples/sec	Train-accuracy=0.550000
INFO:root:Epoch[10] Batch [220]	Speed: 7.21 samples/sec	Train-accuracy=0.545833
INFO:root:Epoch[10] Batch [240]	Speed: 7.21 samples/sec	Train-accuracy=0.500000
INFO:root:Epoch[10] Batch [260]	Speed: 7.21 samples/sec	Train-accuracy=0.487500
INFO:root:Epoch[10] Batch [280]	Speed: 7.21 samples/sec	Train-accuracy=0.575000
INFO:root:Epoch[10] Batch [300]	Speed: 7.22 samples/sec	Train-accuracy=0.543750
INFO:root:Epoch[10] Batch [320]	Speed: 7.22 samples/sec	Train-accuracy=0.550000
INFO:root:Epoch[10] Train-accuracy=0.510417
INFO:root:Epoch[10] Time cost=1079.046
INFO:root:Saved checkpoint to "./models/inception-resnet-v2-101-train-add-seg-224-lr-0.01-0011.params"
INFO:root:Epoch[10] Validation-accuracy=0.500000
INFO:root:Epoch[11] Batch [20]	Speed: 7.21 samples/sec	Train-accuracy=0.513889
INFO:root:Epoch[11] Batch [40]	Speed: 7.21 samples/sec	Train-accuracy=0.514583
INFO:root:Epoch[11] Batch [60]	Speed: 7.21 samples/sec	Train-accuracy=0.475000
INFO:root:Epoch[11] Batch [80]	Speed: 7.21 samples/sec	Train-accuracy=0.533333
INFO:root:Epoch[11] Batch [100]	Speed: 7.21 samples/sec	Train-accuracy=0.541667
INFO:root:Epoch[11] Batch [120]	Speed: 7.21 samples/sec	Train-accuracy=0.516667
INFO:root:Epoch[11] Batch [140]	Speed: 7.21 samples/sec	Train-accuracy=0.533333
INFO:root:Epoch[11] Batch [160]	Speed: 7.22 samples/sec	Train-accuracy=0.529167
INFO:root:Epoch[11] Batch [180]	Speed: 7.21 samples/sec	Train-accuracy=0.529167
INFO:root:Epoch[11] Batch [200]	Speed: 7.21 samples/sec	Train-accuracy=0.506250
INFO:root:Epoch[11] Batch [220]	Speed: 7.21 samples/sec	Train-accuracy=0.522917
INFO:root:Epoch[11] Batch [240]	Speed: 7.22 samples/sec	Train-accuracy=0.541667
INFO:root:Epoch[11] Batch [260]	Speed: 7.22 samples/sec	Train-accuracy=0.535417
INFO:root:Epoch[11] Batch [280]	Speed: 7.22 samples/sec	Train-accuracy=0.525000
INFO:root:Epoch[11] Batch [300]	Speed: 7.21 samples/sec	Train-accuracy=0.541667
INFO:root:Epoch[11] Batch [320]	Speed: 7.22 samples/sec	Train-accuracy=0.537500
INFO:root:Epoch[11] Train-accuracy=0.479167
INFO:root:Epoch[11] Time cost=1078.922
INFO:root:Saved checkpoint to "./models/inception-resnet-v2-101-train-add-seg-224-lr-0.01-0012.params"
INFO:root:Epoch[11] Validation-accuracy=0.495098
INFO:root:Epoch[12] Batch [20]	Speed: 7.21 samples/sec	Train-accuracy=0.531746
INFO:root:Epoch[12] Batch [40]	Speed: 7.21 samples/sec	Train-accuracy=0.510417
INFO:root:Epoch[12] Batch [60]	Speed: 7.22 samples/sec	Train-accuracy=0.533333
INFO:root:Epoch[12] Batch [80]	Speed: 7.22 samples/sec	Train-accuracy=0.525000
INFO:root:Epoch[12] Batch [100]	Speed: 7.21 samples/sec	Train-accuracy=0.468750
INFO:root:Epoch[12] Batch [120]	Speed: 7.21 samples/sec	Train-accuracy=0.564583
INFO:root:Epoch[12] Batch [140]	Speed: 7.21 samples/sec	Train-accuracy=0.529167
INFO:root:Epoch[12] Batch [160]	Speed: 7.21 samples/sec	Train-accuracy=0.518750
INFO:root:Epoch[12] Batch [180]	Speed: 7.22 samples/sec	Train-accuracy=0.516667
INFO:root:Epoch[12] Batch [200]	Speed: 7.21 samples/sec	Train-accuracy=0.514583
INFO:root:Epoch[12] Batch [220]	Speed: 7.22 samples/sec	Train-accuracy=0.516667
INFO:root:Epoch[12] Batch [240]	Speed: 7.21 samples/sec	Train-accuracy=0.485417
INFO:root:Epoch[12] Batch [260]	Speed: 7.21 samples/sec	Train-accuracy=0.550000
INFO:root:Epoch[12] Batch [280]	Speed: 7.21 samples/sec	Train-accuracy=0.510417
INFO:root:Epoch[12] Batch [300]	Speed: 7.22 samples/sec	Train-accuracy=0.529167
INFO:root:Epoch[12] Batch [320]	Speed: 7.22 samples/sec	Train-accuracy=0.497917
INFO:root:Epoch[12] Train-accuracy=0.541667
INFO:root:Epoch[12] Time cost=1078.912
INFO:root:Saved checkpoint to "./models/inception-resnet-v2-101-train-add-seg-224-lr-0.01-0013.params"
INFO:root:Epoch[12] Validation-accuracy=0.524510
INFO:root:Epoch[13] Batch [20]	Speed: 7.21 samples/sec	Train-accuracy=0.521825
INFO:root:Epoch[13] Batch [40]	Speed: 7.21 samples/sec	Train-accuracy=0.504167
INFO:root:Epoch[13] Batch [60]	Speed: 7.21 samples/sec	Train-accuracy=0.497917
INFO:root:Epoch[13] Batch [80]	Speed: 7.22 samples/sec	Train-accuracy=0.514583
INFO:root:Epoch[13] Batch [100]	Speed: 7.22 samples/sec	Train-accuracy=0.506250
INFO:root:Epoch[13] Batch [120]	Speed: 7.22 samples/sec	Train-accuracy=0.508333
INFO:root:Epoch[13] Batch [140]	Speed: 7.21 samples/sec	Train-accuracy=0.560417
INFO:root:Epoch[13] Batch [160]	Speed: 7.21 samples/sec	Train-accuracy=0.529167
INFO:root:Epoch[13] Batch [180]	Speed: 7.21 samples/sec	Train-accuracy=0.518750
INFO:root:Epoch[13] Batch [200]	Speed: 7.21 samples/sec	Train-accuracy=0.502083
INFO:root:Epoch[13] Batch [220]	Speed: 7.21 samples/sec	Train-accuracy=0.514583
INFO:root:Epoch[13] Batch [240]	Speed: 7.21 samples/sec	Train-accuracy=0.506250
INFO:root:Epoch[13] Batch [260]	Speed: 7.22 samples/sec	Train-accuracy=0.516667
INFO:root:Epoch[13] Batch [280]	Speed: 7.22 samples/sec	Train-accuracy=0.566667
INFO:root:Epoch[13] Batch [300]	Speed: 7.22 samples/sec	Train-accuracy=0.497917
INFO:root:Epoch[13] Batch [320]	Speed: 7.22 samples/sec	Train-accuracy=0.487500
INFO:root:Epoch[13] Train-accuracy=0.531250
INFO:root:Epoch[13] Time cost=1078.923
INFO:root:Saved checkpoint to "./models/inception-resnet-v2-101-train-add-seg-224-lr-0.01-0014.params"
INFO:root:Epoch[13] Validation-accuracy=0.514706
INFO:root:Epoch[14] Batch [20]	Speed: 7.22 samples/sec	Train-accuracy=0.460317
INFO:root:Epoch[14] Batch [40]	Speed: 7.22 samples/sec	Train-accuracy=0.520833
INFO:root:Epoch[14] Batch [60]	Speed: 7.21 samples/sec	Train-accuracy=0.508333
INFO:root:Epoch[14] Batch [80]	Speed: 7.21 samples/sec	Train-accuracy=0.491667
INFO:root:Epoch[14] Batch [100]	Speed: 7.22 samples/sec	Train-accuracy=0.531250
INFO:root:Epoch[14] Batch [120]	Speed: 7.21 samples/sec	Train-accuracy=0.545833
INFO:root:Epoch[14] Batch [140]	Speed: 7.21 samples/sec	Train-accuracy=0.504167
INFO:root:Epoch[14] Batch [160]	Speed: 7.21 samples/sec	Train-accuracy=0.514583
INFO:root:Epoch[14] Batch [180]	Speed: 7.21 samples/sec	Train-accuracy=0.479167
INFO:root:Epoch[14] Batch [200]	Speed: 7.21 samples/sec	Train-accuracy=0.529167
INFO:root:Epoch[14] Batch [220]	Speed: 7.21 samples/sec	Train-accuracy=0.485417
INFO:root:Epoch[14] Batch [240]	Speed: 7.21 samples/sec	Train-accuracy=0.554167
INFO:root:Epoch[14] Batch [260]	Speed: 7.21 samples/sec	Train-accuracy=0.543750
INFO:root:Epoch[14] Batch [280]	Speed: 7.21 samples/sec	Train-accuracy=0.560417
INFO:root:Epoch[14] Batch [300]	Speed: 7.22 samples/sec	Train-accuracy=0.522917
INFO:root:Epoch[14] Batch [320]	Speed: 7.22 samples/sec	Train-accuracy=0.539583
INFO:root:Epoch[14] Train-accuracy=0.458333
INFO:root:Epoch[14] Time cost=1078.941
INFO:root:Saved checkpoint to "./models/inception-resnet-v2-101-train-add-seg-224-lr-0.01-0015.params"
INFO:root:Epoch[14] Validation-accuracy=0.512255
INFO:root:Epoch[15] Batch [20]	Speed: 7.21 samples/sec	Train-accuracy=0.519841
INFO:root:Epoch[15] Batch [40]	Speed: 7.21 samples/sec	Train-accuracy=0.522917
INFO:root:Epoch[15] Batch [60]	Speed: 7.21 samples/sec	Train-accuracy=0.500000
INFO:root:Epoch[15] Batch [80]	Speed: 7.21 samples/sec	Train-accuracy=0.525000
INFO:root:Epoch[15] Batch [100]	Speed: 7.21 samples/sec	Train-accuracy=0.533333
INFO:root:Epoch[15] Batch [120]	Speed: 7.21 samples/sec	Train-accuracy=0.531250
INFO:root:Epoch[15] Batch [140]	Speed: 7.21 samples/sec	Train-accuracy=0.512500
INFO:root:Epoch[15] Batch [160]	Speed: 7.21 samples/sec	Train-accuracy=0.529167
INFO:root:Epoch[15] Batch [180]	Speed: 7.21 samples/sec	Train-accuracy=0.516667
INFO:root:Epoch[15] Batch [200]	Speed: 7.21 samples/sec	Train-accuracy=0.539583
INFO:root:Epoch[15] Batch [220]	Speed: 7.21 samples/sec	Train-accuracy=0.508333
INFO:root:Epoch[15] Batch [240]	Speed: 7.22 samples/sec	Train-accuracy=0.537500
INFO:root:Epoch[15] Batch [260]	Speed: 7.21 samples/sec	Train-accuracy=0.520833
INFO:root:Epoch[15] Batch [280]	Speed: 7.21 samples/sec	Train-accuracy=0.539583
INFO:root:Epoch[15] Batch [300]	Speed: 7.21 samples/sec	Train-accuracy=0.522917
INFO:root:Epoch[15] Batch [320]	Speed: 7.22 samples/sec	Train-accuracy=0.518750
INFO:root:Epoch[15] Train-accuracy=0.604167
INFO:root:Epoch[15] Time cost=1079.115
INFO:root:Saved checkpoint to "./models/inception-resnet-v2-101-train-add-seg-224-lr-0.01-0016.params"
INFO:root:Epoch[15] Validation-accuracy=0.522059
INFO:root:Epoch[16] Batch [20]	Speed: 7.22 samples/sec	Train-accuracy=0.539683
INFO:root:Epoch[16] Batch [40]	Speed: 7.21 samples/sec	Train-accuracy=0.502083
INFO:root:Epoch[16] Batch [60]	Speed: 7.21 samples/sec	Train-accuracy=0.487500
INFO:root:Epoch[16] Batch [80]	Speed: 7.21 samples/sec	Train-accuracy=0.516667
INFO:root:Epoch[16] Batch [100]	Speed: 7.22 samples/sec	Train-accuracy=0.497917
INFO:root:Epoch[16] Batch [120]	Speed: 7.21 samples/sec	Train-accuracy=0.512500
INFO:root:Epoch[16] Batch [140]	Speed: 7.22 samples/sec	Train-accuracy=0.539583
INFO:root:Epoch[16] Batch [160]	Speed: 7.21 samples/sec	Train-accuracy=0.520833
INFO:root:Epoch[16] Batch [180]	Speed: 7.21 samples/sec	Train-accuracy=0.535417
INFO:root:Epoch[16] Batch [200]	Speed: 7.21 samples/sec	Train-accuracy=0.518750
INFO:root:Epoch[16] Batch [220]	Speed: 7.21 samples/sec	Train-accuracy=0.529167
INFO:root:Epoch[16] Batch [240]	Speed: 7.21 samples/sec	Train-accuracy=0.475000
INFO:root:Epoch[16] Batch [260]	Speed: 7.21 samples/sec	Train-accuracy=0.558333
INFO:root:Epoch[16] Batch [280]	Speed: 7.21 samples/sec	Train-accuracy=0.533333
INFO:root:Epoch[16] Batch [300]	Speed: 7.21 samples/sec	Train-accuracy=0.545833
INFO:root:Epoch[16] Batch [320]	Speed: 7.21 samples/sec	Train-accuracy=0.504167
INFO:root:Epoch[16] Train-accuracy=0.572917
INFO:root:Epoch[16] Time cost=1079.050
INFO:root:Saved checkpoint to "./models/inception-resnet-v2-101-train-add-seg-224-lr-0.01-0017.params"
INFO:root:Epoch[16] Validation-accuracy=0.504630
INFO:root:Epoch[17] Batch [20]	Speed: 7.21 samples/sec	Train-accuracy=0.537698
INFO:root:Epoch[17] Batch [40]	Speed: 7.21 samples/sec	Train-accuracy=0.506250
INFO:root:Epoch[17] Batch [60]	Speed: 7.21 samples/sec	Train-accuracy=0.477083
INFO:root:Epoch[17] Batch [80]	Speed: 7.21 samples/sec	Train-accuracy=0.500000
INFO:root:Epoch[17] Batch [100]	Speed: 7.21 samples/sec	Train-accuracy=0.575000
INFO:root:Epoch[17] Batch [120]	Speed: 7.22 samples/sec	Train-accuracy=0.516667
INFO:root:Epoch[17] Batch [140]	Speed: 7.21 samples/sec	Train-accuracy=0.539583
INFO:root:Epoch[17] Batch [160]	Speed: 7.21 samples/sec	Train-accuracy=0.500000
INFO:root:Epoch[17] Batch [180]	Speed: 7.21 samples/sec	Train-accuracy=0.554167
INFO:root:Epoch[17] Batch [200]	Speed: 7.21 samples/sec	Train-accuracy=0.497917
INFO:root:Epoch[17] Batch [220]	Speed: 7.21 samples/sec	Train-accuracy=0.558333
INFO:root:Epoch[17] Batch [240]	Speed: 7.22 samples/sec	Train-accuracy=0.527083
INFO:root:Epoch[17] Batch [260]	Speed: 7.21 samples/sec	Train-accuracy=0.543750
INFO:root:Epoch[17] Batch [280]	Speed: 7.22 samples/sec	Train-accuracy=0.556250
INFO:root:Epoch[17] Batch [300]	Speed: 7.21 samples/sec	Train-accuracy=0.485417
INFO:root:Epoch[17] Batch [320]	Speed: 7.22 samples/sec	Train-accuracy=0.554167
INFO:root:Epoch[17] Train-accuracy=0.500000
INFO:root:Epoch[17] Time cost=1079.013
INFO:root:Saved checkpoint to "./models/inception-resnet-v2-101-train-add-seg-224-lr-0.01-0018.params"
INFO:root:Epoch[17] Validation-accuracy=0.539216
INFO:root:Epoch[18] Batch [20]	Speed: 7.21 samples/sec	Train-accuracy=0.561508
INFO:root:Epoch[18] Batch [40]	Speed: 7.21 samples/sec	Train-accuracy=0.506250
INFO:root:Epoch[18] Batch [60]	Speed: 7.21 samples/sec	Train-accuracy=0.506250
INFO:root:Epoch[18] Batch [80]	Speed: 7.21 samples/sec	Train-accuracy=0.500000
INFO:root:Epoch[18] Batch [100]	Speed: 7.21 samples/sec	Train-accuracy=0.529167
INFO:root:Epoch[18] Batch [120]	Speed: 7.22 samples/sec	Train-accuracy=0.475000
INFO:root:Epoch[18] Batch [140]	Speed: 7.21 samples/sec	Train-accuracy=0.535417
INFO:root:Epoch[18] Batch [160]	Speed: 7.22 samples/sec	Train-accuracy=0.566667
INFO:root:Epoch[18] Batch [180]	Speed: 7.22 samples/sec	Train-accuracy=0.558333
INFO:root:Epoch[18] Batch [200]	Speed: 7.21 samples/sec	Train-accuracy=0.520833
INFO:root:Epoch[18] Batch [220]	Speed: 7.21 samples/sec	Train-accuracy=0.550000
INFO:root:Epoch[18] Batch [240]	Speed: 7.21 samples/sec	Train-accuracy=0.516667
INFO:root:Epoch[18] Batch [260]	Speed: 7.21 samples/sec	Train-accuracy=0.529167
INFO:root:Epoch[18] Batch [280]	Speed: 7.21 samples/sec	Train-accuracy=0.531250
INFO:root:Epoch[18] Batch [300]	Speed: 7.21 samples/sec	Train-accuracy=0.562500
INFO:root:Epoch[18] Batch [320]	Speed: 7.21 samples/sec	Train-accuracy=0.518750
INFO:root:Epoch[18] Train-accuracy=0.677083
INFO:root:Epoch[18] Time cost=1079.021
INFO:root:Saved checkpoint to "./models/inception-resnet-v2-101-train-add-seg-224-lr-0.01-0019.params"
INFO:root:Epoch[18] Validation-accuracy=0.512255
INFO:root:Epoch[19] Batch [20]	Speed: 7.21 samples/sec	Train-accuracy=0.533730
INFO:root:Epoch[19] Batch [40]	Speed: 7.21 samples/sec	Train-accuracy=0.493750
INFO:root:Epoch[19] Batch [60]	Speed: 7.21 samples/sec	Train-accuracy=0.502083
INFO:root:Epoch[19] Batch [80]	Speed: 7.21 samples/sec	Train-accuracy=0.539583
INFO:root:Epoch[19] Batch [100]	Speed: 7.21 samples/sec	Train-accuracy=0.502083
INFO:root:Epoch[19] Batch [120]	Speed: 7.21 samples/sec	Train-accuracy=0.533333
INFO:root:Epoch[19] Batch [140]	Speed: 7.21 samples/sec	Train-accuracy=0.525000
INFO:root:Epoch[19] Batch [160]	Speed: 7.21 samples/sec	Train-accuracy=0.512500
INFO:root:Epoch[19] Batch [180]	Speed: 7.22 samples/sec	Train-accuracy=0.489583
INFO:root:Epoch[19] Batch [200]	Speed: 7.21 samples/sec	Train-accuracy=0.556250
INFO:root:Epoch[19] Batch [220]	Speed: 7.22 samples/sec	Train-accuracy=0.562500
INFO:root:Epoch[19] Batch [240]	Speed: 7.21 samples/sec	Train-accuracy=0.497917
INFO:root:Epoch[19] Batch [260]	Speed: 7.22 samples/sec	Train-accuracy=0.470833
INFO:root:Epoch[19] Batch [280]	Speed: 7.21 samples/sec	Train-accuracy=0.518750
INFO:root:Epoch[19] Batch [300]	Speed: 7.22 samples/sec	Train-accuracy=0.606250
INFO:root:Epoch[19] Batch [320]	Speed: 7.21 samples/sec	Train-accuracy=0.520833
INFO:root:Epoch[19] Train-accuracy=0.614583
INFO:root:Epoch[19] Time cost=1079.012
INFO:root:Saved checkpoint to "./models/inception-resnet-v2-101-train-add-seg-224-lr-0.01-0020.params"
INFO:root:Epoch[19] Validation-accuracy=0.546569
INFO:root:Epoch[20] Batch [20]	Speed: 7.22 samples/sec	Train-accuracy=0.535714
INFO:root:Epoch[20] Batch [40]	Speed: 7.21 samples/sec	Train-accuracy=0.481250
INFO:root:Epoch[20] Batch [60]	Speed: 7.22 samples/sec	Train-accuracy=0.502083
INFO:root:Epoch[20] Batch [80]	Speed: 7.21 samples/sec	Train-accuracy=0.520833
INFO:root:Epoch[20] Batch [100]	Speed: 7.21 samples/sec	Train-accuracy=0.556250
INFO:root:Epoch[20] Batch [120]	Speed: 7.22 samples/sec	Train-accuracy=0.525000
INFO:root:Epoch[20] Batch [140]	Speed: 7.22 samples/sec	Train-accuracy=0.514583
INFO:root:Epoch[20] Batch [160]	Speed: 7.21 samples/sec	Train-accuracy=0.568750
INFO:root:Epoch[20] Batch [180]	Speed: 7.21 samples/sec	Train-accuracy=0.531250
INFO:root:Epoch[20] Batch [200]	Speed: 7.21 samples/sec	Train-accuracy=0.525000
INFO:root:Epoch[20] Batch [220]	Speed: 7.21 samples/sec	Train-accuracy=0.512500
INFO:root:Epoch[20] Batch [240]	Speed: 7.21 samples/sec	Train-accuracy=0.520833
INFO:root:Epoch[20] Batch [260]	Speed: 7.21 samples/sec	Train-accuracy=0.520833
INFO:root:Epoch[20] Batch [280]	Speed: 7.21 samples/sec	Train-accuracy=0.560417
INFO:root:Epoch[20] Batch [300]	Speed: 7.21 samples/sec	Train-accuracy=0.595833
INFO:root:Epoch[20] Batch [320]	Speed: 7.22 samples/sec	Train-accuracy=0.552083
INFO:root:Epoch[20] Train-accuracy=0.531250
INFO:root:Epoch[20] Time cost=1078.985
INFO:root:Saved checkpoint to "./models/inception-resnet-v2-101-train-add-seg-224-lr-0.01-0021.params"
INFO:root:Epoch[20] Validation-accuracy=0.556373
INFO:root:Epoch[21] Batch [20]	Speed: 7.21 samples/sec	Train-accuracy=0.496032
INFO:root:Epoch[21] Batch [40]	Speed: 7.21 samples/sec	Train-accuracy=0.514583
INFO:root:Epoch[21] Batch [60]	Speed: 7.21 samples/sec	Train-accuracy=0.522917
INFO:root:Epoch[21] Batch [80]	Speed: 7.21 samples/sec	Train-accuracy=0.506250
INFO:root:Epoch[21] Batch [100]	Speed: 7.21 samples/sec	Train-accuracy=0.539583
INFO:root:Epoch[21] Batch [120]	Speed: 7.21 samples/sec	Train-accuracy=0.516667
INFO:root:Epoch[21] Batch [140]	Speed: 7.21 samples/sec	Train-accuracy=0.547917
INFO:root:Epoch[21] Batch [160]	Speed: 7.21 samples/sec	Train-accuracy=0.556250
INFO:root:Epoch[21] Batch [180]	Speed: 7.21 samples/sec	Train-accuracy=0.535417
INFO:root:Epoch[21] Batch [200]	Speed: 7.21 samples/sec	Train-accuracy=0.520833
INFO:root:Epoch[21] Batch [220]	Speed: 7.21 samples/sec	Train-accuracy=0.518750
INFO:root:Epoch[21] Batch [240]	Speed: 7.21 samples/sec	Train-accuracy=0.529167
INFO:root:Epoch[21] Batch [260]	Speed: 7.21 samples/sec	Train-accuracy=0.558333
INFO:root:Epoch[21] Batch [280]	Speed: 7.22 samples/sec	Train-accuracy=0.564583
INFO:root:Epoch[21] Batch [300]	Speed: 7.21 samples/sec	Train-accuracy=0.508333
INFO:root:Epoch[21] Batch [320]	Speed: 7.22 samples/sec	Train-accuracy=0.537500
INFO:root:Epoch[21] Train-accuracy=0.562500
INFO:root:Epoch[21] Time cost=1079.022
INFO:root:Saved checkpoint to "./models/inception-resnet-v2-101-train-add-seg-224-lr-0.01-0022.params"
INFO:root:Epoch[21] Validation-accuracy=0.517157
INFO:root:Epoch[22] Batch [20]	Speed: 7.21 samples/sec	Train-accuracy=0.541667
INFO:root:Epoch[22] Batch [40]	Speed: 7.21 samples/sec	Train-accuracy=0.514583
INFO:root:Epoch[22] Batch [60]	Speed: 7.21 samples/sec	Train-accuracy=0.525000
INFO:root:Epoch[22] Batch [80]	Speed: 7.21 samples/sec	Train-accuracy=0.535417
INFO:root:Epoch[22] Batch [100]	Speed: 7.21 samples/sec	Train-accuracy=0.552083
INFO:root:Epoch[22] Batch [120]	Speed: 7.22 samples/sec	Train-accuracy=0.554167
INFO:root:Epoch[22] Batch [140]	Speed: 7.21 samples/sec	Train-accuracy=0.525000
INFO:root:Epoch[22] Batch [160]	Speed: 7.21 samples/sec	Train-accuracy=0.566667
INFO:root:Epoch[22] Batch [180]	Speed: 7.21 samples/sec	Train-accuracy=0.554167
INFO:root:Epoch[22] Batch [200]	Speed: 7.21 samples/sec	Train-accuracy=0.518750
INFO:root:Epoch[22] Batch [220]	Speed: 7.21 samples/sec	Train-accuracy=0.527083
INFO:root:Epoch[22] Batch [240]	Speed: 7.21 samples/sec	Train-accuracy=0.491667
INFO:root:Epoch[22] Batch [260]	Speed: 7.21 samples/sec	Train-accuracy=0.564583
INFO:root:Epoch[22] Batch [280]	Speed: 7.21 samples/sec	Train-accuracy=0.581250
INFO:root:Epoch[22] Batch [300]	Speed: 7.21 samples/sec	Train-accuracy=0.508333
INFO:root:Epoch[22] Batch [320]	Speed: 7.21 samples/sec	Train-accuracy=0.531250
INFO:root:Epoch[22] Train-accuracy=0.541667
INFO:root:Epoch[22] Time cost=1079.012
INFO:root:Saved checkpoint to "./models/inception-resnet-v2-101-train-add-seg-224-lr-0.01-0023.params"
INFO:root:Epoch[22] Validation-accuracy=0.514706
INFO:root:Epoch[23] Batch [20]	Speed: 7.21 samples/sec	Train-accuracy=0.539683
INFO:root:Epoch[23] Batch [40]	Speed: 7.21 samples/sec	Train-accuracy=0.483333
INFO:root:Epoch[23] Batch [60]	Speed: 7.21 samples/sec	Train-accuracy=0.535417
INFO:root:Epoch[23] Batch [80]	Speed: 7.21 samples/sec	Train-accuracy=0.531250
INFO:root:Epoch[23] Batch [100]	Speed: 7.21 samples/sec	Train-accuracy=0.543750
INFO:root:Epoch[23] Batch [120]	Speed: 7.21 samples/sec	Train-accuracy=0.575000
INFO:root:Epoch[23] Batch [140]	Speed: 7.19 samples/sec	Train-accuracy=0.535417
INFO:root:Epoch[23] Batch [160]	Speed: 7.19 samples/sec	Train-accuracy=0.556250
INFO:root:Epoch[23] Batch [180]	Speed: 7.19 samples/sec	Train-accuracy=0.527083
INFO:root:Epoch[23] Batch [200]	Speed: 7.19 samples/sec	Train-accuracy=0.504167
INFO:root:Epoch[23] Batch [220]	Speed: 7.19 samples/sec	Train-accuracy=0.558333
INFO:root:Epoch[23] Batch [240]	Speed: 7.20 samples/sec	Train-accuracy=0.522917
INFO:root:Epoch[23] Batch [260]	Speed: 7.19 samples/sec	Train-accuracy=0.533333
INFO:root:Epoch[23] Batch [280]	Speed: 7.19 samples/sec	Train-accuracy=0.585417
INFO:root:Epoch[23] Batch [300]	Speed: 7.19 samples/sec	Train-accuracy=0.545833
INFO:root:Epoch[23] Batch [320]	Speed: 7.19 samples/sec	Train-accuracy=0.564583
INFO:root:Epoch[23] Train-accuracy=0.510417
INFO:root:Epoch[23] Time cost=1081.188
INFO:root:Saved checkpoint to "./models/inception-resnet-v2-101-train-add-seg-224-lr-0.01-0024.params"
INFO:root:Epoch[23] Validation-accuracy=0.524510
INFO:root:Epoch[24] Batch [20]	Speed: 7.19 samples/sec	Train-accuracy=0.478175
INFO:root:Epoch[24] Batch [40]	Speed: 7.19 samples/sec	Train-accuracy=0.525000
INFO:root:Epoch[24] Batch [60]	Speed: 7.19 samples/sec	Train-accuracy=0.562500
INFO:root:Epoch[24] Batch [80]	Speed: 7.19 samples/sec	Train-accuracy=0.564583
INFO:root:Epoch[24] Batch [100]	Speed: 7.19 samples/sec	Train-accuracy=0.514583
INFO:root:Epoch[24] Batch [120]	Speed: 7.19 samples/sec	Train-accuracy=0.529167
INFO:root:Epoch[24] Batch [140]	Speed: 7.19 samples/sec	Train-accuracy=0.554167
INFO:root:Epoch[24] Batch [160]	Speed: 7.19 samples/sec	Train-accuracy=0.547917
INFO:root:Epoch[24] Batch [180]	Speed: 7.19 samples/sec	Train-accuracy=0.537500
INFO:root:Epoch[24] Batch [200]	Speed: 7.19 samples/sec	Train-accuracy=0.552083
INFO:root:Epoch[24] Batch [220]	Speed: 7.20 samples/sec	Train-accuracy=0.529167
INFO:root:Epoch[24] Batch [240]	Speed: 7.19 samples/sec	Train-accuracy=0.535417
INFO:root:Epoch[24] Batch [260]	Speed: 7.19 samples/sec	Train-accuracy=0.550000
INFO:root:Epoch[24] Batch [280]	Speed: 7.19 samples/sec	Train-accuracy=0.600000
INFO:root:Epoch[24] Batch [300]	Speed: 7.19 samples/sec	Train-accuracy=0.529167
INFO:root:Epoch[24] Batch [320]	Speed: 7.20 samples/sec	Train-accuracy=0.533333
INFO:root:Epoch[24] Train-accuracy=0.500000
INFO:root:Epoch[24] Time cost=1087.192
INFO:root:Saved checkpoint to "./models/inception-resnet-v2-101-train-add-seg-224-lr-0.01-0025.params"
INFO:root:Epoch[24] Validation-accuracy=0.537037
INFO:root:Epoch[25] Batch [20]	Speed: 7.19 samples/sec	Train-accuracy=0.498016
INFO:root:Epoch[25] Batch [40]	Speed: 7.18 samples/sec	Train-accuracy=0.516667
INFO:root:Epoch[25] Batch [60]	Speed: 7.19 samples/sec	Train-accuracy=0.510417
INFO:root:Epoch[25] Batch [80]	Speed: 7.19 samples/sec	Train-accuracy=0.541667
INFO:root:Epoch[25] Batch [100]	Speed: 7.19 samples/sec	Train-accuracy=0.525000
INFO:root:Epoch[25] Batch [120]	Speed: 7.19 samples/sec	Train-accuracy=0.527083
INFO:root:Epoch[25] Batch [140]	Speed: 7.19 samples/sec	Train-accuracy=0.518750
INFO:root:Epoch[25] Batch [160]	Speed: 7.21 samples/sec	Train-accuracy=0.543750
INFO:root:Epoch[25] Batch [180]	Speed: 7.19 samples/sec	Train-accuracy=0.539583
INFO:root:Epoch[25] Batch [200]	Speed: 7.19 samples/sec	Train-accuracy=0.529167
INFO:root:Epoch[25] Batch [220]	Speed: 7.19 samples/sec	Train-accuracy=0.541667
INFO:root:Epoch[25] Batch [240]	Speed: 7.20 samples/sec	Train-accuracy=0.527083
INFO:root:Epoch[25] Batch [260]	Speed: 7.19 samples/sec	Train-accuracy=0.500000
INFO:root:Epoch[25] Batch [280]	Speed: 7.19 samples/sec	Train-accuracy=0.554167
INFO:root:Epoch[25] Batch [300]	Speed: 7.19 samples/sec	Train-accuracy=0.575000
INFO:root:Epoch[25] Batch [320]	Speed: 7.20 samples/sec	Train-accuracy=0.552083
INFO:root:Epoch[25] Train-accuracy=0.604167
INFO:root:Epoch[25] Time cost=1082.520
INFO:root:Saved checkpoint to "./models/inception-resnet-v2-101-train-add-seg-224-lr-0.01-0026.params"
INFO:root:Epoch[25] Validation-accuracy=0.539216
INFO:root:Epoch[26] Batch [20]	Speed: 7.19 samples/sec	Train-accuracy=0.561508
INFO:root:Epoch[26] Batch [40]	Speed: 7.19 samples/sec	Train-accuracy=0.537500
INFO:root:Epoch[26] Batch [60]	Speed: 7.19 samples/sec	Train-accuracy=0.508333
INFO:root:Epoch[26] Batch [80]	Speed: 7.20 samples/sec	Train-accuracy=0.545833
INFO:root:Epoch[26] Batch [100]	Speed: 7.20 samples/sec	Train-accuracy=0.545833
INFO:root:Epoch[26] Batch [120]	Speed: 7.20 samples/sec	Train-accuracy=0.545833
INFO:root:Epoch[26] Batch [140]	Speed: 7.19 samples/sec	Train-accuracy=0.568750
INFO:root:Epoch[26] Batch [160]	Speed: 7.20 samples/sec	Train-accuracy=0.568750
INFO:root:Epoch[26] Batch [180]	Speed: 7.19 samples/sec	Train-accuracy=0.539583
INFO:root:Epoch[26] Batch [200]	Speed: 7.18 samples/sec	Train-accuracy=0.516667
INFO:root:Epoch[26] Batch [220]	Speed: 7.19 samples/sec	Train-accuracy=0.537500
INFO:root:Epoch[26] Batch [240]	Speed: 7.19 samples/sec	Train-accuracy=0.541667
INFO:root:Epoch[26] Batch [260]	Speed: 7.19 samples/sec	Train-accuracy=0.550000
INFO:root:Epoch[26] Batch [280]	Speed: 7.19 samples/sec	Train-accuracy=0.552083
INFO:root:Epoch[26] Batch [300]	Speed: 7.19 samples/sec	Train-accuracy=0.541667
INFO:root:Epoch[26] Batch [320]	Speed: 7.19 samples/sec	Train-accuracy=0.533333
INFO:root:Epoch[26] Train-accuracy=0.531250
INFO:root:Epoch[26] Time cost=1082.416
INFO:root:Saved checkpoint to "./models/inception-resnet-v2-101-train-add-seg-224-lr-0.01-0027.params"
INFO:root:Epoch[26] Validation-accuracy=0.558824
INFO:root:Epoch[27] Batch [20]	Speed: 7.20 samples/sec	Train-accuracy=0.547619
INFO:root:Epoch[27] Batch [40]	Speed: 7.19 samples/sec	Train-accuracy=0.539583
INFO:root:Epoch[27] Batch [60]	Speed: 7.19 samples/sec	Train-accuracy=0.527083
INFO:root:Epoch[27] Batch [80]	Speed: 7.19 samples/sec	Train-accuracy=0.547917
INFO:root:Epoch[27] Batch [100]	Speed: 7.19 samples/sec	Train-accuracy=0.500000
INFO:root:Epoch[27] Batch [120]	Speed: 7.19 samples/sec	Train-accuracy=0.562500
INFO:root:Epoch[27] Batch [140]	Speed: 7.20 samples/sec	Train-accuracy=0.556250
INFO:root:Epoch[27] Batch [160]	Speed: 7.19 samples/sec	Train-accuracy=0.560417
INFO:root:Epoch[27] Batch [180]	Speed: 7.19 samples/sec	Train-accuracy=0.566667
INFO:root:Epoch[27] Batch [200]	Speed: 7.19 samples/sec	Train-accuracy=0.514583
INFO:root:Epoch[27] Batch [220]	Speed: 7.19 samples/sec	Train-accuracy=0.525000
INFO:root:Epoch[27] Batch [240]	Speed: 7.20 samples/sec	Train-accuracy=0.556250
INFO:root:Epoch[27] Batch [260]	Speed: 7.19 samples/sec	Train-accuracy=0.556250
INFO:root:Epoch[27] Batch [280]	Speed: 7.20 samples/sec	Train-accuracy=0.525000
INFO:root:Epoch[27] Batch [300]	Speed: 7.20 samples/sec	Train-accuracy=0.570833
INFO:root:Epoch[27] Batch [320]	Speed: 7.19 samples/sec	Train-accuracy=0.543750
INFO:root:Epoch[27] Train-accuracy=0.447917
INFO:root:Epoch[27] Time cost=1082.138
INFO:root:Saved checkpoint to "./models/inception-resnet-v2-101-train-add-seg-224-lr-0.01-0028.params"
INFO:root:Epoch[27] Validation-accuracy=0.524510
INFO:root:Epoch[28] Batch [20]	Speed: 7.19 samples/sec	Train-accuracy=0.553571
INFO:root:Epoch[28] Batch [40]	Speed: 7.20 samples/sec	Train-accuracy=0.518750
INFO:root:Epoch[28] Batch [60]	Speed: 7.18 samples/sec	Train-accuracy=0.537500
INFO:root:Epoch[28] Batch [80]	Speed: 7.20 samples/sec	Train-accuracy=0.525000
INFO:root:Epoch[28] Batch [100]	Speed: 7.20 samples/sec	Train-accuracy=0.541667
INFO:root:Epoch[28] Batch [120]	Speed: 7.19 samples/sec	Train-accuracy=0.527083
INFO:root:Epoch[28] Batch [140]	Speed: 7.19 samples/sec	Train-accuracy=0.556250
INFO:root:Epoch[28] Batch [160]	Speed: 7.20 samples/sec	Train-accuracy=0.533333
INFO:root:Epoch[28] Batch [180]	Speed: 7.19 samples/sec	Train-accuracy=0.560417
INFO:root:Epoch[28] Batch [200]	Speed: 7.19 samples/sec	Train-accuracy=0.556250
INFO:root:Epoch[28] Batch [220]	Speed: 7.19 samples/sec	Train-accuracy=0.547917
INFO:root:Epoch[28] Batch [240]	Speed: 7.19 samples/sec	Train-accuracy=0.531250
INFO:root:Epoch[28] Batch [260]	Speed: 7.19 samples/sec	Train-accuracy=0.516667
INFO:root:Epoch[28] Batch [280]	Speed: 7.18 samples/sec	Train-accuracy=0.556250
INFO:root:Epoch[28] Batch [300]	Speed: 7.19 samples/sec	Train-accuracy=0.539583
INFO:root:Epoch[28] Batch [320]	Speed: 7.19 samples/sec	Train-accuracy=0.533333
INFO:root:Epoch[28] Train-accuracy=0.562500
INFO:root:Epoch[28] Time cost=1082.639
INFO:root:Saved checkpoint to "./models/inception-resnet-v2-101-train-add-seg-224-lr-0.01-0029.params"
INFO:root:Epoch[28] Validation-accuracy=0.536765
INFO:root:Epoch[29] Batch [20]	Speed: 7.19 samples/sec	Train-accuracy=0.519841
INFO:root:Epoch[29] Batch [40]	Speed: 7.20 samples/sec	Train-accuracy=0.520833
INFO:root:Epoch[29] Batch [60]	Speed: 7.19 samples/sec	Train-accuracy=0.531250
INFO:root:Epoch[29] Batch [80]	Speed: 7.19 samples/sec	Train-accuracy=0.537500
INFO:root:Epoch[29] Batch [100]	Speed: 7.19 samples/sec	Train-accuracy=0.485417
INFO:root:Epoch[29] Batch [120]	Speed: 7.19 samples/sec	Train-accuracy=0.564583
INFO:root:Epoch[29] Batch [140]	Speed: 7.18 samples/sec	Train-accuracy=0.506250
INFO:root:Epoch[29] Batch [160]	Speed: 7.19 samples/sec	Train-accuracy=0.531250
INFO:root:Epoch[29] Batch [180]	Speed: 7.20 samples/sec	Train-accuracy=0.545833
INFO:root:Epoch[29] Batch [200]	Speed: 7.19 samples/sec	Train-accuracy=0.531250
INFO:root:Epoch[29] Batch [220]	Speed: 7.20 samples/sec	Train-accuracy=0.560417
INFO:root:Epoch[29] Batch [240]	Speed: 7.18 samples/sec	Train-accuracy=0.539583
INFO:root:Epoch[29] Batch [260]	Speed: 7.20 samples/sec	Train-accuracy=0.531250
INFO:root:Epoch[29] Batch [280]	Speed: 7.18 samples/sec	Train-accuracy=0.562500
INFO:root:Epoch[29] Batch [300]	Speed: 7.19 samples/sec	Train-accuracy=0.570833
INFO:root:Epoch[29] Batch [320]	Speed: 7.19 samples/sec	Train-accuracy=0.537500
INFO:root:Epoch[29] Train-accuracy=0.562500
INFO:root:Epoch[29] Time cost=1082.642
INFO:root:Saved checkpoint to "./models/inception-resnet-v2-101-train-add-seg-224-lr-0.01-0030.params"
INFO:root:Epoch[29] Validation-accuracy=0.536765
INFO:root:Epoch[30] Batch [20]	Speed: 7.18 samples/sec	Train-accuracy=0.509921
INFO:root:Epoch[30] Batch [40]	Speed: 7.19 samples/sec	Train-accuracy=0.529167
INFO:root:Epoch[30] Batch [60]	Speed: 7.19 samples/sec	Train-accuracy=0.539583
INFO:root:Epoch[30] Batch [80]	Speed: 7.19 samples/sec	Train-accuracy=0.510417
INFO:root:Epoch[30] Batch [100]	Speed: 7.20 samples/sec	Train-accuracy=0.554167
INFO:root:Epoch[30] Batch [120]	Speed: 7.19 samples/sec	Train-accuracy=0.535417
INFO:root:Epoch[30] Batch [140]	Speed: 7.19 samples/sec	Train-accuracy=0.550000
INFO:root:Epoch[30] Batch [160]	Speed: 7.19 samples/sec	Train-accuracy=0.575000
INFO:root:Epoch[30] Batch [180]	Speed: 7.19 samples/sec	Train-accuracy=0.531250
INFO:root:Epoch[30] Batch [200]	Speed: 7.19 samples/sec	Train-accuracy=0.516667
INFO:root:Epoch[30] Batch [220]	Speed: 7.18 samples/sec	Train-accuracy=0.518750
INFO:root:Epoch[30] Batch [240]	Speed: 7.19 samples/sec	Train-accuracy=0.535417
INFO:root:Epoch[30] Batch [260]	Speed: 7.18 samples/sec	Train-accuracy=0.558333
INFO:root:Epoch[30] Batch [280]	Speed: 7.19 samples/sec	Train-accuracy=0.522917
INFO:root:Epoch[30] Batch [300]	Speed: 7.18 samples/sec	Train-accuracy=0.537500
INFO:root:Epoch[30] Batch [320]	Speed: 7.18 samples/sec	Train-accuracy=0.552083
INFO:root:Epoch[30] Train-accuracy=0.479167
INFO:root:Epoch[30] Time cost=1082.869
INFO:root:Saved checkpoint to "./models/inception-resnet-v2-101-train-add-seg-224-lr-0.01-0031.params"
INFO:root:Epoch[30] Validation-accuracy=0.568627
INFO:root:Epoch[31] Batch [20]	Speed: 7.19 samples/sec	Train-accuracy=0.527778
INFO:root:Epoch[31] Batch [40]	Speed: 7.20 samples/sec	Train-accuracy=0.545833
INFO:root:Epoch[31] Batch [60]	Speed: 7.19 samples/sec	Train-accuracy=0.539583
INFO:root:Epoch[31] Batch [80]	Speed: 7.20 samples/sec	Train-accuracy=0.572917
INFO:root:Epoch[31] Batch [100]	Speed: 7.19 samples/sec	Train-accuracy=0.545833
INFO:root:Epoch[31] Batch [120]	Speed: 7.19 samples/sec	Train-accuracy=0.583333
INFO:root:Epoch[31] Batch [140]	Speed: 7.19 samples/sec	Train-accuracy=0.531250
INFO:root:Epoch[31] Batch [160]	Speed: 7.19 samples/sec	Train-accuracy=0.543750
INFO:root:Epoch[31] Batch [180]	Speed: 7.20 samples/sec	Train-accuracy=0.562500
INFO:root:Epoch[31] Batch [200]	Speed: 7.19 samples/sec	Train-accuracy=0.554167
INFO:root:Epoch[31] Batch [220]	Speed: 7.20 samples/sec	Train-accuracy=0.527083
INFO:root:Epoch[31] Batch [240]	Speed: 7.19 samples/sec	Train-accuracy=0.550000
INFO:root:Epoch[31] Batch [260]	Speed: 7.18 samples/sec	Train-accuracy=0.556250
INFO:root:Epoch[31] Batch [280]	Speed: 7.19 samples/sec	Train-accuracy=0.543750
INFO:root:Epoch[31] Batch [300]	Speed: 7.19 samples/sec	Train-accuracy=0.564583
INFO:root:Epoch[31] Batch [320]	Speed: 7.20 samples/sec	Train-accuracy=0.547917
INFO:root:Epoch[31] Train-accuracy=0.614583
INFO:root:Epoch[31] Time cost=1082.420
INFO:root:Saved checkpoint to "./models/inception-resnet-v2-101-train-add-seg-224-lr-0.01-0032.params"
INFO:root:Epoch[31] Validation-accuracy=0.522059
INFO:root:Epoch[32] Batch [20]	Speed: 7.20 samples/sec	Train-accuracy=0.537698
INFO:root:Epoch[32] Batch [40]	Speed: 7.19 samples/sec	Train-accuracy=0.525000
INFO:root:Epoch[32] Batch [60]	Speed: 7.19 samples/sec	Train-accuracy=0.541667
INFO:root:Epoch[32] Batch [80]	Speed: 7.20 samples/sec	Train-accuracy=0.531250
INFO:root:Epoch[32] Batch [100]	Speed: 7.19 samples/sec	Train-accuracy=0.554167
INFO:root:Epoch[32] Batch [120]	Speed: 7.19 samples/sec	Train-accuracy=0.520833
INFO:root:Epoch[32] Batch [140]	Speed: 7.19 samples/sec	Train-accuracy=0.564583
INFO:root:Epoch[32] Batch [160]	Speed: 7.19 samples/sec	Train-accuracy=0.531250
INFO:root:Epoch[32] Batch [180]	Speed: 7.20 samples/sec	Train-accuracy=0.510417
INFO:root:Epoch[32] Batch [200]	Speed: 7.19 samples/sec	Train-accuracy=0.575000
INFO:root:Epoch[32] Batch [220]	Speed: 7.18 samples/sec	Train-accuracy=0.543750
INFO:root:Epoch[32] Batch [240]	Speed: 7.19 samples/sec	Train-accuracy=0.525000
INFO:root:Epoch[32] Batch [260]	Speed: 7.19 samples/sec	Train-accuracy=0.550000
INFO:root:Epoch[32] Batch [280]	Speed: 7.19 samples/sec	Train-accuracy=0.533333
INFO:root:Epoch[32] Batch [300]	Speed: 7.19 samples/sec	Train-accuracy=0.583333
INFO:root:Epoch[32] Batch [320]	Speed: 7.18 samples/sec	Train-accuracy=0.516667
INFO:root:Epoch[32] Train-accuracy=0.562500
INFO:root:Epoch[32] Time cost=1082.419
INFO:root:Saved checkpoint to "./models/inception-resnet-v2-101-train-add-seg-224-lr-0.01-0033.params"
INFO:root:Epoch[32] Validation-accuracy=0.562500
INFO:root:Epoch[33] Batch [20]	Speed: 7.20 samples/sec	Train-accuracy=0.537698
INFO:root:Epoch[33] Batch [40]	Speed: 7.19 samples/sec	Train-accuracy=0.541667
INFO:root:Epoch[33] Batch [60]	Speed: 7.18 samples/sec	Train-accuracy=0.504167
INFO:root:Epoch[33] Batch [80]	Speed: 7.20 samples/sec	Train-accuracy=0.514583
INFO:root:Epoch[33] Batch [100]	Speed: 7.20 samples/sec	Train-accuracy=0.541667
INFO:root:Epoch[33] Batch [120]	Speed: 7.19 samples/sec	Train-accuracy=0.516667
INFO:root:Epoch[33] Batch [140]	Speed: 7.18 samples/sec	Train-accuracy=0.564583
INFO:root:Epoch[33] Batch [160]	Speed: 7.18 samples/sec	Train-accuracy=0.568750
INFO:root:Epoch[33] Batch [180]	Speed: 7.19 samples/sec	Train-accuracy=0.562500
INFO:root:Epoch[33] Batch [200]	Speed: 7.20 samples/sec	Train-accuracy=0.514583
INFO:root:Epoch[33] Batch [220]	Speed: 7.19 samples/sec	Train-accuracy=0.575000
INFO:root:Epoch[33] Batch [240]	Speed: 7.20 samples/sec	Train-accuracy=0.535417
INFO:root:Epoch[33] Batch [260]	Speed: 7.19 samples/sec	Train-accuracy=0.556250
INFO:root:Epoch[33] Batch [280]	Speed: 7.19 samples/sec	Train-accuracy=0.529167
INFO:root:Epoch[33] Batch [300]	Speed: 7.19 samples/sec	Train-accuracy=0.566667
INFO:root:Epoch[33] Batch [320]	Speed: 7.19 samples/sec	Train-accuracy=0.572917
INFO:root:Epoch[33] Train-accuracy=0.520833
INFO:root:Epoch[33] Time cost=1082.311
INFO:root:Saved checkpoint to "./models/inception-resnet-v2-101-train-add-seg-224-lr-0.01-0034.params"
INFO:root:Epoch[33] Validation-accuracy=0.531863
INFO:root:Epoch[34] Batch [20]	Speed: 7.19 samples/sec	Train-accuracy=0.553571
INFO:root:Epoch[34] Batch [40]	Speed: 7.20 samples/sec	Train-accuracy=0.497917
INFO:root:Epoch[34] Batch [60]	Speed: 7.19 samples/sec	Train-accuracy=0.535417
INFO:root:Epoch[34] Batch [80]	Speed: 7.19 samples/sec	Train-accuracy=0.570833
INFO:root:Epoch[34] Batch [100]	Speed: 7.18 samples/sec	Train-accuracy=0.535417
INFO:root:Epoch[34] Batch [120]	Speed: 7.19 samples/sec	Train-accuracy=0.552083
INFO:root:Epoch[34] Batch [140]	Speed: 7.19 samples/sec	Train-accuracy=0.577083
INFO:root:Epoch[34] Batch [160]	Speed: 7.19 samples/sec	Train-accuracy=0.554167
INFO:root:Epoch[34] Batch [180]	Speed: 7.20 samples/sec	Train-accuracy=0.514583
INFO:root:Epoch[34] Batch [200]	Speed: 7.19 samples/sec	Train-accuracy=0.562500
INFO:root:Epoch[34] Batch [220]	Speed: 7.20 samples/sec	Train-accuracy=0.531250
INFO:root:Epoch[34] Batch [240]	Speed: 7.19 samples/sec	Train-accuracy=0.539583
INFO:root:Epoch[34] Batch [260]	Speed: 7.20 samples/sec	Train-accuracy=0.547917
INFO:root:Epoch[34] Batch [280]	Speed: 7.19 samples/sec	Train-accuracy=0.581250
INFO:root:Epoch[34] Batch [300]	Speed: 7.19 samples/sec	Train-accuracy=0.600000
INFO:root:Epoch[34] Batch [320]	Speed: 7.19 samples/sec	Train-accuracy=0.558333
INFO:root:Epoch[34] Train-accuracy=0.479167
INFO:root:Epoch[34] Time cost=1082.372
INFO:root:Saved checkpoint to "./models/inception-resnet-v2-101-train-add-seg-224-lr-0.01-0035.params"
INFO:root:Epoch[34] Validation-accuracy=0.563725
INFO:root:Epoch[35] Batch [20]	Speed: 7.19 samples/sec	Train-accuracy=0.500000
INFO:root:Epoch[35] Batch [40]	Speed: 7.20 samples/sec	Train-accuracy=0.529167
INFO:root:Epoch[35] Batch [60]	Speed: 7.20 samples/sec	Train-accuracy=0.572917
INFO:root:Epoch[35] Batch [80]	Speed: 7.19 samples/sec	Train-accuracy=0.512500
INFO:root:Epoch[35] Batch [100]	Speed: 7.19 samples/sec	Train-accuracy=0.589583
INFO:root:Epoch[35] Batch [120]	Speed: 7.20 samples/sec	Train-accuracy=0.518750
INFO:root:Epoch[35] Batch [140]	Speed: 7.19 samples/sec	Train-accuracy=0.581250
INFO:root:Epoch[35] Batch [160]	Speed: 7.20 samples/sec	Train-accuracy=0.537500
INFO:root:Epoch[35] Batch [180]	Speed: 7.20 samples/sec	Train-accuracy=0.550000
INFO:root:Epoch[35] Batch [200]	Speed: 7.19 samples/sec	Train-accuracy=0.510417
INFO:root:Epoch[35] Batch [220]	Speed: 7.19 samples/sec	Train-accuracy=0.545833
INFO:root:Epoch[35] Batch [240]	Speed: 7.19 samples/sec	Train-accuracy=0.516667
INFO:root:Epoch[35] Batch [260]	Speed: 7.19 samples/sec	Train-accuracy=0.554167
INFO:root:Epoch[35] Batch [280]	Speed: 7.19 samples/sec	Train-accuracy=0.570833
INFO:root:Epoch[35] Batch [300]	Speed: 7.19 samples/sec	Train-accuracy=0.564583
INFO:root:Epoch[35] Batch [320]	Speed: 7.20 samples/sec	Train-accuracy=0.535417
INFO:root:Epoch[35] Train-accuracy=0.583333
INFO:root:Epoch[35] Time cost=1082.138
INFO:root:Saved checkpoint to "./models/inception-resnet-v2-101-train-add-seg-224-lr-0.01-0036.params"
INFO:root:Epoch[35] Validation-accuracy=0.529412
INFO:root:Epoch[36] Batch [20]	Speed: 7.19 samples/sec	Train-accuracy=0.535714
INFO:root:Epoch[36] Batch [40]	Speed: 7.19 samples/sec	Train-accuracy=0.564583
INFO:root:Epoch[36] Batch [60]	Speed: 7.19 samples/sec	Train-accuracy=0.504167
INFO:root:Epoch[36] Batch [80]	Speed: 7.19 samples/sec	Train-accuracy=0.568750
INFO:root:Epoch[36] Batch [100]	Speed: 7.19 samples/sec	Train-accuracy=0.533333
INFO:root:Epoch[36] Batch [120]	Speed: 7.19 samples/sec	Train-accuracy=0.543750
INFO:root:Epoch[36] Batch [140]	Speed: 7.19 samples/sec	Train-accuracy=0.589583
INFO:root:Epoch[36] Batch [160]	Speed: 7.19 samples/sec	Train-accuracy=0.566667
INFO:root:Epoch[36] Batch [180]	Speed: 7.19 samples/sec	Train-accuracy=0.570833
INFO:root:Epoch[36] Batch [200]	Speed: 7.19 samples/sec	Train-accuracy=0.535417
INFO:root:Epoch[36] Batch [220]	Speed: 7.19 samples/sec	Train-accuracy=0.537500
INFO:root:Epoch[36] Batch [240]	Speed: 7.19 samples/sec	Train-accuracy=0.577083
INFO:root:Epoch[36] Batch [260]	Speed: 7.19 samples/sec	Train-accuracy=0.518750
INFO:root:Epoch[36] Batch [280]	Speed: 7.19 samples/sec	Train-accuracy=0.562500
INFO:root:Epoch[36] Batch [300]	Speed: 7.19 samples/sec	Train-accuracy=0.558333
INFO:root:Epoch[36] Batch [320]	Speed: 7.20 samples/sec	Train-accuracy=0.560417
INFO:root:Epoch[36] Train-accuracy=0.604167
INFO:root:Epoch[36] Time cost=1082.576
INFO:root:Saved checkpoint to "./models/inception-resnet-v2-101-train-add-seg-224-lr-0.01-0037.params"
INFO:root:Epoch[36] Validation-accuracy=0.563725
INFO:root:Epoch[37] Batch [20]	Speed: 7.19 samples/sec	Train-accuracy=0.553571
INFO:root:Epoch[37] Batch [40]	Speed: 7.19 samples/sec	Train-accuracy=0.518750
INFO:root:Epoch[37] Batch [60]	Speed: 7.20 samples/sec	Train-accuracy=0.568750
INFO:root:Epoch[37] Batch [80]	Speed: 7.19 samples/sec	Train-accuracy=0.545833
INFO:root:Epoch[37] Batch [100]	Speed: 7.19 samples/sec	Train-accuracy=0.541667
INFO:root:Epoch[37] Batch [120]	Speed: 7.19 samples/sec	Train-accuracy=0.487500
INFO:root:Epoch[37] Batch [140]	Speed: 7.19 samples/sec	Train-accuracy=0.589583
INFO:root:Epoch[37] Batch [160]	Speed: 7.20 samples/sec	Train-accuracy=0.583333
INFO:root:Epoch[37] Batch [180]	Speed: 7.19 samples/sec	Train-accuracy=0.556250
INFO:root:Epoch[37] Batch [200]	Speed: 7.19 samples/sec	Train-accuracy=0.533333
INFO:root:Epoch[37] Batch [220]	Speed: 7.20 samples/sec	Train-accuracy=0.552083
INFO:root:Epoch[37] Batch [240]	Speed: 7.20 samples/sec	Train-accuracy=0.543750
INFO:root:Epoch[37] Batch [260]	Speed: 7.20 samples/sec	Train-accuracy=0.556250
INFO:root:Epoch[37] Batch [280]	Speed: 7.20 samples/sec	Train-accuracy=0.564583
INFO:root:Epoch[37] Batch [300]	Speed: 7.19 samples/sec	Train-accuracy=0.583333
INFO:root:Epoch[37] Batch [320]	Speed: 7.19 samples/sec	Train-accuracy=0.541667
INFO:root:Epoch[37] Train-accuracy=0.572917
INFO:root:Epoch[37] Time cost=1082.225
INFO:root:Saved checkpoint to "./models/inception-resnet-v2-101-train-add-seg-224-lr-0.01-0038.params"
INFO:root:Epoch[37] Validation-accuracy=0.544118
INFO:root:Epoch[38] Batch [20]	Speed: 7.19 samples/sec	Train-accuracy=0.549603
INFO:root:Epoch[38] Batch [40]	Speed: 7.20 samples/sec	Train-accuracy=0.535417
INFO:root:Epoch[38] Batch [60]	Speed: 7.19 samples/sec	Train-accuracy=0.572917
INFO:root:Epoch[38] Batch [80]	Speed: 7.19 samples/sec	Train-accuracy=0.556250
INFO:root:Epoch[38] Batch [100]	Speed: 7.19 samples/sec	Train-accuracy=0.529167
INFO:root:Epoch[38] Batch [120]	Speed: 7.19 samples/sec	Train-accuracy=0.552083
INFO:root:Epoch[38] Batch [140]	Speed: 7.19 samples/sec	Train-accuracy=0.583333
INFO:root:Epoch[38] Batch [160]	Speed: 7.19 samples/sec	Train-accuracy=0.554167
INFO:root:Epoch[38] Batch [180]	Speed: 7.19 samples/sec	Train-accuracy=0.522917
INFO:root:Epoch[38] Batch [200]	Speed: 7.19 samples/sec	Train-accuracy=0.558333
INFO:root:Epoch[38] Batch [220]	Speed: 7.19 samples/sec	Train-accuracy=0.568750
INFO:root:Epoch[38] Batch [240]	Speed: 7.20 samples/sec	Train-accuracy=0.539583
INFO:root:Epoch[38] Batch [260]	Speed: 7.20 samples/sec	Train-accuracy=0.572917
INFO:root:Epoch[38] Batch [280]	Speed: 7.20 samples/sec	Train-accuracy=0.552083
INFO:root:Epoch[38] Batch [300]	Speed: 7.19 samples/sec	Train-accuracy=0.566667
INFO:root:Epoch[38] Batch [320]	Speed: 7.19 samples/sec	Train-accuracy=0.533333
INFO:root:Epoch[38] Train-accuracy=0.635417
INFO:root:Epoch[38] Time cost=1082.282
INFO:root:Saved checkpoint to "./models/inception-resnet-v2-101-train-add-seg-224-lr-0.01-0039.params"
INFO:root:Epoch[38] Validation-accuracy=0.534314
INFO:root:Epoch[39] Batch [20]	Speed: 7.20 samples/sec	Train-accuracy=0.559524
INFO:root:Epoch[39] Batch [40]	Speed: 7.19 samples/sec	Train-accuracy=0.531250
INFO:root:Epoch[39] Batch [60]	Speed: 7.19 samples/sec	Train-accuracy=0.545833
INFO:root:Epoch[39] Batch [80]	Speed: 7.19 samples/sec	Train-accuracy=0.566667
INFO:root:Epoch[39] Batch [100]	Speed: 7.19 samples/sec	Train-accuracy=0.539583
INFO:root:Epoch[39] Batch [120]	Speed: 7.18 samples/sec	Train-accuracy=0.560417
INFO:root:Epoch[39] Batch [140]	Speed: 7.18 samples/sec	Train-accuracy=0.547917
INFO:root:Epoch[39] Batch [160]	Speed: 7.18 samples/sec	Train-accuracy=0.564583
INFO:root:Epoch[39] Batch [180]	Speed: 7.18 samples/sec	Train-accuracy=0.537500
INFO:root:Epoch[39] Batch [200]	Speed: 7.19 samples/sec	Train-accuracy=0.550000
INFO:root:Epoch[39] Batch [220]	Speed: 7.18 samples/sec	Train-accuracy=0.516667
INFO:root:Epoch[39] Batch [240]	Speed: 7.18 samples/sec	Train-accuracy=0.591667
INFO:root:Epoch[39] Batch [260]	Speed: 7.17 samples/sec	Train-accuracy=0.545833
INFO:root:Epoch[39] Batch [280]	Speed: 7.18 samples/sec	Train-accuracy=0.560417
INFO:root:Epoch[39] Batch [300]	Speed: 7.18 samples/sec	Train-accuracy=0.579167
INFO:root:Epoch[39] Batch [320]	Speed: 7.19 samples/sec	Train-accuracy=0.577083
INFO:root:Epoch[39] Train-accuracy=0.520833
INFO:root:Epoch[39] Time cost=1083.531
INFO:root:Saved checkpoint to "./models/inception-resnet-v2-101-train-add-seg-224-lr-0.01-0040.params"
INFO:root:Epoch[39] Validation-accuracy=0.529412
INFO:root:Epoch[40] Batch [20]	Speed: 7.18 samples/sec	Train-accuracy=0.529762
INFO:root:Epoch[40] Batch [40]	Speed: 7.18 samples/sec	Train-accuracy=0.543750
INFO:root:Epoch[40] Batch [60]	Speed: 7.19 samples/sec	Train-accuracy=0.537500
INFO:root:Epoch[40] Batch [80]	Speed: 7.19 samples/sec	Train-accuracy=0.562500
INFO:root:Epoch[40] Batch [100]	Speed: 7.19 samples/sec	Train-accuracy=0.543750
INFO:root:Epoch[40] Batch [120]	Speed: 7.18 samples/sec	Train-accuracy=0.554167
INFO:root:Epoch[40] Batch [140]	Speed: 7.18 samples/sec	Train-accuracy=0.577083
INFO:root:Epoch[40] Batch [160]	Speed: 7.19 samples/sec	Train-accuracy=0.606250
INFO:root:Epoch[40] Batch [180]	Speed: 7.19 samples/sec	Train-accuracy=0.537500
INFO:root:Epoch[40] Batch [200]	Speed: 7.19 samples/sec	Train-accuracy=0.541667
INFO:root:Epoch[40] Batch [220]	Speed: 7.19 samples/sec	Train-accuracy=0.543750
INFO:root:Epoch[40] Batch [240]	Speed: 7.18 samples/sec	Train-accuracy=0.539583
INFO:root:Epoch[40] Batch [260]	Speed: 7.18 samples/sec	Train-accuracy=0.589583
INFO:root:Epoch[40] Batch [280]	Speed: 7.20 samples/sec	Train-accuracy=0.558333
INFO:root:Epoch[40] Batch [300]	Speed: 7.20 samples/sec	Train-accuracy=0.558333
INFO:root:Epoch[40] Batch [320]	Speed: 7.20 samples/sec	Train-accuracy=0.539583
INFO:root:Epoch[40] Train-accuracy=0.562500
INFO:root:Epoch[40] Time cost=1082.952
INFO:root:Saved checkpoint to "./models/inception-resnet-v2-101-train-add-seg-224-lr-0.01-0041.params"
INFO:root:Epoch[40] Validation-accuracy=0.539352
INFO:root:Epoch[41] Batch [20]	Speed: 7.20 samples/sec	Train-accuracy=0.571429
INFO:root:Epoch[41] Batch [40]	Speed: 7.18 samples/sec	Train-accuracy=0.543750
INFO:root:Epoch[41] Batch [60]	Speed: 7.20 samples/sec	Train-accuracy=0.520833
INFO:root:Epoch[41] Batch [80]	Speed: 7.20 samples/sec	Train-accuracy=0.558333
INFO:root:Epoch[41] Batch [100]	Speed: 7.18 samples/sec	Train-accuracy=0.545833
INFO:root:Epoch[41] Batch [120]	Speed: 7.18 samples/sec	Train-accuracy=0.554167
INFO:root:Epoch[41] Batch [140]	Speed: 7.19 samples/sec	Train-accuracy=0.579167
INFO:root:Epoch[41] Batch [160]	Speed: 7.20 samples/sec	Train-accuracy=0.577083
INFO:root:Epoch[41] Batch [180]	Speed: 7.20 samples/sec	Train-accuracy=0.570833
INFO:root:Epoch[41] Batch [200]	Speed: 7.20 samples/sec	Train-accuracy=0.575000
./run_train_scripts.sh:  5:  1461                python train_ccs-train.py --network inception-resnet-v2 --num-layers 101 --model-prefix ./models/inception-resnet-v2-101-train-add-seg-224-lr-0.01
